---------------------------------------------------------------
[ 2018-12-02T15:31:51+08:00 ] 114.252.152.136 GET /index.php/api/rest/api3.do?api=mtop.common.getTimestamp
[ info ] yuewu.dazhu-ltd.cn/index.php/api/rest/api3.do?api=mtop.common.getTimestamp [运行时间：0.014591s][吞吐率：68.54req/s] [内存消耗：1,824.07kb] [文件加载：40]
[ info ] [ LANG ] /www/web/yuewu/public_html/thinkphp/lang/zh-cn.php
[ info ] [ ROUTE ] array (
  'type' => 'module',
  'module' => 
  array (
    0 => 'api',
    1 => 'rest',
    2 => 'api3.do',
  ),
)
[ info ] [ HEADER ] array (
  'host' => 'yuewu.dazhu-ltd.cn',
  'accept' => '*/*',
  'accept-language' => 'zh-Hans-US;q=1, en;q=0.9',
  'connection' => 'keep-alive',
  'accept-encoding' => 'gzip, deflate',
  'user-agent' => 'TJ-ZXJY/1.0 (iPhone; iOS 12.1; Scale/2.00)',
)
[ info ] [ PARAM ] array (
  'api' => 'mtop.common.getTimestamp',
)
[ info ] [ LOG ] INIT File
---------------------------------------------------------------
[ 2018-12-02T15:41:51+08:00 ] 60.26.207.244 POST /index.php/api/index/index.html
[ info ] yuewu.dazhu-ltd.cn/index.php/api/index/index.html [运行时间：0.018223s][吞吐率：54.88req/s] [内存消耗：2,343.77kb] [文件加载：47]
[ info ] [ LANG ] /www/web/yuewu/public_html/thinkphp/lang/zh-cn.php
[ info ] [ ROUTE ] array (
  'type' => 'module',
  'module' => 
  array (
    0 => 'api',
    1 => 'index',
    2 => 'index',
  ),
)
[ info ] [ HEADER ] array (
  'host' => 'yuewu.dazhu-ltd.cn',
  'connection' => 'keep-alive',
  'content-length' => '0',
  'accept' => '*/*',
  'origin' => 'chrome-extension://geobniafmelcledgickglbajofpkllpl',
  'user-agent' => 'Mozilla/5.0 (Windows NT 6.1; Win64; x64) AppleWebKit/537.36 (KHTML, like Gecko) Chrome/69.0.3497.100 Safari/537.36',
  'accept-encoding' => 'gzip, deflate',
  'accept-language' => 'zh-CN,zh;q=0.9',
)
[ info ] [ PARAM ] array (
)
[ info ] [ RUN ] app\api\controller\Index->index[ /www/web/yuewu/public_html/application/api/controller/Index.php ]
[ info ] [ LOG ] INIT File
[ error ] [8]未定义数组索引: district_id[/www/web/yuewu/public_html/application/api/controller/Index.php:16]
---------------------------------------------------------------
[ 2018-12-02T15:41:55+08:00 ] 60.26.207.244 POST /index.php/api/Login/send_message.html
[ info ] yuewu.dazhu-ltd.cn/index.php/api/Login/send_message.html [运行时间：0.024020s][吞吐率：41.63req/s] [内存消耗：3,201.97kb] [文件加载：53]
[ info ] [ LANG ] /www/web/yuewu/public_html/thinkphp/lang/zh-cn.php
[ info ] [ ROUTE ] array (
  'type' => 'module',
  'module' => 
  array (
    0 => 'api',
    1 => 'Login',
    2 => 'send_message',
  ),
)
[ info ] [ HEADER ] array (
  'host' => 'yuewu.dazhu-ltd.cn',
  'connection' => 'keep-alive',
  'content-length' => '141',
  'accept' => '*/*',
  'origin' => 'chrome-extension://geobniafmelcledgickglbajofpkllpl',
  'user-agent' => 'Mozilla/5.0 (Windows NT 6.1; Win64; x64) AppleWebKit/537.36 (KHTML, like Gecko) Chrome/69.0.3497.100 Safari/537.36',
  'content-type' => 'multipart/form-data; boundary=----WebKitFormBoundaryHxj8QMxAdq8dXj9G',
  'accept-encoding' => 'gzip, deflate',
  'accept-language' => 'zh-CN,zh;q=0.9',
)
[ info ] [ PARAM ] array (
  'user_phone' => '',
)
[ info ] [ RUN ] app\api\controller\Login->send_message[ /www/web/yuewu/public_html/application/api/controller/Login.php ]
[ info ] [ DB ] INIT mysql
[ info ] [ LOG ] INIT File
[ error ] [8]未定义数组索引: phone[/www/web/yuewu/public_html/application/api/controller/Login.php:43]
---------------------------------------------------------------
[ 2018-12-02T15:42:02+08:00 ] 60.26.207.244 POST /index.php/api/index/index.html
[ info ] yuewu.dazhu-ltd.cn/index.php/api/index/index.html [运行时间：0.037897s][吞吐率：26.39req/s] [内存消耗：3,356.95kb] [文件加载：50]
[ info ] [ LANG ] /www/web/yuewu/public_html/thinkphp/lang/zh-cn.php
[ info ] [ ROUTE ] array (
  'type' => 'module',
  'module' => 
  array (
    0 => 'api',
    1 => 'index',
    2 => 'index',
  ),
)
[ info ] [ HEADER ] array (
  'host' => 'yuewu.dazhu-ltd.cn',
  'connection' => 'keep-alive',
  'content-length' => '337',
  'accept' => '*/*',
  'origin' => 'chrome-extension://geobniafmelcledgickglbajofpkllpl',
  'user-agent' => 'Mozilla/5.0 (Windows NT 6.1; Win64; x64) AppleWebKit/537.36 (KHTML, like Gecko) Chrome/69.0.3497.100 Safari/537.36',
  'content-type' => 'multipart/form-data; boundary=----WebKitFormBoundaryw68YZiTaVwEfoPJd',
  'accept-encoding' => 'gzip, deflate',
  'accept-language' => 'zh-CN,zh;q=0.9',
)
[ info ] [ PARAM ] array (
  'dance_type_id' => '1',
  'district_id' => '1',
  'order' => '1',
)
[ info ] [ RUN ] app\api\controller\Index->index[ /www/web/yuewu/public_html/application/api/controller/Index.php ]
[ info ] [ DB ] INIT mysql
[ info ] [ LOG ] INIT File
[ sql ] [ DB ] CONNECT:[ UseTime:0.001679s ] mysql:host=114.115.205.226;port=3306;dbname=yuewu;charset=utf8
[ sql ] [ SQL ] SHOW COLUMNS FROM `yw_district` [ RunTime:0.001174s ]
[ sql ] [ SQL ] SELECT `district_id`,`district_name` FROM `yw_district` WHERE  `district_status` = 1  AND `district_id` = 1 LIMIT 1 [ RunTime:0.000916s ]
[ sql ] [ SQL ] SHOW COLUMNS FROM `yw_dance_type` [ RunTime:0.001132s ]
[ sql ] [ SQL ] SELECT `dance_type_id`,`dance_type_name` FROM `yw_dance_type` WHERE  `dance_type_status` = 1 [ RunTime:0.000828s ]
[ sql ] [ SQL ] SHOW COLUMNS FROM `yw_banner` [ RunTime:0.001086s ]
[ sql ] [ SQL ] SELECT `banner_content` FROM `yw_banner` [ RunTime:0.000822s ]
[ sql ] [ SQL ] SELECT `district_id`,`district_name` FROM `yw_district` WHERE  `district_status` = 1 [ RunTime:0.000758s ]
[ sql ] [ SQL ] SHOW COLUMNS FROM `yw_information` [ RunTime:0.001157s ]
[ sql ] [ SQL ] SELECT `information_content` FROM `yw_information` WHERE  `information_area` = 0 LIMIT 1 [ RunTime:0.001193s ]
[ sql ] [ SQL ] SHOW COLUMNS FROM `yw_file` [ RunTime:0.001334s ]
[ sql ] [ SQL ] SELECT a.file_id as file_id,`a`.`file_cover`,`a`.`file_category`,`g`.`user_name`,`g`.`user_id`,`g`.`user_portrait`,`a`.`file_name`,`a`.`file_collection`,`e`.`teacher_name`,`e`.`user_teacher_id`,`e`.`teacher_portrait`,`c`.`organization_name`,`c`.`organization_portrait`,`c`.`organization_id` FROM `yw_file` `a` LEFT JOIN `yw_file_organization` `b` ON `a`.`file_id`=`b`.`file_id` LEFT JOIN `yw_organization` `c` ON `b`.`organization_id`=`c`.`organization_id` LEFT JOIN `yw_file_user_teacher` `d` ON `a`.`file_id`=`d`.`file_id` LEFT JOIN `yw_user_teacher` `e` ON `d`.`user_teacher_id`=`e`.`user_teacher_id` LEFT JOIN `yw_file_user` `f` ON `a`.`file_id`=`f`.`file_id` LEFT JOIN `yw_user` `g` ON `f`.`user_id`=`g`.`user_id` WHERE  `a`.`district_id` = '1'  AND `a`.`file_false_delete` = 1 ORDER BY `file_creattime` DESC [ RunTime:0.001002s ]
---------------------------------------------------------------
[ 2018-12-02T15:42:35+08:00 ] 60.26.207.244 POST /index.php/api/index/index_paging.html
[ info ] yuewu.dazhu-ltd.cn/index.php/api/index/index_paging.html [运行时间：0.028310s][吞吐率：35.32req/s] [内存消耗：3,333.98kb] [文件加载：50]
[ info ] [ LANG ] /www/web/yuewu/public_html/thinkphp/lang/zh-cn.php
[ info ] [ ROUTE ] array (
  'type' => 'module',
  'module' => 
  array (
    0 => 'api',
    1 => 'index',
    2 => 'index_paging',
  ),
)
[ info ] [ HEADER ] array (
  'host' => 'yuewu.dazhu-ltd.cn',
  'connection' => 'keep-alive',
  'content-length' => '430',
  'accept' => '*/*',
  'origin' => 'chrome-extension://geobniafmelcledgickglbajofpkllpl',
  'user-agent' => 'Mozilla/5.0 (Windows NT 6.1; Win64; x64) AppleWebKit/537.36 (KHTML, like Gecko) Chrome/69.0.3497.100 Safari/537.36',
  'content-type' => 'multipart/form-data; boundary=----WebKitFormBoundaryPftB6xZCeo8ty9nZ',
  'accept-encoding' => 'gzip, deflate',
  'accept-language' => 'zh-CN,zh;q=0.9',
)
[ info ] [ PARAM ] array (
  'dance_type_id' => '1',
  'district_id' => '1',
  'order' => '1',
  'paging' => '',
)
[ info ] [ RUN ] app\api\controller\Index->index_paging[ /www/web/yuewu/public_html/application/api/controller/Index.php ]
[ info ] [ DB ] INIT mysql
[ info ] [ LOG ] INIT File
[ sql ] [ DB ] CONNECT:[ UseTime:0.001671s ] mysql:host=114.115.205.226;port=3306;dbname=yuewu;charset=utf8
[ sql ] [ SQL ] SHOW COLUMNS FROM `yw_file` [ RunTime:0.001387s ]
[ sql ] [ SQL ] SELECT a.file_id as file_id,`a`.`file_cover`,`a`.`file_category`,`g`.`user_name`,`g`.`user_id`,`g`.`user_portrait`,`a`.`file_name`,`a`.`file_collection`,`e`.`teacher_name`,`e`.`user_teacher_id`,`e`.`teacher_portrait`,`c`.`organization_name`,`c`.`organization_portrait`,`c`.`organization_id` FROM `yw_file` `a` LEFT JOIN `yw_file_organization` `b` ON `a`.`file_id`=`b`.`file_id` LEFT JOIN `yw_organization` `c` ON `b`.`organization_id`=`c`.`organization_id` LEFT JOIN `yw_file_user_teacher` `d` ON `a`.`file_id`=`d`.`file_id` LEFT JOIN `yw_user_teacher` `e` ON `d`.`user_teacher_id`=`e`.`user_teacher_id` LEFT JOIN `yw_file_user` `f` ON `a`.`file_id`=`f`.`file_id` LEFT JOIN `yw_user` `g` ON `f`.`user_id`=`g`.`user_id` WHERE  `a`.`district_id` = '1'  AND `a`.`file_false_delete` = 1 ORDER BY `file_creattime` DESC LIMIT 0,10 [ RunTime:0.000896s ]
