---------------------------------------------------------------
[ 2018-12-10T14:01:41+08:00 ] 117.15.132.39 POST /index.php/api/index/index.html
[ info ] yuewu.dazhu-ltd.cn/index.php/api/index/index.html [运行时间：0.038091s][吞吐率：26.25req/s] [内存消耗：3,366.38kb] [文件加载：50]
[ info ] [ LANG ] /www/web/yuewu/public_html/thinkphp/lang/zh-cn.php
[ info ] [ ROUTE ] array (
  'type' => 'module',
  'module' => 
  array (
    0 => 'api',
    1 => 'index',
    2 => 'index',
  ),
)
[ info ] [ HEADER ] array (
  'token' => '',
  'content-type' => 'application/x-www-form-urlencoded',
  'content-length' => '37',
  'host' => 'yuewu.dazhu-ltd.cn',
  'connection' => 'Keep-Alive',
  'accept-encoding' => 'gzip',
  'user-agent' => 'okhttp/3.10.0',
)
[ info ] [ PARAM ] array (
  'dance_type_id' => '1',
  'order' => '1',
  'district_id' => '1',
)
[ info ] [ RUN ] app\api\controller\Index->index[ /www/web/yuewu/public_html/application/api/controller/Index.php ]
[ info ] [ DB ] INIT mysql
[ info ] [ LOG ] INIT File
[ sql ] [ DB ] CONNECT:[ UseTime:0.001734s ] mysql:host=114.115.205.226;port=3306;dbname=yuewu;charset=utf8
[ sql ] [ SQL ] SHOW COLUMNS FROM `yw_district` [ RunTime:0.001367s ]
[ sql ] [ SQL ] SELECT `district_id`,`district_name` FROM `yw_district` WHERE  `district_status` = 1  AND `district_id` = 1 LIMIT 1 [ RunTime:0.000891s ]
[ sql ] [ SQL ] SHOW COLUMNS FROM `yw_dance_type` [ RunTime:0.001159s ]
[ sql ] [ SQL ] SELECT `dance_type_id`,`dance_type_name` FROM `yw_dance_type` WHERE  `dance_type_status` = 1 [ RunTime:0.000935s ]
[ sql ] [ SQL ] SHOW COLUMNS FROM `yw_banner` [ RunTime:0.001028s ]
[ sql ] [ SQL ] SELECT `banner_content` FROM `yw_banner` [ RunTime:0.000897s ]
[ sql ] [ SQL ] SELECT `district_id`,`district_name` FROM `yw_district` WHERE  `district_status` = 1 [ RunTime:0.000958s ]
[ sql ] [ SQL ] SHOW COLUMNS FROM `yw_information` [ RunTime:0.001205s ]
[ sql ] [ SQL ] SELECT `information_content` FROM `yw_information` WHERE  `information_area` = 0 LIMIT 1 [ RunTime:0.000864s ]
[ sql ] [ SQL ] SHOW COLUMNS FROM `yw_file` [ RunTime:0.001213s ]
[ sql ] [ SQL ] SELECT a.file_id as file_id,`a`.`file_cover`,`a`.`file_category`,`g`.`user_name`,`g`.`user_id`,`g`.`user_portrait`,`a`.`file_name`,`a`.`file_collection`,`e`.`teacher_name`,`e`.`user_teacher_id`,`e`.`teacher_portrait`,`c`.`organization_name`,`c`.`organization_portrait`,`c`.`organization_id` FROM `yw_file` `a` LEFT JOIN `yw_file_organization` `b` ON `a`.`file_id`=`b`.`file_id` LEFT JOIN `yw_organization` `c` ON `b`.`organization_id`=`c`.`organization_id` LEFT JOIN `yw_file_user_teacher` `d` ON `a`.`file_id`=`d`.`file_id` LEFT JOIN `yw_user_teacher` `e` ON `d`.`user_teacher_id`=`e`.`user_teacher_id` LEFT JOIN `yw_file_user` `f` ON `a`.`file_id`=`f`.`file_id` LEFT JOIN `yw_user` `g` ON `f`.`user_id`=`g`.`user_id` WHERE  `a`.`district_id` = '1'  AND `a`.`file_false_delete` = 1 ORDER BY `file_creattime` DESC [ RunTime:0.000983s ]
---------------------------------------------------------------
[ 2018-12-10T16:03:51+08:00 ] 117.15.132.39 POST /index.php/api/index/index.html
[ info ] yuewu.dazhu-ltd.cn/index.php/api/index/index.html [运行时间：0.039475s][吞吐率：25.33req/s] [内存消耗：3,366.38kb] [文件加载：50]
[ info ] [ LANG ] /www/web/yuewu/public_html/thinkphp/lang/zh-cn.php
[ info ] [ ROUTE ] array (
  'type' => 'module',
  'module' => 
  array (
    0 => 'api',
    1 => 'index',
    2 => 'index',
  ),
)
[ info ] [ HEADER ] array (
  'token' => '',
  'content-type' => 'application/x-www-form-urlencoded',
  'content-length' => '37',
  'host' => 'yuewu.dazhu-ltd.cn',
  'connection' => 'Keep-Alive',
  'accept-encoding' => 'gzip',
  'user-agent' => 'okhttp/3.10.0',
)
[ info ] [ PARAM ] array (
  'dance_type_id' => '1',
  'order' => '1',
  'district_id' => '1',
)
[ info ] [ RUN ] app\api\controller\Index->index[ /www/web/yuewu/public_html/application/api/controller/Index.php ]
[ info ] [ DB ] INIT mysql
[ info ] [ LOG ] INIT File
[ sql ] [ DB ] CONNECT:[ UseTime:0.001866s ] mysql:host=114.115.205.226;port=3306;dbname=yuewu;charset=utf8
[ sql ] [ SQL ] SHOW COLUMNS FROM `yw_district` [ RunTime:0.001435s ]
[ sql ] [ SQL ] SELECT `district_id`,`district_name` FROM `yw_district` WHERE  `district_status` = 1  AND `district_id` = 1 LIMIT 1 [ RunTime:0.001060s ]
[ sql ] [ SQL ] SHOW COLUMNS FROM `yw_dance_type` [ RunTime:0.001224s ]
[ sql ] [ SQL ] SELECT `dance_type_id`,`dance_type_name` FROM `yw_dance_type` WHERE  `dance_type_status` = 1 [ RunTime:0.000996s ]
[ sql ] [ SQL ] SHOW COLUMNS FROM `yw_banner` [ RunTime:0.001297s ]
[ sql ] [ SQL ] SELECT `banner_content` FROM `yw_banner` [ RunTime:0.000925s ]
[ sql ] [ SQL ] SELECT `district_id`,`district_name` FROM `yw_district` WHERE  `district_status` = 1 [ RunTime:0.000883s ]
[ sql ] [ SQL ] SHOW COLUMNS FROM `yw_information` [ RunTime:0.001156s ]
[ sql ] [ SQL ] SELECT `information_content` FROM `yw_information` WHERE  `information_area` = 0 LIMIT 1 [ RunTime:0.000889s ]
[ sql ] [ SQL ] SHOW COLUMNS FROM `yw_file` [ RunTime:0.001303s ]
[ sql ] [ SQL ] SELECT a.file_id as file_id,`a`.`file_cover`,`a`.`file_category`,`g`.`user_name`,`g`.`user_id`,`g`.`user_portrait`,`a`.`file_name`,`a`.`file_collection`,`e`.`teacher_name`,`e`.`user_teacher_id`,`e`.`teacher_portrait`,`c`.`organization_name`,`c`.`organization_portrait`,`c`.`organization_id` FROM `yw_file` `a` LEFT JOIN `yw_file_organization` `b` ON `a`.`file_id`=`b`.`file_id` LEFT JOIN `yw_organization` `c` ON `b`.`organization_id`=`c`.`organization_id` LEFT JOIN `yw_file_user_teacher` `d` ON `a`.`file_id`=`d`.`file_id` LEFT JOIN `yw_user_teacher` `e` ON `d`.`user_teacher_id`=`e`.`user_teacher_id` LEFT JOIN `yw_file_user` `f` ON `a`.`file_id`=`f`.`file_id` LEFT JOIN `yw_user` `g` ON `f`.`user_id`=`g`.`user_id` WHERE  `a`.`district_id` = '1'  AND `a`.`file_false_delete` = 1 ORDER BY `file_creattime` DESC [ RunTime:0.001224s ]
---------------------------------------------------------------
[ 2018-12-10T20:03:48+08:00 ] 218.68.220.86 POST /index.php/api/index/index.html
[ info ] yuewu.dazhu-ltd.cn/index.php/api/index/index.html [运行时间：0.038677s][吞吐率：25.86req/s] [内存消耗：3,366.38kb] [文件加载：50]
[ info ] [ LANG ] /www/web/yuewu/public_html/thinkphp/lang/zh-cn.php
[ info ] [ ROUTE ] array (
  'type' => 'module',
  'module' => 
  array (
    0 => 'api',
    1 => 'index',
    2 => 'index',
  ),
)
[ info ] [ HEADER ] array (
  'token' => '',
  'content-type' => 'application/x-www-form-urlencoded',
  'content-length' => '37',
  'host' => 'yuewu.dazhu-ltd.cn',
  'connection' => 'Keep-Alive',
  'accept-encoding' => 'gzip',
  'user-agent' => 'okhttp/3.10.0',
)
[ info ] [ PARAM ] array (
  'dance_type_id' => '1',
  'order' => '1',
  'district_id' => '1',
)
[ info ] [ RUN ] app\api\controller\Index->index[ /www/web/yuewu/public_html/application/api/controller/Index.php ]
[ info ] [ DB ] INIT mysql
[ info ] [ LOG ] INIT File
[ sql ] [ DB ] CONNECT:[ UseTime:0.001803s ] mysql:host=114.115.205.226;port=3306;dbname=yuewu;charset=utf8
[ sql ] [ SQL ] SHOW COLUMNS FROM `yw_district` [ RunTime:0.001285s ]
[ sql ] [ SQL ] SELECT `district_id`,`district_name` FROM `yw_district` WHERE  `district_status` = 1  AND `district_id` = 1 LIMIT 1 [ RunTime:0.000968s ]
[ sql ] [ SQL ] SHOW COLUMNS FROM `yw_dance_type` [ RunTime:0.001229s ]
[ sql ] [ SQL ] SELECT `dance_type_id`,`dance_type_name` FROM `yw_dance_type` WHERE  `dance_type_status` = 1 [ RunTime:0.001002s ]
[ sql ] [ SQL ] SHOW COLUMNS FROM `yw_banner` [ RunTime:0.001242s ]
[ sql ] [ SQL ] SELECT `banner_content` FROM `yw_banner` [ RunTime:0.000883s ]
[ sql ] [ SQL ] SELECT `district_id`,`district_name` FROM `yw_district` WHERE  `district_status` = 1 [ RunTime:0.000900s ]
[ sql ] [ SQL ] SHOW COLUMNS FROM `yw_information` [ RunTime:0.001094s ]
[ sql ] [ SQL ] SELECT `information_content` FROM `yw_information` WHERE  `information_area` = 0 LIMIT 1 [ RunTime:0.000937s ]
[ sql ] [ SQL ] SHOW COLUMNS FROM `yw_file` [ RunTime:0.001252s ]
[ sql ] [ SQL ] SELECT a.file_id as file_id,`a`.`file_cover`,`a`.`file_category`,`g`.`user_name`,`g`.`user_id`,`g`.`user_portrait`,`a`.`file_name`,`a`.`file_collection`,`e`.`teacher_name`,`e`.`user_teacher_id`,`e`.`teacher_portrait`,`c`.`organization_name`,`c`.`organization_portrait`,`c`.`organization_id` FROM `yw_file` `a` LEFT JOIN `yw_file_organization` `b` ON `a`.`file_id`=`b`.`file_id` LEFT JOIN `yw_organization` `c` ON `b`.`organization_id`=`c`.`organization_id` LEFT JOIN `yw_file_user_teacher` `d` ON `a`.`file_id`=`d`.`file_id` LEFT JOIN `yw_user_teacher` `e` ON `d`.`user_teacher_id`=`e`.`user_teacher_id` LEFT JOIN `yw_file_user` `f` ON `a`.`file_id`=`f`.`file_id` LEFT JOIN `yw_user` `g` ON `f`.`user_id`=`g`.`user_id` WHERE  `a`.`district_id` = '1'  AND `a`.`file_false_delete` = 1 ORDER BY `file_creattime` DESC [ RunTime:0.001067s ]
---------------------------------------------------------------
[ 2018-12-10T20:13:08+08:00 ] 218.68.220.86 POST /index.php/api/index/index.html
[ info ] yuewu.dazhu-ltd.cn/index.php/api/index/index.html [运行时间：0.039661s][吞吐率：25.21req/s] [内存消耗：3,366.38kb] [文件加载：50]
[ info ] [ LANG ] /www/web/yuewu/public_html/thinkphp/lang/zh-cn.php
[ info ] [ ROUTE ] array (
  'type' => 'module',
  'module' => 
  array (
    0 => 'api',
    1 => 'index',
    2 => 'index',
  ),
)
[ info ] [ HEADER ] array (
  'token' => '',
  'content-type' => 'application/x-www-form-urlencoded',
  'content-length' => '37',
  'host' => 'yuewu.dazhu-ltd.cn',
  'connection' => 'Keep-Alive',
  'accept-encoding' => 'gzip',
  'user-agent' => 'okhttp/3.10.0',
)
[ info ] [ PARAM ] array (
  'dance_type_id' => '1',
  'order' => '1',
  'district_id' => '1',
)
[ info ] [ RUN ] app\api\controller\Index->index[ /www/web/yuewu/public_html/application/api/controller/Index.php ]
[ info ] [ DB ] INIT mysql
[ info ] [ LOG ] INIT File
[ sql ] [ DB ] CONNECT:[ UseTime:0.002019s ] mysql:host=114.115.205.226;port=3306;dbname=yuewu;charset=utf8
[ sql ] [ SQL ] SHOW COLUMNS FROM `yw_district` [ RunTime:0.001281s ]
[ sql ] [ SQL ] SELECT `district_id`,`district_name` FROM `yw_district` WHERE  `district_status` = 1  AND `district_id` = 1 LIMIT 1 [ RunTime:0.000959s ]
[ sql ] [ SQL ] SHOW COLUMNS FROM `yw_dance_type` [ RunTime:0.001181s ]
[ sql ] [ SQL ] SELECT `dance_type_id`,`dance_type_name` FROM `yw_dance_type` WHERE  `dance_type_status` = 1 [ RunTime:0.000951s ]
[ sql ] [ SQL ] SHOW COLUMNS FROM `yw_banner` [ RunTime:0.001244s ]
[ sql ] [ SQL ] SELECT `banner_content` FROM `yw_banner` [ RunTime:0.000884s ]
[ sql ] [ SQL ] SELECT `district_id`,`district_name` FROM `yw_district` WHERE  `district_status` = 1 [ RunTime:0.001040s ]
[ sql ] [ SQL ] SHOW COLUMNS FROM `yw_information` [ RunTime:0.001223s ]
[ sql ] [ SQL ] SELECT `information_content` FROM `yw_information` WHERE  `information_area` = 0 LIMIT 1 [ RunTime:0.000957s ]
[ sql ] [ SQL ] SHOW COLUMNS FROM `yw_file` [ RunTime:0.001231s ]
[ sql ] [ SQL ] SELECT a.file_id as file_id,`a`.`file_cover`,`a`.`file_category`,`g`.`user_name`,`g`.`user_id`,`g`.`user_portrait`,`a`.`file_name`,`a`.`file_collection`,`e`.`teacher_name`,`e`.`user_teacher_id`,`e`.`teacher_portrait`,`c`.`organization_name`,`c`.`organization_portrait`,`c`.`organization_id` FROM `yw_file` `a` LEFT JOIN `yw_file_organization` `b` ON `a`.`file_id`=`b`.`file_id` LEFT JOIN `yw_organization` `c` ON `b`.`organization_id`=`c`.`organization_id` LEFT JOIN `yw_file_user_teacher` `d` ON `a`.`file_id`=`d`.`file_id` LEFT JOIN `yw_user_teacher` `e` ON `d`.`user_teacher_id`=`e`.`user_teacher_id` LEFT JOIN `yw_file_user` `f` ON `a`.`file_id`=`f`.`file_id` LEFT JOIN `yw_user` `g` ON `f`.`user_id`=`g`.`user_id` WHERE  `a`.`district_id` = '1'  AND `a`.`file_false_delete` = 1 ORDER BY `file_creattime` DESC [ RunTime:0.000945s ]
---------------------------------------------------------------
[ 2018-12-10T20:20:15+08:00 ] 218.68.220.86 POST /index.php/api/index/index.html
[ info ] yuewu.dazhu-ltd.cn/index.php/api/index/index.html [运行时间：0.039153s][吞吐率：25.54req/s] [内存消耗：3,366.38kb] [文件加载：50]
[ info ] [ LANG ] /www/web/yuewu/public_html/thinkphp/lang/zh-cn.php
[ info ] [ ROUTE ] array (
  'type' => 'module',
  'module' => 
  array (
    0 => 'api',
    1 => 'index',
    2 => 'index',
  ),
)
[ info ] [ HEADER ] array (
  'token' => '',
  'content-type' => 'application/x-www-form-urlencoded',
  'content-length' => '37',
  'host' => 'yuewu.dazhu-ltd.cn',
  'connection' => 'Keep-Alive',
  'accept-encoding' => 'gzip',
  'user-agent' => 'okhttp/3.10.0',
)
[ info ] [ PARAM ] array (
  'dance_type_id' => '1',
  'order' => '1',
  'district_id' => '1',
)
[ info ] [ RUN ] app\api\controller\Index->index[ /www/web/yuewu/public_html/application/api/controller/Index.php ]
[ info ] [ DB ] INIT mysql
[ info ] [ LOG ] INIT File
[ sql ] [ DB ] CONNECT:[ UseTime:0.002255s ] mysql:host=114.115.205.226;port=3306;dbname=yuewu;charset=utf8
[ sql ] [ SQL ] SHOW COLUMNS FROM `yw_district` [ RunTime:0.001478s ]
[ sql ] [ SQL ] SELECT `district_id`,`district_name` FROM `yw_district` WHERE  `district_status` = 1  AND `district_id` = 1 LIMIT 1 [ RunTime:0.000914s ]
[ sql ] [ SQL ] SHOW COLUMNS FROM `yw_dance_type` [ RunTime:0.001256s ]
[ sql ] [ SQL ] SELECT `dance_type_id`,`dance_type_name` FROM `yw_dance_type` WHERE  `dance_type_status` = 1 [ RunTime:0.000935s ]
[ sql ] [ SQL ] SHOW COLUMNS FROM `yw_banner` [ RunTime:0.001167s ]
[ sql ] [ SQL ] SELECT `banner_content` FROM `yw_banner` [ RunTime:0.000877s ]
[ sql ] [ SQL ] SELECT `district_id`,`district_name` FROM `yw_district` WHERE  `district_status` = 1 [ RunTime:0.000900s ]
[ sql ] [ SQL ] SHOW COLUMNS FROM `yw_information` [ RunTime:0.001227s ]
[ sql ] [ SQL ] SELECT `information_content` FROM `yw_information` WHERE  `information_area` = 0 LIMIT 1 [ RunTime:0.000876s ]
[ sql ] [ SQL ] SHOW COLUMNS FROM `yw_file` [ RunTime:0.001325s ]
[ sql ] [ SQL ] SELECT a.file_id as file_id,`a`.`file_cover`,`a`.`file_category`,`g`.`user_name`,`g`.`user_id`,`g`.`user_portrait`,`a`.`file_name`,`a`.`file_collection`,`e`.`teacher_name`,`e`.`user_teacher_id`,`e`.`teacher_portrait`,`c`.`organization_name`,`c`.`organization_portrait`,`c`.`organization_id` FROM `yw_file` `a` LEFT JOIN `yw_file_organization` `b` ON `a`.`file_id`=`b`.`file_id` LEFT JOIN `yw_organization` `c` ON `b`.`organization_id`=`c`.`organization_id` LEFT JOIN `yw_file_user_teacher` `d` ON `a`.`file_id`=`d`.`file_id` LEFT JOIN `yw_user_teacher` `e` ON `d`.`user_teacher_id`=`e`.`user_teacher_id` LEFT JOIN `yw_file_user` `f` ON `a`.`file_id`=`f`.`file_id` LEFT JOIN `yw_user` `g` ON `f`.`user_id`=`g`.`user_id` WHERE  `a`.`district_id` = '1'  AND `a`.`file_false_delete` = 1 ORDER BY `file_creattime` DESC [ RunTime:0.001148s ]
---------------------------------------------------------------
[ 2018-12-10T20:23:39+08:00 ] 218.68.220.86 POST /index.php/api/index/index.html
[ info ] yuewu.dazhu-ltd.cn/index.php/api/index/index.html [运行时间：0.039428s][吞吐率：25.36req/s] [内存消耗：3,366.38kb] [文件加载：50]
[ info ] [ LANG ] /www/web/yuewu/public_html/thinkphp/lang/zh-cn.php
[ info ] [ ROUTE ] array (
  'type' => 'module',
  'module' => 
  array (
    0 => 'api',
    1 => 'index',
    2 => 'index',
  ),
)
[ info ] [ HEADER ] array (
  'token' => '',
  'content-type' => 'application/x-www-form-urlencoded',
  'content-length' => '37',
  'host' => 'yuewu.dazhu-ltd.cn',
  'connection' => 'Keep-Alive',
  'accept-encoding' => 'gzip',
  'user-agent' => 'okhttp/3.10.0',
)
[ info ] [ PARAM ] array (
  'dance_type_id' => '1',
  'order' => '1',
  'district_id' => '1',
)
[ info ] [ RUN ] app\api\controller\Index->index[ /www/web/yuewu/public_html/application/api/controller/Index.php ]
[ info ] [ DB ] INIT mysql
[ info ] [ LOG ] INIT File
[ sql ] [ DB ] CONNECT:[ UseTime:0.001841s ] mysql:host=114.115.205.226;port=3306;dbname=yuewu;charset=utf8
[ sql ] [ SQL ] SHOW COLUMNS FROM `yw_district` [ RunTime:0.001423s ]
[ sql ] [ SQL ] SELECT `district_id`,`district_name` FROM `yw_district` WHERE  `district_status` = 1  AND `district_id` = 1 LIMIT 1 [ RunTime:0.001018s ]
[ sql ] [ SQL ] SHOW COLUMNS FROM `yw_dance_type` [ RunTime:0.001392s ]
[ sql ] [ SQL ] SELECT `dance_type_id`,`dance_type_name` FROM `yw_dance_type` WHERE  `dance_type_status` = 1 [ RunTime:0.000940s ]
[ sql ] [ SQL ] SHOW COLUMNS FROM `yw_banner` [ RunTime:0.001238s ]
[ sql ] [ SQL ] SELECT `banner_content` FROM `yw_banner` [ RunTime:0.000836s ]
[ sql ] [ SQL ] SELECT `district_id`,`district_name` FROM `yw_district` WHERE  `district_status` = 1 [ RunTime:0.000874s ]
[ sql ] [ SQL ] SHOW COLUMNS FROM `yw_information` [ RunTime:0.001177s ]
[ sql ] [ SQL ] SELECT `information_content` FROM `yw_information` WHERE  `information_area` = 0 LIMIT 1 [ RunTime:0.001053s ]
[ sql ] [ SQL ] SHOW COLUMNS FROM `yw_file` [ RunTime:0.001418s ]
[ sql ] [ SQL ] SELECT a.file_id as file_id,`a`.`file_cover`,`a`.`file_category`,`g`.`user_name`,`g`.`user_id`,`g`.`user_portrait`,`a`.`file_name`,`a`.`file_collection`,`e`.`teacher_name`,`e`.`user_teacher_id`,`e`.`teacher_portrait`,`c`.`organization_name`,`c`.`organization_portrait`,`c`.`organization_id` FROM `yw_file` `a` LEFT JOIN `yw_file_organization` `b` ON `a`.`file_id`=`b`.`file_id` LEFT JOIN `yw_organization` `c` ON `b`.`organization_id`=`c`.`organization_id` LEFT JOIN `yw_file_user_teacher` `d` ON `a`.`file_id`=`d`.`file_id` LEFT JOIN `yw_user_teacher` `e` ON `d`.`user_teacher_id`=`e`.`user_teacher_id` LEFT JOIN `yw_file_user` `f` ON `a`.`file_id`=`f`.`file_id` LEFT JOIN `yw_user` `g` ON `f`.`user_id`=`g`.`user_id` WHERE  `a`.`district_id` = '1'  AND `a`.`file_false_delete` = 1 ORDER BY `file_creattime` DESC [ RunTime:0.001098s ]
---------------------------------------------------------------
[ 2018-12-10T20:23:40+08:00 ] 218.68.220.86 POST /index.php/api/Organization/organization_list.html
[ info ] yuewu.dazhu-ltd.cn/index.php/api/Organization/organization_list.html [运行时间：0.028073s][吞吐率：35.62req/s] [内存消耗：3,346.38kb] [文件加载：50]
[ info ] [ LANG ] /www/web/yuewu/public_html/thinkphp/lang/zh-cn.php
[ info ] [ ROUTE ] array (
  'type' => 'module',
  'module' => 
  array (
    0 => 'api',
    1 => 'Organization',
    2 => 'organization_list',
  ),
)
[ info ] [ HEADER ] array (
  'token' => '',
  'content-type' => 'application/x-www-form-urlencoded',
  'content-length' => '48',
  'host' => 'yuewu.dazhu-ltd.cn',
  'connection' => 'Keep-Alive',
  'accept-encoding' => 'gzip',
  'user-agent' => 'okhttp/3.10.0',
)
[ info ] [ PARAM ] array (
  'dance_type_id' => '1',
  'organization_name' => '',
  'district_id' => '1',
)
[ info ] [ RUN ] app\api\controller\Organization->organization_list[ /www/web/yuewu/public_html/application/api/controller/Organization.php ]
[ info ] [ DB ] INIT mysql
[ info ] [ LOG ] INIT File
[ sql ] [ DB ] CONNECT:[ UseTime:0.001896s ] mysql:host=114.115.205.226;port=3306;dbname=yuewu;charset=utf8
[ sql ] [ SQL ] SHOW COLUMNS FROM `yw_organization` [ RunTime:0.001380s ]
[ sql ] [ SQL ] SELECT `organization_id`,`organization_name`,`organization_cover`,`organization_site`,`organization_facility`,`organization_business_hours`,`organization_level`,`organization_district_id`,`organization_type` FROM `yw_organization` WHERE  `organization_state` = 1  AND `organization_name` LIKE '%%' ORDER BY `organization_level` DESC LIMIT 0,10 [ RunTime:0.000990s ]
---------------------------------------------------------------
[ 2018-12-10T20:23:52+08:00 ] 218.68.220.86 POST /index.php/api/Organization/organization_list.html
[ info ] yuewu.dazhu-ltd.cn/index.php/api/Organization/organization_list.html [运行时间：0.027575s][吞吐率：36.26req/s] [内存消耗：3,346.38kb] [文件加载：50]
[ info ] [ LANG ] /www/web/yuewu/public_html/thinkphp/lang/zh-cn.php
[ info ] [ ROUTE ] array (
  'type' => 'module',
  'module' => 
  array (
    0 => 'api',
    1 => 'Organization',
    2 => 'organization_list',
  ),
)
[ info ] [ HEADER ] array (
  'token' => '',
  'content-type' => 'application/x-www-form-urlencoded',
  'content-length' => '48',
  'host' => 'yuewu.dazhu-ltd.cn',
  'connection' => 'Keep-Alive',
  'accept-encoding' => 'gzip',
  'user-agent' => 'okhttp/3.10.0',
)
[ info ] [ PARAM ] array (
  'dance_type_id' => '1',
  'organization_name' => '',
  'district_id' => '1',
)
[ info ] [ RUN ] app\api\controller\Organization->organization_list[ /www/web/yuewu/public_html/application/api/controller/Organization.php ]
[ info ] [ DB ] INIT mysql
[ info ] [ LOG ] INIT File
[ sql ] [ DB ] CONNECT:[ UseTime:0.001811s ] mysql:host=114.115.205.226;port=3306;dbname=yuewu;charset=utf8
[ sql ] [ SQL ] SHOW COLUMNS FROM `yw_organization` [ RunTime:0.001298s ]
[ sql ] [ SQL ] SELECT `organization_id`,`organization_name`,`organization_cover`,`organization_site`,`organization_facility`,`organization_business_hours`,`organization_level`,`organization_district_id`,`organization_type` FROM `yw_organization` WHERE  `organization_state` = 1  AND `organization_name` LIKE '%%' ORDER BY `organization_level` DESC LIMIT 0,10 [ RunTime:0.000950s ]
---------------------------------------------------------------
[ 2018-12-10T20:30:46+08:00 ] 218.68.220.86 POST /index.php/api/index/index.html
[ info ] yuewu.dazhu-ltd.cn/index.php/api/index/index.html [运行时间：0.051633s][吞吐率：19.37req/s] [内存消耗：3,366.38kb] [文件加载：50]
[ info ] [ LANG ] /www/web/yuewu/public_html/thinkphp/lang/zh-cn.php
[ info ] [ ROUTE ] array (
  'type' => 'module',
  'module' => 
  array (
    0 => 'api',
    1 => 'index',
    2 => 'index',
  ),
)
[ info ] [ HEADER ] array (
  'token' => '',
  'content-type' => 'application/x-www-form-urlencoded',
  'content-length' => '37',
  'host' => 'yuewu.dazhu-ltd.cn',
  'connection' => 'Keep-Alive',
  'accept-encoding' => 'gzip',
  'user-agent' => 'okhttp/3.10.0',
)
[ info ] [ PARAM ] array (
  'dance_type_id' => '1',
  'order' => '1',
  'district_id' => '1',
)
[ info ] [ RUN ] app\api\controller\Index->index[ /www/web/yuewu/public_html/application/api/controller/Index.php ]
[ info ] [ DB ] INIT mysql
[ info ] [ LOG ] INIT File
[ sql ] [ DB ] CONNECT:[ UseTime:0.002591s ] mysql:host=114.115.205.226;port=3306;dbname=yuewu;charset=utf8
[ sql ] [ SQL ] SHOW COLUMNS FROM `yw_district` [ RunTime:0.006589s ]
[ sql ] [ SQL ] SELECT `district_id`,`district_name` FROM `yw_district` WHERE  `district_status` = 1  AND `district_id` = 1 LIMIT 1 [ RunTime:0.001340s ]
[ sql ] [ SQL ] SHOW COLUMNS FROM `yw_dance_type` [ RunTime:0.001994s ]
[ sql ] [ SQL ] SELECT `dance_type_id`,`dance_type_name` FROM `yw_dance_type` WHERE  `dance_type_status` = 1 [ RunTime:0.005779s ]
[ sql ] [ SQL ] SHOW COLUMNS FROM `yw_banner` [ RunTime:0.001515s ]
[ sql ] [ SQL ] SELECT `banner_content` FROM `yw_banner` [ RunTime:0.000928s ]
[ sql ] [ SQL ] SELECT `district_id`,`district_name` FROM `yw_district` WHERE  `district_status` = 1 [ RunTime:0.000839s ]
[ sql ] [ SQL ] SHOW COLUMNS FROM `yw_information` [ RunTime:0.001126s ]
[ sql ] [ SQL ] SELECT `information_content` FROM `yw_information` WHERE  `information_area` = 0 LIMIT 1 [ RunTime:0.000939s ]
[ sql ] [ SQL ] SHOW COLUMNS FROM `yw_file` [ RunTime:0.001378s ]
[ sql ] [ SQL ] SELECT a.file_id as file_id,`a`.`file_cover`,`a`.`file_category`,`g`.`user_name`,`g`.`user_id`,`g`.`user_portrait`,`a`.`file_name`,`a`.`file_collection`,`e`.`teacher_name`,`e`.`user_teacher_id`,`e`.`teacher_portrait`,`c`.`organization_name`,`c`.`organization_portrait`,`c`.`organization_id` FROM `yw_file` `a` LEFT JOIN `yw_file_organization` `b` ON `a`.`file_id`=`b`.`file_id` LEFT JOIN `yw_organization` `c` ON `b`.`organization_id`=`c`.`organization_id` LEFT JOIN `yw_file_user_teacher` `d` ON `a`.`file_id`=`d`.`file_id` LEFT JOIN `yw_user_teacher` `e` ON `d`.`user_teacher_id`=`e`.`user_teacher_id` LEFT JOIN `yw_file_user` `f` ON `a`.`file_id`=`f`.`file_id` LEFT JOIN `yw_user` `g` ON `f`.`user_id`=`g`.`user_id` WHERE  `a`.`district_id` = '1'  AND `a`.`file_false_delete` = 1 ORDER BY `file_creattime` DESC [ RunTime:0.000979s ]
---------------------------------------------------------------
[ 2018-12-10T20:30:47+08:00 ] 218.68.220.86 POST /index.php/api/Organization/organization_list.html
[ info ] yuewu.dazhu-ltd.cn/index.php/api/Organization/organization_list.html [运行时间：0.028613s][吞吐率：34.95req/s] [内存消耗：3,346.38kb] [文件加载：50]
[ info ] [ LANG ] /www/web/yuewu/public_html/thinkphp/lang/zh-cn.php
[ info ] [ ROUTE ] array (
  'type' => 'module',
  'module' => 
  array (
    0 => 'api',
    1 => 'Organization',
    2 => 'organization_list',
  ),
)
[ info ] [ HEADER ] array (
  'token' => '',
  'content-type' => 'application/x-www-form-urlencoded',
  'content-length' => '48',
  'host' => 'yuewu.dazhu-ltd.cn',
  'connection' => 'Keep-Alive',
  'accept-encoding' => 'gzip',
  'user-agent' => 'okhttp/3.10.0',
)
[ info ] [ PARAM ] array (
  'dance_type_id' => '1',
  'organization_name' => '',
  'district_id' => '1',
)
[ info ] [ RUN ] app\api\controller\Organization->organization_list[ /www/web/yuewu/public_html/application/api/controller/Organization.php ]
[ info ] [ DB ] INIT mysql
[ info ] [ LOG ] INIT File
[ sql ] [ DB ] CONNECT:[ UseTime:0.001993s ] mysql:host=114.115.205.226;port=3306;dbname=yuewu;charset=utf8
[ sql ] [ SQL ] SHOW COLUMNS FROM `yw_organization` [ RunTime:0.001476s ]
[ sql ] [ SQL ] SELECT `organization_id`,`organization_name`,`organization_cover`,`organization_site`,`organization_facility`,`organization_business_hours`,`organization_level`,`organization_district_id`,`organization_type` FROM `yw_organization` WHERE  `organization_state` = 1  AND `organization_name` LIKE '%%' ORDER BY `organization_level` DESC LIMIT 0,10 [ RunTime:0.001115s ]
---------------------------------------------------------------
[ 2018-12-10T20:32:00+08:00 ] 218.68.220.86 POST /index.php/api/index/index.html
[ info ] yuewu.dazhu-ltd.cn/index.php/api/index/index.html [运行时间：0.046541s][吞吐率：21.49req/s] [内存消耗：3,366.38kb] [文件加载：50]
[ info ] [ LANG ] /www/web/yuewu/public_html/thinkphp/lang/zh-cn.php
[ info ] [ ROUTE ] array (
  'type' => 'module',
  'module' => 
  array (
    0 => 'api',
    1 => 'index',
    2 => 'index',
  ),
)
[ info ] [ HEADER ] array (
  'token' => '',
  'content-type' => 'application/x-www-form-urlencoded',
  'content-length' => '37',
  'host' => 'yuewu.dazhu-ltd.cn',
  'connection' => 'Keep-Alive',
  'accept-encoding' => 'gzip',
  'user-agent' => 'okhttp/3.10.0',
)
[ info ] [ PARAM ] array (
  'dance_type_id' => '1',
  'order' => '1',
  'district_id' => '1',
)
[ info ] [ RUN ] app\api\controller\Index->index[ /www/web/yuewu/public_html/application/api/controller/Index.php ]
[ info ] [ DB ] INIT mysql
[ info ] [ LOG ] INIT File
[ sql ] [ DB ] CONNECT:[ UseTime:0.002144s ] mysql:host=114.115.205.226;port=3306;dbname=yuewu;charset=utf8
[ sql ] [ SQL ] SHOW COLUMNS FROM `yw_district` [ RunTime:0.001497s ]
[ sql ] [ SQL ] SELECT `district_id`,`district_name` FROM `yw_district` WHERE  `district_status` = 1  AND `district_id` = 1 LIMIT 1 [ RunTime:0.001400s ]
[ sql ] [ SQL ] SHOW COLUMNS FROM `yw_dance_type` [ RunTime:0.001567s ]
[ sql ] [ SQL ] SELECT `dance_type_id`,`dance_type_name` FROM `yw_dance_type` WHERE  `dance_type_status` = 1 [ RunTime:0.000920s ]
[ sql ] [ SQL ] SHOW COLUMNS FROM `yw_banner` [ RunTime:0.001268s ]
[ sql ] [ SQL ] SELECT `banner_content` FROM `yw_banner` [ RunTime:0.001083s ]
[ sql ] [ SQL ] SELECT `district_id`,`district_name` FROM `yw_district` WHERE  `district_status` = 1 [ RunTime:0.001429s ]
[ sql ] [ SQL ] SHOW COLUMNS FROM `yw_information` [ RunTime:0.002489s ]
[ sql ] [ SQL ] SELECT `information_content` FROM `yw_information` WHERE  `information_area` = 0 LIMIT 1 [ RunTime:0.001076s ]
[ sql ] [ SQL ] SHOW COLUMNS FROM `yw_file` [ RunTime:0.001535s ]
[ sql ] [ SQL ] SELECT a.file_id as file_id,`a`.`file_cover`,`a`.`file_category`,`g`.`user_name`,`g`.`user_id`,`g`.`user_portrait`,`a`.`file_name`,`a`.`file_collection`,`e`.`teacher_name`,`e`.`user_teacher_id`,`e`.`teacher_portrait`,`c`.`organization_name`,`c`.`organization_portrait`,`c`.`organization_id` FROM `yw_file` `a` LEFT JOIN `yw_file_organization` `b` ON `a`.`file_id`=`b`.`file_id` LEFT JOIN `yw_organization` `c` ON `b`.`organization_id`=`c`.`organization_id` LEFT JOIN `yw_file_user_teacher` `d` ON `a`.`file_id`=`d`.`file_id` LEFT JOIN `yw_user_teacher` `e` ON `d`.`user_teacher_id`=`e`.`user_teacher_id` LEFT JOIN `yw_file_user` `f` ON `a`.`file_id`=`f`.`file_id` LEFT JOIN `yw_user` `g` ON `f`.`user_id`=`g`.`user_id` WHERE  `a`.`district_id` = '1'  AND `a`.`file_false_delete` = 1 ORDER BY `file_creattime` DESC [ RunTime:0.001286s ]
---------------------------------------------------------------
[ 2018-12-10T20:32:02+08:00 ] 218.68.220.86 POST /index.php/api/Organization/organization_list.html
[ info ] yuewu.dazhu-ltd.cn/index.php/api/Organization/organization_list.html [运行时间：0.027784s][吞吐率：35.99req/s] [内存消耗：3,346.38kb] [文件加载：50]
[ info ] [ LANG ] /www/web/yuewu/public_html/thinkphp/lang/zh-cn.php
[ info ] [ ROUTE ] array (
  'type' => 'module',
  'module' => 
  array (
    0 => 'api',
    1 => 'Organization',
    2 => 'organization_list',
  ),
)
[ info ] [ HEADER ] array (
  'token' => '',
  'content-type' => 'application/x-www-form-urlencoded',
  'content-length' => '48',
  'host' => 'yuewu.dazhu-ltd.cn',
  'connection' => 'Keep-Alive',
  'accept-encoding' => 'gzip',
  'user-agent' => 'okhttp/3.10.0',
)
[ info ] [ PARAM ] array (
  'dance_type_id' => '1',
  'organization_name' => '',
  'district_id' => '1',
)
[ info ] [ RUN ] app\api\controller\Organization->organization_list[ /www/web/yuewu/public_html/application/api/controller/Organization.php ]
[ info ] [ DB ] INIT mysql
[ info ] [ LOG ] INIT File
[ sql ] [ DB ] CONNECT:[ UseTime:0.001779s ] mysql:host=114.115.205.226;port=3306;dbname=yuewu;charset=utf8
[ sql ] [ SQL ] SHOW COLUMNS FROM `yw_organization` [ RunTime:0.001453s ]
[ sql ] [ SQL ] SELECT `organization_id`,`organization_name`,`organization_cover`,`organization_site`,`organization_facility`,`organization_business_hours`,`organization_level`,`organization_district_id`,`organization_type` FROM `yw_organization` WHERE  `organization_state` = 1  AND `organization_name` LIKE '%%' ORDER BY `organization_level` DESC LIMIT 0,10 [ RunTime:0.001004s ]
---------------------------------------------------------------
[ 2018-12-10T20:32:41+08:00 ] 218.68.220.86 GET /index.php/api/20181127/94bef36260d943e593d68415205a9ef8.jpg
[ info ] yuewu.dazhu-ltd.cn/index.php/api/20181127/94bef36260d943e593d68415205a9ef8.jpg [运行时间：0.015415s][吞吐率：64.87req/s] [内存消耗：1,824.77kb] [文件加载：40]
[ info ] [ LANG ] /www/web/yuewu/public_html/thinkphp/lang/zh-cn.php
[ info ] [ ROUTE ] array (
  'type' => 'module',
  'module' => 
  array (
    0 => 'api',
    1 => '20181127',
    2 => '94bef36260d943e593d68415205a9ef8.jpg',
  ),
)
[ info ] [ HEADER ] array (
  'host' => 'yuewu.dazhu-ltd.cn',
  'connection' => 'keep-alive',
  'upgrade-insecure-requests' => '1',
  'user-agent' => 'Mozilla/5.0 (Windows NT 6.1; Win64; x64) AppleWebKit/537.36 (KHTML, like Gecko) Chrome/57.0.2987.133 Safari/537.36',
  'accept' => 'text/html,application/xhtml+xml,application/xml;q=0.9,image/webp,*/*;q=0.8',
  'accept-encoding' => 'gzip, deflate, sdch',
  'accept-language' => 'zh-CN,zh;q=0.8',
)
[ info ] [ PARAM ] array (
)
[ info ] [ LOG ] INIT File
---------------------------------------------------------------
[ 2018-12-10T20:35:23+08:00 ] 218.68.220.86 POST /index.php/api/index/index.html
[ info ] yuewu.dazhu-ltd.cn/index.php/api/index/index.html [运行时间：0.039068s][吞吐率：25.60req/s] [内存消耗：3,366.38kb] [文件加载：50]
[ info ] [ LANG ] /www/web/yuewu/public_html/thinkphp/lang/zh-cn.php
[ info ] [ ROUTE ] array (
  'type' => 'module',
  'module' => 
  array (
    0 => 'api',
    1 => 'index',
    2 => 'index',
  ),
)
[ info ] [ HEADER ] array (
  'token' => '',
  'content-type' => 'application/x-www-form-urlencoded',
  'content-length' => '37',
  'host' => 'yuewu.dazhu-ltd.cn',
  'connection' => 'Keep-Alive',
  'accept-encoding' => 'gzip',
  'user-agent' => 'okhttp/3.10.0',
)
[ info ] [ PARAM ] array (
  'dance_type_id' => '1',
  'order' => '1',
  'district_id' => '1',
)
[ info ] [ RUN ] app\api\controller\Index->index[ /www/web/yuewu/public_html/application/api/controller/Index.php ]
[ info ] [ DB ] INIT mysql
[ info ] [ LOG ] INIT File
[ sql ] [ DB ] CONNECT:[ UseTime:0.002115s ] mysql:host=114.115.205.226;port=3306;dbname=yuewu;charset=utf8
[ sql ] [ SQL ] SHOW COLUMNS FROM `yw_district` [ RunTime:0.001255s ]
[ sql ] [ SQL ] SELECT `district_id`,`district_name` FROM `yw_district` WHERE  `district_status` = 1  AND `district_id` = 1 LIMIT 1 [ RunTime:0.001112s ]
[ sql ] [ SQL ] SHOW COLUMNS FROM `yw_dance_type` [ RunTime:0.001156s ]
[ sql ] [ SQL ] SELECT `dance_type_id`,`dance_type_name` FROM `yw_dance_type` WHERE  `dance_type_status` = 1 [ RunTime:0.000913s ]
[ sql ] [ SQL ] SHOW COLUMNS FROM `yw_banner` [ RunTime:0.001097s ]
[ sql ] [ SQL ] SELECT `banner_content` FROM `yw_banner` [ RunTime:0.000866s ]
[ sql ] [ SQL ] SELECT `district_id`,`district_name` FROM `yw_district` WHERE  `district_status` = 1 [ RunTime:0.000872s ]
[ sql ] [ SQL ] SHOW COLUMNS FROM `yw_information` [ RunTime:0.001111s ]
[ sql ] [ SQL ] SELECT `information_content` FROM `yw_information` WHERE  `information_area` = 0 LIMIT 1 [ RunTime:0.000910s ]
[ sql ] [ SQL ] SHOW COLUMNS FROM `yw_file` [ RunTime:0.001208s ]
[ sql ] [ SQL ] SELECT a.file_id as file_id,`a`.`file_cover`,`a`.`file_category`,`g`.`user_name`,`g`.`user_id`,`g`.`user_portrait`,`a`.`file_name`,`a`.`file_collection`,`e`.`teacher_name`,`e`.`user_teacher_id`,`e`.`teacher_portrait`,`c`.`organization_name`,`c`.`organization_portrait`,`c`.`organization_id` FROM `yw_file` `a` LEFT JOIN `yw_file_organization` `b` ON `a`.`file_id`=`b`.`file_id` LEFT JOIN `yw_organization` `c` ON `b`.`organization_id`=`c`.`organization_id` LEFT JOIN `yw_file_user_teacher` `d` ON `a`.`file_id`=`d`.`file_id` LEFT JOIN `yw_user_teacher` `e` ON `d`.`user_teacher_id`=`e`.`user_teacher_id` LEFT JOIN `yw_file_user` `f` ON `a`.`file_id`=`f`.`file_id` LEFT JOIN `yw_user` `g` ON `f`.`user_id`=`g`.`user_id` WHERE  `a`.`district_id` = '1'  AND `a`.`file_false_delete` = 1 ORDER BY `file_creattime` DESC [ RunTime:0.001039s ]
