---------------------------------------------------------------
[ 2018-12-13T10:16:43+08:00 ] 118.26.3.3 POST /index.php/api/index/index.html
[ info ] yuewu.dazhu-ltd.cn/index.php/api/index/index.html [运行时间：0.039289s][吞吐率：25.45req/s] [内存消耗：3,368.18kb] [文件加载：50]
[ info ] [ LANG ] /www/web/yuewu/public_html/thinkphp/lang/zh-cn.php
[ info ] [ ROUTE ] array (
  'type' => 'module',
  'module' => 
  array (
    0 => 'api',
    1 => 'index',
    2 => 'index',
  ),
)
[ info ] [ HEADER ] array (
  'host' => 'yuewu.dazhu-ltd.cn',
  'content-type' => 'application/json',
  'connection' => 'keep-alive',
  'accept' => '*/*',
  'user-agent' => 'TJ-ZXJY/1.0 (iPhone; iOS 10.3.3; Scale/2.00)',
  'accept-language' => 'zh-Hans-CN;q=1',
  'content-length' => '50',
  'accept-encoding' => 'gzip, deflate',
)
[ info ] [ PARAM ] array (
  'dance_type_id' => '',
  'district_id' => '1',
  'order' => '1',
)
[ info ] [ RUN ] app\api\controller\Index->index[ /www/web/yuewu/public_html/application/api/controller/Index.php ]
[ info ] [ DB ] INIT mysql
[ info ] [ LOG ] INIT File
[ sql ] [ DB ] CONNECT:[ UseTime:0.001828s ] mysql:host=114.115.205.226;port=3306;dbname=yuewu;charset=utf8
[ sql ] [ SQL ] SHOW COLUMNS FROM `yw_dance_type` [ RunTime:0.001315s ]
[ sql ] [ SQL ] SELECT `dance_type_id` FROM `yw_dance_type` WHERE  `dance_type_status` = 1 LIMIT 1 [ RunTime:0.000960s ]
[ sql ] [ SQL ] SHOW COLUMNS FROM `yw_district` [ RunTime:0.001097s ]
[ sql ] [ SQL ] SELECT `district_id`,`district_name` FROM `yw_district` WHERE  `district_status` = 1  AND `district_id` = 1 LIMIT 1 [ RunTime:0.000854s ]
[ sql ] [ SQL ] SELECT `dance_type_id`,`dance_type_name` FROM `yw_dance_type` WHERE  `dance_type_status` = 1 [ RunTime:0.000902s ]
[ sql ] [ SQL ] SHOW COLUMNS FROM `yw_banner` [ RunTime:0.001294s ]
[ sql ] [ SQL ] SELECT `banner_content` FROM `yw_banner` [ RunTime:0.000759s ]
[ sql ] [ SQL ] SELECT `district_id`,`district_name` FROM `yw_district` WHERE  `district_status` = 1 [ RunTime:0.000830s ]
[ sql ] [ SQL ] SHOW COLUMNS FROM `yw_information` [ RunTime:0.001155s ]
[ sql ] [ SQL ] SELECT `information_content` FROM `yw_information` WHERE  `information_area` = 0 LIMIT 1 [ RunTime:0.000869s ]
[ sql ] [ SQL ] SHOW COLUMNS FROM `yw_file` [ RunTime:0.001118s ]
[ sql ] [ SQL ] SELECT a.file_id as file_id,`a`.`file_cover`,`a`.`file_category`,`g`.`user_name`,`g`.`user_id`,`g`.`user_portrait`,`a`.`file_name`,`a`.`file_collection`,`e`.`teacher_name`,`e`.`user_teacher_id`,`e`.`teacher_portrait`,`c`.`organization_name`,`c`.`organization_portrait`,`c`.`organization_id` FROM `yw_file` `a` LEFT JOIN `yw_file_organization` `b` ON `a`.`file_id`=`b`.`file_id` LEFT JOIN `yw_organization` `c` ON `b`.`organization_id`=`c`.`organization_id` LEFT JOIN `yw_file_user_teacher` `d` ON `a`.`file_id`=`d`.`file_id` LEFT JOIN `yw_user_teacher` `e` ON `d`.`user_teacher_id`=`e`.`user_teacher_id` LEFT JOIN `yw_file_user` `f` ON `a`.`file_id`=`f`.`file_id` LEFT JOIN `yw_user` `g` ON `f`.`user_id`=`g`.`user_id` WHERE  `a`.`district_id` = '1'  AND `a`.`file_false_delete` = 1 ORDER BY `file_creattime` DESC [ RunTime:0.001070s ]
---------------------------------------------------------------
[ 2018-12-13T10:16:47+08:00 ] 118.26.3.3 POST /index.php/api/index/index.html
[ info ] yuewu.dazhu-ltd.cn/index.php/api/index/index.html [运行时间：0.040412s][吞吐率：24.75req/s] [内存消耗：3,368.20kb] [文件加载：50]
[ info ] [ LANG ] /www/web/yuewu/public_html/thinkphp/lang/zh-cn.php
[ info ] [ ROUTE ] array (
  'type' => 'module',
  'module' => 
  array (
    0 => 'api',
    1 => 'index',
    2 => 'index',
  ),
)
[ info ] [ HEADER ] array (
  'host' => 'yuewu.dazhu-ltd.cn',
  'content-type' => 'application/json',
  'connection' => 'keep-alive',
  'accept' => '*/*',
  'user-agent' => 'TJ-ZXJY/1.0 (iPhone; iOS 10.3.3; Scale/2.00)',
  'accept-language' => 'zh-Hans-CN;q=1',
  'content-length' => '50',
  'accept-encoding' => 'gzip, deflate',
)
[ info ] [ PARAM ] array (
  'dance_type_id' => '',
  'district_id' => '1',
  'order' => '2',
)
[ info ] [ RUN ] app\api\controller\Index->index[ /www/web/yuewu/public_html/application/api/controller/Index.php ]
[ info ] [ DB ] INIT mysql
[ info ] [ LOG ] INIT File
[ sql ] [ DB ] CONNECT:[ UseTime:0.001600s ] mysql:host=114.115.205.226;port=3306;dbname=yuewu;charset=utf8
[ sql ] [ SQL ] SHOW COLUMNS FROM `yw_dance_type` [ RunTime:0.001273s ]
[ sql ] [ SQL ] SELECT `dance_type_id` FROM `yw_dance_type` WHERE  `dance_type_status` = 1 LIMIT 1 [ RunTime:0.000947s ]
[ sql ] [ SQL ] SHOW COLUMNS FROM `yw_district` [ RunTime:0.001260s ]
[ sql ] [ SQL ] SELECT `district_id`,`district_name` FROM `yw_district` WHERE  `district_status` = 1  AND `district_id` = 1 LIMIT 1 [ RunTime:0.000935s ]
[ sql ] [ SQL ] SELECT `dance_type_id`,`dance_type_name` FROM `yw_dance_type` WHERE  `dance_type_status` = 1 [ RunTime:0.000884s ]
[ sql ] [ SQL ] SHOW COLUMNS FROM `yw_banner` [ RunTime:0.001415s ]
[ sql ] [ SQL ] SELECT `banner_content` FROM `yw_banner` [ RunTime:0.000954s ]
[ sql ] [ SQL ] SELECT `district_id`,`district_name` FROM `yw_district` WHERE  `district_status` = 1 [ RunTime:0.001051s ]
[ sql ] [ SQL ] SHOW COLUMNS FROM `yw_information` [ RunTime:0.001280s ]
[ sql ] [ SQL ] SELECT `information_content` FROM `yw_information` WHERE  `information_area` = 0 LIMIT 1 [ RunTime:0.001152s ]
[ sql ] [ SQL ] SHOW COLUMNS FROM `yw_file` [ RunTime:0.001279s ]
[ sql ] [ SQL ] SELECT a.file_id as file_id,`a`.`file_cover`,`a`.`file_category`,`g`.`user_name`,`g`.`user_id`,`g`.`user_portrait`,`a`.`file_name`,`a`.`file_collection`,`e`.`teacher_name`,`e`.`user_teacher_id`,`e`.`teacher_portrait`,`c`.`organization_name`,`c`.`organization_portrait`,`c`.`organization_id` FROM `yw_file` `a` LEFT JOIN `yw_file_organization` `b` ON `a`.`file_id`=`b`.`file_id` LEFT JOIN `yw_organization` `c` ON `b`.`organization_id`=`c`.`organization_id` LEFT JOIN `yw_file_user_teacher` `d` ON `a`.`file_id`=`d`.`file_id` LEFT JOIN `yw_user_teacher` `e` ON `d`.`user_teacher_id`=`e`.`user_teacher_id` LEFT JOIN `yw_file_user` `f` ON `a`.`file_id`=`f`.`file_id` LEFT JOIN `yw_user` `g` ON `f`.`user_id`=`g`.`user_id` WHERE  `a`.`district_id` = '1'  AND `a`.`file_false_delete` = 1 ORDER BY `file_collection` DESC [ RunTime:0.001143s ]
---------------------------------------------------------------
[ 2018-12-13T10:16:54+08:00 ] 118.26.3.3 POST /index.php/api/index/index_paging.html
[ info ] yuewu.dazhu-ltd.cn/index.php/api/index/index_paging.html [运行时间：0.028697s][吞吐率：34.85req/s] [内存消耗：3,344.26kb] [文件加载：50]
[ info ] [ LANG ] /www/web/yuewu/public_html/thinkphp/lang/zh-cn.php
[ info ] [ ROUTE ] array (
  'type' => 'module',
  'module' => 
  array (
    0 => 'api',
    1 => 'index',
    2 => 'index_paging',
  ),
)
[ info ] [ HEADER ] array (
  'host' => 'yuewu.dazhu-ltd.cn',
  'content-type' => 'application/json',
  'connection' => 'keep-alive',
  'accept' => '*/*',
  'user-agent' => 'TJ-ZXJY/1.0 (iPhone; iOS 10.3.3; Scale/2.00)',
  'accept-language' => 'zh-Hans-CN;q=1',
  'content-length' => '69',
  'accept-encoding' => 'gzip, deflate',
)
[ info ] [ PARAM ] array (
  'district_id' => '1',
  'dance_type_id' => '(null)',
  'order' => '2',
  'paging' => '1',
)
[ info ] [ RUN ] app\api\controller\Index->index_paging[ /www/web/yuewu/public_html/application/api/controller/Index.php ]
[ info ] [ DB ] INIT mysql
[ info ] [ LOG ] INIT File
[ sql ] [ DB ] CONNECT:[ UseTime:0.002298s ] mysql:host=114.115.205.226;port=3306;dbname=yuewu;charset=utf8
[ sql ] [ SQL ] SHOW COLUMNS FROM `yw_file` [ RunTime:0.001378s ]
[ sql ] [ SQL ] SELECT a.file_id as file_id,`a`.`file_cover`,`a`.`file_category`,`g`.`user_name`,`g`.`user_id`,`g`.`user_portrait`,`a`.`file_name`,`a`.`file_collection`,`e`.`teacher_name`,`e`.`user_teacher_id`,`e`.`teacher_portrait`,`c`.`organization_name`,`c`.`organization_portrait`,`c`.`organization_id` FROM `yw_file` `a` LEFT JOIN `yw_file_organization` `b` ON `a`.`file_id`=`b`.`file_id` LEFT JOIN `yw_organization` `c` ON `b`.`organization_id`=`c`.`organization_id` LEFT JOIN `yw_file_user_teacher` `d` ON `a`.`file_id`=`d`.`file_id` LEFT JOIN `yw_user_teacher` `e` ON `d`.`user_teacher_id`=`e`.`user_teacher_id` LEFT JOIN `yw_file_user` `f` ON `a`.`file_id`=`f`.`file_id` LEFT JOIN `yw_user` `g` ON `f`.`user_id`=`g`.`user_id` WHERE  `a`.`district_id` = '1'  AND `a`.`file_false_delete` = 1 ORDER BY `file_collection` DESC LIMIT 0,10 [ RunTime:0.001173s ]
---------------------------------------------------------------
[ 2018-12-13T10:16:56+08:00 ] 118.26.3.3 POST /index.php/api/index/index_paging.html
[ info ] yuewu.dazhu-ltd.cn/index.php/api/index/index_paging.html [运行时间：0.028201s][吞吐率：35.46req/s] [内存消耗：3,344.26kb] [文件加载：50]
[ info ] [ LANG ] /www/web/yuewu/public_html/thinkphp/lang/zh-cn.php
[ info ] [ ROUTE ] array (
  'type' => 'module',
  'module' => 
  array (
    0 => 'api',
    1 => 'index',
    2 => 'index_paging',
  ),
)
[ info ] [ HEADER ] array (
  'host' => 'yuewu.dazhu-ltd.cn',
  'content-type' => 'application/json',
  'connection' => 'keep-alive',
  'accept' => '*/*',
  'user-agent' => 'TJ-ZXJY/1.0 (iPhone; iOS 10.3.3; Scale/2.00)',
  'accept-language' => 'zh-Hans-CN;q=1',
  'content-length' => '69',
  'accept-encoding' => 'gzip, deflate',
)
[ info ] [ PARAM ] array (
  'district_id' => '1',
  'dance_type_id' => '(null)',
  'order' => '2',
  'paging' => '1',
)
[ info ] [ RUN ] app\api\controller\Index->index_paging[ /www/web/yuewu/public_html/application/api/controller/Index.php ]
[ info ] [ DB ] INIT mysql
[ info ] [ LOG ] INIT File
[ sql ] [ DB ] CONNECT:[ UseTime:0.001965s ] mysql:host=114.115.205.226;port=3306;dbname=yuewu;charset=utf8
[ sql ] [ SQL ] SHOW COLUMNS FROM `yw_file` [ RunTime:0.001416s ]
[ sql ] [ SQL ] SELECT a.file_id as file_id,`a`.`file_cover`,`a`.`file_category`,`g`.`user_name`,`g`.`user_id`,`g`.`user_portrait`,`a`.`file_name`,`a`.`file_collection`,`e`.`teacher_name`,`e`.`user_teacher_id`,`e`.`teacher_portrait`,`c`.`organization_name`,`c`.`organization_portrait`,`c`.`organization_id` FROM `yw_file` `a` LEFT JOIN `yw_file_organization` `b` ON `a`.`file_id`=`b`.`file_id` LEFT JOIN `yw_organization` `c` ON `b`.`organization_id`=`c`.`organization_id` LEFT JOIN `yw_file_user_teacher` `d` ON `a`.`file_id`=`d`.`file_id` LEFT JOIN `yw_user_teacher` `e` ON `d`.`user_teacher_id`=`e`.`user_teacher_id` LEFT JOIN `yw_file_user` `f` ON `a`.`file_id`=`f`.`file_id` LEFT JOIN `yw_user` `g` ON `f`.`user_id`=`g`.`user_id` WHERE  `a`.`district_id` = '1'  AND `a`.`file_false_delete` = 1 ORDER BY `file_collection` DESC LIMIT 0,10 [ RunTime:0.001064s ]
---------------------------------------------------------------
[ 2018-12-13T10:16:58+08:00 ] 118.26.3.3 POST /index.php/api/index/index_paging.html
[ info ] yuewu.dazhu-ltd.cn/index.php/api/index/index_paging.html [运行时间：0.032054s][吞吐率：31.20req/s] [内存消耗：3,344.26kb] [文件加载：50]
[ info ] [ LANG ] /www/web/yuewu/public_html/thinkphp/lang/zh-cn.php
[ info ] [ ROUTE ] array (
  'type' => 'module',
  'module' => 
  array (
    0 => 'api',
    1 => 'index',
    2 => 'index_paging',
  ),
)
[ info ] [ HEADER ] array (
  'host' => 'yuewu.dazhu-ltd.cn',
  'content-type' => 'application/json',
  'connection' => 'keep-alive',
  'accept' => '*/*',
  'user-agent' => 'TJ-ZXJY/1.0 (iPhone; iOS 10.3.3; Scale/2.00)',
  'accept-language' => 'zh-Hans-CN;q=1',
  'content-length' => '69',
  'accept-encoding' => 'gzip, deflate',
)
[ info ] [ PARAM ] array (
  'district_id' => '1',
  'dance_type_id' => '(null)',
  'order' => '2',
  'paging' => '1',
)
[ info ] [ RUN ] app\api\controller\Index->index_paging[ /www/web/yuewu/public_html/application/api/controller/Index.php ]
[ info ] [ DB ] INIT mysql
[ info ] [ LOG ] INIT File
[ sql ] [ DB ] CONNECT:[ UseTime:0.003974s ] mysql:host=114.115.205.226;port=3306;dbname=yuewu;charset=utf8
[ sql ] [ SQL ] SHOW COLUMNS FROM `yw_file` [ RunTime:0.001560s ]
[ sql ] [ SQL ] SELECT a.file_id as file_id,`a`.`file_cover`,`a`.`file_category`,`g`.`user_name`,`g`.`user_id`,`g`.`user_portrait`,`a`.`file_name`,`a`.`file_collection`,`e`.`teacher_name`,`e`.`user_teacher_id`,`e`.`teacher_portrait`,`c`.`organization_name`,`c`.`organization_portrait`,`c`.`organization_id` FROM `yw_file` `a` LEFT JOIN `yw_file_organization` `b` ON `a`.`file_id`=`b`.`file_id` LEFT JOIN `yw_organization` `c` ON `b`.`organization_id`=`c`.`organization_id` LEFT JOIN `yw_file_user_teacher` `d` ON `a`.`file_id`=`d`.`file_id` LEFT JOIN `yw_user_teacher` `e` ON `d`.`user_teacher_id`=`e`.`user_teacher_id` LEFT JOIN `yw_file_user` `f` ON `a`.`file_id`=`f`.`file_id` LEFT JOIN `yw_user` `g` ON `f`.`user_id`=`g`.`user_id` WHERE  `a`.`district_id` = '1'  AND `a`.`file_false_delete` = 1 ORDER BY `file_collection` DESC LIMIT 0,10 [ RunTime:0.001114s ]
---------------------------------------------------------------
[ 2018-12-13T18:57:45+08:00 ] 111.163.139.79 POST /index.php/api/Organization/organization_find.html
[ info ] yuewu.dazhu-ltd.cn/index.php/api/Organization/organization_find.html [运行时间：0.041712s][吞吐率：23.97req/s] [内存消耗：3,390.70kb] [文件加载：50]
[ info ] [ LANG ] /www/web/yuewu/public_html/thinkphp/lang/zh-cn.php
[ info ] [ ROUTE ] array (
  'type' => 'module',
  'module' => 
  array (
    0 => 'api',
    1 => 'Organization',
    2 => 'organization_find',
  ),
)
[ info ] [ HEADER ] array (
  'host' => 'yuewu.dazhu-ltd.cn',
  'connection' => 'keep-alive',
  'content-length' => '244',
  'accept' => '*/*',
  'origin' => 'chrome-extension://geobniafmelcledgickglbajofpkllpl',
  'user-agent' => 'Mozilla/5.0 (Windows NT 10.0; Win64; x64) AppleWebKit/537.36 (KHTML, like Gecko) Chrome/70.0.3538.110 Safari/537.36',
  'content-type' => 'multipart/form-data; boundary=----WebKitFormBoundaryoyLhlztH05hTm6fx',
  'accept-encoding' => 'gzip, deflate',
  'accept-language' => 'zh-CN,zh;q=0.9',
)
[ info ] [ PARAM ] array (
  'organization_id' => '1',
  'user_token' => '',
)
[ info ] [ RUN ] app\api\controller\Organization->organization_find[ /www/web/yuewu/public_html/application/api/controller/Organization.php ]
[ info ] [ DB ] INIT mysql
[ info ] [ LOG ] INIT File
[ sql ] [ DB ] CONNECT:[ UseTime:0.001903s ] mysql:host=114.115.205.226;port=3306;dbname=yuewu;charset=utf8
[ sql ] [ SQL ] SHOW COLUMNS FROM `yw_user` [ RunTime:0.001438s ]
[ sql ] [ SQL ] SELECT * FROM `yw_user` WHERE  `user_token` = '' LIMIT 1 [ RunTime:0.001005s ]
[ sql ] [ SQL ] SHOW COLUMNS FROM `yw_attention` [ RunTime:0.001215s ]
[ sql ] [ SQL ] SELECT * FROM `yw_attention` WHERE  `uid` = 4  AND `fid` = 1  AND `attention_identity` = 2 LIMIT 1 [ RunTime:0.000928s ]
[ sql ] [ SQL ] SHOW COLUMNS FROM `yw_organization` [ RunTime:0.001332s ]
[ sql ] [ SQL ] SELECT `organization_id`,`organization_name`,`organization_cover`,`organization_site`,`organization_facility`,`organization_business_hours`,`organization_level`,`organization_district_id`,`organization_synopsis`,`organization_service` FROM `yw_organization` WHERE  `organization_state` = 1  AND `organization_false_delete` = 1 LIMIT 1 [ RunTime:0.001011s ]
[ sql ] [ SQL ] SELECT `c`.`file_content` FROM `yw_organization` `a` LEFT JOIN `yw_file_organization` `b` ON `a`.`organization_id`=`b`.`organization_id` LEFT JOIN `yw_file` `c` ON `b`.`file_id`=`c`.`file_id` WHERE  `c`.`file_state` = 1  AND `c`.`file_false_delete` = 1  AND `a`.`organization_id` = 1 LIMIT 1 [ RunTime:0.000985s ]
[ sql ] [ SQL ] SHOW COLUMNS FROM `yw_invitation` [ RunTime:0.001202s ]
[ sql ] [ SQL ] SELECT `invitation_organization_id`,`invitation_interview_site`,`invitation_interview_time`,`invitation_dance_type`,`invitation_age_demand`,`invitation_explain`,`invitation_organization_picture`,`invitation_organization_picture2` FROM `yw_invitation` WHERE  `invitation_organization_id` = 1 LIMIT 1 [ RunTime:0.001012s ]
[ sql ] [ SQL ] SELECT `c`.`curriculum_id`,`c`.`curriculum_photo`,`c`.`curriculum_name`,`c`.`curriculum_admin`,`c`.`curriculum_difficulty`,`c`.`curriculum_state`,`c`.`curriculum_actual_price`,`c`.`curriculum_start_time`,`c`.`curriculum_over_time` FROM `yw_organization` `a` LEFT JOIN `yw_organization_curriculum` `b` ON `a`.`organization_id`=`b`.`organization_id` LEFT JOIN `yw_curriculum` `c` ON `b`.`curriculum_id`=`c`.`curriculum_id` WHERE  `a`.`organization_id` = 1  AND `c`.`curriculum_show` = 1 [ RunTime:0.000933s ]
[ sql ] [ SQL ] SHOW COLUMNS FROM `yw_organization_teacher` [ RunTime:0.001291s ]
[ sql ] [ SQL ] SELECT `organization_teacher_id`,`organization_id`,`teacher_photo`,`teacher_name`,`teacher_level`,`teacher_master`,`teacher_intro` FROM `yw_organization_teacher` WHERE  `organization_id` = 1  AND `teacher_show` = 1 [ RunTime:0.000863s ]
---------------------------------------------------------------
[ 2018-12-13T19:09:26+08:00 ] 111.163.138.177 POST /index.php/api/Organization/organization_find.html
[ info ] yuewu.dazhu-ltd.cn/index.php/api/Organization/organization_find.html [运行时间：0.044741s][吞吐率：22.35req/s] [内存消耗：3,418.59kb] [文件加载：50]
[ info ] [ LANG ] /www/web/yuewu/public_html/thinkphp/lang/zh-cn.php
[ info ] [ ROUTE ] array (
  'type' => 'module',
  'module' => 
  array (
    0 => 'api',
    1 => 'Organization',
    2 => 'organization_find',
  ),
)
[ info ] [ HEADER ] array (
  'host' => 'yuewu.dazhu-ltd.cn',
  'connection' => 'keep-alive',
  'content-length' => '244',
  'accept' => '*/*',
  'origin' => 'chrome-extension://geobniafmelcledgickglbajofpkllpl',
  'user-agent' => 'Mozilla/5.0 (Windows NT 10.0; Win64; x64) AppleWebKit/537.36 (KHTML, like Gecko) Chrome/70.0.3538.110 Safari/537.36',
  'content-type' => 'multipart/form-data; boundary=----WebKitFormBoundaryGhiszvhZi0AXmf3m',
  'accept-encoding' => 'gzip, deflate',
  'accept-language' => 'zh-CN,zh;q=0.9',
)
[ info ] [ PARAM ] array (
  'organization_id' => '1',
  'user_token' => '',
)
[ info ] [ RUN ] app\api\controller\Organization->organization_find[ /www/web/yuewu/public_html/application/api/controller/Organization.php ]
[ info ] [ DB ] INIT mysql
[ info ] [ LOG ] INIT File
[ sql ] [ DB ] CONNECT:[ UseTime:0.001666s ] mysql:host=114.115.205.226;port=3306;dbname=yuewu;charset=utf8
[ sql ] [ SQL ] SHOW COLUMNS FROM `yw_user` [ RunTime:0.001358s ]
[ sql ] [ SQL ] SELECT * FROM `yw_user` WHERE  `user_token` = '' LIMIT 1 [ RunTime:0.001031s ]
[ sql ] [ SQL ] SHOW COLUMNS FROM `yw_attention` [ RunTime:0.001266s ]
[ sql ] [ SQL ] SELECT * FROM `yw_attention` WHERE  `uid` = 4  AND `fid` = 1  AND `attention_identity` = 2 LIMIT 1 [ RunTime:0.000911s ]
[ sql ] [ SQL ] SHOW COLUMNS FROM `yw_organization` [ RunTime:0.001261s ]
[ sql ] [ SQL ] SELECT `organization_id`,`organization_name`,`organization_cover`,`organization_site`,`organization_facility`,`organization_business_hours`,`organization_level`,`organization_district_id`,`organization_synopsis`,`organization_service` FROM `yw_organization` WHERE  `organization_state` = 1  AND `organization_false_delete` = 1 LIMIT 1 [ RunTime:0.001034s ]
[ sql ] [ SQL ] SELECT `c`.`file_content` FROM `yw_organization` `a` LEFT JOIN `yw_file_organization` `b` ON `a`.`organization_id`=`b`.`organization_id` LEFT JOIN `yw_file` `c` ON `b`.`file_id`=`c`.`file_id` WHERE  `c`.`file_state` = 1  AND `c`.`file_false_delete` = 1  AND `a`.`organization_id` = 1 LIMIT 1 [ RunTime:0.000957s ]
[ sql ] [ SQL ] SHOW COLUMNS FROM `yw_invitation` [ RunTime:0.001282s ]
[ sql ] [ SQL ] SELECT `invitation_organization_id`,`invitation_interview_site`,`invitation_interview_time`,`invitation_dance_type`,`invitation_age_demand`,`invitation_explain`,`invitation_organization_picture`,`invitation_organization_picture2` FROM `yw_invitation` WHERE  `invitation_organization_id` = 1 LIMIT 1 [ RunTime:0.000868s ]
[ sql ] [ SQL ] SELECT `c`.`curriculum_id`,`c`.`curriculum_photo`,`c`.`curriculum_name`,`c`.`curriculum_admin`,`c`.`curriculum_difficulty`,`c`.`curriculum_state`,`c`.`curriculum_actual_price`,`c`.`curriculum_start_time`,`c`.`curriculum_over_time` FROM `yw_organization` `a` LEFT JOIN `yw_organization_curriculum` `b` ON `a`.`organization_id`=`b`.`organization_id` LEFT JOIN `yw_curriculum` `c` ON `b`.`curriculum_id`=`c`.`curriculum_id` WHERE  `a`.`organization_id` = 1  AND `c`.`curriculum_show` = 1 [ RunTime:0.000897s ]
[ sql ] [ SQL ] SHOW COLUMNS FROM `yw_organization_teacher` [ RunTime:0.001763s ]
[ sql ] [ SQL ] SELECT `organization_teacher_id`,`organization_id`,`teacher_photo`,`teacher_name`,`teacher_level`,`teacher_master`,`teacher_intro` FROM `yw_organization_teacher` WHERE  `organization_id` = 1  AND `teacher_show` = 1 [ RunTime:0.000916s ]
[ sql ] [ SQL ] SHOW COLUMNS FROM `yw_file` [ RunTime:0.001212s ]
[ sql ] [ SQL ] SELECT * FROM `yw_file` `a` LEFT JOIN `yw_file_organization` `b` ON `a`.`file_id`=`b`.`file_id` INNER JOIN `yw_organization` `c` ON `b`.`organization_id`=`c`.`organization_id` ORDER BY `file_creattime` DESC LIMIT 0,2 [ RunTime:0.001164s ]
---------------------------------------------------------------
[ 2018-12-13T19:14:27+08:00 ] 116.232.76.51 POST /index.php/api/index/index.html
[ info ] yuewu.dazhu-ltd.cn/index.php/api/index/index.html [运行时间：0.042066s][吞吐率：23.77req/s] [内存消耗：3,369.34kb] [文件加载：50]
[ info ] [ LANG ] /www/web/yuewu/public_html/thinkphp/lang/zh-cn.php
[ info ] [ ROUTE ] array (
  'type' => 'module',
  'module' => 
  array (
    0 => 'api',
    1 => 'index',
    2 => 'index',
  ),
)
[ info ] [ HEADER ] array (
  'host' => 'yuewu.dazhu-ltd.cn',
  'content-type' => 'application/json',
  'connection' => 'keep-alive',
  'accept' => '*/*',
  'user-agent' => 'TJ-ZXJY/1.0 (iPhone; iOS 12.0; Scale/3.00)',
  'accept-language' => 'zh-Hans-CN;q=1',
  'content-length' => '49',
  'accept-encoding' => 'gzip, deflate',
)
[ info ] [ PARAM ] array (
  'dance_type_id' => '',
  'district_id' => '',
  'order' => '1',
)
[ info ] [ RUN ] app\api\controller\Index->index[ /www/web/yuewu/public_html/application/api/controller/Index.php ]
[ info ] [ DB ] INIT mysql
[ info ] [ LOG ] INIT File
[ sql ] [ DB ] CONNECT:[ UseTime:0.001865s ] mysql:host=114.115.205.226;port=3306;dbname=yuewu;charset=utf8
[ sql ] [ SQL ] SHOW COLUMNS FROM `yw_district` [ RunTime:0.001415s ]
[ sql ] [ SQL ] SELECT `district_id` FROM `yw_district` WHERE  `district_status` = 1 LIMIT 1 [ RunTime:0.001093s ]
[ sql ] [ SQL ] SHOW COLUMNS FROM `yw_dance_type` [ RunTime:0.001249s ]
[ sql ] [ SQL ] SELECT `dance_type_id` FROM `yw_dance_type` WHERE  `dance_type_status` = 1 LIMIT 1 [ RunTime:0.000881s ]
[ sql ] [ SQL ] SELECT `district_id`,`district_name` FROM `yw_district` WHERE  `district_status` = 1  AND `district_id` = 1 LIMIT 1 [ RunTime:0.001074s ]
[ sql ] [ SQL ] SELECT `dance_type_id`,`dance_type_name` FROM `yw_dance_type` WHERE  `dance_type_status` = 1 [ RunTime:0.000919s ]
[ sql ] [ SQL ] SHOW COLUMNS FROM `yw_banner` [ RunTime:0.001220s ]
[ sql ] [ SQL ] SELECT `banner_content` FROM `yw_banner` [ RunTime:0.001002s ]
[ sql ] [ SQL ] SELECT `district_id`,`district_name` FROM `yw_district` WHERE  `district_status` = 1 [ RunTime:0.001216s ]
[ sql ] [ SQL ] SHOW COLUMNS FROM `yw_information` [ RunTime:0.001281s ]
[ sql ] [ SQL ] SELECT `information_content` FROM `yw_information` WHERE  `information_area` = 0 LIMIT 1 [ RunTime:0.000945s ]
[ sql ] [ SQL ] SHOW COLUMNS FROM `yw_file` [ RunTime:0.001222s ]
[ sql ] [ SQL ] SELECT a.file_id as file_id,`a`.`file_cover`,`a`.`file_category`,`g`.`user_name`,`g`.`user_id`,`g`.`user_portrait`,`a`.`file_name`,`a`.`file_collection`,`e`.`teacher_name`,`e`.`user_teacher_id`,`e`.`teacher_portrait`,`c`.`organization_name`,`c`.`organization_portrait`,`c`.`organization_id` FROM `yw_file` `a` LEFT JOIN `yw_file_organization` `b` ON `a`.`file_id`=`b`.`file_id` LEFT JOIN `yw_organization` `c` ON `b`.`organization_id`=`c`.`organization_id` LEFT JOIN `yw_file_user_teacher` `d` ON `a`.`file_id`=`d`.`file_id` LEFT JOIN `yw_user_teacher` `e` ON `d`.`user_teacher_id`=`e`.`user_teacher_id` LEFT JOIN `yw_file_user` `f` ON `a`.`file_id`=`f`.`file_id` LEFT JOIN `yw_user` `g` ON `f`.`user_id`=`g`.`user_id` WHERE  `a`.`district_id` = 1  AND `a`.`file_false_delete` = 1 ORDER BY `file_creattime` DESC [ RunTime:0.001214s ]
---------------------------------------------------------------
[ 2018-12-13T19:14:29+08:00 ] 116.232.76.51 POST /index.php/api/user/user_centre.html
[ info ] yuewu.dazhu-ltd.cn/index.php/api/user/user_centre.html [运行时间：0.033822s][吞吐率：29.57req/s] [内存消耗：3,381.59kb] [文件加载：51]
[ info ] [ LANG ] /www/web/yuewu/public_html/thinkphp/lang/zh-cn.php
[ info ] [ ROUTE ] array (
  'type' => 'module',
  'module' => 
  array (
    0 => 'api',
    1 => 'user',
    2 => 'user_centre',
  ),
)
[ info ] [ HEADER ] array (
  'host' => 'yuewu.dazhu-ltd.cn',
  'content-type' => 'application/json',
  'connection' => 'keep-alive',
  'accept' => '*/*',
  'user-agent' => 'TJ-ZXJY/1.0 (iPhone; iOS 12.0; Scale/3.00)',
  'accept-language' => 'zh-Hans-CN;q=1',
  'content-length' => '49',
  'accept-encoding' => 'gzip, deflate',
)
[ info ] [ PARAM ] array (
  'user_token' => '7ed2d9700755f796251f9a7fc2fd9f57',
)
[ info ] [ RUN ] app\api\controller\User->user_centre[ /www/web/yuewu/public_html/application/api/controller/User.php ]
[ info ] [ DB ] INIT mysql
[ info ] [ LOG ] INIT File
[ sql ] [ DB ] CONNECT:[ UseTime:0.001785s ] mysql:host=114.115.205.226;port=3306;dbname=yuewu;charset=utf8
[ sql ] [ SQL ] SHOW COLUMNS FROM `yw_user` [ RunTime:0.001394s ]
[ sql ] [ SQL ] SELECT `user_id`,`user_name`,`user_sex`,`user_role`,`user_portrait`,`user_signature`,`user_token`,`user_status`,`user_false_delete` FROM `yw_user` WHERE  `user_token` = '7ed2d9700755f796251f9a7fc2fd9f57' LIMIT 1 [ RunTime:0.001077s ]
[ sql ] [ SQL ] SHOW COLUMNS FROM `yw_chat` [ RunTime:0.001352s ]
[ sql ] [ SQL ] SELECT COUNT(*) AS tp_count FROM `yw_chat` WHERE  `chat_fid` = 7  AND `chat_state` = 2 LIMIT 1 [ RunTime:0.001042s ]
[ sql ] [ SQL ] SHOW COLUMNS FROM `yw_user_discounts` [ RunTime:0.001404s ]
[ sql ] [ SQL ] SELECT COUNT(*) AS tp_count FROM `yw_user_discounts` `a` LEFT JOIN `yw_user` `b` ON `a`.`user_id`=`b`.`user_id` WHERE  `a`.`user_id` = 7  AND `user_discounts_read_state` = 2 LIMIT 1 [ RunTime:0.001115s ]
---------------------------------------------------------------
[ 2018-12-13T19:14:48+08:00 ] 111.163.138.177 POST /index.php/api/Organization/organization_find.html
[ info ] yuewu.dazhu-ltd.cn/index.php/api/Organization/organization_find.html [运行时间：0.046884s][吞吐率：21.33req/s] [内存消耗：3,423.73kb] [文件加载：50]
[ info ] [ LANG ] /www/web/yuewu/public_html/thinkphp/lang/zh-cn.php
[ info ] [ ROUTE ] array (
  'type' => 'module',
  'module' => 
  array (
    0 => 'api',
    1 => 'Organization',
    2 => 'organization_find',
  ),
)
[ info ] [ HEADER ] array (
  'host' => 'yuewu.dazhu-ltd.cn',
  'connection' => 'keep-alive',
  'content-length' => '244',
  'accept' => '*/*',
  'origin' => 'chrome-extension://geobniafmelcledgickglbajofpkllpl',
  'user-agent' => 'Mozilla/5.0 (Windows NT 10.0; Win64; x64) AppleWebKit/537.36 (KHTML, like Gecko) Chrome/70.0.3538.110 Safari/537.36',
  'content-type' => 'multipart/form-data; boundary=----WebKitFormBoundarym9tvtbK1ON9JNtMp',
  'accept-encoding' => 'gzip, deflate',
  'accept-language' => 'zh-CN,zh;q=0.9',
)
[ info ] [ PARAM ] array (
  'organization_id' => '1',
  'user_token' => '',
)
[ info ] [ RUN ] app\api\controller\Organization->organization_find[ /www/web/yuewu/public_html/application/api/controller/Organization.php ]
[ info ] [ DB ] INIT mysql
[ info ] [ LOG ] INIT File
[ sql ] [ DB ] CONNECT:[ UseTime:0.001965s ] mysql:host=114.115.205.226;port=3306;dbname=yuewu;charset=utf8
[ sql ] [ SQL ] SHOW COLUMNS FROM `yw_user` [ RunTime:0.001459s ]
[ sql ] [ SQL ] SELECT * FROM `yw_user` WHERE  `user_token` = '' LIMIT 1 [ RunTime:0.001172s ]
[ sql ] [ SQL ] SHOW COLUMNS FROM `yw_attention` [ RunTime:0.001268s ]
[ sql ] [ SQL ] SELECT * FROM `yw_attention` WHERE  `uid` = 4  AND `fid` = 1  AND `attention_identity` = 2 LIMIT 1 [ RunTime:0.001075s ]
[ sql ] [ SQL ] SHOW COLUMNS FROM `yw_organization` [ RunTime:0.001389s ]
[ sql ] [ SQL ] SELECT `organization_id`,`organization_name`,`organization_cover`,`organization_site`,`organization_facility`,`organization_business_hours`,`organization_level`,`organization_district_id`,`organization_synopsis`,`organization_service` FROM `yw_organization` WHERE  `organization_state` = 1  AND `organization_false_delete` = 1 LIMIT 1 [ RunTime:0.001131s ]
[ sql ] [ SQL ] SELECT `c`.`file_content` FROM `yw_organization` `a` LEFT JOIN `yw_file_organization` `b` ON `a`.`organization_id`=`b`.`organization_id` LEFT JOIN `yw_file` `c` ON `b`.`file_id`=`c`.`file_id` WHERE  `c`.`file_state` = 1  AND `c`.`file_false_delete` = 1  AND `a`.`organization_id` = 1 LIMIT 1 [ RunTime:0.001088s ]
[ sql ] [ SQL ] SHOW COLUMNS FROM `yw_invitation` [ RunTime:0.001355s ]
[ sql ] [ SQL ] SELECT `invitation_organization_id`,`invitation_interview_site`,`invitation_interview_time`,`invitation_dance_type`,`invitation_age_demand`,`invitation_explain`,`invitation_organization_picture`,`invitation_organization_picture2` FROM `yw_invitation` WHERE  `invitation_organization_id` = 1 LIMIT 1 [ RunTime:0.001643s ]
[ sql ] [ SQL ] SELECT `c`.`curriculum_id`,`c`.`curriculum_photo`,`c`.`curriculum_name`,`c`.`curriculum_admin`,`c`.`curriculum_difficulty`,`c`.`curriculum_state`,`c`.`curriculum_actual_price`,`c`.`curriculum_start_time`,`c`.`curriculum_over_time` FROM `yw_organization` `a` LEFT JOIN `yw_organization_curriculum` `b` ON `a`.`organization_id`=`b`.`organization_id` LEFT JOIN `yw_curriculum` `c` ON `b`.`curriculum_id`=`c`.`curriculum_id` WHERE  `a`.`organization_id` = 1  AND `c`.`curriculum_show` = 1 [ RunTime:0.001192s ]
[ sql ] [ SQL ] SHOW COLUMNS FROM `yw_organization_teacher` [ RunTime:0.001332s ]
[ sql ] [ SQL ] SELECT `organization_teacher_id`,`organization_id`,`teacher_photo`,`teacher_name`,`teacher_level`,`teacher_master`,`teacher_intro` FROM `yw_organization_teacher` WHERE  `organization_id` = 1  AND `teacher_show` = 1 [ RunTime:0.001119s ]
[ sql ] [ SQL ] SHOW COLUMNS FROM `yw_file` [ RunTime:0.001482s ]
[ sql ] [ SQL ] SELECT * FROM `yw_file` `a` LEFT JOIN `yw_file_organization` `b` ON `a`.`file_id`=`b`.`file_id` LEFT JOIN `yw_organization` `c` ON `b`.`organization_id`=`c`.`organization_id` LEFT JOIN `yw_dance_type` `d` ON `a`.`dance_type_id`=`d`.`dance_type_id` ORDER BY `file_creattime` DESC LIMIT 0,2 [ RunTime:0.001759s ]
---------------------------------------------------------------
[ 2018-12-13T19:18:02+08:00 ] 111.163.138.177 POST /index.php/api/Organization/organization_find.html
[ info ] yuewu.dazhu-ltd.cn/index.php/api/Organization/organization_find.html [运行时间：0.044642s][吞吐率：22.40req/s] [内存消耗：3,420.65kb] [文件加载：50]
[ info ] [ LANG ] /www/web/yuewu/public_html/thinkphp/lang/zh-cn.php
[ info ] [ ROUTE ] array (
  'type' => 'module',
  'module' => 
  array (
    0 => 'api',
    1 => 'Organization',
    2 => 'organization_find',
  ),
)
[ info ] [ HEADER ] array (
  'host' => 'yuewu.dazhu-ltd.cn',
  'connection' => 'keep-alive',
  'content-length' => '244',
  'accept' => '*/*',
  'origin' => 'chrome-extension://geobniafmelcledgickglbajofpkllpl',
  'user-agent' => 'Mozilla/5.0 (Windows NT 10.0; Win64; x64) AppleWebKit/537.36 (KHTML, like Gecko) Chrome/70.0.3538.110 Safari/537.36',
  'content-type' => 'multipart/form-data; boundary=----WebKitFormBoundaryhpYAjAJqcUHBeNLC',
  'accept-encoding' => 'gzip, deflate',
  'accept-language' => 'zh-CN,zh;q=0.9',
)
[ info ] [ PARAM ] array (
  'organization_id' => '1',
  'user_token' => '',
)
[ info ] [ RUN ] app\api\controller\Organization->organization_find[ /www/web/yuewu/public_html/application/api/controller/Organization.php ]
[ info ] [ DB ] INIT mysql
[ info ] [ LOG ] INIT File
[ sql ] [ DB ] CONNECT:[ UseTime:0.002052s ] mysql:host=114.115.205.226;port=3306;dbname=yuewu;charset=utf8
[ sql ] [ SQL ] SHOW COLUMNS FROM `yw_user` [ RunTime:0.001324s ]
[ sql ] [ SQL ] SELECT * FROM `yw_user` WHERE  `user_token` = '' LIMIT 1 [ RunTime:0.001023s ]
[ sql ] [ SQL ] SHOW COLUMNS FROM `yw_attention` [ RunTime:0.001275s ]
[ sql ] [ SQL ] SELECT * FROM `yw_attention` WHERE  `uid` = 4  AND `fid` = 1  AND `attention_identity` = 2 LIMIT 1 [ RunTime:0.001139s ]
[ sql ] [ SQL ] SHOW COLUMNS FROM `yw_organization` [ RunTime:0.001337s ]
[ sql ] [ SQL ] SELECT `organization_id`,`organization_name`,`organization_cover`,`organization_site`,`organization_facility`,`organization_business_hours`,`organization_level`,`organization_district_id`,`organization_synopsis`,`organization_service` FROM `yw_organization` WHERE  `organization_state` = 1  AND `organization_false_delete` = 1 LIMIT 1 [ RunTime:0.001053s ]
[ sql ] [ SQL ] SELECT `c`.`file_content` FROM `yw_organization` `a` LEFT JOIN `yw_file_organization` `b` ON `a`.`organization_id`=`b`.`organization_id` LEFT JOIN `yw_file` `c` ON `b`.`file_id`=`c`.`file_id` WHERE  `c`.`file_state` = 1  AND `c`.`file_false_delete` = 1  AND `a`.`organization_id` = 1 LIMIT 1 [ RunTime:0.000997s ]
[ sql ] [ SQL ] SHOW COLUMNS FROM `yw_invitation` [ RunTime:0.001246s ]
[ sql ] [ SQL ] SELECT `invitation_organization_id`,`invitation_interview_site`,`invitation_interview_time`,`invitation_dance_type`,`invitation_age_demand`,`invitation_explain`,`invitation_organization_picture`,`invitation_organization_picture2` FROM `yw_invitation` WHERE  `invitation_organization_id` = 1 LIMIT 1 [ RunTime:0.000987s ]
[ sql ] [ SQL ] SELECT `c`.`curriculum_id`,`c`.`curriculum_photo`,`c`.`curriculum_name`,`c`.`curriculum_admin`,`c`.`curriculum_difficulty`,`c`.`curriculum_state`,`c`.`curriculum_actual_price`,`c`.`curriculum_start_time`,`c`.`curriculum_over_time` FROM `yw_organization` `a` LEFT JOIN `yw_organization_curriculum` `b` ON `a`.`organization_id`=`b`.`organization_id` LEFT JOIN `yw_curriculum` `c` ON `b`.`curriculum_id`=`c`.`curriculum_id` WHERE  `a`.`organization_id` = 1  AND `c`.`curriculum_show` = 1 [ RunTime:0.000983s ]
[ sql ] [ SQL ] SHOW COLUMNS FROM `yw_organization_teacher` [ RunTime:0.001361s ]
[ sql ] [ SQL ] SELECT `organization_teacher_id`,`organization_id`,`teacher_photo`,`teacher_name`,`teacher_level`,`teacher_master`,`teacher_intro` FROM `yw_organization_teacher` WHERE  `organization_id` = 1  AND `teacher_show` = 1 [ RunTime:0.000944s ]
[ sql ] [ SQL ] SHOW COLUMNS FROM `yw_file` [ RunTime:0.001228s ]
[ sql ] [ SQL ] SELECT * FROM `yw_file` `a` LEFT JOIN `yw_file_organization` `b` ON `a`.`file_id`=`b`.`file_id` LEFT JOIN `yw_organization` `c` ON `b`.`organization_id`=`c`.`organization_id` ORDER BY `file_creattime` DESC LIMIT 0,2 [ RunTime:0.001502s ]
---------------------------------------------------------------
[ 2018-12-13T19:20:12+08:00 ] 111.163.138.177 POST /index.php/api/Organization/organization_find.html
[ info ] yuewu.dazhu-ltd.cn/index.php/api/Organization/organization_find.html [运行时间：0.045232s][吞吐率：22.11req/s] [内存消耗：3,423.93kb] [文件加载：50]
[ info ] [ LANG ] /www/web/yuewu/public_html/thinkphp/lang/zh-cn.php
[ info ] [ ROUTE ] array (
  'type' => 'module',
  'module' => 
  array (
    0 => 'api',
    1 => 'Organization',
    2 => 'organization_find',
  ),
)
[ info ] [ HEADER ] array (
  'host' => 'yuewu.dazhu-ltd.cn',
  'connection' => 'keep-alive',
  'content-length' => '244',
  'accept' => '*/*',
  'origin' => 'chrome-extension://geobniafmelcledgickglbajofpkllpl',
  'user-agent' => 'Mozilla/5.0 (Windows NT 10.0; Win64; x64) AppleWebKit/537.36 (KHTML, like Gecko) Chrome/70.0.3538.110 Safari/537.36',
  'content-type' => 'multipart/form-data; boundary=----WebKitFormBoundarysDBgtedZkLwe25EA',
  'accept-encoding' => 'gzip, deflate',
  'accept-language' => 'zh-CN,zh;q=0.9',
)
[ info ] [ PARAM ] array (
  'organization_id' => '1',
  'user_token' => '',
)
[ info ] [ RUN ] app\api\controller\Organization->organization_find[ /www/web/yuewu/public_html/application/api/controller/Organization.php ]
[ info ] [ DB ] INIT mysql
[ info ] [ LOG ] INIT File
[ sql ] [ DB ] CONNECT:[ UseTime:0.001942s ] mysql:host=114.115.205.226;port=3306;dbname=yuewu;charset=utf8
[ sql ] [ SQL ] SHOW COLUMNS FROM `yw_user` [ RunTime:0.001407s ]
[ sql ] [ SQL ] SELECT * FROM `yw_user` WHERE  `user_token` = '' LIMIT 1 [ RunTime:0.001020s ]
[ sql ] [ SQL ] SHOW COLUMNS FROM `yw_attention` [ RunTime:0.001299s ]
[ sql ] [ SQL ] SELECT * FROM `yw_attention` WHERE  `uid` = 4  AND `fid` = 1  AND `attention_identity` = 2 LIMIT 1 [ RunTime:0.000927s ]
[ sql ] [ SQL ] SHOW COLUMNS FROM `yw_organization` [ RunTime:0.001184s ]
[ sql ] [ SQL ] SELECT `organization_id`,`organization_name`,`organization_cover`,`organization_site`,`organization_facility`,`organization_business_hours`,`organization_level`,`organization_district_id`,`organization_synopsis`,`organization_service` FROM `yw_organization` WHERE  `organization_state` = 1  AND `organization_false_delete` = 1 LIMIT 1 [ RunTime:0.001053s ]
[ sql ] [ SQL ] SELECT `c`.`file_content` FROM `yw_organization` `a` LEFT JOIN `yw_file_organization` `b` ON `a`.`organization_id`=`b`.`organization_id` LEFT JOIN `yw_file` `c` ON `b`.`file_id`=`c`.`file_id` WHERE  `c`.`file_state` = 1  AND `c`.`file_false_delete` = 1  AND `a`.`organization_id` = 1 LIMIT 1 [ RunTime:0.000890s ]
[ sql ] [ SQL ] SHOW COLUMNS FROM `yw_invitation` [ RunTime:0.001364s ]
[ sql ] [ SQL ] SELECT `invitation_organization_id`,`invitation_interview_site`,`invitation_interview_time`,`invitation_dance_type`,`invitation_age_demand`,`invitation_explain`,`invitation_organization_picture`,`invitation_organization_picture2` FROM `yw_invitation` WHERE  `invitation_organization_id` = 1 LIMIT 1 [ RunTime:0.001130s ]
[ sql ] [ SQL ] SELECT `c`.`curriculum_id`,`c`.`curriculum_photo`,`c`.`curriculum_name`,`c`.`curriculum_admin`,`c`.`curriculum_difficulty`,`c`.`curriculum_state`,`c`.`curriculum_actual_price`,`c`.`curriculum_start_time`,`c`.`curriculum_over_time` FROM `yw_organization` `a` LEFT JOIN `yw_organization_curriculum` `b` ON `a`.`organization_id`=`b`.`organization_id` LEFT JOIN `yw_curriculum` `c` ON `b`.`curriculum_id`=`c`.`curriculum_id` WHERE  `a`.`organization_id` = 1  AND `c`.`curriculum_show` = 1 [ RunTime:0.001086s ]
[ sql ] [ SQL ] SHOW COLUMNS FROM `yw_organization_teacher` [ RunTime:0.001208s ]
[ sql ] [ SQL ] SELECT `organization_teacher_id`,`organization_id`,`teacher_photo`,`teacher_name`,`teacher_level`,`teacher_master`,`teacher_intro` FROM `yw_organization_teacher` WHERE  `organization_id` = 1  AND `teacher_show` = 1 [ RunTime:0.000936s ]
[ sql ] [ SQL ] SHOW COLUMNS FROM `yw_file` [ RunTime:0.001271s ]
[ sql ] [ SQL ] SELECT * FROM `yw_file` `a` LEFT JOIN `yw_file_organization` `b` ON `a`.`file_id`=`b`.`file_id` LEFT JOIN `yw_organization` `c` ON `b`.`organization_id`=`c`.`organization_id` LEFT JOIN `yw_dance_type` `d` ON `a`.`dance_type_id`=`d`.`dance_type_id` ORDER BY `file_creattime` DESC LIMIT 0,2 [ RunTime:0.001147s ]
---------------------------------------------------------------
[ 2018-12-13T19:25:19+08:00 ] 111.163.138.177 POST /index.php/api/Organization/organization_find.html
[ info ] yuewu.dazhu-ltd.cn/index.php/api/Organization/organization_find.html [运行时间：0.047227s][吞吐率：21.17req/s] [内存消耗：3,404.09kb] [文件加载：50]
[ info ] [ LANG ] /www/web/yuewu/public_html/thinkphp/lang/zh-cn.php
[ info ] [ ROUTE ] array (
  'type' => 'module',
  'module' => 
  array (
    0 => 'api',
    1 => 'Organization',
    2 => 'organization_find',
  ),
)
[ info ] [ HEADER ] array (
  'host' => 'yuewu.dazhu-ltd.cn',
  'connection' => 'keep-alive',
  'content-length' => '244',
  'accept' => '*/*',
  'origin' => 'chrome-extension://geobniafmelcledgickglbajofpkllpl',
  'user-agent' => 'Mozilla/5.0 (Windows NT 10.0; Win64; x64) AppleWebKit/537.36 (KHTML, like Gecko) Chrome/70.0.3538.110 Safari/537.36',
  'content-type' => 'multipart/form-data; boundary=----WebKitFormBoundaryxaapQF21H7HAg0lP',
  'accept-encoding' => 'gzip, deflate',
  'accept-language' => 'zh-CN,zh;q=0.9',
)
[ info ] [ PARAM ] array (
  'organization_id' => '1',
  'user_token' => '',
)
[ info ] [ RUN ] app\api\controller\Organization->organization_find[ /www/web/yuewu/public_html/application/api/controller/Organization.php ]
[ info ] [ DB ] INIT mysql
[ info ] [ LOG ] INIT File
[ sql ] [ DB ] CONNECT:[ UseTime:0.002235s ] mysql:host=114.115.205.226;port=3306;dbname=yuewu;charset=utf8
[ sql ] [ SQL ] SHOW COLUMNS FROM `yw_user` [ RunTime:0.001742s ]
[ sql ] [ SQL ] SELECT * FROM `yw_user` WHERE  `user_token` = '' LIMIT 1 [ RunTime:0.001253s ]
[ sql ] [ SQL ] SHOW COLUMNS FROM `yw_attention` [ RunTime:0.001373s ]
[ sql ] [ SQL ] SELECT * FROM `yw_attention` WHERE  `uid` = 4  AND `fid` = 1  AND `attention_identity` = 2 LIMIT 1 [ RunTime:0.001064s ]
[ sql ] [ SQL ] SHOW COLUMNS FROM `yw_organization` [ RunTime:0.001491s ]
[ sql ] [ SQL ] SELECT `organization_id`,`organization_name`,`organization_cover`,`organization_site`,`organization_facility`,`organization_business_hours`,`organization_level`,`organization_district_id`,`organization_synopsis`,`organization_service` FROM `yw_organization` WHERE  `organization_state` = 1  AND `organization_false_delete` = 1 LIMIT 1 [ RunTime:0.001179s ]
[ sql ] [ SQL ] SELECT `c`.`file_content` FROM `yw_organization` `a` LEFT JOIN `yw_file_organization` `b` ON `a`.`organization_id`=`b`.`organization_id` LEFT JOIN `yw_file` `c` ON `b`.`file_id`=`c`.`file_id` WHERE  `c`.`file_state` = 1  AND `c`.`file_false_delete` = 1  AND `a`.`organization_id` = 1 LIMIT 1 [ RunTime:0.000998s ]
[ sql ] [ SQL ] SHOW COLUMNS FROM `yw_invitation` [ RunTime:0.001272s ]
[ sql ] [ SQL ] SELECT `invitation_organization_id`,`invitation_interview_site`,`invitation_interview_time`,`invitation_dance_type`,`invitation_age_demand`,`invitation_explain`,`invitation_organization_picture`,`invitation_organization_picture2` FROM `yw_invitation` WHERE  `invitation_organization_id` = 1 LIMIT 1 [ RunTime:0.001003s ]
[ sql ] [ SQL ] SELECT `c`.`curriculum_id`,`c`.`curriculum_photo`,`c`.`curriculum_name`,`c`.`curriculum_admin`,`c`.`curriculum_difficulty`,`c`.`curriculum_state`,`c`.`curriculum_actual_price`,`c`.`curriculum_start_time`,`c`.`curriculum_over_time` FROM `yw_organization` `a` LEFT JOIN `yw_organization_curriculum` `b` ON `a`.`organization_id`=`b`.`organization_id` LEFT JOIN `yw_curriculum` `c` ON `b`.`curriculum_id`=`c`.`curriculum_id` WHERE  `a`.`organization_id` = 1  AND `c`.`curriculum_show` = 1 [ RunTime:0.001132s ]
[ sql ] [ SQL ] SHOW COLUMNS FROM `yw_organization_teacher` [ RunTime:0.001524s ]
[ sql ] [ SQL ] SELECT `organization_teacher_id`,`organization_id`,`teacher_photo`,`teacher_name`,`teacher_level`,`teacher_master`,`teacher_intro` FROM `yw_organization_teacher` WHERE  `organization_id` = 1  AND `teacher_show` = 1 [ RunTime:0.001034s ]
[ sql ] [ SQL ] SHOW COLUMNS FROM `yw_file` [ RunTime:0.001230s ]
[ sql ] [ SQL ] SELECT `a`.`file_id`,`a`.`file_cover`,`c`.`organization_portrait`,`c`.`organization_name`,`a`.`file_collection`,`dance_type_name`,`file_name` FROM `yw_file` `a` LEFT JOIN `yw_file_organization` `b` ON `a`.`file_id`=`b`.`file_id` LEFT JOIN `yw_organization` `c` ON `b`.`organization_id`=`c`.`organization_id` LEFT JOIN `yw_dance_type` `d` ON `a`.`dance_type_id`=`d`.`dance_type_id` ORDER BY `file_creattime` DESC LIMIT 0,2 [ RunTime:0.001229s ]
---------------------------------------------------------------
[ 2018-12-13T19:25:48+08:00 ] 111.163.138.177 POST /index.php/api/Organization/organization_find.html
[ info ] yuewu.dazhu-ltd.cn/index.php/api/Organization/organization_find.html [运行时间：0.059899s][吞吐率：16.69req/s] [内存消耗：3,404.01kb] [文件加载：50]
[ info ] [ LANG ] /www/web/yuewu/public_html/thinkphp/lang/zh-cn.php
[ info ] [ ROUTE ] array (
  'type' => 'module',
  'module' => 
  array (
    0 => 'api',
    1 => 'Organization',
    2 => 'organization_find',
  ),
)
[ info ] [ HEADER ] array (
  'host' => 'yuewu.dazhu-ltd.cn',
  'connection' => 'keep-alive',
  'content-length' => '244',
  'accept' => '*/*',
  'origin' => 'chrome-extension://geobniafmelcledgickglbajofpkllpl',
  'user-agent' => 'Mozilla/5.0 (Windows NT 10.0; Win64; x64) AppleWebKit/537.36 (KHTML, like Gecko) Chrome/70.0.3538.110 Safari/537.36',
  'content-type' => 'multipart/form-data; boundary=----WebKitFormBoundary2oLcBJfmjmqdSpep',
  'accept-encoding' => 'gzip, deflate',
  'accept-language' => 'zh-CN,zh;q=0.9',
)
[ info ] [ PARAM ] array (
  'organization_id' => '1',
  'user_token' => '',
)
[ info ] [ RUN ] app\api\controller\Organization->organization_find[ /www/web/yuewu/public_html/application/api/controller/Organization.php ]
[ info ] [ DB ] INIT mysql
[ info ] [ LOG ] INIT File
[ sql ] [ DB ] CONNECT:[ UseTime:0.002805s ] mysql:host=114.115.205.226;port=3306;dbname=yuewu;charset=utf8
[ sql ] [ SQL ] SHOW COLUMNS FROM `yw_user` [ RunTime:0.002250s ]
[ sql ] [ SQL ] SELECT * FROM `yw_user` WHERE  `user_token` = '' LIMIT 1 [ RunTime:0.001068s ]
[ sql ] [ SQL ] SHOW COLUMNS FROM `yw_attention` [ RunTime:0.001342s ]
[ sql ] [ SQL ] SELECT * FROM `yw_attention` WHERE  `uid` = 4  AND `fid` = 1  AND `attention_identity` = 2 LIMIT 1 [ RunTime:0.001086s ]
[ sql ] [ SQL ] SHOW COLUMNS FROM `yw_organization` [ RunTime:0.001940s ]
[ sql ] [ SQL ] SELECT `organization_id`,`organization_name`,`organization_cover`,`organization_site`,`organization_facility`,`organization_business_hours`,`organization_level`,`organization_district_id`,`organization_synopsis`,`organization_service` FROM `yw_organization` WHERE  `organization_state` = 1  AND `organization_false_delete` = 1 LIMIT 1 [ RunTime:0.001076s ]
[ sql ] [ SQL ] SELECT `c`.`file_content` FROM `yw_organization` `a` LEFT JOIN `yw_file_organization` `b` ON `a`.`organization_id`=`b`.`organization_id` LEFT JOIN `yw_file` `c` ON `b`.`file_id`=`c`.`file_id` WHERE  `c`.`file_state` = 1  AND `c`.`file_false_delete` = 1  AND `a`.`organization_id` = 1 LIMIT 1 [ RunTime:0.000964s ]
[ sql ] [ SQL ] SHOW COLUMNS FROM `yw_invitation` [ RunTime:0.001247s ]
[ sql ] [ SQL ] SELECT `invitation_organization_id`,`invitation_interview_site`,`invitation_interview_time`,`invitation_dance_type`,`invitation_age_demand`,`invitation_explain`,`invitation_organization_picture`,`invitation_organization_picture2` FROM `yw_invitation` WHERE  `invitation_organization_id` = 1 LIMIT 1 [ RunTime:0.001240s ]
[ sql ] [ SQL ] SELECT `c`.`curriculum_id`,`c`.`curriculum_photo`,`c`.`curriculum_name`,`c`.`curriculum_admin`,`c`.`curriculum_difficulty`,`c`.`curriculum_state`,`c`.`curriculum_actual_price`,`c`.`curriculum_start_time`,`c`.`curriculum_over_time` FROM `yw_organization` `a` LEFT JOIN `yw_organization_curriculum` `b` ON `a`.`organization_id`=`b`.`organization_id` LEFT JOIN `yw_curriculum` `c` ON `b`.`curriculum_id`=`c`.`curriculum_id` WHERE  `a`.`organization_id` = 1  AND `c`.`curriculum_show` = 1 [ RunTime:0.001179s ]
[ sql ] [ SQL ] SHOW COLUMNS FROM `yw_organization_teacher` [ RunTime:0.001689s ]
[ sql ] [ SQL ] SELECT `organization_teacher_id`,`organization_id`,`teacher_photo`,`teacher_name`,`teacher_level`,`teacher_master`,`teacher_intro` FROM `yw_organization_teacher` WHERE  `organization_id` = 1  AND `teacher_show` = 1 [ RunTime:0.001008s ]
[ sql ] [ SQL ] SHOW COLUMNS FROM `yw_file` [ RunTime:0.001418s ]
[ sql ] [ SQL ] SELECT `a`.`file_id`,`a`.`file_cover`,`c`.`organization_portrait`,`c`.`organization_name`,`a`.`file_collection`,`dance_type_name`,`file_name` FROM `yw_file` `a` LEFT JOIN `yw_file_organization` `b` ON `a`.`file_id`=`b`.`file_id` LEFT JOIN `yw_organization` `c` ON `b`.`organization_id`=`c`.`organization_id` LEFT JOIN `yw_dance_type` `d` ON `a`.`dance_type_id`=`d`.`dance_type_id` ORDER BY `file_collection` DESC LIMIT 0,2 [ RunTime:0.001450s ]
---------------------------------------------------------------
[ 2018-12-13T19:27:20+08:00 ] 111.163.138.177 POST /index.php/api/Organization/organization_find.html
[ info ] yuewu.dazhu-ltd.cn/index.php/api/Organization/organization_find.html [运行时间：0.044135s][吞吐率：22.66req/s] [内存消耗：3,403.58kb] [文件加载：50]
[ info ] [ LANG ] /www/web/yuewu/public_html/thinkphp/lang/zh-cn.php
[ info ] [ ROUTE ] array (
  'type' => 'module',
  'module' => 
  array (
    0 => 'api',
    1 => 'Organization',
    2 => 'organization_find',
  ),
)
[ info ] [ HEADER ] array (
  'host' => 'yuewu.dazhu-ltd.cn',
  'connection' => 'keep-alive',
  'content-length' => '244',
  'accept' => '*/*',
  'origin' => 'chrome-extension://geobniafmelcledgickglbajofpkllpl',
  'user-agent' => 'Mozilla/5.0 (Windows NT 10.0; Win64; x64) AppleWebKit/537.36 (KHTML, like Gecko) Chrome/70.0.3538.110 Safari/537.36',
  'content-type' => 'multipart/form-data; boundary=----WebKitFormBoundaryE7orB1O7VJoyD2sr',
  'accept-encoding' => 'gzip, deflate',
  'accept-language' => 'zh-CN,zh;q=0.9',
)
[ info ] [ PARAM ] array (
  'organization_id' => '1',
  'user_token' => '',
)
[ info ] [ RUN ] app\api\controller\Organization->organization_find[ /www/web/yuewu/public_html/application/api/controller/Organization.php ]
[ info ] [ DB ] INIT mysql
[ info ] [ LOG ] INIT File
[ sql ] [ DB ] CONNECT:[ UseTime:0.001703s ] mysql:host=114.115.205.226;port=3306;dbname=yuewu;charset=utf8
[ sql ] [ SQL ] SHOW COLUMNS FROM `yw_user` [ RunTime:0.001238s ]
[ sql ] [ SQL ] SELECT * FROM `yw_user` WHERE  `user_token` = '' LIMIT 1 [ RunTime:0.001815s ]
[ sql ] [ SQL ] SHOW COLUMNS FROM `yw_attention` [ RunTime:0.001177s ]
[ sql ] [ SQL ] SELECT * FROM `yw_attention` WHERE  `uid` = 4  AND `fid` = 1  AND `attention_identity` = 2 LIMIT 1 [ RunTime:0.000945s ]
[ sql ] [ SQL ] SHOW COLUMNS FROM `yw_organization` [ RunTime:0.001195s ]
[ sql ] [ SQL ] SELECT `organization_id`,`organization_name`,`organization_cover`,`organization_site`,`organization_facility`,`organization_business_hours`,`organization_level`,`organization_district_id`,`organization_synopsis`,`organization_service` FROM `yw_organization` WHERE  `organization_state` = 1  AND `organization_false_delete` = 1 LIMIT 1 [ RunTime:0.000937s ]
[ sql ] [ SQL ] SELECT `c`.`file_content` FROM `yw_organization` `a` LEFT JOIN `yw_file_organization` `b` ON `a`.`organization_id`=`b`.`organization_id` LEFT JOIN `yw_file` `c` ON `b`.`file_id`=`c`.`file_id` WHERE  `c`.`file_state` = 1  AND `c`.`file_false_delete` = 1  AND `a`.`organization_id` = 1 LIMIT 1 [ RunTime:0.000894s ]
[ sql ] [ SQL ] SHOW COLUMNS FROM `yw_invitation` [ RunTime:0.001186s ]
[ sql ] [ SQL ] SELECT `invitation_organization_id`,`invitation_interview_site`,`invitation_interview_time`,`invitation_dance_type`,`invitation_age_demand`,`invitation_explain`,`invitation_organization_picture`,`invitation_organization_picture2` FROM `yw_invitation` WHERE  `invitation_organization_id` = 1 LIMIT 1 [ RunTime:0.000852s ]
[ sql ] [ SQL ] SELECT `c`.`curriculum_id`,`c`.`curriculum_photo`,`c`.`curriculum_name`,`c`.`curriculum_admin`,`c`.`curriculum_difficulty`,`c`.`curriculum_state`,`c`.`curriculum_actual_price`,`c`.`curriculum_start_time`,`c`.`curriculum_over_time` FROM `yw_organization` `a` LEFT JOIN `yw_organization_curriculum` `b` ON `a`.`organization_id`=`b`.`organization_id` LEFT JOIN `yw_curriculum` `c` ON `b`.`curriculum_id`=`c`.`curriculum_id` WHERE  `a`.`organization_id` = 1  AND `c`.`curriculum_show` = 1 [ RunTime:0.000969s ]
[ sql ] [ SQL ] SHOW COLUMNS FROM `yw_organization_teacher` [ RunTime:0.001246s ]
[ sql ] [ SQL ] SELECT `organization_teacher_id`,`organization_id`,`teacher_photo`,`teacher_name`,`teacher_level`,`teacher_master`,`teacher_intro` FROM `yw_organization_teacher` WHERE  `organization_id` = 1  AND `teacher_show` = 1 [ RunTime:0.000920s ]
[ sql ] [ SQL ] SHOW COLUMNS FROM `yw_file` [ RunTime:0.001064s ]
[ sql ] [ SQL ] SELECT `a`.`file_id`,`a`.`file_cover`,`c`.`organization_portrait`,`c`.`organization_name`,`a`.`file_collection`,`dance_type_name`,`file_name` FROM `yw_file` `a` INNER JOIN `yw_file_organization` `b` ON `a`.`file_id`=`b`.`file_id` INNER JOIN `yw_organization` `c` ON `b`.`organization_id`=`c`.`organization_id` LEFT JOIN `yw_dance_type` `d` ON `a`.`dance_type_id`=`d`.`dance_type_id` ORDER BY `file_collection` DESC LIMIT 0,2 [ RunTime:0.001078s ]
---------------------------------------------------------------
[ 2018-12-13T19:31:20+08:00 ] 111.163.138.177 POST /index.php/api/Organization/organization_find.html
[ info ] yuewu.dazhu-ltd.cn/index.php/api/Organization/organization_find.html [运行时间：0.044955s][吞吐率：22.24req/s] [内存消耗：3,454.53kb] [文件加载：55]
[ info ] [ LANG ] /www/web/yuewu/public_html/thinkphp/lang/zh-cn.php
[ info ] [ ROUTE ] array (
  'type' => 'module',
  'module' => 
  array (
    0 => 'api',
    1 => 'Organization',
    2 => 'organization_find',
  ),
)
[ info ] [ HEADER ] array (
  'host' => 'yuewu.dazhu-ltd.cn',
  'connection' => 'keep-alive',
  'content-length' => '244',
  'accept' => '*/*',
  'origin' => 'chrome-extension://geobniafmelcledgickglbajofpkllpl',
  'user-agent' => 'Mozilla/5.0 (Windows NT 10.0; Win64; x64) AppleWebKit/537.36 (KHTML, like Gecko) Chrome/70.0.3538.110 Safari/537.36',
  'content-type' => 'multipart/form-data; boundary=----WebKitFormBoundaryBsYUWAt9qtKlbJtX',
  'accept-encoding' => 'gzip, deflate',
  'accept-language' => 'zh-CN,zh;q=0.9',
)
[ info ] [ PARAM ] array (
  'organization_id' => '1',
  'user_token' => '',
)
[ info ] [ RUN ] app\api\controller\Organization->organization_find[ /www/web/yuewu/public_html/application/api/controller/Organization.php ]
[ info ] [ DB ] INIT mysql
[ info ] [ LOG ] INIT File
[ sql ] [ DB ] CONNECT:[ UseTime:0.001897s ] mysql:host=114.115.205.226;port=3306;dbname=yuewu;charset=utf8
[ sql ] [ SQL ] SHOW COLUMNS FROM `yw_user` [ RunTime:0.001532s ]
[ sql ] [ SQL ] SELECT * FROM `yw_user` WHERE  `user_token` = '' LIMIT 1 [ RunTime:0.001144s ]
[ sql ] [ SQL ] SHOW COLUMNS FROM `yw_attention` [ RunTime:0.001269s ]
[ sql ] [ SQL ] SELECT * FROM `yw_attention` WHERE  `uid` = 4  AND `fid` = 1  AND `attention_identity` = 2 LIMIT 1 [ RunTime:0.001209s ]
[ sql ] [ SQL ] SHOW COLUMNS FROM `yw_organization` [ RunTime:0.001258s ]
[ sql ] [ SQL ] SELECT `organization_id`,`organization_name`,`organization_cover`,`organization_site`,`organization_facility`,`organization_business_hours`,`organization_level`,`organization_district_id`,`organization_synopsis`,`organization_service` FROM `yw_organization` WHERE  `organization_state` = 1  AND `organization_false_delete` = 1 LIMIT 1 [ RunTime:0.000932s ]
[ sql ] [ SQL ] SELECT `c`.`file_content` FROM `yw_organization` `a` LEFT JOIN `yw_file_organization` `b` ON `a`.`organization_id`=`b`.`organization_id` LEFT JOIN `yw_file` `c` ON `b`.`file_id`=`c`.`file_id` WHERE  `c`.`file_state` = 1  AND `c`.`file_false_delete` = 1  AND `a`.`organization_id` = 1 LIMIT 1 [ RunTime:0.001001s ]
[ sql ] [ SQL ] SHOW COLUMNS FROM `yw_invitation` [ RunTime:0.001276s ]
[ sql ] [ SQL ] SELECT `invitation_organization_id`,`invitation_interview_site`,`invitation_interview_time`,`invitation_dance_type`,`invitation_age_demand`,`invitation_explain`,`invitation_organization_picture`,`invitation_organization_picture2` FROM `yw_invitation` WHERE  `invitation_organization_id` = 1 LIMIT 1 [ RunTime:0.000885s ]
[ sql ] [ SQL ] SELECT `c`.`curriculum_id`,`c`.`curriculum_photo`,`c`.`curriculum_name`,`c`.`curriculum_admin`,`c`.`curriculum_difficulty`,`c`.`curriculum_state`,`c`.`curriculum_actual_price`,`c`.`curriculum_start_time`,`c`.`curriculum_over_time` FROM `yw_organization` `a` LEFT JOIN `yw_organization_curriculum` `b` ON `a`.`organization_id`=`b`.`organization_id` LEFT JOIN `yw_curriculum` `c` ON `b`.`curriculum_id`=`c`.`curriculum_id` WHERE  `a`.`organization_id` = 1  AND `c`.`curriculum_show` = 1 [ RunTime:0.001018s ]
[ sql ] [ SQL ] SHOW COLUMNS FROM `yw_organization_teacher` [ RunTime:0.001342s ]
[ sql ] [ SQL ] SELECT `organization_teacher_id`,`organization_id`,`teacher_photo`,`teacher_name`,`teacher_level`,`teacher_master`,`teacher_intro` FROM `yw_organization_teacher` WHERE  `organization_id` = 1  AND `teacher_show` = 1 [ RunTime:0.000943s ]
[ error ] [10501]SQLSTATE[42S22]: Column not found: 1054 Unknown column 'a.file_id' in 'field list'[/www/web/yuewu/public_html/thinkphp/library/think/db/Connection.php:390]
---------------------------------------------------------------
[ 2018-12-13T19:31:52+08:00 ] 111.163.138.177 POST /index.php/api/Organization/organization_find.html
[ info ] yuewu.dazhu-ltd.cn/index.php/api/Organization/organization_find.html [运行时间：0.043721s][吞吐率：22.87req/s] [内存消耗：3,454.62kb] [文件加载：55]
[ info ] [ LANG ] /www/web/yuewu/public_html/thinkphp/lang/zh-cn.php
[ info ] [ ROUTE ] array (
  'type' => 'module',
  'module' => 
  array (
    0 => 'api',
    1 => 'Organization',
    2 => 'organization_find',
  ),
)
[ info ] [ HEADER ] array (
  'host' => 'yuewu.dazhu-ltd.cn',
  'connection' => 'keep-alive',
  'content-length' => '244',
  'accept' => '*/*',
  'origin' => 'chrome-extension://geobniafmelcledgickglbajofpkllpl',
  'user-agent' => 'Mozilla/5.0 (Windows NT 10.0; Win64; x64) AppleWebKit/537.36 (KHTML, like Gecko) Chrome/70.0.3538.110 Safari/537.36',
  'content-type' => 'multipart/form-data; boundary=----WebKitFormBoundaryiAbBEMV9ZXnyi0nH',
  'accept-encoding' => 'gzip, deflate',
  'accept-language' => 'zh-CN,zh;q=0.9',
)
[ info ] [ PARAM ] array (
  'organization_id' => '1',
  'user_token' => '',
)
[ info ] [ RUN ] app\api\controller\Organization->organization_find[ /www/web/yuewu/public_html/application/api/controller/Organization.php ]
[ info ] [ DB ] INIT mysql
[ info ] [ LOG ] INIT File
[ sql ] [ DB ] CONNECT:[ UseTime:0.002032s ] mysql:host=114.115.205.226;port=3306;dbname=yuewu;charset=utf8
[ sql ] [ SQL ] SHOW COLUMNS FROM `yw_user` [ RunTime:0.001530s ]
[ sql ] [ SQL ] SELECT * FROM `yw_user` WHERE  `user_token` = '' LIMIT 1 [ RunTime:0.001011s ]
[ sql ] [ SQL ] SHOW COLUMNS FROM `yw_attention` [ RunTime:0.001200s ]
[ sql ] [ SQL ] SELECT * FROM `yw_attention` WHERE  `uid` = 4  AND `fid` = 1  AND `attention_identity` = 2 LIMIT 1 [ RunTime:0.000899s ]
[ sql ] [ SQL ] SHOW COLUMNS FROM `yw_organization` [ RunTime:0.001151s ]
[ sql ] [ SQL ] SELECT `organization_id`,`organization_name`,`organization_cover`,`organization_site`,`organization_facility`,`organization_business_hours`,`organization_level`,`organization_district_id`,`organization_synopsis`,`organization_service` FROM `yw_organization` WHERE  `organization_state` = 1  AND `organization_false_delete` = 1 LIMIT 1 [ RunTime:0.001159s ]
[ sql ] [ SQL ] SELECT `c`.`file_content` FROM `yw_organization` `a` LEFT JOIN `yw_file_organization` `b` ON `a`.`organization_id`=`b`.`organization_id` LEFT JOIN `yw_file` `c` ON `b`.`file_id`=`c`.`file_id` WHERE  `c`.`file_state` = 1  AND `c`.`file_false_delete` = 1  AND `a`.`organization_id` = 1 LIMIT 1 [ RunTime:0.000841s ]
[ sql ] [ SQL ] SHOW COLUMNS FROM `yw_invitation` [ RunTime:0.001228s ]
[ sql ] [ SQL ] SELECT `invitation_organization_id`,`invitation_interview_site`,`invitation_interview_time`,`invitation_dance_type`,`invitation_age_demand`,`invitation_explain`,`invitation_organization_picture`,`invitation_organization_picture2` FROM `yw_invitation` WHERE  `invitation_organization_id` = 1 LIMIT 1 [ RunTime:0.000961s ]
[ sql ] [ SQL ] SELECT `c`.`curriculum_id`,`c`.`curriculum_photo`,`c`.`curriculum_name`,`c`.`curriculum_admin`,`c`.`curriculum_difficulty`,`c`.`curriculum_state`,`c`.`curriculum_actual_price`,`c`.`curriculum_start_time`,`c`.`curriculum_over_time` FROM `yw_organization` `a` LEFT JOIN `yw_organization_curriculum` `b` ON `a`.`organization_id`=`b`.`organization_id` LEFT JOIN `yw_curriculum` `c` ON `b`.`curriculum_id`=`c`.`curriculum_id` WHERE  `a`.`organization_id` = 1  AND `c`.`curriculum_show` = 1 [ RunTime:0.000895s ]
[ sql ] [ SQL ] SHOW COLUMNS FROM `yw_organization_teacher` [ RunTime:0.001140s ]
[ sql ] [ SQL ] SELECT `organization_teacher_id`,`organization_id`,`teacher_photo`,`teacher_name`,`teacher_level`,`teacher_master`,`teacher_intro` FROM `yw_organization_teacher` WHERE  `organization_id` = 1  AND `teacher_show` = 1 [ RunTime:0.000936s ]
[ error ] [10501]SQLSTATE[42S22]: Column not found: 1054 Unknown column 'c.organization_portrait' in 'field list'[/www/web/yuewu/public_html/thinkphp/library/think/db/Connection.php:390]
---------------------------------------------------------------
[ 2018-12-13T19:32:23+08:00 ] 111.163.138.177 POST /index.php/api/Organization/organization_find.html
[ info ] yuewu.dazhu-ltd.cn/index.php/api/Organization/organization_find.html [运行时间：0.045948s][吞吐率：21.76req/s] [内存消耗：3,454.57kb] [文件加载：55]
[ info ] [ LANG ] /www/web/yuewu/public_html/thinkphp/lang/zh-cn.php
[ info ] [ ROUTE ] array (
  'type' => 'module',
  'module' => 
  array (
    0 => 'api',
    1 => 'Organization',
    2 => 'organization_find',
  ),
)
[ info ] [ HEADER ] array (
  'host' => 'yuewu.dazhu-ltd.cn',
  'connection' => 'keep-alive',
  'content-length' => '244',
  'accept' => '*/*',
  'origin' => 'chrome-extension://geobniafmelcledgickglbajofpkllpl',
  'user-agent' => 'Mozilla/5.0 (Windows NT 10.0; Win64; x64) AppleWebKit/537.36 (KHTML, like Gecko) Chrome/70.0.3538.110 Safari/537.36',
  'content-type' => 'multipart/form-data; boundary=----WebKitFormBoundaryMgACWOrdAJgmiTvK',
  'accept-encoding' => 'gzip, deflate',
  'accept-language' => 'zh-CN,zh;q=0.9',
)
[ info ] [ PARAM ] array (
  'organization_id' => '1',
  'user_token' => '',
)
[ info ] [ RUN ] app\api\controller\Organization->organization_find[ /www/web/yuewu/public_html/application/api/controller/Organization.php ]
[ info ] [ DB ] INIT mysql
[ info ] [ LOG ] INIT File
[ sql ] [ DB ] CONNECT:[ UseTime:0.002580s ] mysql:host=114.115.205.226;port=3306;dbname=yuewu;charset=utf8
[ sql ] [ SQL ] SHOW COLUMNS FROM `yw_user` [ RunTime:0.001442s ]
[ sql ] [ SQL ] SELECT * FROM `yw_user` WHERE  `user_token` = '' LIMIT 1 [ RunTime:0.001093s ]
[ sql ] [ SQL ] SHOW COLUMNS FROM `yw_attention` [ RunTime:0.001143s ]
[ sql ] [ SQL ] SELECT * FROM `yw_attention` WHERE  `uid` = 4  AND `fid` = 1  AND `attention_identity` = 2 LIMIT 1 [ RunTime:0.001003s ]
[ sql ] [ SQL ] SHOW COLUMNS FROM `yw_organization` [ RunTime:0.001371s ]
[ sql ] [ SQL ] SELECT `organization_id`,`organization_name`,`organization_cover`,`organization_site`,`organization_facility`,`organization_business_hours`,`organization_level`,`organization_district_id`,`organization_synopsis`,`organization_service` FROM `yw_organization` WHERE  `organization_state` = 1  AND `organization_false_delete` = 1 LIMIT 1 [ RunTime:0.001029s ]
[ sql ] [ SQL ] SELECT `c`.`file_content` FROM `yw_organization` `a` LEFT JOIN `yw_file_organization` `b` ON `a`.`organization_id`=`b`.`organization_id` LEFT JOIN `yw_file` `c` ON `b`.`file_id`=`c`.`file_id` WHERE  `c`.`file_state` = 1  AND `c`.`file_false_delete` = 1  AND `a`.`organization_id` = 1 LIMIT 1 [ RunTime:0.001051s ]
[ sql ] [ SQL ] SHOW COLUMNS FROM `yw_invitation` [ RunTime:0.001339s ]
[ sql ] [ SQL ] SELECT `invitation_organization_id`,`invitation_interview_site`,`invitation_interview_time`,`invitation_dance_type`,`invitation_age_demand`,`invitation_explain`,`invitation_organization_picture`,`invitation_organization_picture2` FROM `yw_invitation` WHERE  `invitation_organization_id` = 1 LIMIT 1 [ RunTime:0.000882s ]
[ sql ] [ SQL ] SELECT `c`.`curriculum_id`,`c`.`curriculum_photo`,`c`.`curriculum_name`,`c`.`curriculum_admin`,`c`.`curriculum_difficulty`,`c`.`curriculum_state`,`c`.`curriculum_actual_price`,`c`.`curriculum_start_time`,`c`.`curriculum_over_time` FROM `yw_organization` `a` LEFT JOIN `yw_organization_curriculum` `b` ON `a`.`organization_id`=`b`.`organization_id` LEFT JOIN `yw_curriculum` `c` ON `b`.`curriculum_id`=`c`.`curriculum_id` WHERE  `a`.`organization_id` = 1  AND `c`.`curriculum_show` = 1 [ RunTime:0.000948s ]
[ sql ] [ SQL ] SHOW COLUMNS FROM `yw_organization_teacher` [ RunTime:0.001245s ]
[ sql ] [ SQL ] SELECT `organization_teacher_id`,`organization_id`,`teacher_photo`,`teacher_name`,`teacher_level`,`teacher_master`,`teacher_intro` FROM `yw_organization_teacher` WHERE  `organization_id` = 1  AND `teacher_show` = 1 [ RunTime:0.001034s ]
[ error ] [10501]SQLSTATE[42S22]: Column not found: 1054 Unknown column 'a.dance_type_id' in 'on clause'[/www/web/yuewu/public_html/thinkphp/library/think/db/Connection.php:390]
---------------------------------------------------------------
[ 2018-12-13T19:32:59+08:00 ] 111.163.138.177 POST /index.php/api/Organization/organization_find.html
[ info ] yuewu.dazhu-ltd.cn/index.php/api/Organization/organization_find.html [运行时间：0.042418s][吞吐率：23.57req/s] [内存消耗：3,395.76kb] [文件加载：50]
[ info ] [ LANG ] /www/web/yuewu/public_html/thinkphp/lang/zh-cn.php
[ info ] [ ROUTE ] array (
  'type' => 'module',
  'module' => 
  array (
    0 => 'api',
    1 => 'Organization',
    2 => 'organization_find',
  ),
)
[ info ] [ HEADER ] array (
  'host' => 'yuewu.dazhu-ltd.cn',
  'connection' => 'keep-alive',
  'content-length' => '244',
  'accept' => '*/*',
  'origin' => 'chrome-extension://geobniafmelcledgickglbajofpkllpl',
  'user-agent' => 'Mozilla/5.0 (Windows NT 10.0; Win64; x64) AppleWebKit/537.36 (KHTML, like Gecko) Chrome/70.0.3538.110 Safari/537.36',
  'content-type' => 'multipart/form-data; boundary=----WebKitFormBoundary8dPYppmNcTvDcKGJ',
  'accept-encoding' => 'gzip, deflate',
  'accept-language' => 'zh-CN,zh;q=0.9',
)
[ info ] [ PARAM ] array (
  'organization_id' => '1',
  'user_token' => '',
)
[ info ] [ RUN ] app\api\controller\Organization->organization_find[ /www/web/yuewu/public_html/application/api/controller/Organization.php ]
[ info ] [ DB ] INIT mysql
[ info ] [ LOG ] INIT File
[ sql ] [ DB ] CONNECT:[ UseTime:0.001824s ] mysql:host=114.115.205.226;port=3306;dbname=yuewu;charset=utf8
[ sql ] [ SQL ] SHOW COLUMNS FROM `yw_user` [ RunTime:0.001474s ]
[ sql ] [ SQL ] SELECT * FROM `yw_user` WHERE  `user_token` = '' LIMIT 1 [ RunTime:0.001186s ]
[ sql ] [ SQL ] SHOW COLUMNS FROM `yw_attention` [ RunTime:0.001140s ]
[ sql ] [ SQL ] SELECT * FROM `yw_attention` WHERE  `uid` = 4  AND `fid` = 1  AND `attention_identity` = 2 LIMIT 1 [ RunTime:0.000829s ]
[ sql ] [ SQL ] SHOW COLUMNS FROM `yw_organization` [ RunTime:0.001176s ]
[ sql ] [ SQL ] SELECT `organization_id`,`organization_name`,`organization_cover`,`organization_site`,`organization_facility`,`organization_business_hours`,`organization_level`,`organization_district_id`,`organization_synopsis`,`organization_service` FROM `yw_organization` WHERE  `organization_state` = 1  AND `organization_false_delete` = 1 LIMIT 1 [ RunTime:0.001020s ]
[ sql ] [ SQL ] SELECT `c`.`file_content` FROM `yw_organization` `a` LEFT JOIN `yw_file_organization` `b` ON `a`.`organization_id`=`b`.`organization_id` LEFT JOIN `yw_file` `c` ON `b`.`file_id`=`c`.`file_id` WHERE  `c`.`file_state` = 1  AND `c`.`file_false_delete` = 1  AND `a`.`organization_id` = 1 LIMIT 1 [ RunTime:0.001010s ]
[ sql ] [ SQL ] SHOW COLUMNS FROM `yw_invitation` [ RunTime:0.001174s ]
[ sql ] [ SQL ] SELECT `invitation_organization_id`,`invitation_interview_site`,`invitation_interview_time`,`invitation_dance_type`,`invitation_age_demand`,`invitation_explain`,`invitation_organization_picture`,`invitation_organization_picture2` FROM `yw_invitation` WHERE  `invitation_organization_id` = 1 LIMIT 1 [ RunTime:0.001079s ]
[ sql ] [ SQL ] SELECT `c`.`curriculum_id`,`c`.`curriculum_photo`,`c`.`curriculum_name`,`c`.`curriculum_admin`,`c`.`curriculum_difficulty`,`c`.`curriculum_state`,`c`.`curriculum_actual_price`,`c`.`curriculum_start_time`,`c`.`curriculum_over_time` FROM `yw_organization` `a` LEFT JOIN `yw_organization_curriculum` `b` ON `a`.`organization_id`=`b`.`organization_id` LEFT JOIN `yw_curriculum` `c` ON `b`.`curriculum_id`=`c`.`curriculum_id` WHERE  `a`.`organization_id` = 1  AND `c`.`curriculum_show` = 1 [ RunTime:0.000983s ]
[ sql ] [ SQL ] SHOW COLUMNS FROM `yw_organization_teacher` [ RunTime:0.001141s ]
[ sql ] [ SQL ] SELECT `organization_teacher_id`,`organization_id`,`teacher_photo`,`teacher_name`,`teacher_level`,`teacher_master`,`teacher_intro` FROM `yw_organization_teacher` WHERE  `organization_id` = 1  AND `teacher_show` = 1 [ RunTime:0.001011s ]
[ sql ] [ SQL ] SELECT `c`.`file_id`,`c`.`file_cover`,`a`.`organization_portrait`,`a`.`organization_name`,`c`.`file_collection`,`dance_type_name`,`file_name` FROM `yw_organization` `a` INNER JOIN `yw_file_organization` `b` ON `a`.`organization_id`=`b`.`organization_id` LEFT JOIN `yw_file` `c` ON `b`.`file_id`=`c`.`file_id` LEFT JOIN `yw_dance_type` `d` ON `c`.`dance_type_id`=`d`.`dance_type_id` ORDER BY `file_collection` DESC LIMIT 0,2 [ RunTime:0.000978s ]
---------------------------------------------------------------
[ 2018-12-13T19:33:50+08:00 ] 111.163.138.177 POST /index.php/api/Organization/organization_find.html
[ info ] yuewu.dazhu-ltd.cn/index.php/api/Organization/organization_find.html [运行时间：0.042968s][吞吐率：23.27req/s] [内存消耗：3,396.22kb] [文件加载：50]
[ info ] [ LANG ] /www/web/yuewu/public_html/thinkphp/lang/zh-cn.php
[ info ] [ ROUTE ] array (
  'type' => 'module',
  'module' => 
  array (
    0 => 'api',
    1 => 'Organization',
    2 => 'organization_find',
  ),
)
[ info ] [ HEADER ] array (
  'host' => 'yuewu.dazhu-ltd.cn',
  'connection' => 'keep-alive',
  'content-length' => '244',
  'accept' => '*/*',
  'origin' => 'chrome-extension://geobniafmelcledgickglbajofpkllpl',
  'user-agent' => 'Mozilla/5.0 (Windows NT 10.0; Win64; x64) AppleWebKit/537.36 (KHTML, like Gecko) Chrome/70.0.3538.110 Safari/537.36',
  'content-type' => 'multipart/form-data; boundary=----WebKitFormBoundaryCx29AC1H8Er3EqRO',
  'accept-encoding' => 'gzip, deflate',
  'accept-language' => 'zh-CN,zh;q=0.9',
)
[ info ] [ PARAM ] array (
  'organization_id' => '1',
  'user_token' => '',
)
[ info ] [ RUN ] app\api\controller\Organization->organization_find[ /www/web/yuewu/public_html/application/api/controller/Organization.php ]
[ info ] [ DB ] INIT mysql
[ info ] [ LOG ] INIT File
[ sql ] [ DB ] CONNECT:[ UseTime:0.001711s ] mysql:host=114.115.205.226;port=3306;dbname=yuewu;charset=utf8
[ sql ] [ SQL ] SHOW COLUMNS FROM `yw_user` [ RunTime:0.001288s ]
[ sql ] [ SQL ] SELECT * FROM `yw_user` WHERE  `user_token` = '' LIMIT 1 [ RunTime:0.001002s ]
[ sql ] [ SQL ] SHOW COLUMNS FROM `yw_attention` [ RunTime:0.001168s ]
[ sql ] [ SQL ] SELECT * FROM `yw_attention` WHERE  `uid` = 4  AND `fid` = 1  AND `attention_identity` = 2 LIMIT 1 [ RunTime:0.000949s ]
[ sql ] [ SQL ] SHOW COLUMNS FROM `yw_organization` [ RunTime:0.001129s ]
[ sql ] [ SQL ] SELECT `organization_id`,`organization_name`,`organization_cover`,`organization_site`,`organization_facility`,`organization_business_hours`,`organization_level`,`organization_district_id`,`organization_synopsis`,`organization_service` FROM `yw_organization` WHERE  `organization_state` = 1  AND `organization_false_delete` = 1 LIMIT 1 [ RunTime:0.001171s ]
[ sql ] [ SQL ] SELECT `c`.`file_content` FROM `yw_organization` `a` LEFT JOIN `yw_file_organization` `b` ON `a`.`organization_id`=`b`.`organization_id` LEFT JOIN `yw_file` `c` ON `b`.`file_id`=`c`.`file_id` WHERE  `c`.`file_state` = 1  AND `c`.`file_false_delete` = 1  AND `a`.`organization_id` = 1 LIMIT 1 [ RunTime:0.000837s ]
[ sql ] [ SQL ] SHOW COLUMNS FROM `yw_invitation` [ RunTime:0.001208s ]
[ sql ] [ SQL ] SELECT `invitation_organization_id`,`invitation_interview_site`,`invitation_interview_time`,`invitation_dance_type`,`invitation_age_demand`,`invitation_explain`,`invitation_organization_picture`,`invitation_organization_picture2` FROM `yw_invitation` WHERE  `invitation_organization_id` = 1 LIMIT 1 [ RunTime:0.000974s ]
[ sql ] [ SQL ] SELECT `c`.`curriculum_id`,`c`.`curriculum_photo`,`c`.`curriculum_name`,`c`.`curriculum_admin`,`c`.`curriculum_difficulty`,`c`.`curriculum_state`,`c`.`curriculum_actual_price`,`c`.`curriculum_start_time`,`c`.`curriculum_over_time` FROM `yw_organization` `a` LEFT JOIN `yw_organization_curriculum` `b` ON `a`.`organization_id`=`b`.`organization_id` LEFT JOIN `yw_curriculum` `c` ON `b`.`curriculum_id`=`c`.`curriculum_id` WHERE  `a`.`organization_id` = 1  AND `c`.`curriculum_show` = 1 [ RunTime:0.000899s ]
[ sql ] [ SQL ] SHOW COLUMNS FROM `yw_organization_teacher` [ RunTime:0.001119s ]
[ sql ] [ SQL ] SELECT `organization_teacher_id`,`organization_id`,`teacher_photo`,`teacher_name`,`teacher_level`,`teacher_master`,`teacher_intro` FROM `yw_organization_teacher` WHERE  `organization_id` = 1  AND `teacher_show` = 1 [ RunTime:0.001136s ]
[ sql ] [ SQL ] SELECT `c`.`file_id`,`c`.`file_cover`,`a`.`organization_portrait`,`a`.`organization_name`,`c`.`file_collection`,`dance_type_name`,`file_name` FROM `yw_organization` `a` LEFT JOIN `yw_file_organization` `b` ON `a`.`organization_id`=`b`.`organization_id` LEFT JOIN `yw_file` `c` ON `b`.`file_id`=`c`.`file_id` LEFT JOIN `yw_dance_type` `d` ON `c`.`dance_type_id`=`d`.`dance_type_id` ORDER BY `file_collection` DESC LIMIT 0,2 [ RunTime:0.001299s ]
---------------------------------------------------------------
[ 2018-12-13T19:37:24+08:00 ] 111.163.138.177 POST /index.php/api/Organization/organization_find.html
[ info ] yuewu.dazhu-ltd.cn/index.php/api/Organization/organization_find.html [运行时间：0.043949s][吞吐率：22.75req/s] [内存消耗：3,396.22kb] [文件加载：50]
[ info ] [ LANG ] /www/web/yuewu/public_html/thinkphp/lang/zh-cn.php
[ info ] [ ROUTE ] array (
  'type' => 'module',
  'module' => 
  array (
    0 => 'api',
    1 => 'Organization',
    2 => 'organization_find',
  ),
)
[ info ] [ HEADER ] array (
  'host' => 'yuewu.dazhu-ltd.cn',
  'connection' => 'keep-alive',
  'content-length' => '244',
  'accept' => '*/*',
  'origin' => 'chrome-extension://geobniafmelcledgickglbajofpkllpl',
  'user-agent' => 'Mozilla/5.0 (Windows NT 10.0; Win64; x64) AppleWebKit/537.36 (KHTML, like Gecko) Chrome/70.0.3538.110 Safari/537.36',
  'content-type' => 'multipart/form-data; boundary=----WebKitFormBoundary3YqrbLq7EfMIgDlH',
  'accept-encoding' => 'gzip, deflate',
  'accept-language' => 'zh-CN,zh;q=0.9',
)
[ info ] [ PARAM ] array (
  'organization_id' => '1',
  'user_token' => '',
)
[ info ] [ RUN ] app\api\controller\Organization->organization_find[ /www/web/yuewu/public_html/application/api/controller/Organization.php ]
[ info ] [ DB ] INIT mysql
[ info ] [ LOG ] INIT File
[ sql ] [ DB ] CONNECT:[ UseTime:0.001881s ] mysql:host=114.115.205.226;port=3306;dbname=yuewu;charset=utf8
[ sql ] [ SQL ] SHOW COLUMNS FROM `yw_user` [ RunTime:0.001456s ]
[ sql ] [ SQL ] SELECT * FROM `yw_user` WHERE  `user_token` = '' LIMIT 1 [ RunTime:0.001080s ]
[ sql ] [ SQL ] SHOW COLUMNS FROM `yw_attention` [ RunTime:0.001318s ]
[ sql ] [ SQL ] SELECT * FROM `yw_attention` WHERE  `uid` = 4  AND `fid` = 1  AND `attention_identity` = 2 LIMIT 1 [ RunTime:0.001046s ]
[ sql ] [ SQL ] SHOW COLUMNS FROM `yw_organization` [ RunTime:0.001224s ]
[ sql ] [ SQL ] SELECT `organization_id`,`organization_name`,`organization_cover`,`organization_site`,`organization_facility`,`organization_business_hours`,`organization_level`,`organization_district_id`,`organization_synopsis`,`organization_service` FROM `yw_organization` WHERE  `organization_state` = 1  AND `organization_false_delete` = 1 LIMIT 1 [ RunTime:0.001479s ]
[ sql ] [ SQL ] SELECT `c`.`file_content` FROM `yw_organization` `a` LEFT JOIN `yw_file_organization` `b` ON `a`.`organization_id`=`b`.`organization_id` LEFT JOIN `yw_file` `c` ON `b`.`file_id`=`c`.`file_id` WHERE  `c`.`file_state` = 1  AND `c`.`file_false_delete` = 1  AND `a`.`organization_id` = 1 LIMIT 1 [ RunTime:0.000913s ]
[ sql ] [ SQL ] SHOW COLUMNS FROM `yw_invitation` [ RunTime:0.001164s ]
[ sql ] [ SQL ] SELECT `invitation_organization_id`,`invitation_interview_site`,`invitation_interview_time`,`invitation_dance_type`,`invitation_age_demand`,`invitation_explain`,`invitation_organization_picture`,`invitation_organization_picture2` FROM `yw_invitation` WHERE  `invitation_organization_id` = 1 LIMIT 1 [ RunTime:0.000978s ]
[ sql ] [ SQL ] SELECT `c`.`curriculum_id`,`c`.`curriculum_photo`,`c`.`curriculum_name`,`c`.`curriculum_admin`,`c`.`curriculum_difficulty`,`c`.`curriculum_state`,`c`.`curriculum_actual_price`,`c`.`curriculum_start_time`,`c`.`curriculum_over_time` FROM `yw_organization` `a` LEFT JOIN `yw_organization_curriculum` `b` ON `a`.`organization_id`=`b`.`organization_id` LEFT JOIN `yw_curriculum` `c` ON `b`.`curriculum_id`=`c`.`curriculum_id` WHERE  `a`.`organization_id` = 1  AND `c`.`curriculum_show` = 1 [ RunTime:0.001030s ]
[ sql ] [ SQL ] SHOW COLUMNS FROM `yw_organization_teacher` [ RunTime:0.001257s ]
[ sql ] [ SQL ] SELECT `organization_teacher_id`,`organization_id`,`teacher_photo`,`teacher_name`,`teacher_level`,`teacher_master`,`teacher_intro` FROM `yw_organization_teacher` WHERE  `organization_id` = 1  AND `teacher_show` = 1 [ RunTime:0.000994s ]
[ sql ] [ SQL ] SELECT `c`.`file_id`,`c`.`file_cover`,`a`.`organization_portrait`,`a`.`organization_name`,`c`.`file_collection`,`dance_type_name`,`file_name` FROM `yw_organization` `a` LEFT JOIN `yw_file_organization` `b` ON `a`.`organization_id`=`b`.`organization_id` LEFT JOIN `yw_file` `c` ON `b`.`file_id`=`c`.`file_id` LEFT JOIN `yw_dance_type` `d` ON `c`.`dance_type_id`=`d`.`dance_type_id` ORDER BY `file_collection` DESC LIMIT 0,2 [ RunTime:0.000957s ]
