---------------------------------------------------------------
[ 2019-03-10T11:24:52+08:00 ] 220.115.30.135 POST /index.php/api/Common/fans.html
[ info ] yuewu.dazhu-ltd.cn/index.php/api/Common/fans.html [运行时间：0.033580s][吞吐率：29.78req/s] [内存消耗：3,305.60kb] [文件加载：50]
[ info ] [ LANG ] /www/web/yuewu/public_html/thinkphp/lang/zh-cn.php
[ info ] [ ROUTE ] array (
  'type' => 'module',
  'module' => 
  array (
    0 => 'api',
    1 => 'Common',
    2 => 'fans',
  ),
)
[ info ] [ HEADER ] array (
  'host' => 'yuewu.dazhu-ltd.cn',
  'connection' => 'keep-alive',
  'content-length' => '459',
  'accept' => '*/*',
  'origin' => 'chrome-extension://geobniafmelcledgickglbajofpkllpl',
  'user-agent' => 'Mozilla/5.0 (Windows NT 10.0; Win64; x64) AppleWebKit/537.36 (KHTML, like Gecko) Chrome/70.0.3538.77 Safari/537.36',
  'content-type' => 'multipart/form-data; boundary=----WebKitFormBoundary2mcMKGw6WwxcFz8m',
  'accept-encoding' => 'gzip, deflate',
  'accept-language' => 'zh-CN,zh;q=0.9',
)
[ info ] [ PARAM ] array (
  'user_token' => 'bec93e985a601987262fe91f2fd2c23a',
  'type' => '1',
  'number' => '1',
  'request_type' => '1',
)
[ info ] [ RUN ] app\api\controller\Common->fans[ /www/web/yuewu/public_html/application/api/controller/Common.php ]
[ info ] [ DB ] INIT mysql
[ info ] [ LOG ] INIT File
[ sql ] [ DB ] CONNECT:[ UseTime:0.001760s ] mysql:host=114.115.236.73;port=3306;dbname=yuewu;charset=utf8
[ sql ] [ SQL ] SHOW COLUMNS FROM `yw_user` [ RunTime:0.001308s ]
[ sql ] [ SQL ] SELECT `user_id`,`user_name`,`user_sex`,`user_role`,`user_portrait`,`user_signature`,`user_token`,`user_status`,`user_false_delete` FROM `yw_user` WHERE  `user_token` = 'bec93e985a601987262fe91f2fd2c23a' LIMIT 1 [ RunTime:0.000969s ]
[ sql ] [ SQL ] SHOW COLUMNS FROM `yw_user_teacher` [ RunTime:0.001197s ]
[ sql ] [ SQL ] SELECT * FROM `yw_user_teacher` WHERE  `user_id` = 1  AND `teacher_false_delete` = 1  AND `teacher_state` = 1 LIMIT 1 [ RunTime:0.000899s ]
[ sql ] [ SQL ] SELECT * FROM `yw_user_teacher` WHERE  `user_id` = 1 LIMIT 1 [ RunTime:0.001037s ]
[ sql ] [ SQL ] SHOW COLUMNS FROM `yw_attention` [ RunTime:0.001075s ]
[ sql ] [ SQL ] SELECT `b`.`user_name`,`b`.`user_portrait`,`user_signature` FROM `yw_attention` `a` LEFT JOIN `yw_user` `b` ON `a`.`uid`=`b`.`user_id` WHERE  `fid` = 10  AND `attention_identity` = 1 LIMIT 0,10 [ RunTime:0.000905s ]
---------------------------------------------------------------
[ 2019-03-10T17:20:17+08:00 ] 220.115.30.135 GET /admin/account/login.html
[ info ] yuewu.dazhu-ltd.cn/admin/account/login.html [运行时间：0.017218s][吞吐率：58.08req/s] [内存消耗：2,261.50kb] [文件加载：45]
[ info ] [ LANG ] /www/web/yuewu/public_html/thinkphp/lang/zh-cn.php
[ info ] [ ROUTE ] array (
  'type' => 'module',
  'module' => 
  array (
    0 => 'admin',
    1 => 'account',
    2 => 'login',
  ),
)
[ info ] [ HEADER ] array (
  'host' => 'yuewu.dazhu-ltd.cn',
  'connection' => 'keep-alive',
  'upgrade-insecure-requests' => '1',
  'user-agent' => 'Mozilla/5.0 (Windows NT 10.0; Win64; x64) AppleWebKit/537.36 (KHTML, like Gecko) Chrome/70.0.3538.77 Safari/537.36',
  'accept' => 'text/html,application/xhtml+xml,application/xml;q=0.9,image/webp,image/apng,*/*;q=0.8',
  'accept-encoding' => 'gzip, deflate',
  'accept-language' => 'zh-CN,zh;q=0.9',
)
[ info ] [ PARAM ] array (
)
[ info ] [ RUN ] app\admin\controller\Account->login[ /www/web/yuewu/public_html/application/admin/controller/Account.php ]
[ info ] [ VIEW ] /www/web/yuewu/public_html/application/admin/view/account/login.html [ array (
) ]
[ info ] [ LOG ] INIT File
---------------------------------------------------------------
[ 2019-03-10T17:20:18+08:00 ] 220.115.30.135 GET /admin/account/favicon.ico
[ info ] yuewu.dazhu-ltd.cn/admin/account/favicon.ico [运行时间：0.018219s][吞吐率：54.89req/s] [内存消耗：2,229.06kb] [文件加载：46]
[ info ] [ LANG ] /www/web/yuewu/public_html/thinkphp/lang/zh-cn.php
[ info ] [ ROUTE ] array (
  'type' => 'module',
  'module' => 
  array (
    0 => 'admin',
    1 => 'account',
    2 => 'favicon.ico',
  ),
)
[ info ] [ HEADER ] array (
  'host' => 'yuewu.dazhu-ltd.cn',
  'connection' => 'keep-alive',
  'user-agent' => 'Mozilla/5.0 (Windows NT 10.0; Win64; x64) AppleWebKit/537.36 (KHTML, like Gecko) Chrome/70.0.3538.77 Safari/537.36',
  'accept' => 'image/webp,image/apng,image/*,*/*;q=0.8',
  'referer' => 'http://yuewu.dazhu-ltd.cn/admin/account/login.html',
  'accept-encoding' => 'gzip, deflate',
  'accept-language' => 'zh-CN,zh;q=0.9',
)
[ info ] [ PARAM ] array (
)
[ info ] [ LOG ] INIT File
---------------------------------------------------------------
[ 2019-03-10T17:20:20+08:00 ] 220.115.30.135 POST /admin/account/loginupdate.html
[ info ] yuewu.dazhu-ltd.cn/admin/account/loginupdate.html [运行时间：0.016850s][吞吐率：59.35req/s] [内存消耗：2,278.30kb] [文件加载：46]
[ info ] [ LANG ] /www/web/yuewu/public_html/thinkphp/lang/zh-cn.php
[ info ] [ ROUTE ] array (
  'type' => 'module',
  'module' => 
  array (
    0 => 'admin',
    1 => 'account',
    2 => 'loginupdate',
  ),
)
[ info ] [ HEADER ] array (
  'host' => 'yuewu.dazhu-ltd.cn',
  'connection' => 'keep-alive',
  'content-length' => '232',
  'accept' => '*/*',
  'origin' => 'http://yuewu.dazhu-ltd.cn',
  'x-requested-with' => 'XMLHttpRequest',
  'user-agent' => 'Mozilla/5.0 (Windows NT 10.0; Win64; x64) AppleWebKit/537.36 (KHTML, like Gecko) Chrome/70.0.3538.77 Safari/537.36',
  'content-type' => 'multipart/form-data; boundary=----WebKitFormBoundary5yaIgxJTV5LdzTag',
  'referer' => 'http://yuewu.dazhu-ltd.cn/admin/account/login.html',
  'accept-encoding' => 'gzip, deflate',
  'accept-language' => 'zh-CN,zh;q=0.9',
)
[ info ] [ PARAM ] array (
  'username' => '123',
  'pwd' => '',
)
[ info ] [ RUN ] app\admin\controller\Account->loginupdate[ /www/web/yuewu/public_html/application/admin/controller/Account.php ]
[ info ] [ LOG ] INIT File
---------------------------------------------------------------
[ 2019-03-10T17:20:22+08:00 ] 220.115.30.135 GET /admin/index/index.html
[ info ] yuewu.dazhu-ltd.cn/admin/index/index.html [运行时间：0.017162s][吞吐率：58.27req/s] [内存消耗：2,279.20kb] [文件加载：46]
[ info ] [ LANG ] /www/web/yuewu/public_html/thinkphp/lang/zh-cn.php
[ info ] [ ROUTE ] array (
  'type' => 'module',
  'module' => 
  array (
    0 => 'admin',
    1 => 'index',
    2 => 'index',
  ),
)
[ info ] [ HEADER ] array (
  'host' => 'yuewu.dazhu-ltd.cn',
  'connection' => 'keep-alive',
  'upgrade-insecure-requests' => '1',
  'user-agent' => 'Mozilla/5.0 (Windows NT 10.0; Win64; x64) AppleWebKit/537.36 (KHTML, like Gecko) Chrome/70.0.3538.77 Safari/537.36',
  'accept' => 'text/html,application/xhtml+xml,application/xml;q=0.9,image/webp,image/apng,*/*;q=0.8',
  'referer' => 'http://yuewu.dazhu-ltd.cn/admin/account/login.html',
  'accept-encoding' => 'gzip, deflate',
  'accept-language' => 'zh-CN,zh;q=0.9',
)
[ info ] [ PARAM ] array (
)
[ info ] [ RUN ] app\admin\controller\Index->index[ /www/web/yuewu/public_html/application/admin/controller/Index.php ]
[ info ] [ VIEW ] /www/web/yuewu/public_html/application/admin/view/index/index.html [ array (
) ]
[ info ] [ LOG ] INIT File
---------------------------------------------------------------
[ 2019-03-10T17:20:22+08:00 ] 220.115.30.135 GET /admin/index/homepage.html?v=4.0
[ info ] yuewu.dazhu-ltd.cn/admin/index/homepage.html?v=4.0 [运行时间：0.016336s][吞吐率：61.21req/s] [内存消耗：2,270.23kb] [文件加载：45]
[ info ] [ LANG ] /www/web/yuewu/public_html/thinkphp/lang/zh-cn.php
[ info ] [ ROUTE ] array (
  'type' => 'module',
  'module' => 
  array (
    0 => 'admin',
    1 => 'index',
    2 => 'homepage',
  ),
)
[ info ] [ HEADER ] array (
  'host' => 'yuewu.dazhu-ltd.cn',
  'connection' => 'keep-alive',
  'upgrade-insecure-requests' => '1',
  'user-agent' => 'Mozilla/5.0 (Windows NT 10.0; Win64; x64) AppleWebKit/537.36 (KHTML, like Gecko) Chrome/70.0.3538.77 Safari/537.36',
  'accept' => 'text/html,application/xhtml+xml,application/xml;q=0.9,image/webp,image/apng,*/*;q=0.8',
  'referer' => 'http://yuewu.dazhu-ltd.cn/admin/index/index.html',
  'accept-encoding' => 'gzip, deflate',
  'accept-language' => 'zh-CN,zh;q=0.9',
)
[ info ] [ PARAM ] array (
  'v' => '4.0',
)
[ info ] [ RUN ] app\admin\controller\Index->homepage[ /www/web/yuewu/public_html/application/admin/controller/Index.php ]
[ info ] [ VIEW ] /www/web/yuewu/public_html/application/admin/view/index/homepage.html [ array (
) ]
[ info ] [ LOG ] INIT File
---------------------------------------------------------------
[ 2019-03-10T17:20:22+08:00 ] 220.115.30.135 GET /admin/index/favicon.ico
[ info ] yuewu.dazhu-ltd.cn/admin/index/favicon.ico [运行时间：0.017695s][吞吐率：56.51req/s] [内存消耗：2,246.78kb] [文件加载：47]
[ info ] [ LANG ] /www/web/yuewu/public_html/thinkphp/lang/zh-cn.php
[ info ] [ ROUTE ] array (
  'type' => 'module',
  'module' => 
  array (
    0 => 'admin',
    1 => 'index',
    2 => 'favicon.ico',
  ),
)
[ info ] [ HEADER ] array (
  'host' => 'yuewu.dazhu-ltd.cn',
  'connection' => 'keep-alive',
  'user-agent' => 'Mozilla/5.0 (Windows NT 10.0; Win64; x64) AppleWebKit/537.36 (KHTML, like Gecko) Chrome/70.0.3538.77 Safari/537.36',
  'accept' => 'image/webp,image/apng,image/*,*/*;q=0.8',
  'referer' => 'http://yuewu.dazhu-ltd.cn/admin/index/index.html',
  'accept-encoding' => 'gzip, deflate',
  'accept-language' => 'zh-CN,zh;q=0.9',
)
[ info ] [ PARAM ] array (
)
[ info ] [ LOG ] INIT File
---------------------------------------------------------------
[ 2019-03-10T17:20:24+08:00 ] 220.115.30.135 GET /admin/order/organization_order.html
[ info ] yuewu.dazhu-ltd.cn/admin/order/organization_order.html [运行时间：0.030633s][吞吐率：32.64req/s] [内存消耗：3,568.07kb] [文件加载：58]
[ info ] [ LANG ] /www/web/yuewu/public_html/thinkphp/lang/zh-cn.php
[ info ] [ ROUTE ] array (
  'type' => 'module',
  'module' => 
  array (
    0 => 'admin',
    1 => 'order',
    2 => 'organization_order',
  ),
)
[ info ] [ HEADER ] array (
  'host' => 'yuewu.dazhu-ltd.cn',
  'connection' => 'keep-alive',
  'upgrade-insecure-requests' => '1',
  'user-agent' => 'Mozilla/5.0 (Windows NT 10.0; Win64; x64) AppleWebKit/537.36 (KHTML, like Gecko) Chrome/70.0.3538.77 Safari/537.36',
  'accept' => 'text/html,application/xhtml+xml,application/xml;q=0.9,image/webp,image/apng,*/*;q=0.8',
  'referer' => 'http://yuewu.dazhu-ltd.cn/admin/index/index.html',
  'accept-encoding' => 'gzip, deflate',
  'accept-language' => 'zh-CN,zh;q=0.9',
)
[ info ] [ PARAM ] array (
)
[ info ] [ RUN ] app\admin\controller\Order->organization_order[ /www/web/yuewu/public_html/application/admin/controller/Order.php ]
[ info ] [ DB ] INIT mysql
[ info ] [ VIEW ] /www/web/yuewu/public_html/application/admin/view/order/organization_order.html [ array (
  0 => 'seek',
  1 => 'organization_order_list',
) ]
[ info ] [ LOG ] INIT File
[ sql ] [ DB ] CONNECT:[ UseTime:0.001673s ] mysql:host=114.115.236.73;port=3306;dbname=yuewu;charset=utf8
[ sql ] [ SQL ] SHOW COLUMNS FROM `yw_order` [ RunTime:0.001346s ]
[ sql ] [ SQL ] SELECT COUNT(*) AS tp_count FROM `yw_order` `a` LEFT JOIN `yw_curriculum` `b` ON `a`.`curriculum_id`=`b`.`curriculum_id` LEFT JOIN `yw_organization` `c` ON `b`.`id`=`c`.`organization_id` LEFT JOIN `yw_user` `d` ON `a`.`user_id`=`d`.`user_id` WHERE  `b`.`curriculum_identity_type` = 2  AND ( `b`.`curriculum_name` LIKE '%%' OR `d`.`user_phone` LIKE '%%' ) LIMIT 1 [ RunTime:0.001040s ]
[ sql ] [ SQL ] SELECT * FROM `yw_order` `a` LEFT JOIN `yw_curriculum` `b` ON `a`.`curriculum_id`=`b`.`curriculum_id` LEFT JOIN `yw_organization` `c` ON `b`.`id`=`c`.`organization_id` LEFT JOIN `yw_user` `d` ON `a`.`user_id`=`d`.`user_id` WHERE  `b`.`curriculum_identity_type` = 2  AND ( `b`.`curriculum_name` LIKE '%%' OR `d`.`user_phone` LIKE '%%' ) ORDER BY `order_createtime` DESC LIMIT 0,25 [ RunTime:0.001209s ]
---------------------------------------------------------------
[ 2019-03-10T17:20:24+08:00 ] 220.115.30.135 GET /admin/order/teacher_order.html
[ info ] yuewu.dazhu-ltd.cn/admin/order/teacher_order.html [运行时间：0.029703s][吞吐率：33.67req/s] [内存消耗：3,549.63kb] [文件加载：58]
[ info ] [ LANG ] /www/web/yuewu/public_html/thinkphp/lang/zh-cn.php
[ info ] [ ROUTE ] array (
  'type' => 'module',
  'module' => 
  array (
    0 => 'admin',
    1 => 'order',
    2 => 'teacher_order',
  ),
)
[ info ] [ HEADER ] array (
  'host' => 'yuewu.dazhu-ltd.cn',
  'connection' => 'keep-alive',
  'upgrade-insecure-requests' => '1',
  'user-agent' => 'Mozilla/5.0 (Windows NT 10.0; Win64; x64) AppleWebKit/537.36 (KHTML, like Gecko) Chrome/70.0.3538.77 Safari/537.36',
  'accept' => 'text/html,application/xhtml+xml,application/xml;q=0.9,image/webp,image/apng,*/*;q=0.8',
  'referer' => 'http://yuewu.dazhu-ltd.cn/admin/index/index.html',
  'accept-encoding' => 'gzip, deflate',
  'accept-language' => 'zh-CN,zh;q=0.9',
)
[ info ] [ PARAM ] array (
)
[ info ] [ RUN ] app\admin\controller\Order->teacher_order[ /www/web/yuewu/public_html/application/admin/controller/Order.php ]
[ info ] [ DB ] INIT mysql
[ info ] [ VIEW ] /www/web/yuewu/public_html/application/admin/view/order/teacher_order.html [ array (
  0 => 'seek',
  1 => 'teacher_order_list',
) ]
[ info ] [ LOG ] INIT File
[ sql ] [ DB ] CONNECT:[ UseTime:0.001429s ] mysql:host=114.115.236.73;port=3306;dbname=yuewu;charset=utf8
[ sql ] [ SQL ] SHOW COLUMNS FROM `yw_order` [ RunTime:0.001175s ]
[ sql ] [ SQL ] SELECT COUNT(*) AS tp_count FROM `yw_order` `a` LEFT JOIN `yw_curriculum` `b` ON `a`.`curriculum_id`=`b`.`curriculum_id` LEFT JOIN `yw_user_teacher` `c` ON `b`.`id`=`c`.`user_teacher_id` LEFT JOIN `yw_user` `d` ON `a`.`user_id`=`d`.`user_id` WHERE  `b`.`curriculum_identity_type` = 1  AND ( `b`.`curriculum_name` LIKE '%%' OR `d`.`user_phone` LIKE '%%' ) LIMIT 1 [ RunTime:0.000956s ]
[ sql ] [ SQL ] SELECT * FROM `yw_order` `a` LEFT JOIN `yw_curriculum` `b` ON `a`.`curriculum_id`=`b`.`curriculum_id` LEFT JOIN `yw_user_teacher` `c` ON `b`.`id`=`c`.`user_teacher_id` LEFT JOIN `yw_user` `d` ON `a`.`user_id`=`d`.`user_id` WHERE  `b`.`curriculum_identity_type` = 1  AND ( `b`.`curriculum_name` LIKE '%%' OR `d`.`user_phone` LIKE '%%' ) ORDER BY `order_createtime` DESC LIMIT 0,25 [ RunTime:0.001250s ]
---------------------------------------------------------------
[ 2019-03-10T17:20:26+08:00 ] 220.115.30.135 GET /admin/order/organization_order.html
[ info ] yuewu.dazhu-ltd.cn/admin/order/organization_order.html [运行时间：0.029825s][吞吐率：33.53req/s] [内存消耗：3,568.07kb] [文件加载：58]
[ info ] [ LANG ] /www/web/yuewu/public_html/thinkphp/lang/zh-cn.php
[ info ] [ ROUTE ] array (
  'type' => 'module',
  'module' => 
  array (
    0 => 'admin',
    1 => 'order',
    2 => 'organization_order',
  ),
)
[ info ] [ HEADER ] array (
  'host' => 'yuewu.dazhu-ltd.cn',
  'connection' => 'keep-alive',
  'upgrade-insecure-requests' => '1',
  'user-agent' => 'Mozilla/5.0 (Windows NT 10.0; Win64; x64) AppleWebKit/537.36 (KHTML, like Gecko) Chrome/70.0.3538.77 Safari/537.36',
  'accept' => 'text/html,application/xhtml+xml,application/xml;q=0.9,image/webp,image/apng,*/*;q=0.8',
  'referer' => 'http://yuewu.dazhu-ltd.cn/admin/index/index.html',
  'accept-encoding' => 'gzip, deflate',
  'accept-language' => 'zh-CN,zh;q=0.9',
)
[ info ] [ PARAM ] array (
)
[ info ] [ RUN ] app\admin\controller\Order->organization_order[ /www/web/yuewu/public_html/application/admin/controller/Order.php ]
[ info ] [ DB ] INIT mysql
[ info ] [ VIEW ] /www/web/yuewu/public_html/application/admin/view/order/organization_order.html [ array (
  0 => 'seek',
  1 => 'organization_order_list',
) ]
[ info ] [ LOG ] INIT File
[ sql ] [ DB ] CONNECT:[ UseTime:0.001378s ] mysql:host=114.115.236.73;port=3306;dbname=yuewu;charset=utf8
[ sql ] [ SQL ] SHOW COLUMNS FROM `yw_order` [ RunTime:0.001182s ]
[ sql ] [ SQL ] SELECT COUNT(*) AS tp_count FROM `yw_order` `a` LEFT JOIN `yw_curriculum` `b` ON `a`.`curriculum_id`=`b`.`curriculum_id` LEFT JOIN `yw_organization` `c` ON `b`.`id`=`c`.`organization_id` LEFT JOIN `yw_user` `d` ON `a`.`user_id`=`d`.`user_id` WHERE  `b`.`curriculum_identity_type` = 2  AND ( `b`.`curriculum_name` LIKE '%%' OR `d`.`user_phone` LIKE '%%' ) LIMIT 1 [ RunTime:0.000932s ]
[ sql ] [ SQL ] SELECT * FROM `yw_order` `a` LEFT JOIN `yw_curriculum` `b` ON `a`.`curriculum_id`=`b`.`curriculum_id` LEFT JOIN `yw_organization` `c` ON `b`.`id`=`c`.`organization_id` LEFT JOIN `yw_user` `d` ON `a`.`user_id`=`d`.`user_id` WHERE  `b`.`curriculum_identity_type` = 2  AND ( `b`.`curriculum_name` LIKE '%%' OR `d`.`user_phone` LIKE '%%' ) ORDER BY `order_createtime` DESC LIMIT 0,25 [ RunTime:0.000988s ]
---------------------------------------------------------------
[ 2019-03-10T17:20:30+08:00 ] 220.115.30.135 GET /admin/discounts/discounts_list.html
[ info ] yuewu.dazhu-ltd.cn/admin/discounts/discounts_list.html [运行时间：0.029359s][吞吐率：34.06req/s] [内存消耗：3,510.27kb] [文件加载：57]
[ info ] [ LANG ] /www/web/yuewu/public_html/thinkphp/lang/zh-cn.php
[ info ] [ ROUTE ] array (
  'type' => 'module',
  'module' => 
  array (
    0 => 'admin',
    1 => 'discounts',
    2 => 'discounts_list',
  ),
)
[ info ] [ HEADER ] array (
  'host' => 'yuewu.dazhu-ltd.cn',
  'connection' => 'keep-alive',
  'upgrade-insecure-requests' => '1',
  'user-agent' => 'Mozilla/5.0 (Windows NT 10.0; Win64; x64) AppleWebKit/537.36 (KHTML, like Gecko) Chrome/70.0.3538.77 Safari/537.36',
  'accept' => 'text/html,application/xhtml+xml,application/xml;q=0.9,image/webp,image/apng,*/*;q=0.8',
  'referer' => 'http://yuewu.dazhu-ltd.cn/admin/index/index.html',
  'accept-encoding' => 'gzip, deflate',
  'accept-language' => 'zh-CN,zh;q=0.9',
)
[ info ] [ PARAM ] array (
)
[ info ] [ RUN ] app\admin\controller\Discounts->discounts_list[ /www/web/yuewu/public_html/application/admin/controller/Discounts.php ]
[ info ] [ DB ] INIT mysql
[ info ] [ VIEW ] /www/web/yuewu/public_html/application/admin/view/discounts/discounts_list.html [ array (
  0 => 'discounts',
  1 => 'seek',
) ]
[ info ] [ LOG ] INIT File
[ sql ] [ DB ] CONNECT:[ UseTime:0.001425s ] mysql:host=114.115.236.73;port=3306;dbname=yuewu;charset=utf8
[ sql ] [ SQL ] SHOW COLUMNS FROM `yw_discounts` [ RunTime:0.001195s ]
[ sql ] [ SQL ] SELECT COUNT(*) AS tp_count FROM `yw_discounts` WHERE  `discounts_false_delete` = 1 LIMIT 1 [ RunTime:0.001074s ]
[ sql ] [ SQL ] SELECT * FROM `yw_discounts` WHERE  `discounts_false_delete` = 1 LIMIT 0,12 [ RunTime:0.000853s ]
---------------------------------------------------------------
[ 2019-03-10T17:20:35+08:00 ] 220.115.30.135 GET /admin/order/organization_order.html
[ info ] yuewu.dazhu-ltd.cn/admin/order/organization_order.html [运行时间：0.030618s][吞吐率：32.66req/s] [内存消耗：3,568.07kb] [文件加载：58]
[ info ] [ LANG ] /www/web/yuewu/public_html/thinkphp/lang/zh-cn.php
[ info ] [ ROUTE ] array (
  'type' => 'module',
  'module' => 
  array (
    0 => 'admin',
    1 => 'order',
    2 => 'organization_order',
  ),
)
[ info ] [ HEADER ] array (
  'host' => 'yuewu.dazhu-ltd.cn',
  'connection' => 'keep-alive',
  'upgrade-insecure-requests' => '1',
  'user-agent' => 'Mozilla/5.0 (Windows NT 10.0; Win64; x64) AppleWebKit/537.36 (KHTML, like Gecko) Chrome/70.0.3538.77 Safari/537.36',
  'accept' => 'text/html,application/xhtml+xml,application/xml;q=0.9,image/webp,image/apng,*/*;q=0.8',
  'referer' => 'http://yuewu.dazhu-ltd.cn/admin/index/index.html',
  'accept-encoding' => 'gzip, deflate',
  'accept-language' => 'zh-CN,zh;q=0.9',
)
[ info ] [ PARAM ] array (
)
[ info ] [ RUN ] app\admin\controller\Order->organization_order[ /www/web/yuewu/public_html/application/admin/controller/Order.php ]
[ info ] [ DB ] INIT mysql
[ info ] [ VIEW ] /www/web/yuewu/public_html/application/admin/view/order/organization_order.html [ array (
  0 => 'seek',
  1 => 'organization_order_list',
) ]
[ info ] [ LOG ] INIT File
[ sql ] [ DB ] CONNECT:[ UseTime:0.001515s ] mysql:host=114.115.236.73;port=3306;dbname=yuewu;charset=utf8
[ sql ] [ SQL ] SHOW COLUMNS FROM `yw_order` [ RunTime:0.001297s ]
[ sql ] [ SQL ] SELECT COUNT(*) AS tp_count FROM `yw_order` `a` LEFT JOIN `yw_curriculum` `b` ON `a`.`curriculum_id`=`b`.`curriculum_id` LEFT JOIN `yw_organization` `c` ON `b`.`id`=`c`.`organization_id` LEFT JOIN `yw_user` `d` ON `a`.`user_id`=`d`.`user_id` WHERE  `b`.`curriculum_identity_type` = 2  AND ( `b`.`curriculum_name` LIKE '%%' OR `d`.`user_phone` LIKE '%%' ) LIMIT 1 [ RunTime:0.001104s ]
[ sql ] [ SQL ] SELECT * FROM `yw_order` `a` LEFT JOIN `yw_curriculum` `b` ON `a`.`curriculum_id`=`b`.`curriculum_id` LEFT JOIN `yw_organization` `c` ON `b`.`id`=`c`.`organization_id` LEFT JOIN `yw_user` `d` ON `a`.`user_id`=`d`.`user_id` WHERE  `b`.`curriculum_identity_type` = 2  AND ( `b`.`curriculum_name` LIKE '%%' OR `d`.`user_phone` LIKE '%%' ) ORDER BY `order_createtime` DESC LIMIT 0,25 [ RunTime:0.001180s ]
---------------------------------------------------------------
[ 2019-03-10T17:20:36+08:00 ] 220.115.30.135 GET /admin/order/teacher_order.html
[ info ] yuewu.dazhu-ltd.cn/admin/order/teacher_order.html [运行时间：0.030721s][吞吐率：32.55req/s] [内存消耗：3,549.63kb] [文件加载：58]
[ info ] [ LANG ] /www/web/yuewu/public_html/thinkphp/lang/zh-cn.php
[ info ] [ ROUTE ] array (
  'type' => 'module',
  'module' => 
  array (
    0 => 'admin',
    1 => 'order',
    2 => 'teacher_order',
  ),
)
[ info ] [ HEADER ] array (
  'host' => 'yuewu.dazhu-ltd.cn',
  'connection' => 'keep-alive',
  'upgrade-insecure-requests' => '1',
  'user-agent' => 'Mozilla/5.0 (Windows NT 10.0; Win64; x64) AppleWebKit/537.36 (KHTML, like Gecko) Chrome/70.0.3538.77 Safari/537.36',
  'accept' => 'text/html,application/xhtml+xml,application/xml;q=0.9,image/webp,image/apng,*/*;q=0.8',
  'referer' => 'http://yuewu.dazhu-ltd.cn/admin/index/index.html',
  'accept-encoding' => 'gzip, deflate',
  'accept-language' => 'zh-CN,zh;q=0.9',
)
[ info ] [ PARAM ] array (
)
[ info ] [ RUN ] app\admin\controller\Order->teacher_order[ /www/web/yuewu/public_html/application/admin/controller/Order.php ]
[ info ] [ DB ] INIT mysql
[ info ] [ VIEW ] /www/web/yuewu/public_html/application/admin/view/order/teacher_order.html [ array (
  0 => 'seek',
  1 => 'teacher_order_list',
) ]
[ info ] [ LOG ] INIT File
[ sql ] [ DB ] CONNECT:[ UseTime:0.001614s ] mysql:host=114.115.236.73;port=3306;dbname=yuewu;charset=utf8
[ sql ] [ SQL ] SHOW COLUMNS FROM `yw_order` [ RunTime:0.001227s ]
[ sql ] [ SQL ] SELECT COUNT(*) AS tp_count FROM `yw_order` `a` LEFT JOIN `yw_curriculum` `b` ON `a`.`curriculum_id`=`b`.`curriculum_id` LEFT JOIN `yw_user_teacher` `c` ON `b`.`id`=`c`.`user_teacher_id` LEFT JOIN `yw_user` `d` ON `a`.`user_id`=`d`.`user_id` WHERE  `b`.`curriculum_identity_type` = 1  AND ( `b`.`curriculum_name` LIKE '%%' OR `d`.`user_phone` LIKE '%%' ) LIMIT 1 [ RunTime:0.000835s ]
[ sql ] [ SQL ] SELECT * FROM `yw_order` `a` LEFT JOIN `yw_curriculum` `b` ON `a`.`curriculum_id`=`b`.`curriculum_id` LEFT JOIN `yw_user_teacher` `c` ON `b`.`id`=`c`.`user_teacher_id` LEFT JOIN `yw_user` `d` ON `a`.`user_id`=`d`.`user_id` WHERE  `b`.`curriculum_identity_type` = 1  AND ( `b`.`curriculum_name` LIKE '%%' OR `d`.`user_phone` LIKE '%%' ) ORDER BY `order_createtime` DESC LIMIT 0,25 [ RunTime:0.001153s ]
---------------------------------------------------------------
[ 2019-03-10T17:22:39+08:00 ] 220.115.30.135 GET /admin/order/organization_order.html
[ info ] yuewu.dazhu-ltd.cn/admin/order/organization_order.html [运行时间：0.041951s][吞吐率：23.84req/s] [内存消耗：3,568.07kb] [文件加载：58]
[ info ] [ LANG ] /www/web/yuewu/public_html/thinkphp/lang/zh-cn.php
[ info ] [ ROUTE ] array (
  'type' => 'module',
  'module' => 
  array (
    0 => 'admin',
    1 => 'order',
    2 => 'organization_order',
  ),
)
[ info ] [ HEADER ] array (
  'host' => 'yuewu.dazhu-ltd.cn',
  'connection' => 'keep-alive',
  'upgrade-insecure-requests' => '1',
  'user-agent' => 'Mozilla/5.0 (Windows NT 10.0; Win64; x64) AppleWebKit/537.36 (KHTML, like Gecko) Chrome/70.0.3538.77 Safari/537.36',
  'accept' => 'text/html,application/xhtml+xml,application/xml;q=0.9,image/webp,image/apng,*/*;q=0.8',
  'referer' => 'http://yuewu.dazhu-ltd.cn/admin/index/index.html',
  'accept-encoding' => 'gzip, deflate',
  'accept-language' => 'zh-CN,zh;q=0.9',
)
[ info ] [ PARAM ] array (
)
[ info ] [ RUN ] app\admin\controller\Order->organization_order[ /www/web/yuewu/public_html/application/admin/controller/Order.php ]
[ info ] [ DB ] INIT mysql
[ info ] [ VIEW ] /www/web/yuewu/public_html/application/admin/view/order/organization_order.html [ array (
  0 => 'seek',
  1 => 'organization_order_list',
) ]
[ info ] [ LOG ] INIT File
[ sql ] [ DB ] CONNECT:[ UseTime:0.001756s ] mysql:host=114.115.236.73;port=3306;dbname=yuewu;charset=utf8
[ sql ] [ SQL ] SHOW COLUMNS FROM `yw_order` [ RunTime:0.001396s ]
[ sql ] [ SQL ] SELECT COUNT(*) AS tp_count FROM `yw_order` `a` LEFT JOIN `yw_curriculum` `b` ON `a`.`curriculum_id`=`b`.`curriculum_id` LEFT JOIN `yw_organization` `c` ON `b`.`id`=`c`.`organization_id` LEFT JOIN `yw_user` `d` ON `a`.`user_id`=`d`.`user_id` WHERE  `b`.`curriculum_identity_type` = 2  AND ( `b`.`curriculum_name` LIKE '%%' OR `d`.`user_phone` LIKE '%%' ) LIMIT 1 [ RunTime:0.000961s ]
[ sql ] [ SQL ] SELECT * FROM `yw_order` `a` LEFT JOIN `yw_curriculum` `b` ON `a`.`curriculum_id`=`b`.`curriculum_id` LEFT JOIN `yw_organization` `c` ON `b`.`id`=`c`.`organization_id` LEFT JOIN `yw_user` `d` ON `a`.`user_id`=`d`.`user_id` WHERE  `b`.`curriculum_identity_type` = 2  AND ( `b`.`curriculum_name` LIKE '%%' OR `d`.`user_phone` LIKE '%%' ) ORDER BY `order_createtime` DESC LIMIT 0,25 [ RunTime:0.001210s ]
---------------------------------------------------------------
[ 2019-03-10T19:01:25+08:00 ] 218.26.55.153 GET /public/uploads/(null)
[ info ] yuewu.dazhu-ltd.cn/public/uploads/(null) [运行时间：0.014506s][吞吐率：68.94req/s] [内存消耗：1,834.56kb] [文件加载：37]
[ info ] [ LANG ] /www/web/yuewu/public_html/thinkphp/lang/zh-cn.php
[ info ] [ ROUTE ] array (
  'type' => 'module',
  'module' => 
  array (
    0 => 'public',
    1 => 'uploads',
    2 => '(null)',
  ),
)
[ info ] [ HEADER ] array (
  'host' => 'yuewu.dazhu-ltd.cn',
  'accept' => 'image/*;q=0.8',
  'accept-language' => 'zh-cn',
  'connection' => 'keep-alive',
  'accept-encoding' => 'gzip, deflate',
  'user-agent' => 'TJ-ZXJY/1.1 CFNetwork/975.0.3 Darwin/18.2.0',
)
[ info ] [ PARAM ] array (
)
[ info ] [ LOG ] INIT File
---------------------------------------------------------------
[ 2019-03-10T19:01:25+08:00 ] 218.26.55.153 POST /index.php/api/index/index.html
[ info ] yuewu.dazhu-ltd.cn/index.php/api/index/index.html [运行时间：0.031103s][吞吐率：32.15req/s] [内存消耗：3,498.50kb] [文件加载：55]
[ info ] [ LANG ] /www/web/yuewu/public_html/thinkphp/lang/zh-cn.php
[ info ] [ ROUTE ] array (
  'type' => 'module',
  'module' => 
  array (
    0 => 'api',
    1 => 'index',
    2 => 'index',
  ),
)
[ info ] [ HEADER ] array (
  'host' => 'yuewu.dazhu-ltd.cn',
  'content-type' => 'application/json',
  'connection' => 'keep-alive',
  'accept' => '*/*',
  'user-agent' => 'TJ-ZXJY/1.0 (iPhone; iOS 12.1; Scale/3.00)',
  'accept-language' => 'zh-Hans-CN;q=1',
  'content-length' => '59',
  'accept-encoding' => 'gzip, deflate',
)
[ info ] [ PARAM ] array (
  'district_id' => '',
  'dance_type_id' => '',
  'order' => '1',
  'seek' => '',
)
[ info ] [ RUN ] app\api\controller\Index->index[ /www/web/yuewu/public_html/application/api/controller/Index.php ]
[ info ] [ DB ] INIT mysql
[ info ] [ LOG ] INIT File
[ sql ] [ DB ] CONNECT:[ UseTime:0.001611s ] mysql:host=114.115.236.73;port=3306;dbname=yuewu;charset=utf8
[ sql ] [ SQL ] SHOW COLUMNS FROM `yw_district` [ RunTime:0.001167s ]
[ sql ] [ SQL ] SELECT `district_id` FROM `yw_district` WHERE  `district_status` = 1 ORDER BY `district_creattime` DESC LIMIT 1 [ RunTime:0.000837s ]
[ sql ] [ SQL ] SHOW COLUMNS FROM `yw_dance_type` [ RunTime:0.001085s ]
[ error ] [10501]SQLSTATE[42S22]: Column not found: 1054 Unknown column 'district_creattime' in 'order clause'[/www/web/yuewu/public_html/thinkphp/library/think/db/Connection.php:390]
---------------------------------------------------------------
[ 2019-03-10T19:01:26+08:00 ] 218.26.55.153 GET /public/uploads/(null)
[ info ] yuewu.dazhu-ltd.cn/public/uploads/(null) [运行时间：0.014255s][吞吐率：70.15req/s] [内存消耗：1,834.56kb] [文件加载：37]
[ info ] [ LANG ] /www/web/yuewu/public_html/thinkphp/lang/zh-cn.php
[ info ] [ ROUTE ] array (
  'type' => 'module',
  'module' => 
  array (
    0 => 'public',
    1 => 'uploads',
    2 => '(null)',
  ),
)
[ info ] [ HEADER ] array (
  'host' => 'yuewu.dazhu-ltd.cn',
  'accept' => 'image/*;q=0.8',
  'accept-language' => 'zh-cn',
  'connection' => 'keep-alive',
  'accept-encoding' => 'gzip, deflate',
  'user-agent' => 'TJ-ZXJY/1.1 CFNetwork/975.0.3 Darwin/18.2.0',
)
[ info ] [ PARAM ] array (
)
[ info ] [ LOG ] INIT File
---------------------------------------------------------------
[ 2019-03-10T19:02:02+08:00 ] 218.26.55.153 POST /index.php/api/index/index_paging.html
[ info ] yuewu.dazhu-ltd.cn/index.php/api/index/index_paging.html [运行时间：0.033812s][吞吐率：29.58req/s] [内存消耗：3,460.55kb] [文件加载：50]
[ info ] [ LANG ] /www/web/yuewu/public_html/thinkphp/lang/zh-cn.php
[ info ] [ ROUTE ] array (
  'type' => 'module',
  'module' => 
  array (
    0 => 'api',
    1 => 'index',
    2 => 'index_paging',
  ),
)
[ info ] [ HEADER ] array (
  'host' => 'yuewu.dazhu-ltd.cn',
  'content-type' => 'application/json',
  'connection' => 'keep-alive',
  'accept' => '*/*',
  'user-agent' => 'TJ-ZXJY/1.0 (iPhone; iOS 12.1; Scale/3.00)',
  'accept-language' => 'zh-Hans-CN;q=1',
  'content-length' => '72',
  'accept-encoding' => 'gzip, deflate',
)
[ info ] [ PARAM ] array (
  'district_id' => '',
  'dance_type_id' => '',
  'order' => '1',
  'seek' => '',
  'paging' => '1',
)
[ info ] [ RUN ] app\api\controller\Index->index_paging[ /www/web/yuewu/public_html/application/api/controller/Index.php ]
[ info ] [ DB ] INIT mysql
[ info ] [ LOG ] INIT File
[ sql ] [ DB ] CONNECT:[ UseTime:0.001775s ] mysql:host=114.115.236.73;port=3306;dbname=yuewu;charset=utf8
[ sql ] [ SQL ] SHOW COLUMNS FROM `yw_district` [ RunTime:0.002488s ]
[ sql ] [ SQL ] SELECT `district_id` FROM `yw_district` WHERE  `district_status` = 1 LIMIT 1 [ RunTime:0.000836s ]
[ sql ] [ SQL ] SHOW COLUMNS FROM `yw_dance_type` [ RunTime:0.001062s ]
[ sql ] [ SQL ] SELECT `dance_type_id` FROM `yw_dance_type` WHERE  `dance_type_status` = 1 LIMIT 1 [ RunTime:0.000791s ]
[ sql ] [ SQL ] SHOW COLUMNS FROM `yw_file` [ RunTime:0.001074s ]
[ sql ] [ SQL ] SELECT a.file_id as file_id,`a`.`file_cover`,`a`.`file_category`,`g`.`user_name`,`g`.`user_id`,`g`.`user_portrait`,`a`.`file_name`,`a`.`file_collection`,`e`.`teacher_name`,`e`.`user_teacher_id`,`e`.`teacher_portrait`,`c`.`organization_name`,`c`.`organization_portrait`,`c`.`organization_id` FROM `yw_file` `a` LEFT JOIN `yw_file_organization` `b` ON `a`.`file_id`=`b`.`file_id` LEFT JOIN `yw_organization` `c` ON `b`.`organization_id`=`c`.`organization_id` LEFT JOIN `yw_file_user_teacher` `d` ON `a`.`file_id`=`d`.`file_id` LEFT JOIN `yw_user_teacher` `e` ON `d`.`user_teacher_id`=`e`.`user_teacher_id` LEFT JOIN `yw_file_user` `f` ON `a`.`file_id`=`f`.`file_id` LEFT JOIN `yw_user` `g` ON `f`.`user_id`=`g`.`user_id` WHERE  `a`.`district_id` = 1  AND `a`.`file_false_delete` = 1  AND `file_name` LIKE '%%' ORDER BY `file_creattime` DESC LIMIT 0,10 [ RunTime:0.001422s ]
---------------------------------------------------------------
[ 2019-03-10T19:02:03+08:00 ] 218.26.55.153 GET /public/uploads/(null)
[ info ] yuewu.dazhu-ltd.cn/public/uploads/(null) [运行时间：0.014303s][吞吐率：69.92req/s] [内存消耗：1,834.56kb] [文件加载：37]
[ info ] [ LANG ] /www/web/yuewu/public_html/thinkphp/lang/zh-cn.php
[ info ] [ ROUTE ] array (
  'type' => 'module',
  'module' => 
  array (
    0 => 'public',
    1 => 'uploads',
    2 => '(null)',
  ),
)
[ info ] [ HEADER ] array (
  'host' => 'yuewu.dazhu-ltd.cn',
  'accept' => 'image/*;q=0.8',
  'accept-language' => 'zh-cn',
  'connection' => 'keep-alive',
  'accept-encoding' => 'gzip, deflate',
  'user-agent' => 'TJ-ZXJY/1.1 CFNetwork/975.0.3 Darwin/18.2.0',
)
[ info ] [ PARAM ] array (
)
[ info ] [ LOG ] INIT File
---------------------------------------------------------------
[ 2019-03-10T19:02:04+08:00 ] 218.26.55.153 POST /index.php/api/index/index.html
[ info ] yuewu.dazhu-ltd.cn/index.php/api/index/index.html [运行时间：0.031448s][吞吐率：31.80req/s] [内存消耗：3,498.50kb] [文件加载：55]
[ info ] [ LANG ] /www/web/yuewu/public_html/thinkphp/lang/zh-cn.php
[ info ] [ ROUTE ] array (
  'type' => 'module',
  'module' => 
  array (
    0 => 'api',
    1 => 'index',
    2 => 'index',
  ),
)
[ info ] [ HEADER ] array (
  'host' => 'yuewu.dazhu-ltd.cn',
  'content-type' => 'application/json',
  'connection' => 'keep-alive',
  'accept' => '*/*',
  'user-agent' => 'TJ-ZXJY/1.0 (iPhone; iOS 12.1; Scale/3.00)',
  'accept-language' => 'zh-Hans-CN;q=1',
  'content-length' => '59',
  'accept-encoding' => 'gzip, deflate',
)
[ info ] [ PARAM ] array (
  'district_id' => '',
  'dance_type_id' => '',
  'order' => '1',
  'seek' => '',
)
[ info ] [ RUN ] app\api\controller\Index->index[ /www/web/yuewu/public_html/application/api/controller/Index.php ]
[ info ] [ DB ] INIT mysql
[ info ] [ LOG ] INIT File
[ sql ] [ DB ] CONNECT:[ UseTime:0.001605s ] mysql:host=114.115.236.73;port=3306;dbname=yuewu;charset=utf8
[ sql ] [ SQL ] SHOW COLUMNS FROM `yw_district` [ RunTime:0.001412s ]
[ sql ] [ SQL ] SELECT `district_id` FROM `yw_district` WHERE  `district_status` = 1 ORDER BY `district_creattime` DESC LIMIT 1 [ RunTime:0.000954s ]
[ sql ] [ SQL ] SHOW COLUMNS FROM `yw_dance_type` [ RunTime:0.001277s ]
[ error ] [10501]SQLSTATE[42S22]: Column not found: 1054 Unknown column 'district_creattime' in 'order clause'[/www/web/yuewu/public_html/thinkphp/library/think/db/Connection.php:390]
---------------------------------------------------------------
[ 2019-03-10T19:02:05+08:00 ] 218.26.55.153 GET /public/uploads/(null)
[ info ] yuewu.dazhu-ltd.cn/public/uploads/(null) [运行时间：0.014357s][吞吐率：69.65req/s] [内存消耗：1,834.56kb] [文件加载：37]
[ info ] [ LANG ] /www/web/yuewu/public_html/thinkphp/lang/zh-cn.php
[ info ] [ ROUTE ] array (
  'type' => 'module',
  'module' => 
  array (
    0 => 'public',
    1 => 'uploads',
    2 => '(null)',
  ),
)
[ info ] [ HEADER ] array (
  'host' => 'yuewu.dazhu-ltd.cn',
  'accept' => 'image/*;q=0.8',
  'accept-language' => 'zh-cn',
  'connection' => 'keep-alive',
  'accept-encoding' => 'gzip, deflate',
  'user-agent' => 'TJ-ZXJY/1.1 CFNetwork/975.0.3 Darwin/18.2.0',
)
[ info ] [ PARAM ] array (
)
[ info ] [ LOG ] INIT File
---------------------------------------------------------------
[ 2019-03-10T19:02:05+08:00 ] 218.26.55.153 POST /index.php/api/index/index_paging.html
[ info ] yuewu.dazhu-ltd.cn/index.php/api/index/index_paging.html [运行时间：0.033034s][吞吐率：30.27req/s] [内存消耗：3,460.55kb] [文件加载：50]
[ info ] [ LANG ] /www/web/yuewu/public_html/thinkphp/lang/zh-cn.php
[ info ] [ ROUTE ] array (
  'type' => 'module',
  'module' => 
  array (
    0 => 'api',
    1 => 'index',
    2 => 'index_paging',
  ),
)
[ info ] [ HEADER ] array (
  'host' => 'yuewu.dazhu-ltd.cn',
  'content-type' => 'application/json',
  'connection' => 'keep-alive',
  'accept' => '*/*',
  'user-agent' => 'TJ-ZXJY/1.0 (iPhone; iOS 12.1; Scale/3.00)',
  'accept-language' => 'zh-Hans-CN;q=1',
  'content-length' => '72',
  'accept-encoding' => 'gzip, deflate',
)
[ info ] [ PARAM ] array (
  'district_id' => '',
  'dance_type_id' => '',
  'order' => '1',
  'seek' => '',
  'paging' => '1',
)
[ info ] [ RUN ] app\api\controller\Index->index_paging[ /www/web/yuewu/public_html/application/api/controller/Index.php ]
[ info ] [ DB ] INIT mysql
[ info ] [ LOG ] INIT File
[ sql ] [ DB ] CONNECT:[ UseTime:0.001524s ] mysql:host=114.115.236.73;port=3306;dbname=yuewu;charset=utf8
[ sql ] [ SQL ] SHOW COLUMNS FROM `yw_district` [ RunTime:0.001156s ]
[ sql ] [ SQL ] SELECT `district_id` FROM `yw_district` WHERE  `district_status` = 1 LIMIT 1 [ RunTime:0.000778s ]
[ sql ] [ SQL ] SHOW COLUMNS FROM `yw_dance_type` [ RunTime:0.001045s ]
[ sql ] [ SQL ] SELECT `dance_type_id` FROM `yw_dance_type` WHERE  `dance_type_status` = 1 LIMIT 1 [ RunTime:0.000769s ]
[ sql ] [ SQL ] SHOW COLUMNS FROM `yw_file` [ RunTime:0.001049s ]
[ sql ] [ SQL ] SELECT a.file_id as file_id,`a`.`file_cover`,`a`.`file_category`,`g`.`user_name`,`g`.`user_id`,`g`.`user_portrait`,`a`.`file_name`,`a`.`file_collection`,`e`.`teacher_name`,`e`.`user_teacher_id`,`e`.`teacher_portrait`,`c`.`organization_name`,`c`.`organization_portrait`,`c`.`organization_id` FROM `yw_file` `a` LEFT JOIN `yw_file_organization` `b` ON `a`.`file_id`=`b`.`file_id` LEFT JOIN `yw_organization` `c` ON `b`.`organization_id`=`c`.`organization_id` LEFT JOIN `yw_file_user_teacher` `d` ON `a`.`file_id`=`d`.`file_id` LEFT JOIN `yw_user_teacher` `e` ON `d`.`user_teacher_id`=`e`.`user_teacher_id` LEFT JOIN `yw_file_user` `f` ON `a`.`file_id`=`f`.`file_id` LEFT JOIN `yw_user` `g` ON `f`.`user_id`=`g`.`user_id` WHERE  `a`.`district_id` = 1  AND `a`.`file_false_delete` = 1  AND `file_name` LIKE '%%' ORDER BY `file_creattime` DESC LIMIT 0,10 [ RunTime:0.000907s ]
---------------------------------------------------------------
[ 2019-03-10T19:02:05+08:00 ] 218.26.55.153 GET /public/uploads/(null)
[ info ] yuewu.dazhu-ltd.cn/public/uploads/(null) [运行时间：0.014277s][吞吐率：70.04req/s] [内存消耗：1,834.56kb] [文件加载：37]
[ info ] [ LANG ] /www/web/yuewu/public_html/thinkphp/lang/zh-cn.php
[ info ] [ ROUTE ] array (
  'type' => 'module',
  'module' => 
  array (
    0 => 'public',
    1 => 'uploads',
    2 => '(null)',
  ),
)
[ info ] [ HEADER ] array (
  'host' => 'yuewu.dazhu-ltd.cn',
  'accept' => 'image/*;q=0.8',
  'accept-language' => 'zh-cn',
  'connection' => 'keep-alive',
  'accept-encoding' => 'gzip, deflate',
  'user-agent' => 'TJ-ZXJY/1.1 CFNetwork/975.0.3 Darwin/18.2.0',
)
[ info ] [ PARAM ] array (
)
[ info ] [ LOG ] INIT File
---------------------------------------------------------------
[ 2019-03-10T19:02:08+08:00 ] 218.26.55.153 POST /index.php/api/index/index_paging.html
[ info ] yuewu.dazhu-ltd.cn/index.php/api/index/index_paging.html [运行时间：0.031666s][吞吐率：31.58req/s] [内存消耗：3,460.55kb] [文件加载：50]
[ info ] [ LANG ] /www/web/yuewu/public_html/thinkphp/lang/zh-cn.php
[ info ] [ ROUTE ] array (
  'type' => 'module',
  'module' => 
  array (
    0 => 'api',
    1 => 'index',
    2 => 'index_paging',
  ),
)
[ info ] [ HEADER ] array (
  'host' => 'yuewu.dazhu-ltd.cn',
  'content-type' => 'application/json',
  'connection' => 'keep-alive',
  'accept' => '*/*',
  'user-agent' => 'TJ-ZXJY/1.0 (iPhone; iOS 12.1; Scale/3.00)',
  'accept-language' => 'zh-Hans-CN;q=1',
  'content-length' => '72',
  'accept-encoding' => 'gzip, deflate',
)
[ info ] [ PARAM ] array (
  'district_id' => '',
  'dance_type_id' => '',
  'order' => '1',
  'seek' => '',
  'paging' => '1',
)
[ info ] [ RUN ] app\api\controller\Index->index_paging[ /www/web/yuewu/public_html/application/api/controller/Index.php ]
[ info ] [ DB ] INIT mysql
[ info ] [ LOG ] INIT File
[ sql ] [ DB ] CONNECT:[ UseTime:0.001472s ] mysql:host=114.115.236.73;port=3306;dbname=yuewu;charset=utf8
[ sql ] [ SQL ] SHOW COLUMNS FROM `yw_district` [ RunTime:0.001161s ]
[ sql ] [ SQL ] SELECT `district_id` FROM `yw_district` WHERE  `district_status` = 1 LIMIT 1 [ RunTime:0.000805s ]
[ sql ] [ SQL ] SHOW COLUMNS FROM `yw_dance_type` [ RunTime:0.001069s ]
[ sql ] [ SQL ] SELECT `dance_type_id` FROM `yw_dance_type` WHERE  `dance_type_status` = 1 LIMIT 1 [ RunTime:0.000749s ]
[ sql ] [ SQL ] SHOW COLUMNS FROM `yw_file` [ RunTime:0.001171s ]
[ sql ] [ SQL ] SELECT a.file_id as file_id,`a`.`file_cover`,`a`.`file_category`,`g`.`user_name`,`g`.`user_id`,`g`.`user_portrait`,`a`.`file_name`,`a`.`file_collection`,`e`.`teacher_name`,`e`.`user_teacher_id`,`e`.`teacher_portrait`,`c`.`organization_name`,`c`.`organization_portrait`,`c`.`organization_id` FROM `yw_file` `a` LEFT JOIN `yw_file_organization` `b` ON `a`.`file_id`=`b`.`file_id` LEFT JOIN `yw_organization` `c` ON `b`.`organization_id`=`c`.`organization_id` LEFT JOIN `yw_file_user_teacher` `d` ON `a`.`file_id`=`d`.`file_id` LEFT JOIN `yw_user_teacher` `e` ON `d`.`user_teacher_id`=`e`.`user_teacher_id` LEFT JOIN `yw_file_user` `f` ON `a`.`file_id`=`f`.`file_id` LEFT JOIN `yw_user` `g` ON `f`.`user_id`=`g`.`user_id` WHERE  `a`.`district_id` = 1  AND `a`.`file_false_delete` = 1  AND `file_name` LIKE '%%' ORDER BY `file_creattime` DESC LIMIT 0,10 [ RunTime:0.000909s ]
---------------------------------------------------------------
[ 2019-03-10T19:02:08+08:00 ] 218.26.55.153 GET /public/uploads/(null)
[ info ] yuewu.dazhu-ltd.cn/public/uploads/(null) [运行时间：0.015071s][吞吐率：66.35req/s] [内存消耗：1,834.56kb] [文件加载：37]
[ info ] [ LANG ] /www/web/yuewu/public_html/thinkphp/lang/zh-cn.php
[ info ] [ ROUTE ] array (
  'type' => 'module',
  'module' => 
  array (
    0 => 'public',
    1 => 'uploads',
    2 => '(null)',
  ),
)
[ info ] [ HEADER ] array (
  'host' => 'yuewu.dazhu-ltd.cn',
  'accept' => 'image/*;q=0.8',
  'accept-language' => 'zh-cn',
  'connection' => 'keep-alive',
  'accept-encoding' => 'gzip, deflate',
  'user-agent' => 'TJ-ZXJY/1.1 CFNetwork/975.0.3 Darwin/18.2.0',
)
[ info ] [ PARAM ] array (
)
[ info ] [ LOG ] INIT File
---------------------------------------------------------------
[ 2019-03-10T19:02:09+08:00 ] 218.26.55.153 POST /index.php/api/index/index_paging.html
[ info ] yuewu.dazhu-ltd.cn/index.php/api/index/index_paging.html [运行时间：0.031923s][吞吐率：31.33req/s] [内存消耗：3,460.55kb] [文件加载：50]
[ info ] [ LANG ] /www/web/yuewu/public_html/thinkphp/lang/zh-cn.php
[ info ] [ ROUTE ] array (
  'type' => 'module',
  'module' => 
  array (
    0 => 'api',
    1 => 'index',
    2 => 'index_paging',
  ),
)
[ info ] [ HEADER ] array (
  'host' => 'yuewu.dazhu-ltd.cn',
  'content-type' => 'application/json',
  'connection' => 'keep-alive',
  'accept' => '*/*',
  'user-agent' => 'TJ-ZXJY/1.0 (iPhone; iOS 12.1; Scale/3.00)',
  'accept-language' => 'zh-Hans-CN;q=1',
  'content-length' => '72',
  'accept-encoding' => 'gzip, deflate',
)
[ info ] [ PARAM ] array (
  'district_id' => '',
  'dance_type_id' => '',
  'order' => '1',
  'seek' => '',
  'paging' => '1',
)
[ info ] [ RUN ] app\api\controller\Index->index_paging[ /www/web/yuewu/public_html/application/api/controller/Index.php ]
[ info ] [ DB ] INIT mysql
[ info ] [ LOG ] INIT File
[ sql ] [ DB ] CONNECT:[ UseTime:0.001377s ] mysql:host=114.115.236.73;port=3306;dbname=yuewu;charset=utf8
[ sql ] [ SQL ] SHOW COLUMNS FROM `yw_district` [ RunTime:0.001227s ]
[ sql ] [ SQL ] SELECT `district_id` FROM `yw_district` WHERE  `district_status` = 1 LIMIT 1 [ RunTime:0.000927s ]
[ sql ] [ SQL ] SHOW COLUMNS FROM `yw_dance_type` [ RunTime:0.001161s ]
[ sql ] [ SQL ] SELECT `dance_type_id` FROM `yw_dance_type` WHERE  `dance_type_status` = 1 LIMIT 1 [ RunTime:0.000803s ]
[ sql ] [ SQL ] SHOW COLUMNS FROM `yw_file` [ RunTime:0.001057s ]
[ sql ] [ SQL ] SELECT a.file_id as file_id,`a`.`file_cover`,`a`.`file_category`,`g`.`user_name`,`g`.`user_id`,`g`.`user_portrait`,`a`.`file_name`,`a`.`file_collection`,`e`.`teacher_name`,`e`.`user_teacher_id`,`e`.`teacher_portrait`,`c`.`organization_name`,`c`.`organization_portrait`,`c`.`organization_id` FROM `yw_file` `a` LEFT JOIN `yw_file_organization` `b` ON `a`.`file_id`=`b`.`file_id` LEFT JOIN `yw_organization` `c` ON `b`.`organization_id`=`c`.`organization_id` LEFT JOIN `yw_file_user_teacher` `d` ON `a`.`file_id`=`d`.`file_id` LEFT JOIN `yw_user_teacher` `e` ON `d`.`user_teacher_id`=`e`.`user_teacher_id` LEFT JOIN `yw_file_user` `f` ON `a`.`file_id`=`f`.`file_id` LEFT JOIN `yw_user` `g` ON `f`.`user_id`=`g`.`user_id` WHERE  `a`.`district_id` = 1  AND `a`.`file_false_delete` = 1  AND `file_name` LIKE '%%' ORDER BY `file_creattime` DESC LIMIT 0,10 [ RunTime:0.000877s ]
---------------------------------------------------------------
[ 2019-03-10T19:02:09+08:00 ] 218.26.55.153 GET /public/uploads/(null)
[ info ] yuewu.dazhu-ltd.cn/public/uploads/(null) [运行时间：0.014405s][吞吐率：69.42req/s] [内存消耗：1,834.56kb] [文件加载：37]
[ info ] [ LANG ] /www/web/yuewu/public_html/thinkphp/lang/zh-cn.php
[ info ] [ ROUTE ] array (
  'type' => 'module',
  'module' => 
  array (
    0 => 'public',
    1 => 'uploads',
    2 => '(null)',
  ),
)
[ info ] [ HEADER ] array (
  'host' => 'yuewu.dazhu-ltd.cn',
  'accept' => 'image/*;q=0.8',
  'accept-language' => 'zh-cn',
  'connection' => 'keep-alive',
  'accept-encoding' => 'gzip, deflate',
  'user-agent' => 'TJ-ZXJY/1.1 CFNetwork/975.0.3 Darwin/18.2.0',
)
[ info ] [ PARAM ] array (
)
[ info ] [ LOG ] INIT File
---------------------------------------------------------------
[ 2019-03-10T19:02:11+08:00 ] 218.26.55.153 POST /index.php/api/index/index_paging.html
[ info ] yuewu.dazhu-ltd.cn/index.php/api/index/index_paging.html [运行时间：0.031829s][吞吐率：31.42req/s] [内存消耗：3,460.55kb] [文件加载：50]
[ info ] [ LANG ] /www/web/yuewu/public_html/thinkphp/lang/zh-cn.php
[ info ] [ ROUTE ] array (
  'type' => 'module',
  'module' => 
  array (
    0 => 'api',
    1 => 'index',
    2 => 'index_paging',
  ),
)
[ info ] [ HEADER ] array (
  'host' => 'yuewu.dazhu-ltd.cn',
  'content-type' => 'application/json',
  'connection' => 'keep-alive',
  'accept' => '*/*',
  'user-agent' => 'TJ-ZXJY/1.0 (iPhone; iOS 12.1; Scale/3.00)',
  'accept-language' => 'zh-Hans-CN;q=1',
  'content-length' => '72',
  'accept-encoding' => 'gzip, deflate',
)
[ info ] [ PARAM ] array (
  'district_id' => '',
  'dance_type_id' => '',
  'order' => '1',
  'seek' => '',
  'paging' => '1',
)
[ info ] [ RUN ] app\api\controller\Index->index_paging[ /www/web/yuewu/public_html/application/api/controller/Index.php ]
[ info ] [ DB ] INIT mysql
[ info ] [ LOG ] INIT File
[ sql ] [ DB ] CONNECT:[ UseTime:0.001405s ] mysql:host=114.115.236.73;port=3306;dbname=yuewu;charset=utf8
[ sql ] [ SQL ] SHOW COLUMNS FROM `yw_district` [ RunTime:0.001268s ]
[ sql ] [ SQL ] SELECT `district_id` FROM `yw_district` WHERE  `district_status` = 1 LIMIT 1 [ RunTime:0.000843s ]
[ sql ] [ SQL ] SHOW COLUMNS FROM `yw_dance_type` [ RunTime:0.001082s ]
[ sql ] [ SQL ] SELECT `dance_type_id` FROM `yw_dance_type` WHERE  `dance_type_status` = 1 LIMIT 1 [ RunTime:0.000762s ]
[ sql ] [ SQL ] SHOW COLUMNS FROM `yw_file` [ RunTime:0.001107s ]
[ sql ] [ SQL ] SELECT a.file_id as file_id,`a`.`file_cover`,`a`.`file_category`,`g`.`user_name`,`g`.`user_id`,`g`.`user_portrait`,`a`.`file_name`,`a`.`file_collection`,`e`.`teacher_name`,`e`.`user_teacher_id`,`e`.`teacher_portrait`,`c`.`organization_name`,`c`.`organization_portrait`,`c`.`organization_id` FROM `yw_file` `a` LEFT JOIN `yw_file_organization` `b` ON `a`.`file_id`=`b`.`file_id` LEFT JOIN `yw_organization` `c` ON `b`.`organization_id`=`c`.`organization_id` LEFT JOIN `yw_file_user_teacher` `d` ON `a`.`file_id`=`d`.`file_id` LEFT JOIN `yw_user_teacher` `e` ON `d`.`user_teacher_id`=`e`.`user_teacher_id` LEFT JOIN `yw_file_user` `f` ON `a`.`file_id`=`f`.`file_id` LEFT JOIN `yw_user` `g` ON `f`.`user_id`=`g`.`user_id` WHERE  `a`.`district_id` = 1  AND `a`.`file_false_delete` = 1  AND `file_name` LIKE '%%' ORDER BY `file_creattime` DESC LIMIT 0,10 [ RunTime:0.000878s ]
---------------------------------------------------------------
[ 2019-03-10T19:02:11+08:00 ] 218.26.55.153 GET /public/uploads/(null)
[ info ] yuewu.dazhu-ltd.cn/public/uploads/(null) [运行时间：0.014364s][吞吐率：69.62req/s] [内存消耗：1,834.56kb] [文件加载：37]
[ info ] [ LANG ] /www/web/yuewu/public_html/thinkphp/lang/zh-cn.php
[ info ] [ ROUTE ] array (
  'type' => 'module',
  'module' => 
  array (
    0 => 'public',
    1 => 'uploads',
    2 => '(null)',
  ),
)
[ info ] [ HEADER ] array (
  'host' => 'yuewu.dazhu-ltd.cn',
  'accept' => 'image/*;q=0.8',
  'accept-language' => 'zh-cn',
  'connection' => 'keep-alive',
  'accept-encoding' => 'gzip, deflate',
  'user-agent' => 'TJ-ZXJY/1.1 CFNetwork/975.0.3 Darwin/18.2.0',
)
[ info ] [ PARAM ] array (
)
[ info ] [ LOG ] INIT File
