---------------------------------------------------------------
[ 2018-07-06T18:18:28+08:00 ] 127.0.0.1 GET /index/index
[ info ] 1.shop.com/index/index [运行时间：0.287016s][吞吐率：3.48req/s] [内存消耗：1,936.73kb] [文件加载：44]
[ info ] [ LANG ] D:\wamp\www\shop\thinkphp\lang\zh-cn.php
[ info ] [ BIND ] 'home'
[ info ] [ ROUTE ] array (
  'type' => 'module',
  'module' => 
  array (
    0 => 'home',
    1 => 'index',
    2 => 'index',
  ),
)
[ info ] [ HEADER ] array (
  'host' => '1.shop.com',
  'connection' => 'keep-alive',
  'cache-control' => 'max-age=0',
  'upgrade-insecure-requests' => '1',
  'user-agent' => 'Mozilla/5.0 (Windows NT 6.1) AppleWebKit/537.36 (KHTML, like Gecko) Chrome/67.0.3396.99 Safari/537.36',
  'accept' => 'text/html,application/xhtml+xml,application/xml;q=0.9,image/webp,image/apng,*/*;q=0.8',
  'accept-encoding' => 'gzip, deflate',
  'accept-language' => 'zh-CN,zh;q=0.9',
)
[ info ] [ PARAM ] array (
)
[ info ] [ RUN ] app\home\controller\Index->index[ D:\wamp\www\shop\application\home\controller\Index.php ]
[ info ] [ VIEW ] D:\wamp\www\shop/application/home\view\index\index.html [ array (
) ]
[ info ] [ LOG ] INIT File
---------------------------------------------------------------
[ 2018-07-06T18:18:51+08:00 ] 127.0.0.1 GET /goods/goods.html
[ info ] 1.shop.com/goods/goods.html [运行时间：0.200011s][吞吐率：5.00req/s] [内存消耗：2,922.23kb] [文件加载：51]
[ info ] [ LANG ] D:\wamp\www\shop\thinkphp\lang\zh-cn.php
[ info ] [ BIND ] 'home'
[ info ] [ ROUTE ] array (
  'type' => 'module',
  'module' => 
  array (
    0 => 'home',
    1 => 'goods',
    2 => 'goods',
  ),
)
[ info ] [ HEADER ] array (
  'host' => '1.shop.com',
  'connection' => 'keep-alive',
  'pragma' => 'no-cache',
  'cache-control' => 'no-cache',
  'accept' => 'text/html, */*; q=0.01',
  'x-requested-with' => 'XMLHttpRequest',
  'user-agent' => 'Mozilla/5.0 (iPhone; CPU iPhone OS 11_0 like Mac OS X) AppleWebKit/604.1.38 (KHTML, like Gecko) Version/11.0 Mobile/15A372 Safari/604.1',
  'referer' => 'http://1.shop.com/index/index',
  'accept-encoding' => 'gzip, deflate',
  'accept-language' => 'zh-CN,zh;q=0.9',
)
[ info ] [ PARAM ] array (
)
[ info ] [ RUN ] app\home\controller\Goods->goods[ D:\wamp\www\shop\application\home\controller\Goods.php ]
[ info ] [ DB ] INIT mysql
[ info ] [ VIEW ] D:\wamp\www\shop/application/home\view\goods\goods.html [ array (
  0 => 'goods_lists',
) ]
[ info ] [ LOG ] INIT File
[ sql ] [ DB ] CONNECT:[ UseTime:0.014001s ] mysql:host=127.0.0.1;port=3306;dbname=darenshop;charset=utf8
[ sql ] [ SQL ] SHOW COLUMNS FROM `dr_goods` [ RunTime:0.019001s ]
[ sql ] [ SQL ] SELECT * FROM `dr_goods` LEFT JOIN `dr_file` ON `dr_goods`.`goods_cover`=`dr_file`.`file_id` LIMIT 0,16 [ RunTime:0.023001s ]
---------------------------------------------------------------
[ 2018-07-06T18:18:52+08:00 ] 127.0.0.1 GET /goods/details.html?id=1
[ info ] 1.shop.com/goods/details.html?id=1 [运行时间：0.155009s][吞吐率：6.45req/s] [内存消耗：2,882.61kb] [文件加载：51]
[ info ] [ LANG ] D:\wamp\www\shop\thinkphp\lang\zh-cn.php
[ info ] [ BIND ] 'home'
[ info ] [ ROUTE ] array (
  'type' => 'module',
  'module' => 
  array (
    0 => 'home',
    1 => 'goods',
    2 => 'details',
  ),
)
[ info ] [ HEADER ] array (
  'host' => '1.shop.com',
  'connection' => 'keep-alive',
  'pragma' => 'no-cache',
  'cache-control' => 'no-cache',
  'accept' => 'text/html, */*; q=0.01',
  'x-requested-with' => 'XMLHttpRequest',
  'user-agent' => 'Mozilla/5.0 (iPhone; CPU iPhone OS 11_0 like Mac OS X) AppleWebKit/604.1.38 (KHTML, like Gecko) Version/11.0 Mobile/15A372 Safari/604.1',
  'referer' => 'http://1.shop.com/goods/goods.html',
  'accept-encoding' => 'gzip, deflate',
  'accept-language' => 'zh-CN,zh;q=0.9',
)
[ info ] [ PARAM ] array (
  'id' => '1',
)
[ info ] [ RUN ] app\home\controller\Goods->details[ D:\wamp\www\shop\application\home\controller\Goods.php ]
[ info ] [ DB ] INIT mysql
[ info ] [ VIEW ] D:\wamp\www\shop/application/home\view\goods\details.html [ array (
  0 => 'Goods_info',
  1 => 'GoodsBanner_lists',
  2 => 'GoodsGP_lists',
) ]
[ info ] [ LOG ] INIT File
[ sql ] [ DB ] CONNECT:[ UseTime:0.011001s ] mysql:host=127.0.0.1;port=3306;dbname=darenshop;charset=utf8
[ sql ] [ SQL ] SHOW COLUMNS FROM `dr_goods` [ RunTime:0.004000s ]
[ sql ] [ SQL ] SELECT * FROM `dr_goods` WHERE  `goods_id` = 1 LIMIT 1 [ RunTime:0.002000s ]
[ sql ] [ SQL ] SHOW COLUMNS FROM `dr_goods_banner` [ RunTime:0.006001s ]
[ sql ] [ SQL ] SELECT * FROM `dr_goods_banner` LEFT JOIN `dr_file` ON `dr_goods_banner`.`goods_banner_file`=`dr_file`.`file_id` WHERE  `goods_id` = 1 [ RunTime:0.002000s ]
[ sql ] [ SQL ] SHOW COLUMNS FROM `dr_goods_g_p` [ RunTime:0.015001s ]
[ sql ] [ SQL ] SELECT * FROM `dr_goods_g_p` LEFT JOIN `dr_goods_property` ON `dr_goods_g_p`.`goods_property_id`=`dr_goods_property`.`goods_property_id` WHERE  `goods_id` = 1 [ RunTime:0.019001s ]
---------------------------------------------------------------
[ 2018-07-06T18:18:56+08:00 ] 127.0.0.1 GET /pay/message.html
[ info ] 1.shop.com/pay/message.html [运行时间：0.151008s][吞吐率：6.62req/s] [内存消耗：1,949.85kb] [文件加载：45]
[ info ] [ LANG ] D:\wamp\www\shop\thinkphp\lang\zh-cn.php
[ info ] [ BIND ] 'home'
[ info ] [ ROUTE ] array (
  'type' => 'module',
  'module' => 
  array (
    0 => 'home',
    1 => 'pay',
    2 => 'message',
  ),
)
[ info ] [ HEADER ] array (
  'host' => '1.shop.com',
  'connection' => 'keep-alive',
  'pragma' => 'no-cache',
  'cache-control' => 'no-cache',
  'accept' => 'text/html, */*; q=0.01',
  'x-requested-with' => 'XMLHttpRequest',
  'user-agent' => 'Mozilla/5.0 (iPhone; CPU iPhone OS 11_0 like Mac OS X) AppleWebKit/604.1.38 (KHTML, like Gecko) Version/11.0 Mobile/15A372 Safari/604.1',
  'referer' => 'http://1.shop.com/goods/details.html?id=1',
  'accept-encoding' => 'gzip, deflate',
  'accept-language' => 'zh-CN,zh;q=0.9',
)
[ info ] [ PARAM ] array (
)
[ info ] [ SESSION ] INIT array (
  'id' => '',
  'var_session_id' => '',
  'prefix' => 'think',
  'type' => '',
  'auto_start' => true,
)
[ info ] [ LOG ] INIT File
---------------------------------------------------------------
[ 2018-07-06T18:18:56+08:00 ] 127.0.0.1 GET /account/login.html
[ info ] 1.shop.com/account/login.html [运行时间：0.062004s][吞吐率：16.13req/s] [内存消耗：1,974.94kb] [文件加载：44]
[ info ] [ LANG ] D:\wamp\www\shop\thinkphp\lang\zh-cn.php
[ info ] [ BIND ] 'home'
[ info ] [ ROUTE ] array (
  'type' => 'module',
  'module' => 
  array (
    0 => 'home',
    1 => 'account',
    2 => 'login',
  ),
)
[ info ] [ HEADER ] array (
  'host' => '1.shop.com',
  'connection' => 'keep-alive',
  'pragma' => 'no-cache',
  'cache-control' => 'no-cache',
  'accept' => 'text/html, */*; q=0.01',
  'x-requested-with' => 'XMLHttpRequest',
  'user-agent' => 'Mozilla/5.0 (iPhone; CPU iPhone OS 11_0 like Mac OS X) AppleWebKit/604.1.38 (KHTML, like Gecko) Version/11.0 Mobile/15A372 Safari/604.1',
  'referer' => 'http://1.shop.com/goods/details.html?id=1',
  'accept-encoding' => 'gzip, deflate',
  'accept-language' => 'zh-CN,zh;q=0.9',
  'cookie' => 'PHPSESSID=c5cg2t2e9shhm2v648bjdfosd2',
)
[ info ] [ PARAM ] array (
)
[ info ] [ RUN ] app\home\controller\Account->login[ D:\wamp\www\shop\application\home\controller\Account.php ]
[ info ] [ VIEW ] D:\wamp\www\shop/application/home\view\account\login.html [ array (
) ]
[ info ] [ LOG ] INIT File
---------------------------------------------------------------
[ 2018-07-06T18:18:58+08:00 ] 127.0.0.1 GET /goods/details.html?id=1
[ info ] 1.shop.com/goods/details.html?id=1 [运行时间：0.098005s][吞吐率：10.20req/s] [内存消耗：2,882.91kb] [文件加载：51]
[ info ] [ LANG ] D:\wamp\www\shop\thinkphp\lang\zh-cn.php
[ info ] [ BIND ] 'home'
[ info ] [ ROUTE ] array (
  'type' => 'module',
  'module' => 
  array (
    0 => 'home',
    1 => 'goods',
    2 => 'details',
  ),
)
[ info ] [ HEADER ] array (
  'host' => '1.shop.com',
  'connection' => 'keep-alive',
  'pragma' => 'no-cache',
  'cache-control' => 'no-cache',
  'accept' => 'text/html, */*; q=0.01',
  'x-requested-with' => 'XMLHttpRequest',
  'user-agent' => 'Mozilla/5.0 (iPhone; CPU iPhone OS 11_0 like Mac OS X) AppleWebKit/604.1.38 (KHTML, like Gecko) Version/11.0 Mobile/15A372 Safari/604.1',
  'referer' => 'http://1.shop.com/goods/details.html?id=1',
  'accept-encoding' => 'gzip, deflate',
  'accept-language' => 'zh-CN,zh;q=0.9',
  'cookie' => 'PHPSESSID=c5cg2t2e9shhm2v648bjdfosd2',
)
[ info ] [ PARAM ] array (
  'id' => '1',
)
[ info ] [ RUN ] app\home\controller\Goods->details[ D:\wamp\www\shop\application\home\controller\Goods.php ]
[ info ] [ DB ] INIT mysql
[ info ] [ VIEW ] D:\wamp\www\shop/application/home\view\goods\details.html [ array (
  0 => 'Goods_info',
  1 => 'GoodsBanner_lists',
  2 => 'GoodsGP_lists',
) ]
[ info ] [ LOG ] INIT File
[ sql ] [ DB ] CONNECT:[ UseTime:0.010001s ] mysql:host=127.0.0.1;port=3306;dbname=darenshop;charset=utf8
[ sql ] [ SQL ] SHOW COLUMNS FROM `dr_goods` [ RunTime:0.007000s ]
[ sql ] [ SQL ] SELECT * FROM `dr_goods` WHERE  `goods_id` = 1 LIMIT 1 [ RunTime:0.001000s ]
[ sql ] [ SQL ] SHOW COLUMNS FROM `dr_goods_banner` [ RunTime:0.006000s ]
[ sql ] [ SQL ] SELECT * FROM `dr_goods_banner` LEFT JOIN `dr_file` ON `dr_goods_banner`.`goods_banner_file`=`dr_file`.`file_id` WHERE  `goods_id` = 1 [ RunTime:0.002000s ]
[ sql ] [ SQL ] SHOW COLUMNS FROM `dr_goods_g_p` [ RunTime:0.004001s ]
[ sql ] [ SQL ] SELECT * FROM `dr_goods_g_p` LEFT JOIN `dr_goods_property` ON `dr_goods_g_p`.`goods_property_id`=`dr_goods_property`.`goods_property_id` WHERE  `goods_id` = 1 [ RunTime:0.001000s ]
---------------------------------------------------------------
[ 2018-07-06T18:24:19+08:00 ] 127.0.0.1 GET /cart/cart.html
[ info ] 1.shop.com/cart/cart.html [运行时间：0.069004s][吞吐率：14.49req/s] [内存消耗：1,949.88kb] [文件加载：45]
[ info ] [ LANG ] D:\wamp\www\shop\thinkphp\lang\zh-cn.php
[ info ] [ BIND ] 'home'
[ info ] [ ROUTE ] array (
  'type' => 'module',
  'module' => 
  array (
    0 => 'home',
    1 => 'cart',
    2 => 'cart',
  ),
)
[ info ] [ HEADER ] array (
  'host' => '1.shop.com',
  'connection' => 'keep-alive',
  'pragma' => 'no-cache',
  'cache-control' => 'no-cache',
  'accept' => 'text/html, */*; q=0.01',
  'x-requested-with' => 'XMLHttpRequest',
  'user-agent' => 'Mozilla/5.0 (iPhone; CPU iPhone OS 11_0 like Mac OS X) AppleWebKit/604.1.38 (KHTML, like Gecko) Version/11.0 Mobile/15A372 Safari/604.1',
  'referer' => 'http://1.shop.com/goods/details.html?id=1',
  'accept-encoding' => 'gzip, deflate',
  'accept-language' => 'zh-CN,zh;q=0.9',
  'cookie' => 'PHPSESSID=c5cg2t2e9shhm2v648bjdfosd2',
)
[ info ] [ PARAM ] array (
)
[ info ] [ SESSION ] INIT array (
  'id' => '',
  'var_session_id' => '',
  'prefix' => 'think',
  'type' => '',
  'auto_start' => true,
)
[ info ] [ LOG ] INIT File
---------------------------------------------------------------
[ 2018-07-06T18:24:19+08:00 ] 127.0.0.1 GET /account/login.html
[ info ] 1.shop.com/account/login.html [运行时间：0.056003s][吞吐率：17.86req/s] [内存消耗：2,132.64kb] [文件加载：46]
[ info ] [ LANG ] D:\wamp\www\shop\thinkphp\lang\zh-cn.php
[ info ] [ BIND ] 'home'
[ info ] [ ROUTE ] array (
  'type' => 'module',
  'module' => 
  array (
    0 => 'home',
    1 => 'account',
    2 => 'login',
  ),
)
[ info ] [ HEADER ] array (
  'host' => '1.shop.com',
  'connection' => 'keep-alive',
  'pragma' => 'no-cache',
  'cache-control' => 'no-cache',
  'accept' => 'text/html, */*; q=0.01',
  'x-requested-with' => 'XMLHttpRequest',
  'user-agent' => 'Mozilla/5.0 (iPhone; CPU iPhone OS 11_0 like Mac OS X) AppleWebKit/604.1.38 (KHTML, like Gecko) Version/11.0 Mobile/15A372 Safari/604.1',
  'referer' => 'http://1.shop.com/goods/details.html?id=1',
  'accept-encoding' => 'gzip, deflate',
  'accept-language' => 'zh-CN,zh;q=0.9',
  'cookie' => 'PHPSESSID=c5cg2t2e9shhm2v648bjdfosd2',
)
[ info ] [ PARAM ] array (
)
[ info ] [ RUN ] app\home\controller\Account->login[ D:\wamp\www\shop\application\home\controller\Account.php ]
[ info ] [ VIEW ] D:\wamp\www\shop/application/home\view\account\login.html [ array (
) ]
[ info ] [ LOG ] INIT File
---------------------------------------------------------------
[ 2018-07-06T18:25:10+08:00 ] 127.0.0.1 GET /goods/details.html?id=1
[ info ] 1.shop.com/goods/details.html?id=1 [运行时间：0.110006s][吞吐率：9.09req/s] [内存消耗：2,882.91kb] [文件加载：51]
[ info ] [ LANG ] D:\wamp\www\shop\thinkphp\lang\zh-cn.php
[ info ] [ BIND ] 'home'
[ info ] [ ROUTE ] array (
  'type' => 'module',
  'module' => 
  array (
    0 => 'home',
    1 => 'goods',
    2 => 'details',
  ),
)
[ info ] [ HEADER ] array (
  'host' => '1.shop.com',
  'connection' => 'keep-alive',
  'pragma' => 'no-cache',
  'cache-control' => 'no-cache',
  'accept' => 'text/html, */*; q=0.01',
  'x-requested-with' => 'XMLHttpRequest',
  'user-agent' => 'Mozilla/5.0 (iPhone; CPU iPhone OS 11_0 like Mac OS X) AppleWebKit/604.1.38 (KHTML, like Gecko) Version/11.0 Mobile/15A372 Safari/604.1',
  'referer' => 'http://1.shop.com/goods/details.html?id=1',
  'accept-encoding' => 'gzip, deflate',
  'accept-language' => 'zh-CN,zh;q=0.9',
  'cookie' => 'PHPSESSID=c5cg2t2e9shhm2v648bjdfosd2',
)
[ info ] [ PARAM ] array (
  'id' => '1',
)
[ info ] [ RUN ] app\home\controller\Goods->details[ D:\wamp\www\shop\application\home\controller\Goods.php ]
[ info ] [ DB ] INIT mysql
[ info ] [ VIEW ] D:\wamp\www\shop/application/home\view\goods\details.html [ array (
  0 => 'Goods_info',
  1 => 'GoodsBanner_lists',
  2 => 'GoodsGP_lists',
) ]
[ info ] [ LOG ] INIT File
[ sql ] [ DB ] CONNECT:[ UseTime:0.002000s ] mysql:host=127.0.0.1;port=3306;dbname=darenshop;charset=utf8
[ sql ] [ SQL ] SHOW COLUMNS FROM `dr_goods` [ RunTime:0.006000s ]
[ sql ] [ SQL ] SELECT * FROM `dr_goods` WHERE  `goods_id` = 1 LIMIT 1 [ RunTime:0.001000s ]
[ sql ] [ SQL ] SHOW COLUMNS FROM `dr_goods_banner` [ RunTime:0.004000s ]
[ sql ] [ SQL ] SELECT * FROM `dr_goods_banner` LEFT JOIN `dr_file` ON `dr_goods_banner`.`goods_banner_file`=`dr_file`.`file_id` WHERE  `goods_id` = 1 [ RunTime:0.001000s ]
[ sql ] [ SQL ] SHOW COLUMNS FROM `dr_goods_g_p` [ RunTime:0.005000s ]
[ sql ] [ SQL ] SELECT * FROM `dr_goods_g_p` LEFT JOIN `dr_goods_property` ON `dr_goods_g_p`.`goods_property_id`=`dr_goods_property`.`goods_property_id` WHERE  `goods_id` = 1 [ RunTime:0.002001s ]
---------------------------------------------------------------
[ 2018-07-06T18:25:11+08:00 ] 127.0.0.1 GET /cart/cart.html
[ info ] 1.shop.com/cart/cart.html [运行时间：0.068004s][吞吐率：14.70req/s] [内存消耗：1,949.88kb] [文件加载：45]
[ info ] [ LANG ] D:\wamp\www\shop\thinkphp\lang\zh-cn.php
[ info ] [ BIND ] 'home'
[ info ] [ ROUTE ] array (
  'type' => 'module',
  'module' => 
  array (
    0 => 'home',
    1 => 'cart',
    2 => 'cart',
  ),
)
[ info ] [ HEADER ] array (
  'host' => '1.shop.com',
  'connection' => 'keep-alive',
  'pragma' => 'no-cache',
  'cache-control' => 'no-cache',
  'accept' => 'text/html, */*; q=0.01',
  'x-requested-with' => 'XMLHttpRequest',
  'user-agent' => 'Mozilla/5.0 (iPhone; CPU iPhone OS 11_0 like Mac OS X) AppleWebKit/604.1.38 (KHTML, like Gecko) Version/11.0 Mobile/15A372 Safari/604.1',
  'referer' => 'http://1.shop.com/goods/details.html?id=1',
  'accept-encoding' => 'gzip, deflate',
  'accept-language' => 'zh-CN,zh;q=0.9',
  'cookie' => 'PHPSESSID=c5cg2t2e9shhm2v648bjdfosd2',
)
[ info ] [ PARAM ] array (
)
[ info ] [ SESSION ] INIT array (
  'id' => '',
  'var_session_id' => '',
  'prefix' => 'think',
  'type' => '',
  'auto_start' => true,
)
[ info ] [ LOG ] INIT File
---------------------------------------------------------------
[ 2018-07-06T18:25:11+08:00 ] 127.0.0.1 GET /account/login.html
[ info ] 1.shop.com/account/login.html [运行时间：0.080005s][吞吐率：12.50req/s] [内存消耗：2,132.62kb] [文件加载：46]
[ info ] [ LANG ] D:\wamp\www\shop\thinkphp\lang\zh-cn.php
[ info ] [ BIND ] 'home'
[ info ] [ ROUTE ] array (
  'type' => 'module',
  'module' => 
  array (
    0 => 'home',
    1 => 'account',
    2 => 'login',
  ),
)
[ info ] [ HEADER ] array (
  'host' => '1.shop.com',
  'connection' => 'keep-alive',
  'pragma' => 'no-cache',
  'cache-control' => 'no-cache',
  'accept' => 'text/html, */*; q=0.01',
  'x-requested-with' => 'XMLHttpRequest',
  'user-agent' => 'Mozilla/5.0 (iPhone; CPU iPhone OS 11_0 like Mac OS X) AppleWebKit/604.1.38 (KHTML, like Gecko) Version/11.0 Mobile/15A372 Safari/604.1',
  'referer' => 'http://1.shop.com/goods/details.html?id=1',
  'accept-encoding' => 'gzip, deflate',
  'accept-language' => 'zh-CN,zh;q=0.9',
  'cookie' => 'PHPSESSID=c5cg2t2e9shhm2v648bjdfosd2',
)
[ info ] [ PARAM ] array (
)
[ info ] [ RUN ] app\home\controller\Account->login[ D:\wamp\www\shop\application\home\controller\Account.php ]
[ info ] [ VIEW ] D:\wamp\www\shop/application/home\view\account\login.html [ array (
) ]
[ info ] [ LOG ] INIT File
---------------------------------------------------------------
[ 2018-07-06T18:25:20+08:00 ] 127.0.0.1 POST /account/login_ok.html
[ info ] 1.shop.com/account/login_ok.html [运行时间：0.105006s][吞吐率：9.52req/s] [内存消耗：2,817.96kb] [文件加载：50]
[ info ] [ LANG ] D:\wamp\www\shop\thinkphp\lang\zh-cn.php
[ info ] [ BIND ] 'home'
[ info ] [ ROUTE ] array (
  'type' => 'module',
  'module' => 
  array (
    0 => 'home',
    1 => 'account',
    2 => 'login_ok',
  ),
)
[ info ] [ HEADER ] array (
  'host' => '1.shop.com',
  'connection' => 'keep-alive',
  'content-length' => '35',
  'pragma' => 'no-cache',
  'cache-control' => 'no-cache',
  'accept' => 'text/html, */*; q=0.01',
  'origin' => 'http://1.shop.com',
  'x-requested-with' => 'XMLHttpRequest',
  'user-agent' => 'Mozilla/5.0 (iPhone; CPU iPhone OS 11_0 like Mac OS X) AppleWebKit/604.1.38 (KHTML, like Gecko) Version/11.0 Mobile/15A372 Safari/604.1',
  'content-type' => 'application/x-www-form-urlencoded; charset=UTF-8',
  'referer' => 'http://1.shop.com/cart/cart.html',
  'accept-encoding' => 'gzip, deflate',
  'accept-language' => 'zh-CN,zh;q=0.9',
  'cookie' => 'PHPSESSID=c5cg2t2e9shhm2v648bjdfosd2',
)
[ info ] [ PARAM ] array (
  'phone' => '13920425572',
  'password' => 'p1996118',
)
[ info ] [ RUN ] app\home\controller\Account->login_ok[ D:\wamp\www\shop\application\home\controller\Account.php ]
[ info ] [ DB ] INIT mysql
[ info ] [ LOG ] INIT File
[ sql ] [ DB ] CONNECT:[ UseTime:0.001000s ] mysql:host=127.0.0.1;port=3306;dbname=darenshop;charset=utf8
[ sql ] [ SQL ] SHOW COLUMNS FROM `dr_member` [ RunTime:0.021001s ]
[ sql ] [ SQL ] SELECT * FROM `dr_member` WHERE  `member_phone` = '13920425572' LIMIT 1 [ RunTime:0.002001s ]
---------------------------------------------------------------
[ 2018-07-06T18:25:50+08:00 ] 127.0.0.1 GET /cart/cart.html
[ info ] 1.shop.com/cart/cart.html [运行时间：0.083005s][吞吐率：12.05req/s] [内存消耗：1,949.89kb] [文件加载：45]
[ info ] [ LANG ] D:\wamp\www\shop\thinkphp\lang\zh-cn.php
[ info ] [ BIND ] 'home'
[ info ] [ ROUTE ] array (
  'type' => 'module',
  'module' => 
  array (
    0 => 'home',
    1 => 'cart',
    2 => 'cart',
  ),
)
[ info ] [ HEADER ] array (
  'host' => '1.shop.com',
  'connection' => 'keep-alive',
  'pragma' => 'no-cache',
  'cache-control' => 'no-cache',
  'accept' => 'text/html, */*; q=0.01',
  'x-requested-with' => 'XMLHttpRequest',
  'user-agent' => 'Mozilla/5.0 (iPhone; CPU iPhone OS 11_0 like Mac OS X) AppleWebKit/604.1.38 (KHTML, like Gecko) Version/11.0 Mobile/15A372 Safari/604.1',
  'referer' => 'http://1.shop.com/cart/cart.html',
  'accept-encoding' => 'gzip, deflate',
  'accept-language' => 'zh-CN,zh;q=0.9',
  'cookie' => 'PHPSESSID=c5cg2t2e9shhm2v648bjdfosd2',
)
[ info ] [ PARAM ] array (
)
[ info ] [ SESSION ] INIT array (
  'id' => '',
  'var_session_id' => '',
  'prefix' => 'think',
  'type' => '',
  'auto_start' => true,
)
[ info ] [ LOG ] INIT File
---------------------------------------------------------------
[ 2018-07-06T18:25:51+08:00 ] 127.0.0.1 GET /account/login.html
[ info ] 1.shop.com/account/login.html [运行时间：0.082005s][吞吐率：12.19req/s] [内存消耗：1,974.19kb] [文件加载：44]
[ info ] [ LANG ] D:\wamp\www\shop\thinkphp\lang\zh-cn.php
[ info ] [ BIND ] 'home'
[ info ] [ ROUTE ] array (
  'type' => 'module',
  'module' => 
  array (
    0 => 'home',
    1 => 'account',
    2 => 'login',
  ),
)
[ info ] [ HEADER ] array (
  'host' => '1.shop.com',
  'connection' => 'keep-alive',
  'pragma' => 'no-cache',
  'cache-control' => 'no-cache',
  'accept' => 'text/html, */*; q=0.01',
  'x-requested-with' => 'XMLHttpRequest',
  'user-agent' => 'Mozilla/5.0 (iPhone; CPU iPhone OS 11_0 like Mac OS X) AppleWebKit/604.1.38 (KHTML, like Gecko) Version/11.0 Mobile/15A372 Safari/604.1',
  'referer' => 'http://1.shop.com/cart/cart.html',
  'accept-encoding' => 'gzip, deflate',
  'accept-language' => 'zh-CN,zh;q=0.9',
  'cookie' => 'PHPSESSID=c5cg2t2e9shhm2v648bjdfosd2',
)
[ info ] [ PARAM ] array (
)
[ info ] [ RUN ] app\home\controller\Account->login[ D:\wamp\www\shop\application\home\controller\Account.php ]
[ info ] [ VIEW ] D:\wamp\www\shop/application/home\view\account\login.html [ array (
) ]
[ info ] [ LOG ] INIT File
---------------------------------------------------------------
[ 2018-07-06T18:25:52+08:00 ] 127.0.0.1 POST /account/login_ok.html
[ info ] 1.shop.com/account/login_ok.html [运行时间：0.083005s][吞吐率：12.05req/s] [内存消耗：2,816.66kb] [文件加载：50]
[ info ] [ LANG ] D:\wamp\www\shop\thinkphp\lang\zh-cn.php
[ info ] [ BIND ] 'home'
[ info ] [ ROUTE ] array (
  'type' => 'module',
  'module' => 
  array (
    0 => 'home',
    1 => 'account',
    2 => 'login_ok',
  ),
)
[ info ] [ HEADER ] array (
  'host' => '1.shop.com',
  'connection' => 'keep-alive',
  'content-length' => '16',
  'pragma' => 'no-cache',
  'cache-control' => 'no-cache',
  'accept' => 'text/html, */*; q=0.01',
  'origin' => 'http://1.shop.com',
  'x-requested-with' => 'XMLHttpRequest',
  'user-agent' => 'Mozilla/5.0 (iPhone; CPU iPhone OS 11_0 like Mac OS X) AppleWebKit/604.1.38 (KHTML, like Gecko) Version/11.0 Mobile/15A372 Safari/604.1',
  'content-type' => 'application/x-www-form-urlencoded; charset=UTF-8',
  'referer' => 'http://1.shop.com/cart/cart.html',
  'accept-encoding' => 'gzip, deflate',
  'accept-language' => 'zh-CN,zh;q=0.9',
  'cookie' => 'PHPSESSID=c5cg2t2e9shhm2v648bjdfosd2',
)
[ info ] [ PARAM ] array (
  'phone' => '',
  'password' => '',
)
[ info ] [ RUN ] app\home\controller\Account->login_ok[ D:\wamp\www\shop\application\home\controller\Account.php ]
[ info ] [ DB ] INIT mysql
[ info ] [ LOG ] INIT File
[ sql ] [ DB ] CONNECT:[ UseTime:0.002000s ] mysql:host=127.0.0.1;port=3306;dbname=darenshop;charset=utf8
[ sql ] [ SQL ] SHOW COLUMNS FROM `dr_member` [ RunTime:0.005000s ]
[ sql ] [ SQL ] SELECT * FROM `dr_member` WHERE  `member_phone` = '' LIMIT 1 [ RunTime:0.001000s ]
---------------------------------------------------------------
[ 2018-07-06T18:26:24+08:00 ] 127.0.0.1 GET /cart/cart.html
[ info ] 1.shop.com/cart/cart.html [运行时间：0.093006s][吞吐率：10.75req/s] [内存消耗：1,949.89kb] [文件加载：45]
[ info ] [ LANG ] D:\wamp\www\shop\thinkphp\lang\zh-cn.php
[ info ] [ BIND ] 'home'
[ info ] [ ROUTE ] array (
  'type' => 'module',
  'module' => 
  array (
    0 => 'home',
    1 => 'cart',
    2 => 'cart',
  ),
)
[ info ] [ HEADER ] array (
  'host' => '1.shop.com',
  'connection' => 'keep-alive',
  'pragma' => 'no-cache',
  'cache-control' => 'no-cache',
  'accept' => 'text/html, */*; q=0.01',
  'x-requested-with' => 'XMLHttpRequest',
  'user-agent' => 'Mozilla/5.0 (iPhone; CPU iPhone OS 11_0 like Mac OS X) AppleWebKit/604.1.38 (KHTML, like Gecko) Version/11.0 Mobile/15A372 Safari/604.1',
  'referer' => 'http://1.shop.com/cart/cart.html',
  'accept-encoding' => 'gzip, deflate',
  'accept-language' => 'zh-CN,zh;q=0.9',
  'cookie' => 'PHPSESSID=c5cg2t2e9shhm2v648bjdfosd2',
)
[ info ] [ PARAM ] array (
)
[ info ] [ SESSION ] INIT array (
  'id' => '',
  'var_session_id' => '',
  'prefix' => 'think',
  'type' => '',
  'auto_start' => true,
)
[ info ] [ LOG ] INIT File
---------------------------------------------------------------
[ 2018-07-06T18:26:24+08:00 ] 127.0.0.1 GET /account/login.html
[ info ] 1.shop.com/account/login.html [运行时间：0.063003s][吞吐率：15.87req/s] [内存消耗：1,974.19kb] [文件加载：44]
[ info ] [ LANG ] D:\wamp\www\shop\thinkphp\lang\zh-cn.php
[ info ] [ BIND ] 'home'
[ info ] [ ROUTE ] array (
  'type' => 'module',
  'module' => 
  array (
    0 => 'home',
    1 => 'account',
    2 => 'login',
  ),
)
[ info ] [ HEADER ] array (
  'host' => '1.shop.com',
  'connection' => 'keep-alive',
  'pragma' => 'no-cache',
  'cache-control' => 'no-cache',
  'accept' => 'text/html, */*; q=0.01',
  'x-requested-with' => 'XMLHttpRequest',
  'user-agent' => 'Mozilla/5.0 (iPhone; CPU iPhone OS 11_0 like Mac OS X) AppleWebKit/604.1.38 (KHTML, like Gecko) Version/11.0 Mobile/15A372 Safari/604.1',
  'referer' => 'http://1.shop.com/cart/cart.html',
  'accept-encoding' => 'gzip, deflate',
  'accept-language' => 'zh-CN,zh;q=0.9',
  'cookie' => 'PHPSESSID=c5cg2t2e9shhm2v648bjdfosd2',
)
[ info ] [ PARAM ] array (
)
[ info ] [ RUN ] app\home\controller\Account->login[ D:\wamp\www\shop\application\home\controller\Account.php ]
[ info ] [ VIEW ] D:\wamp\www\shop/application/home\view\account\login.html [ array (
) ]
[ info ] [ LOG ] INIT File
---------------------------------------------------------------
[ 2018-07-06T18:26:43+08:00 ] 127.0.0.1 POST /account/login_ok.html
[ info ] 1.shop.com/account/login_ok.html [运行时间：0.077005s][吞吐率：12.99req/s] [内存消耗：2,817.23kb] [文件加载：50]
[ info ] [ LANG ] D:\wamp\www\shop\thinkphp\lang\zh-cn.php
[ info ] [ BIND ] 'home'
[ info ] [ ROUTE ] array (
  'type' => 'module',
  'module' => 
  array (
    0 => 'home',
    1 => 'account',
    2 => 'login_ok',
  ),
)
[ info ] [ HEADER ] array (
  'host' => '1.shop.com',
  'connection' => 'keep-alive',
  'content-length' => '35',
  'pragma' => 'no-cache',
  'cache-control' => 'no-cache',
  'accept' => 'text/html, */*; q=0.01',
  'origin' => 'http://1.shop.com',
  'x-requested-with' => 'XMLHttpRequest',
  'user-agent' => 'Mozilla/5.0 (iPhone; CPU iPhone OS 11_0 like Mac OS X) AppleWebKit/604.1.38 (KHTML, like Gecko) Version/11.0 Mobile/15A372 Safari/604.1',
  'content-type' => 'application/x-www-form-urlencoded; charset=UTF-8',
  'referer' => 'http://1.shop.com/cart/cart.html',
  'accept-encoding' => 'gzip, deflate',
  'accept-language' => 'zh-CN,zh;q=0.9',
  'cookie' => 'PHPSESSID=c5cg2t2e9shhm2v648bjdfosd2',
)
[ info ] [ PARAM ] array (
  'phone' => '13920425572',
  'password' => 'p1996118',
)
[ info ] [ RUN ] app\home\controller\Account->login_ok[ D:\wamp\www\shop\application\home\controller\Account.php ]
[ info ] [ DB ] INIT mysql
[ info ] [ LOG ] INIT File
[ sql ] [ DB ] CONNECT:[ UseTime:0.004000s ] mysql:host=127.0.0.1;port=3306;dbname=darenshop;charset=utf8
[ sql ] [ SQL ] SHOW COLUMNS FROM `dr_member` [ RunTime:0.005000s ]
[ sql ] [ SQL ] SELECT * FROM `dr_member` WHERE  `member_phone` = '13920425572' LIMIT 1 [ RunTime:0.001000s ]
---------------------------------------------------------------
[ 2018-07-06T18:49:39+08:00 ] 127.0.0.1 GET /cart/cart.html
[ info ] 1.shop.com/cart/cart.html [运行时间：0.089005s][吞吐率：11.24req/s] [内存消耗：1,949.89kb] [文件加载：45]
[ info ] [ LANG ] D:\wamp\www\shop\thinkphp\lang\zh-cn.php
[ info ] [ BIND ] 'home'
[ info ] [ ROUTE ] array (
  'type' => 'module',
  'module' => 
  array (
    0 => 'home',
    1 => 'cart',
    2 => 'cart',
  ),
)
[ info ] [ HEADER ] array (
  'host' => '1.shop.com',
  'connection' => 'keep-alive',
  'pragma' => 'no-cache',
  'cache-control' => 'no-cache',
  'accept' => 'text/html, */*; q=0.01',
  'x-requested-with' => 'XMLHttpRequest',
  'user-agent' => 'Mozilla/5.0 (iPhone; CPU iPhone OS 11_0 like Mac OS X) AppleWebKit/604.1.38 (KHTML, like Gecko) Version/11.0 Mobile/15A372 Safari/604.1',
  'referer' => 'http://1.shop.com/cart/cart.html',
  'accept-encoding' => 'gzip, deflate',
  'accept-language' => 'zh-CN,zh;q=0.9',
  'cookie' => 'PHPSESSID=c5cg2t2e9shhm2v648bjdfosd2',
)
[ info ] [ PARAM ] array (
)
[ info ] [ SESSION ] INIT array (
  'id' => '',
  'var_session_id' => '',
  'prefix' => 'think',
  'type' => '',
  'auto_start' => true,
)
[ info ] [ LOG ] INIT File
---------------------------------------------------------------
[ 2018-07-06T18:49:39+08:00 ] 127.0.0.1 GET /account/login.html
[ info ] 1.shop.com/account/login.html [运行时间：0.069004s][吞吐率：14.49req/s] [内存消耗：2,131.95kb] [文件加载：46]
[ info ] [ LANG ] D:\wamp\www\shop\thinkphp\lang\zh-cn.php
[ info ] [ BIND ] 'home'
[ info ] [ ROUTE ] array (
  'type' => 'module',
  'module' => 
  array (
    0 => 'home',
    1 => 'account',
    2 => 'login',
  ),
)
[ info ] [ HEADER ] array (
  'host' => '1.shop.com',
  'connection' => 'keep-alive',
  'pragma' => 'no-cache',
  'cache-control' => 'no-cache',
  'accept' => 'text/html, */*; q=0.01',
  'x-requested-with' => 'XMLHttpRequest',
  'user-agent' => 'Mozilla/5.0 (iPhone; CPU iPhone OS 11_0 like Mac OS X) AppleWebKit/604.1.38 (KHTML, like Gecko) Version/11.0 Mobile/15A372 Safari/604.1',
  'referer' => 'http://1.shop.com/cart/cart.html',
  'accept-encoding' => 'gzip, deflate',
  'accept-language' => 'zh-CN,zh;q=0.9',
  'cookie' => 'PHPSESSID=c5cg2t2e9shhm2v648bjdfosd2',
)
[ info ] [ PARAM ] array (
)
[ info ] [ RUN ] app\home\controller\Account->login[ D:\wamp\www\shop\application\home\controller\Account.php ]
[ info ] [ VIEW ] D:\wamp\www\shop/application/home\view\account\login.html [ array (
) ]
[ info ] [ LOG ] INIT File
---------------------------------------------------------------
[ 2018-07-06T18:49:43+08:00 ] 127.0.0.1 GET /goods/details.html?id=1
[ info ] 1.shop.com/goods/details.html?id=1 [运行时间：0.112007s][吞吐率：8.93req/s] [内存消耗：2,882.91kb] [文件加载：51]
[ info ] [ LANG ] D:\wamp\www\shop\thinkphp\lang\zh-cn.php
[ info ] [ BIND ] 'home'
[ info ] [ ROUTE ] array (
  'type' => 'module',
  'module' => 
  array (
    0 => 'home',
    1 => 'goods',
    2 => 'details',
  ),
)
[ info ] [ HEADER ] array (
  'host' => '1.shop.com',
  'connection' => 'keep-alive',
  'pragma' => 'no-cache',
  'cache-control' => 'no-cache',
  'accept' => 'text/html, */*; q=0.01',
  'x-requested-with' => 'XMLHttpRequest',
  'user-agent' => 'Mozilla/5.0 (iPhone; CPU iPhone OS 11_0 like Mac OS X) AppleWebKit/604.1.38 (KHTML, like Gecko) Version/11.0 Mobile/15A372 Safari/604.1',
  'referer' => 'http://1.shop.com/goods/details.html?id=1',
  'accept-encoding' => 'gzip, deflate',
  'accept-language' => 'zh-CN,zh;q=0.9',
  'cookie' => 'PHPSESSID=c5cg2t2e9shhm2v648bjdfosd2',
)
[ info ] [ PARAM ] array (
  'id' => '1',
)
[ info ] [ RUN ] app\home\controller\Goods->details[ D:\wamp\www\shop\application\home\controller\Goods.php ]
[ info ] [ DB ] INIT mysql
[ info ] [ VIEW ] D:\wamp\www\shop/application/home\view\goods\details.html [ array (
  0 => 'Goods_info',
  1 => 'GoodsBanner_lists',
  2 => 'GoodsGP_lists',
) ]
[ info ] [ LOG ] INIT File
[ sql ] [ DB ] CONNECT:[ UseTime:0.001000s ] mysql:host=127.0.0.1;port=3306;dbname=darenshop;charset=utf8
[ sql ] [ SQL ] SHOW COLUMNS FROM `dr_goods` [ RunTime:0.003000s ]
[ sql ] [ SQL ] SELECT * FROM `dr_goods` WHERE  `goods_id` = 1 LIMIT 1 [ RunTime:0.002000s ]
[ sql ] [ SQL ] SHOW COLUMNS FROM `dr_goods_banner` [ RunTime:0.002000s ]
[ sql ] [ SQL ] SELECT * FROM `dr_goods_banner` LEFT JOIN `dr_file` ON `dr_goods_banner`.`goods_banner_file`=`dr_file`.`file_id` WHERE  `goods_id` = 1 [ RunTime:0.002000s ]
[ sql ] [ SQL ] SHOW COLUMNS FROM `dr_goods_g_p` [ RunTime:0.001000s ]
[ sql ] [ SQL ] SELECT * FROM `dr_goods_g_p` LEFT JOIN `dr_goods_property` ON `dr_goods_g_p`.`goods_property_id`=`dr_goods_property`.`goods_property_id` WHERE  `goods_id` = 1 [ RunTime:0.001000s ]
---------------------------------------------------------------
[ 2018-07-06T18:49:44+08:00 ] 127.0.0.1 GET /cart/cart.html
[ info ] 1.shop.com/cart/cart.html [运行时间：0.065003s][吞吐率：15.38req/s] [内存消耗：1,949.88kb] [文件加载：45]
[ info ] [ LANG ] D:\wamp\www\shop\thinkphp\lang\zh-cn.php
[ info ] [ BIND ] 'home'
[ info ] [ ROUTE ] array (
  'type' => 'module',
  'module' => 
  array (
    0 => 'home',
    1 => 'cart',
    2 => 'cart',
  ),
)
[ info ] [ HEADER ] array (
  'host' => '1.shop.com',
  'connection' => 'keep-alive',
  'pragma' => 'no-cache',
  'cache-control' => 'no-cache',
  'accept' => 'text/html, */*; q=0.01',
  'x-requested-with' => 'XMLHttpRequest',
  'user-agent' => 'Mozilla/5.0 (iPhone; CPU iPhone OS 11_0 like Mac OS X) AppleWebKit/604.1.38 (KHTML, like Gecko) Version/11.0 Mobile/15A372 Safari/604.1',
  'referer' => 'http://1.shop.com/goods/details.html?id=1',
  'accept-encoding' => 'gzip, deflate',
  'accept-language' => 'zh-CN,zh;q=0.9',
  'cookie' => 'PHPSESSID=c5cg2t2e9shhm2v648bjdfosd2',
)
[ info ] [ PARAM ] array (
)
[ info ] [ SESSION ] INIT array (
  'id' => '',
  'var_session_id' => '',
  'prefix' => 'think',
  'type' => '',
  'auto_start' => true,
)
[ info ] [ LOG ] INIT File
---------------------------------------------------------------
[ 2018-07-06T18:49:44+08:00 ] 127.0.0.1 GET /account/login.html
[ info ] 1.shop.com/account/login.html [运行时间：0.053003s][吞吐率：18.87req/s] [内存消耗：1,974.22kb] [文件加载：44]
[ info ] [ LANG ] D:\wamp\www\shop\thinkphp\lang\zh-cn.php
[ info ] [ BIND ] 'home'
[ info ] [ ROUTE ] array (
  'type' => 'module',
  'module' => 
  array (
    0 => 'home',
    1 => 'account',
    2 => 'login',
  ),
)
[ info ] [ HEADER ] array (
  'host' => '1.shop.com',
  'connection' => 'keep-alive',
  'pragma' => 'no-cache',
  'cache-control' => 'no-cache',
  'accept' => 'text/html, */*; q=0.01',
  'x-requested-with' => 'XMLHttpRequest',
  'user-agent' => 'Mozilla/5.0 (iPhone; CPU iPhone OS 11_0 like Mac OS X) AppleWebKit/604.1.38 (KHTML, like Gecko) Version/11.0 Mobile/15A372 Safari/604.1',
  'referer' => 'http://1.shop.com/goods/details.html?id=1',
  'accept-encoding' => 'gzip, deflate',
  'accept-language' => 'zh-CN,zh;q=0.9',
  'cookie' => 'PHPSESSID=c5cg2t2e9shhm2v648bjdfosd2',
)
[ info ] [ PARAM ] array (
)
[ info ] [ RUN ] app\home\controller\Account->login[ D:\wamp\www\shop\application\home\controller\Account.php ]
[ info ] [ VIEW ] D:\wamp\www\shop/application/home\view\account\login.html [ array (
) ]
[ info ] [ LOG ] INIT File
---------------------------------------------------------------
[ 2018-07-06T18:49:46+08:00 ] 127.0.0.1 POST /account/login_ok.html
[ info ] 1.shop.com/account/login_ok.html [运行时间：0.077005s][吞吐率：12.99req/s] [内存消耗：2,816.66kb] [文件加载：50]
[ info ] [ LANG ] D:\wamp\www\shop\thinkphp\lang\zh-cn.php
[ info ] [ BIND ] 'home'
[ info ] [ ROUTE ] array (
  'type' => 'module',
  'module' => 
  array (
    0 => 'home',
    1 => 'account',
    2 => 'login_ok',
  ),
)
[ info ] [ HEADER ] array (
  'host' => '1.shop.com',
  'connection' => 'keep-alive',
  'content-length' => '16',
  'pragma' => 'no-cache',
  'cache-control' => 'no-cache',
  'accept' => 'text/html, */*; q=0.01',
  'origin' => 'http://1.shop.com',
  'x-requested-with' => 'XMLHttpRequest',
  'user-agent' => 'Mozilla/5.0 (iPhone; CPU iPhone OS 11_0 like Mac OS X) AppleWebKit/604.1.38 (KHTML, like Gecko) Version/11.0 Mobile/15A372 Safari/604.1',
  'content-type' => 'application/x-www-form-urlencoded; charset=UTF-8',
  'referer' => 'http://1.shop.com/cart/cart.html',
  'accept-encoding' => 'gzip, deflate',
  'accept-language' => 'zh-CN,zh;q=0.9',
  'cookie' => 'PHPSESSID=c5cg2t2e9shhm2v648bjdfosd2',
)
[ info ] [ PARAM ] array (
  'phone' => '',
  'password' => '',
)
[ info ] [ RUN ] app\home\controller\Account->login_ok[ D:\wamp\www\shop\application\home\controller\Account.php ]
[ info ] [ DB ] INIT mysql
[ info ] [ LOG ] INIT File
[ sql ] [ DB ] CONNECT:[ UseTime:0.002000s ] mysql:host=127.0.0.1;port=3306;dbname=darenshop;charset=utf8
[ sql ] [ SQL ] SHOW COLUMNS FROM `dr_member` [ RunTime:0.001000s ]
[ sql ] [ SQL ] SELECT * FROM `dr_member` WHERE  `member_phone` = '' LIMIT 1 [ RunTime:0.001000s ]
---------------------------------------------------------------
[ 2018-07-06T18:49:53+08:00 ] 127.0.0.1 GET /cart/cart.html
[ info ] 1.shop.com/cart/cart.html [运行时间：0.087005s][吞吐率：11.49req/s] [内存消耗：1,949.89kb] [文件加载：45]
[ info ] [ LANG ] D:\wamp\www\shop\thinkphp\lang\zh-cn.php
[ info ] [ BIND ] 'home'
[ info ] [ ROUTE ] array (
  'type' => 'module',
  'module' => 
  array (
    0 => 'home',
    1 => 'cart',
    2 => 'cart',
  ),
)
[ info ] [ HEADER ] array (
  'host' => '1.shop.com',
  'connection' => 'keep-alive',
  'pragma' => 'no-cache',
  'cache-control' => 'no-cache',
  'accept' => 'text/html, */*; q=0.01',
  'x-requested-with' => 'XMLHttpRequest',
  'user-agent' => 'Mozilla/5.0 (iPhone; CPU iPhone OS 11_0 like Mac OS X) AppleWebKit/604.1.38 (KHTML, like Gecko) Version/11.0 Mobile/15A372 Safari/604.1',
  'referer' => 'http://1.shop.com/cart/cart.html',
  'accept-encoding' => 'gzip, deflate',
  'accept-language' => 'zh-CN,zh;q=0.9',
  'cookie' => 'PHPSESSID=c5cg2t2e9shhm2v648bjdfosd2',
)
[ info ] [ PARAM ] array (
)
[ info ] [ SESSION ] INIT array (
  'id' => '',
  'var_session_id' => '',
  'prefix' => 'think',
  'type' => '',
  'auto_start' => true,
)
[ info ] [ LOG ] INIT File
---------------------------------------------------------------
[ 2018-07-06T18:49:53+08:00 ] 127.0.0.1 GET /account/login.html
[ info ] 1.shop.com/account/login.html [运行时间：0.084005s][吞吐率：11.90req/s] [内存消耗：1,974.13kb] [文件加载：44]
[ info ] [ LANG ] D:\wamp\www\shop\thinkphp\lang\zh-cn.php
[ info ] [ BIND ] 'home'
[ info ] [ ROUTE ] array (
  'type' => 'module',
  'module' => 
  array (
    0 => 'home',
    1 => 'account',
    2 => 'login',
  ),
)
[ info ] [ HEADER ] array (
  'host' => '1.shop.com',
  'connection' => 'keep-alive',
  'pragma' => 'no-cache',
  'cache-control' => 'no-cache',
  'accept' => 'text/html, */*; q=0.01',
  'x-requested-with' => 'XMLHttpRequest',
  'user-agent' => 'Mozilla/5.0 (iPhone; CPU iPhone OS 11_0 like Mac OS X) AppleWebKit/604.1.38 (KHTML, like Gecko) Version/11.0 Mobile/15A372 Safari/604.1',
  'referer' => 'http://1.shop.com/cart/cart.html',
  'accept-encoding' => 'gzip, deflate',
  'accept-language' => 'zh-CN,zh;q=0.9',
  'cookie' => 'PHPSESSID=c5cg2t2e9shhm2v648bjdfosd2',
)
[ info ] [ PARAM ] array (
)
[ info ] [ RUN ] app\home\controller\Account->login[ D:\wamp\www\shop\application\home\controller\Account.php ]
[ info ] [ VIEW ] D:\wamp\www\shop/application/home\view\account\login.html [ array (
) ]
[ info ] [ LOG ] INIT File
---------------------------------------------------------------
[ 2018-07-06T18:49:55+08:00 ] 127.0.0.1 GET /goods/details.html?id=1
[ info ] 1.shop.com/goods/details.html?id=1 [运行时间：0.194011s][吞吐率：5.15req/s] [内存消耗：2,882.91kb] [文件加载：51]
[ info ] [ LANG ] D:\wamp\www\shop\thinkphp\lang\zh-cn.php
[ info ] [ BIND ] 'home'
[ info ] [ ROUTE ] array (
  'type' => 'module',
  'module' => 
  array (
    0 => 'home',
    1 => 'goods',
    2 => 'details',
  ),
)
[ info ] [ HEADER ] array (
  'host' => '1.shop.com',
  'connection' => 'keep-alive',
  'pragma' => 'no-cache',
  'cache-control' => 'no-cache',
  'accept' => 'text/html, */*; q=0.01',
  'x-requested-with' => 'XMLHttpRequest',
  'user-agent' => 'Mozilla/5.0 (iPhone; CPU iPhone OS 11_0 like Mac OS X) AppleWebKit/604.1.38 (KHTML, like Gecko) Version/11.0 Mobile/15A372 Safari/604.1',
  'referer' => 'http://1.shop.com/goods/details.html?id=1',
  'accept-encoding' => 'gzip, deflate',
  'accept-language' => 'zh-CN,zh;q=0.9',
  'cookie' => 'PHPSESSID=c5cg2t2e9shhm2v648bjdfosd2',
)
[ info ] [ PARAM ] array (
  'id' => '1',
)
[ info ] [ RUN ] app\home\controller\Goods->details[ D:\wamp\www\shop\application\home\controller\Goods.php ]
[ info ] [ DB ] INIT mysql
[ info ] [ VIEW ] D:\wamp\www\shop/application/home\view\goods\details.html [ array (
  0 => 'Goods_info',
  1 => 'GoodsBanner_lists',
  2 => 'GoodsGP_lists',
) ]
[ info ] [ LOG ] INIT File
[ sql ] [ DB ] CONNECT:[ UseTime:0.013001s ] mysql:host=127.0.0.1;port=3306;dbname=darenshop;charset=utf8
[ sql ] [ SQL ] SHOW COLUMNS FROM `dr_goods` [ RunTime:0.008000s ]
[ sql ] [ SQL ] SELECT * FROM `dr_goods` WHERE  `goods_id` = 1 LIMIT 1 [ RunTime:0.003000s ]
[ sql ] [ SQL ] SHOW COLUMNS FROM `dr_goods_banner` [ RunTime:0.007000s ]
[ sql ] [ SQL ] SELECT * FROM `dr_goods_banner` LEFT JOIN `dr_file` ON `dr_goods_banner`.`goods_banner_file`=`dr_file`.`file_id` WHERE  `goods_id` = 1 [ RunTime:0.002000s ]
[ sql ] [ SQL ] SHOW COLUMNS FROM `dr_goods_g_p` [ RunTime:0.008000s ]
[ sql ] [ SQL ] SELECT * FROM `dr_goods_g_p` LEFT JOIN `dr_goods_property` ON `dr_goods_g_p`.`goods_property_id`=`dr_goods_property`.`goods_property_id` WHERE  `goods_id` = 1 [ RunTime:0.003001s ]
---------------------------------------------------------------
[ 2018-07-06T18:49:56+08:00 ] 127.0.0.1 GET /cart/cart.html
[ info ] 1.shop.com/cart/cart.html [运行时间：0.061003s][吞吐率：16.39req/s] [内存消耗：1,949.88kb] [文件加载：45]
[ info ] [ LANG ] D:\wamp\www\shop\thinkphp\lang\zh-cn.php
[ info ] [ BIND ] 'home'
[ info ] [ ROUTE ] array (
  'type' => 'module',
  'module' => 
  array (
    0 => 'home',
    1 => 'cart',
    2 => 'cart',
  ),
)
[ info ] [ HEADER ] array (
  'host' => '1.shop.com',
  'connection' => 'keep-alive',
  'pragma' => 'no-cache',
  'cache-control' => 'no-cache',
  'accept' => 'text/html, */*; q=0.01',
  'x-requested-with' => 'XMLHttpRequest',
  'user-agent' => 'Mozilla/5.0 (iPhone; CPU iPhone OS 11_0 like Mac OS X) AppleWebKit/604.1.38 (KHTML, like Gecko) Version/11.0 Mobile/15A372 Safari/604.1',
  'referer' => 'http://1.shop.com/goods/details.html?id=1',
  'accept-encoding' => 'gzip, deflate',
  'accept-language' => 'zh-CN,zh;q=0.9',
  'cookie' => 'PHPSESSID=c5cg2t2e9shhm2v648bjdfosd2',
)
[ info ] [ PARAM ] array (
)
[ info ] [ SESSION ] INIT array (
  'id' => '',
  'var_session_id' => '',
  'prefix' => 'think',
  'type' => '',
  'auto_start' => true,
)
[ info ] [ LOG ] INIT File
---------------------------------------------------------------
[ 2018-07-06T18:49:56+08:00 ] 127.0.0.1 GET /account/login.html
[ info ] 1.shop.com/account/login.html [运行时间：0.054003s][吞吐率：18.52req/s] [内存消耗：1,974.22kb] [文件加载：44]
[ info ] [ LANG ] D:\wamp\www\shop\thinkphp\lang\zh-cn.php
[ info ] [ BIND ] 'home'
[ info ] [ ROUTE ] array (
  'type' => 'module',
  'module' => 
  array (
    0 => 'home',
    1 => 'account',
    2 => 'login',
  ),
)
[ info ] [ HEADER ] array (
  'host' => '1.shop.com',
  'connection' => 'keep-alive',
  'pragma' => 'no-cache',
  'cache-control' => 'no-cache',
  'accept' => 'text/html, */*; q=0.01',
  'x-requested-with' => 'XMLHttpRequest',
  'user-agent' => 'Mozilla/5.0 (iPhone; CPU iPhone OS 11_0 like Mac OS X) AppleWebKit/604.1.38 (KHTML, like Gecko) Version/11.0 Mobile/15A372 Safari/604.1',
  'referer' => 'http://1.shop.com/goods/details.html?id=1',
  'accept-encoding' => 'gzip, deflate',
  'accept-language' => 'zh-CN,zh;q=0.9',
  'cookie' => 'PHPSESSID=c5cg2t2e9shhm2v648bjdfosd2',
)
[ info ] [ PARAM ] array (
)
[ info ] [ RUN ] app\home\controller\Account->login[ D:\wamp\www\shop\application\home\controller\Account.php ]
[ info ] [ VIEW ] D:\wamp\www\shop/application/home\view\account\login.html [ array (
) ]
[ info ] [ LOG ] INIT File
---------------------------------------------------------------
[ 2018-07-06T18:50:00+08:00 ] 127.0.0.1 POST /account/login_ok.html
[ info ] 1.shop.com/account/login_ok.html [运行时间：0.096006s][吞吐率：10.42req/s] [内存消耗：2,816.66kb] [文件加载：50]
[ info ] [ LANG ] D:\wamp\www\shop\thinkphp\lang\zh-cn.php
[ info ] [ BIND ] 'home'
[ info ] [ ROUTE ] array (
  'type' => 'module',
  'module' => 
  array (
    0 => 'home',
    1 => 'account',
    2 => 'login_ok',
  ),
)
[ info ] [ HEADER ] array (
  'host' => '1.shop.com',
  'connection' => 'keep-alive',
  'content-length' => '16',
  'pragma' => 'no-cache',
  'cache-control' => 'no-cache',
  'accept' => 'text/html, */*; q=0.01',
  'origin' => 'http://1.shop.com',
  'x-requested-with' => 'XMLHttpRequest',
  'user-agent' => 'Mozilla/5.0 (iPhone; CPU iPhone OS 11_0 like Mac OS X) AppleWebKit/604.1.38 (KHTML, like Gecko) Version/11.0 Mobile/15A372 Safari/604.1',
  'content-type' => 'application/x-www-form-urlencoded; charset=UTF-8',
  'referer' => 'http://1.shop.com/cart/cart.html',
  'accept-encoding' => 'gzip, deflate',
  'accept-language' => 'zh-CN,zh;q=0.9',
  'cookie' => 'PHPSESSID=c5cg2t2e9shhm2v648bjdfosd2',
)
[ info ] [ PARAM ] array (
  'phone' => '',
  'password' => '',
)
[ info ] [ RUN ] app\home\controller\Account->login_ok[ D:\wamp\www\shop\application\home\controller\Account.php ]
[ info ] [ DB ] INIT mysql
[ info ] [ LOG ] INIT File
[ sql ] [ DB ] CONNECT:[ UseTime:0.003000s ] mysql:host=127.0.0.1;port=3306;dbname=darenshop;charset=utf8
[ sql ] [ SQL ] SHOW COLUMNS FROM `dr_member` [ RunTime:0.004001s ]
[ sql ] [ SQL ] SELECT * FROM `dr_member` WHERE  `member_phone` = '' LIMIT 1 [ RunTime:0.003000s ]
---------------------------------------------------------------
[ 2018-07-06T18:51:06+08:00 ] 127.0.0.1 GET /cart/cart.html
[ info ] 1.shop.com/cart/cart.html [运行时间：0.083005s][吞吐率：12.05req/s] [内存消耗：1,949.89kb] [文件加载：45]
[ info ] [ LANG ] D:\wamp\www\shop\thinkphp\lang\zh-cn.php
[ info ] [ BIND ] 'home'
[ info ] [ ROUTE ] array (
  'type' => 'module',
  'module' => 
  array (
    0 => 'home',
    1 => 'cart',
    2 => 'cart',
  ),
)
[ info ] [ HEADER ] array (
  'host' => '1.shop.com',
  'connection' => 'keep-alive',
  'pragma' => 'no-cache',
  'cache-control' => 'no-cache',
  'accept' => 'text/html, */*; q=0.01',
  'x-requested-with' => 'XMLHttpRequest',
  'user-agent' => 'Mozilla/5.0 (iPhone; CPU iPhone OS 11_0 like Mac OS X) AppleWebKit/604.1.38 (KHTML, like Gecko) Version/11.0 Mobile/15A372 Safari/604.1',
  'referer' => 'http://1.shop.com/cart/cart.html',
  'accept-encoding' => 'gzip, deflate',
  'accept-language' => 'zh-CN,zh;q=0.9',
  'cookie' => 'PHPSESSID=c5cg2t2e9shhm2v648bjdfosd2',
)
[ info ] [ PARAM ] array (
)
[ info ] [ SESSION ] INIT array (
  'id' => '',
  'var_session_id' => '',
  'prefix' => 'think',
  'type' => '',
  'auto_start' => true,
)
[ info ] [ LOG ] INIT File
---------------------------------------------------------------
[ 2018-07-06T18:51:06+08:00 ] 127.0.0.1 GET /account/login.html
[ info ] 1.shop.com/account/login.html [运行时间：0.090005s][吞吐率：11.11req/s] [内存消耗：2,131.95kb] [文件加载：46]
[ info ] [ LANG ] D:\wamp\www\shop\thinkphp\lang\zh-cn.php
[ info ] [ BIND ] 'home'
[ info ] [ ROUTE ] array (
  'type' => 'module',
  'module' => 
  array (
    0 => 'home',
    1 => 'account',
    2 => 'login',
  ),
)
[ info ] [ HEADER ] array (
  'host' => '1.shop.com',
  'connection' => 'keep-alive',
  'pragma' => 'no-cache',
  'cache-control' => 'no-cache',
  'accept' => 'text/html, */*; q=0.01',
  'x-requested-with' => 'XMLHttpRequest',
  'user-agent' => 'Mozilla/5.0 (iPhone; CPU iPhone OS 11_0 like Mac OS X) AppleWebKit/604.1.38 (KHTML, like Gecko) Version/11.0 Mobile/15A372 Safari/604.1',
  'referer' => 'http://1.shop.com/cart/cart.html',
  'accept-encoding' => 'gzip, deflate',
  'accept-language' => 'zh-CN,zh;q=0.9',
  'cookie' => 'PHPSESSID=c5cg2t2e9shhm2v648bjdfosd2',
)
[ info ] [ PARAM ] array (
)
[ info ] [ RUN ] app\home\controller\Account->login[ D:\wamp\www\shop\application\home\controller\Account.php ]
[ info ] [ VIEW ] D:\wamp\www\shop/application/home\view\account\login.html [ array (
) ]
[ info ] [ LOG ] INIT File
---------------------------------------------------------------
[ 2018-07-06T18:51:07+08:00 ] 127.0.0.1 GET /goods/details.html?id=1
[ info ] 1.shop.com/goods/details.html?id=1 [运行时间：0.113007s][吞吐率：8.85req/s] [内存消耗：2,882.91kb] [文件加载：51]
[ info ] [ LANG ] D:\wamp\www\shop\thinkphp\lang\zh-cn.php
[ info ] [ BIND ] 'home'
[ info ] [ ROUTE ] array (
  'type' => 'module',
  'module' => 
  array (
    0 => 'home',
    1 => 'goods',
    2 => 'details',
  ),
)
[ info ] [ HEADER ] array (
  'host' => '1.shop.com',
  'connection' => 'keep-alive',
  'pragma' => 'no-cache',
  'cache-control' => 'no-cache',
  'accept' => 'text/html, */*; q=0.01',
  'x-requested-with' => 'XMLHttpRequest',
  'user-agent' => 'Mozilla/5.0 (iPhone; CPU iPhone OS 11_0 like Mac OS X) AppleWebKit/604.1.38 (KHTML, like Gecko) Version/11.0 Mobile/15A372 Safari/604.1',
  'referer' => 'http://1.shop.com/goods/details.html?id=1',
  'accept-encoding' => 'gzip, deflate',
  'accept-language' => 'zh-CN,zh;q=0.9',
  'cookie' => 'PHPSESSID=c5cg2t2e9shhm2v648bjdfosd2',
)
[ info ] [ PARAM ] array (
  'id' => '1',
)
[ info ] [ RUN ] app\home\controller\Goods->details[ D:\wamp\www\shop\application\home\controller\Goods.php ]
[ info ] [ DB ] INIT mysql
[ info ] [ VIEW ] D:\wamp\www\shop/application/home\view\goods\details.html [ array (
  0 => 'Goods_info',
  1 => 'GoodsBanner_lists',
  2 => 'GoodsGP_lists',
) ]
[ info ] [ LOG ] INIT File
[ sql ] [ DB ] CONNECT:[ UseTime:0.004000s ] mysql:host=127.0.0.1;port=3306;dbname=darenshop;charset=utf8
[ sql ] [ SQL ] SHOW COLUMNS FROM `dr_goods` [ RunTime:0.003000s ]
[ sql ] [ SQL ] SELECT * FROM `dr_goods` WHERE  `goods_id` = 1 LIMIT 1 [ RunTime:0.002000s ]
[ sql ] [ SQL ] SHOW COLUMNS FROM `dr_goods_banner` [ RunTime:0.002000s ]
[ sql ] [ SQL ] SELECT * FROM `dr_goods_banner` LEFT JOIN `dr_file` ON `dr_goods_banner`.`goods_banner_file`=`dr_file`.`file_id` WHERE  `goods_id` = 1 [ RunTime:0.001000s ]
[ sql ] [ SQL ] SHOW COLUMNS FROM `dr_goods_g_p` [ RunTime:0.001000s ]
[ sql ] [ SQL ] SELECT * FROM `dr_goods_g_p` LEFT JOIN `dr_goods_property` ON `dr_goods_g_p`.`goods_property_id`=`dr_goods_property`.`goods_property_id` WHERE  `goods_id` = 1 [ RunTime:0.004000s ]
---------------------------------------------------------------
[ 2018-07-06T18:51:08+08:00 ] 127.0.0.1 GET /cart/cart.html
[ info ] 1.shop.com/cart/cart.html [运行时间：0.052003s][吞吐率：19.23req/s] [内存消耗：1,949.88kb] [文件加载：45]
[ info ] [ LANG ] D:\wamp\www\shop\thinkphp\lang\zh-cn.php
[ info ] [ BIND ] 'home'
[ info ] [ ROUTE ] array (
  'type' => 'module',
  'module' => 
  array (
    0 => 'home',
    1 => 'cart',
    2 => 'cart',
  ),
)
[ info ] [ HEADER ] array (
  'host' => '1.shop.com',
  'connection' => 'keep-alive',
  'pragma' => 'no-cache',
  'cache-control' => 'no-cache',
  'accept' => 'text/html, */*; q=0.01',
  'x-requested-with' => 'XMLHttpRequest',
  'user-agent' => 'Mozilla/5.0 (iPhone; CPU iPhone OS 11_0 like Mac OS X) AppleWebKit/604.1.38 (KHTML, like Gecko) Version/11.0 Mobile/15A372 Safari/604.1',
  'referer' => 'http://1.shop.com/goods/details.html?id=1',
  'accept-encoding' => 'gzip, deflate',
  'accept-language' => 'zh-CN,zh;q=0.9',
  'cookie' => 'PHPSESSID=c5cg2t2e9shhm2v648bjdfosd2',
)
[ info ] [ PARAM ] array (
)
[ info ] [ SESSION ] INIT array (
  'id' => '',
  'var_session_id' => '',
  'prefix' => 'think',
  'type' => '',
  'auto_start' => true,
)
[ info ] [ LOG ] INIT File
---------------------------------------------------------------
[ 2018-07-06T18:51:08+08:00 ] 127.0.0.1 GET /account/login.html
[ info ] 1.shop.com/account/login.html [运行时间：0.052003s][吞吐率：19.23req/s] [内存消耗：1,974.22kb] [文件加载：44]
[ info ] [ LANG ] D:\wamp\www\shop\thinkphp\lang\zh-cn.php
[ info ] [ BIND ] 'home'
[ info ] [ ROUTE ] array (
  'type' => 'module',
  'module' => 
  array (
    0 => 'home',
    1 => 'account',
    2 => 'login',
  ),
)
[ info ] [ HEADER ] array (
  'host' => '1.shop.com',
  'connection' => 'keep-alive',
  'pragma' => 'no-cache',
  'cache-control' => 'no-cache',
  'accept' => 'text/html, */*; q=0.01',
  'x-requested-with' => 'XMLHttpRequest',
  'user-agent' => 'Mozilla/5.0 (iPhone; CPU iPhone OS 11_0 like Mac OS X) AppleWebKit/604.1.38 (KHTML, like Gecko) Version/11.0 Mobile/15A372 Safari/604.1',
  'referer' => 'http://1.shop.com/goods/details.html?id=1',
  'accept-encoding' => 'gzip, deflate',
  'accept-language' => 'zh-CN,zh;q=0.9',
  'cookie' => 'PHPSESSID=c5cg2t2e9shhm2v648bjdfosd2',
)
[ info ] [ PARAM ] array (
)
[ info ] [ RUN ] app\home\controller\Account->login[ D:\wamp\www\shop\application\home\controller\Account.php ]
[ info ] [ VIEW ] D:\wamp\www\shop/application/home\view\account\login.html [ array (
) ]
[ info ] [ LOG ] INIT File
---------------------------------------------------------------
[ 2018-07-06T18:51:09+08:00 ] 127.0.0.1 POST /account/login_ok.html
[ info ] 1.shop.com/account/login_ok.html [运行时间：0.079005s][吞吐率：12.66req/s] [内存消耗：2,816.66kb] [文件加载：50]
[ info ] [ LANG ] D:\wamp\www\shop\thinkphp\lang\zh-cn.php
[ info ] [ BIND ] 'home'
[ info ] [ ROUTE ] array (
  'type' => 'module',
  'module' => 
  array (
    0 => 'home',
    1 => 'account',
    2 => 'login_ok',
  ),
)
[ info ] [ HEADER ] array (
  'host' => '1.shop.com',
  'connection' => 'keep-alive',
  'content-length' => '16',
  'pragma' => 'no-cache',
  'cache-control' => 'no-cache',
  'accept' => 'text/html, */*; q=0.01',
  'origin' => 'http://1.shop.com',
  'x-requested-with' => 'XMLHttpRequest',
  'user-agent' => 'Mozilla/5.0 (iPhone; CPU iPhone OS 11_0 like Mac OS X) AppleWebKit/604.1.38 (KHTML, like Gecko) Version/11.0 Mobile/15A372 Safari/604.1',
  'content-type' => 'application/x-www-form-urlencoded; charset=UTF-8',
  'referer' => 'http://1.shop.com/cart/cart.html',
  'accept-encoding' => 'gzip, deflate',
  'accept-language' => 'zh-CN,zh;q=0.9',
  'cookie' => 'PHPSESSID=c5cg2t2e9shhm2v648bjdfosd2',
)
[ info ] [ PARAM ] array (
  'phone' => '',
  'password' => '',
)
[ info ] [ RUN ] app\home\controller\Account->login_ok[ D:\wamp\www\shop\application\home\controller\Account.php ]
[ info ] [ DB ] INIT mysql
[ info ] [ LOG ] INIT File
[ sql ] [ DB ] CONNECT:[ UseTime:0.002000s ] mysql:host=127.0.0.1;port=3306;dbname=darenshop;charset=utf8
[ sql ] [ SQL ] SHOW COLUMNS FROM `dr_member` [ RunTime:0.001000s ]
[ sql ] [ SQL ] SELECT * FROM `dr_member` WHERE  `member_phone` = '' LIMIT 1 [ RunTime:0.001000s ]
---------------------------------------------------------------
[ 2018-07-06T18:51:14+08:00 ] 127.0.0.1 GET /cart/cart.html
[ info ] 1.shop.com/cart/cart.html [运行时间：0.073005s][吞吐率：13.70req/s] [内存消耗：1,949.89kb] [文件加载：45]
[ info ] [ LANG ] D:\wamp\www\shop\thinkphp\lang\zh-cn.php
[ info ] [ BIND ] 'home'
[ info ] [ ROUTE ] array (
  'type' => 'module',
  'module' => 
  array (
    0 => 'home',
    1 => 'cart',
    2 => 'cart',
  ),
)
[ info ] [ HEADER ] array (
  'host' => '1.shop.com',
  'connection' => 'keep-alive',
  'pragma' => 'no-cache',
  'cache-control' => 'no-cache',
  'accept' => 'text/html, */*; q=0.01',
  'x-requested-with' => 'XMLHttpRequest',
  'user-agent' => 'Mozilla/5.0 (iPhone; CPU iPhone OS 11_0 like Mac OS X) AppleWebKit/604.1.38 (KHTML, like Gecko) Version/11.0 Mobile/15A372 Safari/604.1',
  'referer' => 'http://1.shop.com/cart/cart.html',
  'accept-encoding' => 'gzip, deflate',
  'accept-language' => 'zh-CN,zh;q=0.9',
  'cookie' => 'PHPSESSID=c5cg2t2e9shhm2v648bjdfosd2',
)
[ info ] [ PARAM ] array (
)
[ info ] [ SESSION ] INIT array (
  'id' => '',
  'var_session_id' => '',
  'prefix' => 'think',
  'type' => '',
  'auto_start' => true,
)
[ info ] [ LOG ] INIT File
---------------------------------------------------------------
[ 2018-07-06T18:51:15+08:00 ] 127.0.0.1 GET /account/login.html
[ info ] 1.shop.com/account/login.html [运行时间：0.071004s][吞吐率：14.08req/s] [内存消耗：1,974.13kb] [文件加载：44]
[ info ] [ LANG ] D:\wamp\www\shop\thinkphp\lang\zh-cn.php
[ info ] [ BIND ] 'home'
[ info ] [ ROUTE ] array (
  'type' => 'module',
  'module' => 
  array (
    0 => 'home',
    1 => 'account',
    2 => 'login',
  ),
)
[ info ] [ HEADER ] array (
  'host' => '1.shop.com',
  'connection' => 'keep-alive',
  'pragma' => 'no-cache',
  'cache-control' => 'no-cache',
  'accept' => 'text/html, */*; q=0.01',
  'x-requested-with' => 'XMLHttpRequest',
  'user-agent' => 'Mozilla/5.0 (iPhone; CPU iPhone OS 11_0 like Mac OS X) AppleWebKit/604.1.38 (KHTML, like Gecko) Version/11.0 Mobile/15A372 Safari/604.1',
  'referer' => 'http://1.shop.com/cart/cart.html',
  'accept-encoding' => 'gzip, deflate',
  'accept-language' => 'zh-CN,zh;q=0.9',
  'cookie' => 'PHPSESSID=c5cg2t2e9shhm2v648bjdfosd2',
)
[ info ] [ PARAM ] array (
)
[ info ] [ RUN ] app\home\controller\Account->login[ D:\wamp\www\shop\application\home\controller\Account.php ]
[ info ] [ VIEW ] D:\wamp\www\shop/application/home\view\account\login.html [ array (
) ]
[ info ] [ LOG ] INIT File
---------------------------------------------------------------
[ 2018-07-06T19:02:46+08:00 ] 127.0.0.1 GET /goods/details.html?id=1
[ info ] 1.shop.com/goods/details.html?id=1 [运行时间：0.126007s][吞吐率：7.94req/s] [内存消耗：2,882.91kb] [文件加载：51]
[ info ] [ LANG ] D:\wamp\www\shop\thinkphp\lang\zh-cn.php
[ info ] [ BIND ] 'home'
[ info ] [ ROUTE ] array (
  'type' => 'module',
  'module' => 
  array (
    0 => 'home',
    1 => 'goods',
    2 => 'details',
  ),
)
[ info ] [ HEADER ] array (
  'host' => '1.shop.com',
  'connection' => 'keep-alive',
  'pragma' => 'no-cache',
  'cache-control' => 'no-cache',
  'accept' => 'text/html, */*; q=0.01',
  'x-requested-with' => 'XMLHttpRequest',
  'user-agent' => 'Mozilla/5.0 (iPhone; CPU iPhone OS 11_0 like Mac OS X) AppleWebKit/604.1.38 (KHTML, like Gecko) Version/11.0 Mobile/15A372 Safari/604.1',
  'referer' => 'http://1.shop.com/goods/details.html?id=1',
  'accept-encoding' => 'gzip, deflate',
  'accept-language' => 'zh-CN,zh;q=0.9',
  'cookie' => 'PHPSESSID=c5cg2t2e9shhm2v648bjdfosd2',
)
[ info ] [ PARAM ] array (
  'id' => '1',
)
[ info ] [ RUN ] app\home\controller\Goods->details[ D:\wamp\www\shop\application\home\controller\Goods.php ]
[ info ] [ DB ] INIT mysql
[ info ] [ VIEW ] D:\wamp\www\shop/application/home\view\goods\details.html [ array (
  0 => 'Goods_info',
  1 => 'GoodsBanner_lists',
  2 => 'GoodsGP_lists',
) ]
[ info ] [ LOG ] INIT File
[ sql ] [ DB ] CONNECT:[ UseTime:0.002000s ] mysql:host=127.0.0.1;port=3306;dbname=darenshop;charset=utf8
[ sql ] [ SQL ] SHOW COLUMNS FROM `dr_goods` [ RunTime:0.003001s ]
[ sql ] [ SQL ] SELECT * FROM `dr_goods` WHERE  `goods_id` = 1 LIMIT 1 [ RunTime:0.001000s ]
[ sql ] [ SQL ] SHOW COLUMNS FROM `dr_goods_banner` [ RunTime:0.001000s ]
[ sql ] [ SQL ] SELECT * FROM `dr_goods_banner` LEFT JOIN `dr_file` ON `dr_goods_banner`.`goods_banner_file`=`dr_file`.`file_id` WHERE  `goods_id` = 1 [ RunTime:0.001000s ]
[ sql ] [ SQL ] SHOW COLUMNS FROM `dr_goods_g_p` [ RunTime:0.001000s ]
[ sql ] [ SQL ] SELECT * FROM `dr_goods_g_p` LEFT JOIN `dr_goods_property` ON `dr_goods_g_p`.`goods_property_id`=`dr_goods_property`.`goods_property_id` WHERE  `goods_id` = 1 [ RunTime:0.001000s ]
---------------------------------------------------------------
[ 2018-07-06T19:02:47+08:00 ] 127.0.0.1 GET /cart/cart.html
[ info ] 1.shop.com/cart/cart.html [运行时间：0.068004s][吞吐率：14.71req/s] [内存消耗：1,949.88kb] [文件加载：45]
[ info ] [ LANG ] D:\wamp\www\shop\thinkphp\lang\zh-cn.php
[ info ] [ BIND ] 'home'
[ info ] [ ROUTE ] array (
  'type' => 'module',
  'module' => 
  array (
    0 => 'home',
    1 => 'cart',
    2 => 'cart',
  ),
)
[ info ] [ HEADER ] array (
  'host' => '1.shop.com',
  'connection' => 'keep-alive',
  'pragma' => 'no-cache',
  'cache-control' => 'no-cache',
  'accept' => 'text/html, */*; q=0.01',
  'x-requested-with' => 'XMLHttpRequest',
  'user-agent' => 'Mozilla/5.0 (iPhone; CPU iPhone OS 11_0 like Mac OS X) AppleWebKit/604.1.38 (KHTML, like Gecko) Version/11.0 Mobile/15A372 Safari/604.1',
  'referer' => 'http://1.shop.com/goods/details.html?id=1',
  'accept-encoding' => 'gzip, deflate',
  'accept-language' => 'zh-CN,zh;q=0.9',
  'cookie' => 'PHPSESSID=c5cg2t2e9shhm2v648bjdfosd2',
)
[ info ] [ PARAM ] array (
)
[ info ] [ SESSION ] INIT array (
  'id' => '',
  'var_session_id' => '',
  'prefix' => 'think',
  'type' => '',
  'auto_start' => true,
)
[ info ] [ LOG ] INIT File
---------------------------------------------------------------
[ 2018-07-06T19:02:47+08:00 ] 127.0.0.1 GET /account/login.html
[ info ] 1.shop.com/account/login.html [运行时间：0.052003s][吞吐率：19.23req/s] [内存消耗：2,132.06kb] [文件加载：46]
[ info ] [ LANG ] D:\wamp\www\shop\thinkphp\lang\zh-cn.php
[ info ] [ BIND ] 'home'
[ info ] [ ROUTE ] array (
  'type' => 'module',
  'module' => 
  array (
    0 => 'home',
    1 => 'account',
    2 => 'login',
  ),
)
[ info ] [ HEADER ] array (
  'host' => '1.shop.com',
  'connection' => 'keep-alive',
  'pragma' => 'no-cache',
  'cache-control' => 'no-cache',
  'accept' => 'text/html, */*; q=0.01',
  'x-requested-with' => 'XMLHttpRequest',
  'user-agent' => 'Mozilla/5.0 (iPhone; CPU iPhone OS 11_0 like Mac OS X) AppleWebKit/604.1.38 (KHTML, like Gecko) Version/11.0 Mobile/15A372 Safari/604.1',
  'referer' => 'http://1.shop.com/goods/details.html?id=1',
  'accept-encoding' => 'gzip, deflate',
  'accept-language' => 'zh-CN,zh;q=0.9',
  'cookie' => 'PHPSESSID=c5cg2t2e9shhm2v648bjdfosd2',
)
[ info ] [ PARAM ] array (
)
[ info ] [ RUN ] app\home\controller\Account->login[ D:\wamp\www\shop\application\home\controller\Account.php ]
[ info ] [ VIEW ] D:\wamp\www\shop/application/home\view\account\login.html [ array (
) ]
[ info ] [ LOG ] INIT File
---------------------------------------------------------------
[ 2018-07-06T19:02:48+08:00 ] 127.0.0.1 POST /account/login_ok.html
[ info ] 1.shop.com/account/login_ok.html [运行时间：0.073005s][吞吐率：13.70req/s] [内存消耗：2,816.66kb] [文件加载：50]
[ info ] [ LANG ] D:\wamp\www\shop\thinkphp\lang\zh-cn.php
[ info ] [ BIND ] 'home'
[ info ] [ ROUTE ] array (
  'type' => 'module',
  'module' => 
  array (
    0 => 'home',
    1 => 'account',
    2 => 'login_ok',
  ),
)
[ info ] [ HEADER ] array (
  'host' => '1.shop.com',
  'connection' => 'keep-alive',
  'content-length' => '16',
  'pragma' => 'no-cache',
  'cache-control' => 'no-cache',
  'accept' => 'text/html, */*; q=0.01',
  'origin' => 'http://1.shop.com',
  'x-requested-with' => 'XMLHttpRequest',
  'user-agent' => 'Mozilla/5.0 (iPhone; CPU iPhone OS 11_0 like Mac OS X) AppleWebKit/604.1.38 (KHTML, like Gecko) Version/11.0 Mobile/15A372 Safari/604.1',
  'content-type' => 'application/x-www-form-urlencoded; charset=UTF-8',
  'referer' => 'http://1.shop.com/cart/cart.html',
  'accept-encoding' => 'gzip, deflate',
  'accept-language' => 'zh-CN,zh;q=0.9',
  'cookie' => 'PHPSESSID=c5cg2t2e9shhm2v648bjdfosd2',
)
[ info ] [ PARAM ] array (
  'phone' => '',
  'password' => '',
)
[ info ] [ RUN ] app\home\controller\Account->login_ok[ D:\wamp\www\shop\application\home\controller\Account.php ]
[ info ] [ DB ] INIT mysql
[ info ] [ LOG ] INIT File
[ sql ] [ DB ] CONNECT:[ UseTime:0.001000s ] mysql:host=127.0.0.1;port=3306;dbname=darenshop;charset=utf8
[ sql ] [ SQL ] SHOW COLUMNS FROM `dr_member` [ RunTime:0.002000s ]
[ sql ] [ SQL ] SELECT * FROM `dr_member` WHERE  `member_phone` = '' LIMIT 1 [ RunTime:0.001000s ]
---------------------------------------------------------------
[ 2018-07-06T19:02:53+08:00 ] 127.0.0.1 GET /cart/cart.html
[ info ] 1.shop.com/cart/cart.html [运行时间：0.079004s][吞吐率：12.66req/s] [内存消耗：1,949.89kb] [文件加载：45]
[ info ] [ LANG ] D:\wamp\www\shop\thinkphp\lang\zh-cn.php
[ info ] [ BIND ] 'home'
[ info ] [ ROUTE ] array (
  'type' => 'module',
  'module' => 
  array (
    0 => 'home',
    1 => 'cart',
    2 => 'cart',
  ),
)
[ info ] [ HEADER ] array (
  'host' => '1.shop.com',
  'connection' => 'keep-alive',
  'pragma' => 'no-cache',
  'cache-control' => 'no-cache',
  'accept' => 'text/html, */*; q=0.01',
  'x-requested-with' => 'XMLHttpRequest',
  'user-agent' => 'Mozilla/5.0 (iPhone; CPU iPhone OS 11_0 like Mac OS X) AppleWebKit/604.1.38 (KHTML, like Gecko) Version/11.0 Mobile/15A372 Safari/604.1',
  'referer' => 'http://1.shop.com/cart/cart.html',
  'accept-encoding' => 'gzip, deflate',
  'accept-language' => 'zh-CN,zh;q=0.9',
  'cookie' => 'PHPSESSID=c5cg2t2e9shhm2v648bjdfosd2',
)
[ info ] [ PARAM ] array (
)
[ info ] [ SESSION ] INIT array (
  'id' => '',
  'var_session_id' => '',
  'prefix' => 'think',
  'type' => '',
  'auto_start' => true,
)
[ info ] [ LOG ] INIT File
---------------------------------------------------------------
[ 2018-07-06T19:02:53+08:00 ] 127.0.0.1 GET /account/login.html
[ info ] 1.shop.com/account/login.html [运行时间：0.059003s][吞吐率：16.95req/s] [内存消耗：1,974.13kb] [文件加载：44]
[ info ] [ LANG ] D:\wamp\www\shop\thinkphp\lang\zh-cn.php
[ info ] [ BIND ] 'home'
[ info ] [ ROUTE ] array (
  'type' => 'module',
  'module' => 
  array (
    0 => 'home',
    1 => 'account',
    2 => 'login',
  ),
)
[ info ] [ HEADER ] array (
  'host' => '1.shop.com',
  'connection' => 'keep-alive',
  'pragma' => 'no-cache',
  'cache-control' => 'no-cache',
  'accept' => 'text/html, */*; q=0.01',
  'x-requested-with' => 'XMLHttpRequest',
  'user-agent' => 'Mozilla/5.0 (iPhone; CPU iPhone OS 11_0 like Mac OS X) AppleWebKit/604.1.38 (KHTML, like Gecko) Version/11.0 Mobile/15A372 Safari/604.1',
  'referer' => 'http://1.shop.com/cart/cart.html',
  'accept-encoding' => 'gzip, deflate',
  'accept-language' => 'zh-CN,zh;q=0.9',
  'cookie' => 'PHPSESSID=c5cg2t2e9shhm2v648bjdfosd2',
)
[ info ] [ PARAM ] array (
)
[ info ] [ RUN ] app\home\controller\Account->login[ D:\wamp\www\shop\application\home\controller\Account.php ]
[ info ] [ VIEW ] D:\wamp\www\shop/application/home\view\account\login.html [ array (
) ]
[ info ] [ LOG ] INIT File
---------------------------------------------------------------
[ 2018-07-06T19:03:10+08:00 ] 127.0.0.1 GET /goods/details.html?id=1
[ info ] 1.shop.com/goods/details.html?id=1 [运行时间：0.168010s][吞吐率：5.95req/s] [内存消耗：2,882.91kb] [文件加载：51]
[ info ] [ LANG ] D:\wamp\www\shop\thinkphp\lang\zh-cn.php
[ info ] [ BIND ] 'home'
[ info ] [ ROUTE ] array (
  'type' => 'module',
  'module' => 
  array (
    0 => 'home',
    1 => 'goods',
    2 => 'details',
  ),
)
[ info ] [ HEADER ] array (
  'host' => '1.shop.com',
  'connection' => 'keep-alive',
  'pragma' => 'no-cache',
  'cache-control' => 'no-cache',
  'accept' => 'text/html, */*; q=0.01',
  'x-requested-with' => 'XMLHttpRequest',
  'user-agent' => 'Mozilla/5.0 (iPhone; CPU iPhone OS 11_0 like Mac OS X) AppleWebKit/604.1.38 (KHTML, like Gecko) Version/11.0 Mobile/15A372 Safari/604.1',
  'referer' => 'http://1.shop.com/goods/details.html?id=1',
  'accept-encoding' => 'gzip, deflate',
  'accept-language' => 'zh-CN,zh;q=0.9',
  'cookie' => 'PHPSESSID=c5cg2t2e9shhm2v648bjdfosd2',
)
[ info ] [ PARAM ] array (
  'id' => '1',
)
[ info ] [ RUN ] app\home\controller\Goods->details[ D:\wamp\www\shop\application\home\controller\Goods.php ]
[ info ] [ DB ] INIT mysql
[ info ] [ VIEW ] D:\wamp\www\shop/application/home\view\goods\details.html [ array (
  0 => 'Goods_info',
  1 => 'GoodsBanner_lists',
  2 => 'GoodsGP_lists',
) ]
[ info ] [ LOG ] INIT File
[ sql ] [ DB ] CONNECT:[ UseTime:0.003000s ] mysql:host=127.0.0.1;port=3306;dbname=darenshop;charset=utf8
[ sql ] [ SQL ] SHOW COLUMNS FROM `dr_goods` [ RunTime:0.002000s ]
[ sql ] [ SQL ] SELECT * FROM `dr_goods` WHERE  `goods_id` = 1 LIMIT 1 [ RunTime:0.001000s ]
[ sql ] [ SQL ] SHOW COLUMNS FROM `dr_goods_banner` [ RunTime:0.001000s ]
[ sql ] [ SQL ] SELECT * FROM `dr_goods_banner` LEFT JOIN `dr_file` ON `dr_goods_banner`.`goods_banner_file`=`dr_file`.`file_id` WHERE  `goods_id` = 1 [ RunTime:0.000000s ]
[ sql ] [ SQL ] SHOW COLUMNS FROM `dr_goods_g_p` [ RunTime:0.002000s ]
[ sql ] [ SQL ] SELECT * FROM `dr_goods_g_p` LEFT JOIN `dr_goods_property` ON `dr_goods_g_p`.`goods_property_id`=`dr_goods_property`.`goods_property_id` WHERE  `goods_id` = 1 [ RunTime:0.001000s ]
---------------------------------------------------------------
[ 2018-07-06T19:03:10+08:00 ] 127.0.0.1 GET /cart/cart.html
[ info ] 1.shop.com/cart/cart.html [运行时间：0.057003s][吞吐率：17.54req/s] [内存消耗：1,949.88kb] [文件加载：45]
[ info ] [ LANG ] D:\wamp\www\shop\thinkphp\lang\zh-cn.php
[ info ] [ BIND ] 'home'
[ info ] [ ROUTE ] array (
  'type' => 'module',
  'module' => 
  array (
    0 => 'home',
    1 => 'cart',
    2 => 'cart',
  ),
)
[ info ] [ HEADER ] array (
  'host' => '1.shop.com',
  'connection' => 'keep-alive',
  'pragma' => 'no-cache',
  'cache-control' => 'no-cache',
  'accept' => 'text/html, */*; q=0.01',
  'x-requested-with' => 'XMLHttpRequest',
  'user-agent' => 'Mozilla/5.0 (iPhone; CPU iPhone OS 11_0 like Mac OS X) AppleWebKit/604.1.38 (KHTML, like Gecko) Version/11.0 Mobile/15A372 Safari/604.1',
  'referer' => 'http://1.shop.com/goods/details.html?id=1',
  'accept-encoding' => 'gzip, deflate',
  'accept-language' => 'zh-CN,zh;q=0.9',
  'cookie' => 'PHPSESSID=c5cg2t2e9shhm2v648bjdfosd2',
)
[ info ] [ PARAM ] array (
)
[ info ] [ SESSION ] INIT array (
  'id' => '',
  'var_session_id' => '',
  'prefix' => 'think',
  'type' => '',
  'auto_start' => true,
)
[ info ] [ LOG ] INIT File
---------------------------------------------------------------
[ 2018-07-06T19:03:10+08:00 ] 127.0.0.1 GET /account/login.html
[ info ] 1.shop.com/account/login.html [运行时间：0.053003s][吞吐率：18.87req/s] [内存消耗：2,132.06kb] [文件加载：46]
[ info ] [ LANG ] D:\wamp\www\shop\thinkphp\lang\zh-cn.php
[ info ] [ BIND ] 'home'
[ info ] [ ROUTE ] array (
  'type' => 'module',
  'module' => 
  array (
    0 => 'home',
    1 => 'account',
    2 => 'login',
  ),
)
[ info ] [ HEADER ] array (
  'host' => '1.shop.com',
  'connection' => 'keep-alive',
  'pragma' => 'no-cache',
  'cache-control' => 'no-cache',
  'accept' => 'text/html, */*; q=0.01',
  'x-requested-with' => 'XMLHttpRequest',
  'user-agent' => 'Mozilla/5.0 (iPhone; CPU iPhone OS 11_0 like Mac OS X) AppleWebKit/604.1.38 (KHTML, like Gecko) Version/11.0 Mobile/15A372 Safari/604.1',
  'referer' => 'http://1.shop.com/goods/details.html?id=1',
  'accept-encoding' => 'gzip, deflate',
  'accept-language' => 'zh-CN,zh;q=0.9',
  'cookie' => 'PHPSESSID=c5cg2t2e9shhm2v648bjdfosd2',
)
[ info ] [ PARAM ] array (
)
[ info ] [ RUN ] app\home\controller\Account->login[ D:\wamp\www\shop\application\home\controller\Account.php ]
[ info ] [ VIEW ] D:\wamp\www\shop/application/home\view\account\login.html [ array (
) ]
[ info ] [ LOG ] INIT File
---------------------------------------------------------------
[ 2018-07-06T19:03:12+08:00 ] 127.0.0.1 POST /cart/cart.html
[ info ] 1.shop.com/cart/cart.html [运行时间：0.064004s][吞吐率：15.62req/s] [内存消耗：1,950.21kb] [文件加载：45]
[ info ] [ LANG ] D:\wamp\www\shop\thinkphp\lang\zh-cn.php
[ info ] [ BIND ] 'home'
[ info ] [ ROUTE ] array (
  'type' => 'module',
  'module' => 
  array (
    0 => 'home',
    1 => 'cart',
    2 => 'cart',
  ),
)
[ info ] [ HEADER ] array (
  'host' => '1.shop.com',
  'connection' => 'keep-alive',
  'content-length' => '16',
  'pragma' => 'no-cache',
  'cache-control' => 'no-cache',
  'accept' => 'text/html, */*; q=0.01',
  'origin' => 'http://1.shop.com',
  'x-requested-with' => 'XMLHttpRequest',
  'user-agent' => 'Mozilla/5.0 (iPhone; CPU iPhone OS 11_0 like Mac OS X) AppleWebKit/604.1.38 (KHTML, like Gecko) Version/11.0 Mobile/15A372 Safari/604.1',
  'content-type' => 'application/x-www-form-urlencoded; charset=UTF-8',
  'referer' => 'http://1.shop.com/cart/cart.html',
  'accept-encoding' => 'gzip, deflate',
  'accept-language' => 'zh-CN,zh;q=0.9',
  'cookie' => 'PHPSESSID=c5cg2t2e9shhm2v648bjdfosd2',
)
[ info ] [ PARAM ] array (
  'phone' => '',
  'password' => '',
)
[ info ] [ SESSION ] INIT array (
  'id' => '',
  'var_session_id' => '',
  'prefix' => 'think',
  'type' => '',
  'auto_start' => true,
)
[ info ] [ LOG ] INIT File
---------------------------------------------------------------
[ 2018-07-06T19:03:12+08:00 ] 127.0.0.1 GET /account/login.html
[ info ] 1.shop.com/account/login.html [运行时间：0.050002s][吞吐率：20.00req/s] [内存消耗：1,974.19kb] [文件加载：44]
[ info ] [ LANG ] D:\wamp\www\shop\thinkphp\lang\zh-cn.php
[ info ] [ BIND ] 'home'
[ info ] [ ROUTE ] array (
  'type' => 'module',
  'module' => 
  array (
    0 => 'home',
    1 => 'account',
    2 => 'login',
  ),
)
[ info ] [ HEADER ] array (
  'host' => '1.shop.com',
  'connection' => 'keep-alive',
  'pragma' => 'no-cache',
  'cache-control' => 'no-cache',
  'accept' => 'text/html, */*; q=0.01',
  'x-requested-with' => 'XMLHttpRequest',
  'user-agent' => 'Mozilla/5.0 (iPhone; CPU iPhone OS 11_0 like Mac OS X) AppleWebKit/604.1.38 (KHTML, like Gecko) Version/11.0 Mobile/15A372 Safari/604.1',
  'referer' => 'http://1.shop.com/cart/cart.html',
  'accept-encoding' => 'gzip, deflate',
  'accept-language' => 'zh-CN,zh;q=0.9',
  'cookie' => 'PHPSESSID=c5cg2t2e9shhm2v648bjdfosd2',
)
[ info ] [ PARAM ] array (
)
[ info ] [ RUN ] app\home\controller\Account->login[ D:\wamp\www\shop\application\home\controller\Account.php ]
[ info ] [ VIEW ] D:\wamp\www\shop/application/home\view\account\login.html [ array (
) ]
[ info ] [ LOG ] INIT File
---------------------------------------------------------------
[ 2018-07-06T19:03:14+08:00 ] 127.0.0.1 POST /cart/cart.html
[ info ] 1.shop.com/cart/cart.html [运行时间：0.051003s][吞吐率：19.61req/s] [内存消耗：1,950.21kb] [文件加载：45]
[ info ] [ LANG ] D:\wamp\www\shop\thinkphp\lang\zh-cn.php
[ info ] [ BIND ] 'home'
[ info ] [ ROUTE ] array (
  'type' => 'module',
  'module' => 
  array (
    0 => 'home',
    1 => 'cart',
    2 => 'cart',
  ),
)
[ info ] [ HEADER ] array (
  'host' => '1.shop.com',
  'connection' => 'keep-alive',
  'content-length' => '16',
  'pragma' => 'no-cache',
  'cache-control' => 'no-cache',
  'accept' => 'text/html, */*; q=0.01',
  'origin' => 'http://1.shop.com',
  'x-requested-with' => 'XMLHttpRequest',
  'user-agent' => 'Mozilla/5.0 (iPhone; CPU iPhone OS 11_0 like Mac OS X) AppleWebKit/604.1.38 (KHTML, like Gecko) Version/11.0 Mobile/15A372 Safari/604.1',
  'content-type' => 'application/x-www-form-urlencoded; charset=UTF-8',
  'referer' => 'http://1.shop.com/cart/cart.html',
  'accept-encoding' => 'gzip, deflate',
  'accept-language' => 'zh-CN,zh;q=0.9',
  'cookie' => 'PHPSESSID=c5cg2t2e9shhm2v648bjdfosd2',
)
[ info ] [ PARAM ] array (
  'phone' => '',
  'password' => '',
)
[ info ] [ SESSION ] INIT array (
  'id' => '',
  'var_session_id' => '',
  'prefix' => 'think',
  'type' => '',
  'auto_start' => true,
)
[ info ] [ LOG ] INIT File
---------------------------------------------------------------
[ 2018-07-06T19:03:14+08:00 ] 127.0.0.1 GET /account/login.html
[ info ] 1.shop.com/account/login.html [运行时间：0.044003s][吞吐率：22.73req/s] [内存消耗：1,974.19kb] [文件加载：44]
[ info ] [ LANG ] D:\wamp\www\shop\thinkphp\lang\zh-cn.php
[ info ] [ BIND ] 'home'
[ info ] [ ROUTE ] array (
  'type' => 'module',
  'module' => 
  array (
    0 => 'home',
    1 => 'account',
    2 => 'login',
  ),
)
[ info ] [ HEADER ] array (
  'host' => '1.shop.com',
  'connection' => 'keep-alive',
  'pragma' => 'no-cache',
  'cache-control' => 'no-cache',
  'accept' => 'text/html, */*; q=0.01',
  'x-requested-with' => 'XMLHttpRequest',
  'user-agent' => 'Mozilla/5.0 (iPhone; CPU iPhone OS 11_0 like Mac OS X) AppleWebKit/604.1.38 (KHTML, like Gecko) Version/11.0 Mobile/15A372 Safari/604.1',
  'referer' => 'http://1.shop.com/cart/cart.html',
  'accept-encoding' => 'gzip, deflate',
  'accept-language' => 'zh-CN,zh;q=0.9',
  'cookie' => 'PHPSESSID=c5cg2t2e9shhm2v648bjdfosd2',
)
[ info ] [ PARAM ] array (
)
[ info ] [ RUN ] app\home\controller\Account->login[ D:\wamp\www\shop\application\home\controller\Account.php ]
[ info ] [ VIEW ] D:\wamp\www\shop/application/home\view\account\login.html [ array (
) ]
[ info ] [ LOG ] INIT File
---------------------------------------------------------------
[ 2018-07-06T19:05:13+08:00 ] 127.0.0.1 GET /goods/details.html?id=1
[ info ] 1.shop.com/goods/details.html?id=1 [运行时间：0.122007s][吞吐率：8.20req/s] [内存消耗：2,882.91kb] [文件加载：51]
[ info ] [ LANG ] D:\wamp\www\shop\thinkphp\lang\zh-cn.php
[ info ] [ BIND ] 'home'
[ info ] [ ROUTE ] array (
  'type' => 'module',
  'module' => 
  array (
    0 => 'home',
    1 => 'goods',
    2 => 'details',
  ),
)
[ info ] [ HEADER ] array (
  'host' => '1.shop.com',
  'connection' => 'keep-alive',
  'pragma' => 'no-cache',
  'cache-control' => 'no-cache',
  'accept' => 'text/html, */*; q=0.01',
  'x-requested-with' => 'XMLHttpRequest',
  'user-agent' => 'Mozilla/5.0 (iPhone; CPU iPhone OS 11_0 like Mac OS X) AppleWebKit/604.1.38 (KHTML, like Gecko) Version/11.0 Mobile/15A372 Safari/604.1',
  'referer' => 'http://1.shop.com/goods/details.html?id=1',
  'accept-encoding' => 'gzip, deflate',
  'accept-language' => 'zh-CN,zh;q=0.9',
  'cookie' => 'PHPSESSID=c5cg2t2e9shhm2v648bjdfosd2',
)
[ info ] [ PARAM ] array (
  'id' => '1',
)
[ info ] [ RUN ] app\home\controller\Goods->details[ D:\wamp\www\shop\application\home\controller\Goods.php ]
[ info ] [ DB ] INIT mysql
[ info ] [ VIEW ] D:\wamp\www\shop/application/home\view\goods\details.html [ array (
  0 => 'Goods_info',
  1 => 'GoodsBanner_lists',
  2 => 'GoodsGP_lists',
) ]
[ info ] [ LOG ] INIT File
[ sql ] [ DB ] CONNECT:[ UseTime:0.002000s ] mysql:host=127.0.0.1;port=3306;dbname=darenshop;charset=utf8
[ sql ] [ SQL ] SHOW COLUMNS FROM `dr_goods` [ RunTime:0.002001s ]
[ sql ] [ SQL ] SELECT * FROM `dr_goods` WHERE  `goods_id` = 1 LIMIT 1 [ RunTime:0.001000s ]
[ sql ] [ SQL ] SHOW COLUMNS FROM `dr_goods_banner` [ RunTime:0.001000s ]
[ sql ] [ SQL ] SELECT * FROM `dr_goods_banner` LEFT JOIN `dr_file` ON `dr_goods_banner`.`goods_banner_file`=`dr_file`.`file_id` WHERE  `goods_id` = 1 [ RunTime:0.001000s ]
[ sql ] [ SQL ] SHOW COLUMNS FROM `dr_goods_g_p` [ RunTime:0.003000s ]
[ sql ] [ SQL ] SELECT * FROM `dr_goods_g_p` LEFT JOIN `dr_goods_property` ON `dr_goods_g_p`.`goods_property_id`=`dr_goods_property`.`goods_property_id` WHERE  `goods_id` = 1 [ RunTime:0.001000s ]
---------------------------------------------------------------
[ 2018-07-06T19:05:14+08:00 ] 127.0.0.1 GET /goods/goods.html
[ info ] 1.shop.com/goods/goods.html [运行时间：0.106006s][吞吐率：9.43req/s] [内存消耗：2,922.41kb] [文件加载：51]
[ info ] [ LANG ] D:\wamp\www\shop\thinkphp\lang\zh-cn.php
[ info ] [ BIND ] 'home'
[ info ] [ ROUTE ] array (
  'type' => 'module',
  'module' => 
  array (
    0 => 'home',
    1 => 'goods',
    2 => 'goods',
  ),
)
[ info ] [ HEADER ] array (
  'host' => '1.shop.com',
  'connection' => 'keep-alive',
  'pragma' => 'no-cache',
  'cache-control' => 'no-cache',
  'accept' => 'text/html, */*; q=0.01',
  'x-requested-with' => 'XMLHttpRequest',
  'user-agent' => 'Mozilla/5.0 (iPhone; CPU iPhone OS 11_0 like Mac OS X) AppleWebKit/604.1.38 (KHTML, like Gecko) Version/11.0 Mobile/15A372 Safari/604.1',
  'referer' => 'http://1.shop.com/goods/goods.html',
  'accept-encoding' => 'gzip, deflate',
  'accept-language' => 'zh-CN,zh;q=0.9',
  'cookie' => 'PHPSESSID=c5cg2t2e9shhm2v648bjdfosd2',
)
[ info ] [ PARAM ] array (
)
[ info ] [ RUN ] app\home\controller\Goods->goods[ D:\wamp\www\shop\application\home\controller\Goods.php ]
[ info ] [ DB ] INIT mysql
[ info ] [ VIEW ] D:\wamp\www\shop/application/home\view\goods\goods.html [ array (
  0 => 'goods_lists',
) ]
[ info ] [ LOG ] INIT File
[ sql ] [ DB ] CONNECT:[ UseTime:0.006000s ] mysql:host=127.0.0.1;port=3306;dbname=darenshop;charset=utf8
[ sql ] [ SQL ] SHOW COLUMNS FROM `dr_goods` [ RunTime:0.006000s ]
[ sql ] [ SQL ] SELECT * FROM `dr_goods` LEFT JOIN `dr_file` ON `dr_goods`.`goods_cover`=`dr_file`.`file_id` LIMIT 0,16 [ RunTime:0.002000s ]
---------------------------------------------------------------
[ 2018-07-06T19:05:15+08:00 ] 127.0.0.1 GET /cart/cart.html
[ info ] 1.shop.com/cart/cart.html [运行时间：0.068004s][吞吐率：14.70req/s] [内存消耗：1,949.91kb] [文件加载：45]
[ info ] [ LANG ] D:\wamp\www\shop\thinkphp\lang\zh-cn.php
[ info ] [ BIND ] 'home'
[ info ] [ ROUTE ] array (
  'type' => 'module',
  'module' => 
  array (
    0 => 'home',
    1 => 'cart',
    2 => 'cart',
  ),
)
[ info ] [ HEADER ] array (
  'host' => '1.shop.com',
  'connection' => 'keep-alive',
  'pragma' => 'no-cache',
  'cache-control' => 'no-cache',
  'accept' => 'text/html, */*; q=0.01',
  'x-requested-with' => 'XMLHttpRequest',
  'user-agent' => 'Mozilla/5.0 (iPhone; CPU iPhone OS 11_0 like Mac OS X) AppleWebKit/604.1.38 (KHTML, like Gecko) Version/11.0 Mobile/15A372 Safari/604.1',
  'referer' => 'http://1.shop.com/goods/goods.html',
  'accept-encoding' => 'gzip, deflate',
  'accept-language' => 'zh-CN,zh;q=0.9',
  'cookie' => 'PHPSESSID=c5cg2t2e9shhm2v648bjdfosd2',
)
[ info ] [ PARAM ] array (
)
[ info ] [ SESSION ] INIT array (
  'id' => '',
  'var_session_id' => '',
  'prefix' => 'think',
  'type' => '',
  'auto_start' => true,
)
[ info ] [ LOG ] INIT File
---------------------------------------------------------------
[ 2018-07-06T19:05:15+08:00 ] 127.0.0.1 GET /account/login.html
[ info ] 1.shop.com/account/login.html [运行时间：0.057003s][吞吐率：17.54req/s] [内存消耗：2,132.12kb] [文件加载：46]
[ info ] [ LANG ] D:\wamp\www\shop\thinkphp\lang\zh-cn.php
[ info ] [ BIND ] 'home'
[ info ] [ ROUTE ] array (
  'type' => 'module',
  'module' => 
  array (
    0 => 'home',
    1 => 'account',
    2 => 'login',
  ),
)
[ info ] [ HEADER ] array (
  'host' => '1.shop.com',
  'connection' => 'keep-alive',
  'pragma' => 'no-cache',
  'cache-control' => 'no-cache',
  'accept' => 'text/html, */*; q=0.01',
  'x-requested-with' => 'XMLHttpRequest',
  'user-agent' => 'Mozilla/5.0 (iPhone; CPU iPhone OS 11_0 like Mac OS X) AppleWebKit/604.1.38 (KHTML, like Gecko) Version/11.0 Mobile/15A372 Safari/604.1',
  'referer' => 'http://1.shop.com/goods/goods.html',
  'accept-encoding' => 'gzip, deflate',
  'accept-language' => 'zh-CN,zh;q=0.9',
  'cookie' => 'PHPSESSID=c5cg2t2e9shhm2v648bjdfosd2',
)
[ info ] [ PARAM ] array (
)
[ info ] [ RUN ] app\home\controller\Account->login[ D:\wamp\www\shop\application\home\controller\Account.php ]
[ info ] [ VIEW ] D:\wamp\www\shop/application/home\view\account\login.html [ array (
) ]
[ info ] [ LOG ] INIT File
---------------------------------------------------------------
[ 2018-07-06T19:05:16+08:00 ] 127.0.0.1 POST /account/login_ok.html
[ info ] 1.shop.com/account/login_ok.html [运行时间：0.110006s][吞吐率：9.09req/s] [内存消耗：2,816.66kb] [文件加载：50]
[ info ] [ LANG ] D:\wamp\www\shop\thinkphp\lang\zh-cn.php
[ info ] [ BIND ] 'home'
[ info ] [ ROUTE ] array (
  'type' => 'module',
  'module' => 
  array (
    0 => 'home',
    1 => 'account',
    2 => 'login_ok',
  ),
)
[ info ] [ HEADER ] array (
  'host' => '1.shop.com',
  'connection' => 'keep-alive',
  'content-length' => '16',
  'pragma' => 'no-cache',
  'cache-control' => 'no-cache',
  'accept' => 'text/html, */*; q=0.01',
  'origin' => 'http://1.shop.com',
  'x-requested-with' => 'XMLHttpRequest',
  'user-agent' => 'Mozilla/5.0 (iPhone; CPU iPhone OS 11_0 like Mac OS X) AppleWebKit/604.1.38 (KHTML, like Gecko) Version/11.0 Mobile/15A372 Safari/604.1',
  'content-type' => 'application/x-www-form-urlencoded; charset=UTF-8',
  'referer' => 'http://1.shop.com/cart/cart.html',
  'accept-encoding' => 'gzip, deflate',
  'accept-language' => 'zh-CN,zh;q=0.9',
  'cookie' => 'PHPSESSID=c5cg2t2e9shhm2v648bjdfosd2',
)
[ info ] [ PARAM ] array (
  'phone' => '',
  'password' => '',
)
[ info ] [ RUN ] app\home\controller\Account->login_ok[ D:\wamp\www\shop\application\home\controller\Account.php ]
[ info ] [ DB ] INIT mysql
[ info ] [ LOG ] INIT File
[ sql ] [ DB ] CONNECT:[ UseTime:0.003000s ] mysql:host=127.0.0.1;port=3306;dbname=darenshop;charset=utf8
[ sql ] [ SQL ] SHOW COLUMNS FROM `dr_member` [ RunTime:0.006001s ]
[ sql ] [ SQL ] SELECT * FROM `dr_member` WHERE  `member_phone` = '' LIMIT 1 [ RunTime:0.001000s ]
---------------------------------------------------------------
[ 2018-07-06T19:05:20+08:00 ] 127.0.0.1 GET /cart/cart.html
[ info ] 1.shop.com/cart/cart.html [运行时间：0.075004s][吞吐率：13.33req/s] [内存消耗：1,949.89kb] [文件加载：45]
[ info ] [ LANG ] D:\wamp\www\shop\thinkphp\lang\zh-cn.php
[ info ] [ BIND ] 'home'
[ info ] [ ROUTE ] array (
  'type' => 'module',
  'module' => 
  array (
    0 => 'home',
    1 => 'cart',
    2 => 'cart',
  ),
)
[ info ] [ HEADER ] array (
  'host' => '1.shop.com',
  'connection' => 'keep-alive',
  'pragma' => 'no-cache',
  'cache-control' => 'no-cache',
  'accept' => 'text/html, */*; q=0.01',
  'x-requested-with' => 'XMLHttpRequest',
  'user-agent' => 'Mozilla/5.0 (iPhone; CPU iPhone OS 11_0 like Mac OS X) AppleWebKit/604.1.38 (KHTML, like Gecko) Version/11.0 Mobile/15A372 Safari/604.1',
  'referer' => 'http://1.shop.com/cart/cart.html',
  'accept-encoding' => 'gzip, deflate',
  'accept-language' => 'zh-CN,zh;q=0.9',
  'cookie' => 'PHPSESSID=c5cg2t2e9shhm2v648bjdfosd2',
)
[ info ] [ PARAM ] array (
)
[ info ] [ SESSION ] INIT array (
  'id' => '',
  'var_session_id' => '',
  'prefix' => 'think',
  'type' => '',
  'auto_start' => true,
)
[ info ] [ LOG ] INIT File
---------------------------------------------------------------
[ 2018-07-06T19:05:20+08:00 ] 127.0.0.1 GET /account/login.html
[ info ] 1.shop.com/account/login.html [运行时间：0.070004s][吞吐率：14.28req/s] [内存消耗：1,974.14kb] [文件加载：44]
[ info ] [ LANG ] D:\wamp\www\shop\thinkphp\lang\zh-cn.php
[ info ] [ BIND ] 'home'
[ info ] [ ROUTE ] array (
  'type' => 'module',
  'module' => 
  array (
    0 => 'home',
    1 => 'account',
    2 => 'login',
  ),
)
[ info ] [ HEADER ] array (
  'host' => '1.shop.com',
  'connection' => 'keep-alive',
  'pragma' => 'no-cache',
  'cache-control' => 'no-cache',
  'accept' => 'text/html, */*; q=0.01',
  'x-requested-with' => 'XMLHttpRequest',
  'user-agent' => 'Mozilla/5.0 (iPhone; CPU iPhone OS 11_0 like Mac OS X) AppleWebKit/604.1.38 (KHTML, like Gecko) Version/11.0 Mobile/15A372 Safari/604.1',
  'referer' => 'http://1.shop.com/cart/cart.html',
  'accept-encoding' => 'gzip, deflate',
  'accept-language' => 'zh-CN,zh;q=0.9',
  'cookie' => 'PHPSESSID=c5cg2t2e9shhm2v648bjdfosd2',
)
[ info ] [ PARAM ] array (
)
[ info ] [ RUN ] app\home\controller\Account->login[ D:\wamp\www\shop\application\home\controller\Account.php ]
[ info ] [ VIEW ] D:\wamp\www\shop/application/home\view\account\login.html [ array (
) ]
[ info ] [ LOG ] INIT File
