---------------------------------------------------------------
[ 2018-07-18T16:18:26+08:00 ] 127.0.0.1 GET /index/index
[ info ] backstage.1.shop.com/index/index [运行时间：0.099006s][吞吐率：10.10req/s] [内存消耗：1,975.16kb] [文件加载：45]
[ info ] [ LANG ] D:\wamp\www\shop\thinkphp\lang\zh-cn.php
[ info ] [ BIND ] 'admin'
[ info ] [ ROUTE ] array (
  'type' => 'module',
  'module' => 
  array (
    0 => 'admin',
    1 => 'index',
    2 => 'index',
  ),
)
[ info ] [ HEADER ] array (
  'host' => 'backstage.1.shop.com',
  'connection' => 'keep-alive',
  'upgrade-insecure-requests' => '1',
  'user-agent' => 'Mozilla/5.0 (Windows NT 6.1) AppleWebKit/537.36 (KHTML, like Gecko) Chrome/67.0.3396.99 Safari/537.36',
  'accept' => 'text/html,application/xhtml+xml,application/xml;q=0.9,image/webp,image/apng,*/*;q=0.8',
  'accept-encoding' => 'gzip, deflate',
  'accept-language' => 'zh-CN,zh;q=0.9',
)
[ info ] [ PARAM ] array (
)
[ info ] [ SESSION ] INIT array (
  'id' => '',
  'var_session_id' => '',
  'prefix' => 'think',
  'type' => '',
  'auto_start' => true,
)
[ info ] [ LOG ] INIT File
---------------------------------------------------------------
[ 2018-07-18T16:18:26+08:00 ] 127.0.0.1 GET /account/login.html
[ info ] backstage.1.shop.com/account/login.html [运行时间：0.066003s][吞吐率：15.15req/s] [内存消耗：1,940.69kb] [文件加载：43]
[ info ] [ LANG ] D:\wamp\www\shop\thinkphp\lang\zh-cn.php
[ info ] [ BIND ] 'admin'
[ info ] [ ROUTE ] array (
  'type' => 'module',
  'module' => 
  array (
    0 => 'admin',
    1 => 'account',
    2 => 'login',
  ),
)
[ info ] [ HEADER ] array (
  'host' => 'backstage.1.shop.com',
  'connection' => 'keep-alive',
  'upgrade-insecure-requests' => '1',
  'user-agent' => 'Mozilla/5.0 (Windows NT 6.1) AppleWebKit/537.36 (KHTML, like Gecko) Chrome/67.0.3396.99 Safari/537.36',
  'accept' => 'text/html,application/xhtml+xml,application/xml;q=0.9,image/webp,image/apng,*/*;q=0.8',
  'accept-encoding' => 'gzip, deflate',
  'accept-language' => 'zh-CN,zh;q=0.9',
  'cookie' => 'PHPSESSID=750797d8hqmb68rtislidue3r5',
)
[ info ] [ PARAM ] array (
)
[ info ] [ SESSION ] INIT array (
  'id' => '',
  'var_session_id' => '',
  'prefix' => 'think',
  'type' => '',
  'auto_start' => true,
)
[ info ] [ RUN ] app\admin\controller\Account->login[ D:\wamp\www\shop\application\admin\controller\Account.php ]
[ info ] [ VIEW ] D:\wamp\www\shop/application/admin\view\account\login.html [ array (
) ]
[ info ] [ LOG ] INIT File
---------------------------------------------------------------
[ 2018-07-18T16:18:30+08:00 ] 127.0.0.1 GET /index/index
[ info ] 1.shop.com/index/index [运行时间：0.125008s][吞吐率：8.00req/s] [内存消耗：1,936.50kb] [文件加载：44]
[ info ] [ LANG ] D:\wamp\www\shop\thinkphp\lang\zh-cn.php
[ info ] [ BIND ] 'home'
[ info ] [ ROUTE ] array (
  'type' => 'module',
  'module' => 
  array (
    0 => 'home',
    1 => 'index',
    2 => 'index',
  ),
)
[ info ] [ HEADER ] array (
  'host' => '1.shop.com',
  'connection' => 'keep-alive',
  'upgrade-insecure-requests' => '1',
  'user-agent' => 'Mozilla/5.0 (Windows NT 6.1) AppleWebKit/537.36 (KHTML, like Gecko) Chrome/67.0.3396.99 Safari/537.36',
  'accept' => 'text/html,application/xhtml+xml,application/xml;q=0.9,image/webp,image/apng,*/*;q=0.8',
  'accept-encoding' => 'gzip, deflate',
  'accept-language' => 'zh-CN,zh;q=0.9',
)
[ info ] [ PARAM ] array (
)
[ info ] [ RUN ] app\home\controller\Index->index[ D:\wamp\www\shop\application\home\controller\Index.php ]
[ info ] [ VIEW ] D:\wamp\www\shop/application/home\view\index\index.html [ array (
) ]
[ info ] [ LOG ] INIT File
---------------------------------------------------------------
[ 2018-07-18T16:18:40+08:00 ] 127.0.0.1 GET /goods/goods.html
[ info ] 1.shop.com/goods/goods.html [运行时间：0.194012s][吞吐率：5.15req/s] [内存消耗：2,922.23kb] [文件加载：51]
[ info ] [ LANG ] D:\wamp\www\shop\thinkphp\lang\zh-cn.php
[ info ] [ BIND ] 'home'
[ info ] [ ROUTE ] array (
  'type' => 'module',
  'module' => 
  array (
    0 => 'home',
    1 => 'goods',
    2 => 'goods',
  ),
)
[ info ] [ HEADER ] array (
  'host' => '1.shop.com',
  'connection' => 'keep-alive',
  'pragma' => 'no-cache',
  'cache-control' => 'no-cache',
  'accept' => 'text/html, */*; q=0.01',
  'x-requested-with' => 'XMLHttpRequest',
  'user-agent' => 'Mozilla/5.0 (iPhone; CPU iPhone OS 11_0 like Mac OS X) AppleWebKit/604.1.38 (KHTML, like Gecko) Version/11.0 Mobile/15A372 Safari/604.1',
  'referer' => 'http://1.shop.com/index/index',
  'accept-encoding' => 'gzip, deflate',
  'accept-language' => 'zh-CN,zh;q=0.9',
)
[ info ] [ PARAM ] array (
)
[ info ] [ RUN ] app\home\controller\Goods->goods[ D:\wamp\www\shop\application\home\controller\Goods.php ]
[ info ] [ DB ] INIT mysql
[ info ] [ VIEW ] D:\wamp\www\shop/application/home\view\goods\goods.html [ array (
  0 => 'goods_lists',
) ]
[ info ] [ LOG ] INIT File
[ sql ] [ DB ] CONNECT:[ UseTime:0.003000s ] mysql:host=127.0.0.1;port=3306;dbname=darenshop;charset=utf8
[ sql ] [ SQL ] SHOW COLUMNS FROM `dr_goods` [ RunTime:0.014001s ]
[ sql ] [ SQL ] SELECT * FROM `dr_goods` LEFT JOIN `dr_file` ON `dr_goods`.`goods_cover`=`dr_file`.`file_id` LIMIT 0,16 [ RunTime:0.015001s ]
---------------------------------------------------------------
[ 2018-07-18T16:18:42+08:00 ] 127.0.0.1 GET /cart/cart.html
[ info ] 1.shop.com/cart/cart.html [运行时间：0.077004s][吞吐率：12.99req/s] [内存消耗：1,949.78kb] [文件加载：45]
[ info ] [ LANG ] D:\wamp\www\shop\thinkphp\lang\zh-cn.php
[ info ] [ BIND ] 'home'
[ info ] [ ROUTE ] array (
  'type' => 'module',
  'module' => 
  array (
    0 => 'home',
    1 => 'cart',
    2 => 'cart',
  ),
)
[ info ] [ HEADER ] array (
  'host' => '1.shop.com',
  'connection' => 'keep-alive',
  'pragma' => 'no-cache',
  'cache-control' => 'no-cache',
  'accept' => 'text/html, */*; q=0.01',
  'x-requested-with' => 'XMLHttpRequest',
  'user-agent' => 'Mozilla/5.0 (iPhone; CPU iPhone OS 11_0 like Mac OS X) AppleWebKit/604.1.38 (KHTML, like Gecko) Version/11.0 Mobile/15A372 Safari/604.1',
  'referer' => 'http://1.shop.com/goods/goods.html',
  'accept-encoding' => 'gzip, deflate',
  'accept-language' => 'zh-CN,zh;q=0.9',
)
[ info ] [ PARAM ] array (
)
[ info ] [ SESSION ] INIT array (
  'id' => '',
  'var_session_id' => '',
  'prefix' => 'think',
  'type' => '',
  'auto_start' => true,
)
[ info ] [ LOG ] INIT File
---------------------------------------------------------------
[ 2018-07-18T16:18:42+08:00 ] 127.0.0.1 GET /account/login.html
[ info ] 1.shop.com/account/login.html [运行时间：0.059003s][吞吐率：16.95req/s] [内存消耗：1,974.52kb] [文件加载：44]
[ info ] [ LANG ] D:\wamp\www\shop\thinkphp\lang\zh-cn.php
[ info ] [ BIND ] 'home'
[ info ] [ ROUTE ] array (
  'type' => 'module',
  'module' => 
  array (
    0 => 'home',
    1 => 'account',
    2 => 'login',
  ),
)
[ info ] [ HEADER ] array (
  'host' => '1.shop.com',
  'connection' => 'keep-alive',
  'pragma' => 'no-cache',
  'cache-control' => 'no-cache',
  'accept' => 'text/html, */*; q=0.01',
  'x-requested-with' => 'XMLHttpRequest',
  'user-agent' => 'Mozilla/5.0 (iPhone; CPU iPhone OS 11_0 like Mac OS X) AppleWebKit/604.1.38 (KHTML, like Gecko) Version/11.0 Mobile/15A372 Safari/604.1',
  'referer' => 'http://1.shop.com/goods/goods.html',
  'accept-encoding' => 'gzip, deflate',
  'accept-language' => 'zh-CN,zh;q=0.9',
  'cookie' => 'PHPSESSID=kbq3a2iso6g1jei400i6kt5k84',
)
[ info ] [ PARAM ] array (
)
[ info ] [ RUN ] app\home\controller\Account->login[ D:\wamp\www\shop\application\home\controller\Account.php ]
[ info ] [ VIEW ] D:\wamp\www\shop/application/home\view\account\login.html [ array (
) ]
[ info ] [ LOG ] INIT File
---------------------------------------------------------------
[ 2018-07-18T16:18:50+08:00 ] 127.0.0.1 POST /account/login_ok.html
[ info ] 1.shop.com/account/login_ok.html [运行时间：0.137007s][吞吐率：7.30req/s] [内存消耗：2,886.67kb] [文件加载：51]
[ info ] [ LANG ] D:\wamp\www\shop\thinkphp\lang\zh-cn.php
[ info ] [ BIND ] 'home'
[ info ] [ ROUTE ] array (
  'type' => 'module',
  'module' => 
  array (
    0 => 'home',
    1 => 'account',
    2 => 'login_ok',
  ),
)
[ info ] [ HEADER ] array (
  'host' => '1.shop.com',
  'connection' => 'keep-alive',
  'content-length' => '33',
  'pragma' => 'no-cache',
  'cache-control' => 'no-cache',
  'origin' => 'http://1.shop.com',
  'upgrade-insecure-requests' => '1',
  'content-type' => 'application/x-www-form-urlencoded',
  'user-agent' => 'Mozilla/5.0 (iPhone; CPU iPhone OS 11_0 like Mac OS X) AppleWebKit/604.1.38 (KHTML, like Gecko) Version/11.0 Mobile/15A372 Safari/604.1',
  'accept' => 'text/html,application/xhtml+xml,application/xml;q=0.9,image/webp,image/apng,*/*;q=0.8',
  'referer' => 'http://1.shop.com/cart/cart.html',
  'accept-encoding' => 'gzip, deflate',
  'accept-language' => 'zh-CN,zh;q=0.9',
  'cookie' => 'PHPSESSID=kbq3a2iso6g1jei400i6kt5k84',
)
[ info ] [ PARAM ] array (
  'phone' => '13920425572',
  'password' => '111111',
)
[ info ] [ RUN ] app\home\controller\Account->login_ok[ D:\wamp\www\shop\application\home\controller\Account.php ]
[ info ] [ DB ] INIT mysql
[ info ] [ SESSION ] INIT array (
  'id' => '',
  'var_session_id' => '',
  'prefix' => 'think',
  'type' => '',
  'auto_start' => true,
)
[ info ] [ VIEW ] D:\wamp\www\shop\thinkphp\tpl\dispatch_jump.tpl [ array (
  0 => 'code',
  1 => 'msg',
  2 => 'data',
  3 => 'url',
  4 => 'wait',
) ]
[ info ] [ LOG ] INIT File
[ sql ] [ DB ] CONNECT:[ UseTime:0.002000s ] mysql:host=127.0.0.1;port=3306;dbname=darenshop;charset=utf8
[ sql ] [ SQL ] SHOW COLUMNS FROM `dr_member` [ RunTime:0.052003s ]
[ sql ] [ SQL ] SELECT * FROM `dr_member` WHERE  `member_phone` = '13920425572' LIMIT 1 [ RunTime:0.001000s ]
---------------------------------------------------------------
[ 2018-07-18T16:18:52+08:00 ] 127.0.0.1 GET /index/index.html
[ info ] 1.shop.com/index/index.html [运行时间：0.052003s][吞吐率：19.23req/s] [内存消耗：1,937.76kb] [文件加载：44]
[ info ] [ LANG ] D:\wamp\www\shop\thinkphp\lang\zh-cn.php
[ info ] [ BIND ] 'home'
[ info ] [ ROUTE ] array (
  'type' => 'module',
  'module' => 
  array (
    0 => 'home',
    1 => 'index',
    2 => 'index',
  ),
)
[ info ] [ HEADER ] array (
  'host' => '1.shop.com',
  'connection' => 'keep-alive',
  'pragma' => 'no-cache',
  'cache-control' => 'no-cache',
  'upgrade-insecure-requests' => '1',
  'user-agent' => 'Mozilla/5.0 (iPhone; CPU iPhone OS 11_0 like Mac OS X) AppleWebKit/604.1.38 (KHTML, like Gecko) Version/11.0 Mobile/15A372 Safari/604.1',
  'accept' => 'text/html,application/xhtml+xml,application/xml;q=0.9,image/webp,image/apng,*/*;q=0.8',
  'referer' => 'http://1.shop.com/account/login_ok.html',
  'accept-encoding' => 'gzip, deflate',
  'accept-language' => 'zh-CN,zh;q=0.9',
  'cookie' => 'PHPSESSID=kbq3a2iso6g1jei400i6kt5k84',
)
[ info ] [ PARAM ] array (
)
[ info ] [ RUN ] app\home\controller\Index->index[ D:\wamp\www\shop\application\home\controller\Index.php ]
[ info ] [ VIEW ] D:\wamp\www\shop/application/home\view\index\index.html [ array (
) ]
[ info ] [ LOG ] INIT File
---------------------------------------------------------------
[ 2018-07-18T16:18:53+08:00 ] 127.0.0.1 GET /cart/cart.html
[ info ] 1.shop.com/cart/cart.html [运行时间：0.073004s][吞吐率：13.70req/s] [内存消耗：1,945.22kb] [文件加载：45]
[ info ] [ LANG ] D:\wamp\www\shop\thinkphp\lang\zh-cn.php
[ info ] [ BIND ] 'home'
[ info ] [ ROUTE ] array (
  'type' => 'module',
  'module' => 
  array (
    0 => 'home',
    1 => 'cart',
    2 => 'cart',
  ),
)
[ info ] [ HEADER ] array (
  'host' => '1.shop.com',
  'connection' => 'keep-alive',
  'pragma' => 'no-cache',
  'cache-control' => 'no-cache',
  'accept' => 'text/html, */*; q=0.01',
  'x-requested-with' => 'XMLHttpRequest',
  'user-agent' => 'Mozilla/5.0 (iPhone; CPU iPhone OS 11_0 like Mac OS X) AppleWebKit/604.1.38 (KHTML, like Gecko) Version/11.0 Mobile/15A372 Safari/604.1',
  'referer' => 'http://1.shop.com/index/index.html',
  'accept-encoding' => 'gzip, deflate',
  'accept-language' => 'zh-CN,zh;q=0.9',
  'cookie' => 'PHPSESSID=kbq3a2iso6g1jei400i6kt5k84',
)
[ info ] [ PARAM ] array (
)
[ info ] [ SESSION ] INIT array (
  'id' => '',
  'var_session_id' => '',
  'prefix' => 'think',
  'type' => '',
  'auto_start' => true,
)
[ info ] [ RUN ] app\home\controller\Cart->cart[ D:\wamp\www\shop\application\home\controller\Cart.php ]
[ info ] [ VIEW ] D:\wamp\www\shop/application/home\view\cart\cart.html [ array (
) ]
[ info ] [ LOG ] INIT File
---------------------------------------------------------------
[ 2018-07-18T16:18:55+08:00 ] 127.0.0.1 GET /goods/goods.html
[ info ] 1.shop.com/goods/goods.html [运行时间：0.092005s][吞吐率：10.87req/s] [内存消耗：2,922.41kb] [文件加载：51]
[ info ] [ LANG ] D:\wamp\www\shop\thinkphp\lang\zh-cn.php
[ info ] [ BIND ] 'home'
[ info ] [ ROUTE ] array (
  'type' => 'module',
  'module' => 
  array (
    0 => 'home',
    1 => 'goods',
    2 => 'goods',
  ),
)
[ info ] [ HEADER ] array (
  'host' => '1.shop.com',
  'connection' => 'keep-alive',
  'pragma' => 'no-cache',
  'cache-control' => 'no-cache',
  'accept' => 'text/html, */*; q=0.01',
  'x-requested-with' => 'XMLHttpRequest',
  'user-agent' => 'Mozilla/5.0 (iPhone; CPU iPhone OS 11_0 like Mac OS X) AppleWebKit/604.1.38 (KHTML, like Gecko) Version/11.0 Mobile/15A372 Safari/604.1',
  'referer' => 'http://1.shop.com/cart/cart.html',
  'accept-encoding' => 'gzip, deflate',
  'accept-language' => 'zh-CN,zh;q=0.9',
  'cookie' => 'PHPSESSID=kbq3a2iso6g1jei400i6kt5k84',
)
[ info ] [ PARAM ] array (
)
[ info ] [ RUN ] app\home\controller\Goods->goods[ D:\wamp\www\shop\application\home\controller\Goods.php ]
[ info ] [ DB ] INIT mysql
[ info ] [ VIEW ] D:\wamp\www\shop/application/home\view\goods\goods.html [ array (
  0 => 'goods_lists',
) ]
[ info ] [ LOG ] INIT File
[ sql ] [ DB ] CONNECT:[ UseTime:0.010001s ] mysql:host=127.0.0.1;port=3306;dbname=darenshop;charset=utf8
[ sql ] [ SQL ] SHOW COLUMNS FROM `dr_goods` [ RunTime:0.005000s ]
[ sql ] [ SQL ] SELECT * FROM `dr_goods` LEFT JOIN `dr_file` ON `dr_goods`.`goods_cover`=`dr_file`.`file_id` LIMIT 0,16 [ RunTime:0.002001s ]
---------------------------------------------------------------
[ 2018-07-18T16:18:56+08:00 ] 127.0.0.1 GET /goods/details.html?id=1
[ info ] 1.shop.com/goods/details.html?id=1 [运行时间：0.209012s][吞吐率：4.78req/s] [内存消耗：2,882.84kb] [文件加载：51]
[ info ] [ LANG ] D:\wamp\www\shop\thinkphp\lang\zh-cn.php
[ info ] [ BIND ] 'home'
[ info ] [ ROUTE ] array (
  'type' => 'module',
  'module' => 
  array (
    0 => 'home',
    1 => 'goods',
    2 => 'details',
  ),
)
[ info ] [ HEADER ] array (
  'host' => '1.shop.com',
  'connection' => 'keep-alive',
  'pragma' => 'no-cache',
  'cache-control' => 'no-cache',
  'accept' => 'text/html, */*; q=0.01',
  'x-requested-with' => 'XMLHttpRequest',
  'user-agent' => 'Mozilla/5.0 (iPhone; CPU iPhone OS 11_0 like Mac OS X) AppleWebKit/604.1.38 (KHTML, like Gecko) Version/11.0 Mobile/15A372 Safari/604.1',
  'referer' => 'http://1.shop.com/goods/goods.html',
  'accept-encoding' => 'gzip, deflate',
  'accept-language' => 'zh-CN,zh;q=0.9',
  'cookie' => 'PHPSESSID=kbq3a2iso6g1jei400i6kt5k84',
)
[ info ] [ PARAM ] array (
  'id' => '1',
)
[ info ] [ RUN ] app\home\controller\Goods->details[ D:\wamp\www\shop\application\home\controller\Goods.php ]
[ info ] [ DB ] INIT mysql
[ info ] [ VIEW ] D:\wamp\www\shop/application/home\view\goods\details.html [ array (
  0 => 'Goods_info',
  1 => 'GoodsBanner_lists',
  2 => 'GoodsGP_lists',
) ]
[ info ] [ LOG ] INIT File
[ sql ] [ DB ] CONNECT:[ UseTime:0.011001s ] mysql:host=127.0.0.1;port=3306;dbname=darenshop;charset=utf8
[ sql ] [ SQL ] SHOW COLUMNS FROM `dr_goods` [ RunTime:0.008000s ]
[ sql ] [ SQL ] SELECT * FROM `dr_goods` WHERE  `goods_id` = 1 LIMIT 1 [ RunTime:0.002001s ]
[ sql ] [ SQL ] SHOW COLUMNS FROM `dr_goods_banner` [ RunTime:0.061003s ]
[ sql ] [ SQL ] SELECT * FROM `dr_goods_banner` LEFT JOIN `dr_file` ON `dr_goods_banner`.`goods_banner_file`=`dr_file`.`file_id` WHERE  `goods_id` = 1 [ RunTime:0.001000s ]
[ sql ] [ SQL ] SHOW COLUMNS FROM `dr_goods_g_p` [ RunTime:0.007001s ]
[ sql ] [ SQL ] SELECT * FROM `dr_goods_g_p` LEFT JOIN `dr_goods_property` ON `dr_goods_g_p`.`goods_property_id`=`dr_goods_property`.`goods_property_id` WHERE  `goods_id` = 1 [ RunTime:0.020001s ]
---------------------------------------------------------------
[ 2018-07-18T16:18:58+08:00 ] 127.0.0.1 GET /pay/goods_message.html?gid=1
[ info ] 1.shop.com/pay/goods_message.html?gid=1 [运行时间：0.134008s][吞吐率：7.46req/s] [内存消耗：3,326.74kb] [文件加载：55]
[ info ] [ LANG ] D:\wamp\www\shop\thinkphp\lang\zh-cn.php
[ info ] [ BIND ] 'home'
[ info ] [ ROUTE ] array (
  'type' => 'module',
  'module' => 
  array (
    0 => 'home',
    1 => 'pay',
    2 => 'goods_message',
  ),
)
[ info ] [ HEADER ] array (
  'host' => '1.shop.com',
  'connection' => 'keep-alive',
  'pragma' => 'no-cache',
  'cache-control' => 'no-cache',
  'accept' => 'text/html, */*; q=0.01',
  'x-requested-with' => 'XMLHttpRequest',
  'user-agent' => 'Mozilla/5.0 (iPhone; CPU iPhone OS 11_0 like Mac OS X) AppleWebKit/604.1.38 (KHTML, like Gecko) Version/11.0 Mobile/15A372 Safari/604.1',
  'referer' => 'http://1.shop.com/goods/details.html?id=1',
  'accept-encoding' => 'gzip, deflate',
  'accept-language' => 'zh-CN,zh;q=0.9',
  'cookie' => 'PHPSESSID=kbq3a2iso6g1jei400i6kt5k84',
)
[ info ] [ PARAM ] array (
  'gid' => '1',
)
[ info ] [ SESSION ] INIT array (
  'id' => '',
  'var_session_id' => '',
  'prefix' => 'think',
  'type' => '',
  'auto_start' => true,
)
[ info ] [ RUN ] app\home\controller\Pay->goods_message[ D:\wamp\www\shop\application\home\controller\Pay.php ]
[ info ] [ DB ] INIT mysql
[ info ] [ VIEW ] D:\wamp\www\shop/application/home\view\pay\goods_message.html [ array (
  0 => 'Goods_info',
  1 => 'MemberAddress_lists',
) ]
[ info ] [ LOG ] INIT File
[ sql ] [ DB ] CONNECT:[ UseTime:0.002000s ] mysql:host=127.0.0.1;port=3306;dbname=darenshop;charset=utf8
[ sql ] [ SQL ] SHOW COLUMNS FROM `dr_goods` [ RunTime:0.004001s ]
[ sql ] [ SQL ] SELECT * FROM `dr_goods` WHERE  `goods_id` = 1 LIMIT 1 [ RunTime:0.002000s ]
[ sql ] [ SQL ] SHOW COLUMNS FROM `dr_file` [ RunTime:0.003000s ]
[ sql ] [ SQL ] SELECT * FROM `dr_file` WHERE  `file_id` = 20 LIMIT 1 [ RunTime:0.001000s ]
[ sql ] [ SQL ] SHOW COLUMNS FROM `dr_member_address` [ RunTime:0.028002s ]
[ sql ] [ SQL ] SELECT * FROM `dr_member_address` WHERE  `member_id` = 1 ORDER BY `member_address_id` DESC [ RunTime:0.001000s ]
---------------------------------------------------------------
[ 2018-07-18T16:19:01+08:00 ] 127.0.0.1 POST /pay/create_order.html
[ info ] 1.shop.com/pay/create_order.html [运行时间：0.195011s][吞吐率：5.13req/s] [内存消耗：3,259.52kb] [文件加载：57]
[ info ] [ LANG ] D:\wamp\www\shop\thinkphp\lang\zh-cn.php
[ info ] [ BIND ] 'home'
[ info ] [ ROUTE ] array (
  'type' => 'module',
  'module' => 
  array (
    0 => 'home',
    1 => 'pay',
    2 => 'create_order',
  ),
)
[ info ] [ HEADER ] array (
  'host' => '1.shop.com',
  'connection' => 'keep-alive',
  'content-length' => '21',
  'pragma' => 'no-cache',
  'cache-control' => 'no-cache',
  'origin' => 'http://1.shop.com',
  'upgrade-insecure-requests' => '1',
  'content-type' => 'application/x-www-form-urlencoded',
  'user-agent' => 'Mozilla/5.0 (iPhone; CPU iPhone OS 11_0 like Mac OS X) AppleWebKit/604.1.38 (KHTML, like Gecko) Version/11.0 Mobile/15A372 Safari/604.1',
  'accept' => 'text/html,application/xhtml+xml,application/xml;q=0.9,image/webp,image/apng,*/*;q=0.8',
  'referer' => 'http://1.shop.com/pay/goods_message.html?gid=1',
  'accept-encoding' => 'gzip, deflate',
  'accept-language' => 'zh-CN,zh;q=0.9',
  'cookie' => 'PHPSESSID=kbq3a2iso6g1jei400i6kt5k84',
)
[ info ] [ PARAM ] array (
  'delivery_type' => '1',
  'aid' => '0',
)
[ info ] [ SESSION ] INIT array (
  'id' => '',
  'var_session_id' => '',
  'prefix' => 'think',
  'type' => '',
  'auto_start' => true,
)
[ info ] [ RUN ] app\home\controller\Pay->create_order[ D:\wamp\www\shop\application\home\controller\Pay.php ]
[ info ] [ DB ] INIT mysql
[ info ] [ LOG ] INIT File
[ sql ] [ DB ] CONNECT:[ UseTime:0.003001s ] mysql:host=127.0.0.1;port=3306;dbname=darenshop;charset=utf8
[ sql ] [ SQL ] SHOW COLUMNS FROM `dr_order` [ RunTime:0.041002s ]
[ sql ] [ SQL ] SELECT * FROM `dr_order` WHERE  `order_number` = '20180718161901628770' LIMIT 1 [ RunTime:0.001000s ]
[ error ] [8]未定义变量: order_money[D:\wamp\www\shop\application\home\controller\Pay.php:73]
[ error ] [10501]SQLSTATE[23000]: Integrity constraint violation: 1048 Column 'order_money' cannot be null[D:\wamp\www\shop\thinkphp\library\think\db\Connection.php:463]
---------------------------------------------------------------
[ 2018-07-18T16:19:16+08:00 ] 127.0.0.1 GET /pay/goods_message.html?gid=1
[ info ] 1.shop.com/pay/goods_message.html?gid=1 [运行时间：0.083005s][吞吐率：12.05req/s] [内存消耗：3,326.92kb] [文件加载：55]
[ info ] [ LANG ] D:\wamp\www\shop\thinkphp\lang\zh-cn.php
[ info ] [ BIND ] 'home'
[ info ] [ ROUTE ] array (
  'type' => 'module',
  'module' => 
  array (
    0 => 'home',
    1 => 'pay',
    2 => 'goods_message',
  ),
)
[ info ] [ HEADER ] array (
  'host' => '1.shop.com',
  'connection' => 'keep-alive',
  'pragma' => 'no-cache',
  'cache-control' => 'no-cache',
  'upgrade-insecure-requests' => '1',
  'user-agent' => 'Mozilla/5.0 (iPhone; CPU iPhone OS 11_0 like Mac OS X) AppleWebKit/604.1.38 (KHTML, like Gecko) Version/11.0 Mobile/15A372 Safari/604.1',
  'accept' => 'text/html,application/xhtml+xml,application/xml;q=0.9,image/webp,image/apng,*/*;q=0.8',
  'referer' => 'http://1.shop.com/account/login_ok.html',
  'accept-encoding' => 'gzip, deflate',
  'accept-language' => 'zh-CN,zh;q=0.9',
  'cookie' => 'PHPSESSID=kbq3a2iso6g1jei400i6kt5k84',
)
[ info ] [ PARAM ] array (
  'gid' => '1',
)
[ info ] [ SESSION ] INIT array (
  'id' => '',
  'var_session_id' => '',
  'prefix' => 'think',
  'type' => '',
  'auto_start' => true,
)
[ info ] [ RUN ] app\home\controller\Pay->goods_message[ D:\wamp\www\shop\application\home\controller\Pay.php ]
[ info ] [ DB ] INIT mysql
[ info ] [ VIEW ] D:\wamp\www\shop/application/home\view\pay\goods_message.html [ array (
  0 => 'Goods_info',
  1 => 'MemberAddress_lists',
) ]
[ info ] [ LOG ] INIT File
[ sql ] [ DB ] CONNECT:[ UseTime:0.002000s ] mysql:host=127.0.0.1;port=3306;dbname=darenshop;charset=utf8
[ sql ] [ SQL ] SHOW COLUMNS FROM `dr_goods` [ RunTime:0.003000s ]
[ sql ] [ SQL ] SELECT * FROM `dr_goods` WHERE  `goods_id` = 1 LIMIT 1 [ RunTime:0.001000s ]
[ sql ] [ SQL ] SHOW COLUMNS FROM `dr_file` [ RunTime:0.001000s ]
[ sql ] [ SQL ] SELECT * FROM `dr_file` WHERE  `file_id` = 20 LIMIT 1 [ RunTime:0.001000s ]
[ sql ] [ SQL ] SHOW COLUMNS FROM `dr_member_address` [ RunTime:0.002000s ]
[ sql ] [ SQL ] SELECT * FROM `dr_member_address` WHERE  `member_id` = 1 ORDER BY `member_address_id` DESC [ RunTime:0.001000s ]
---------------------------------------------------------------
[ 2018-07-18T16:19:33+08:00 ] 127.0.0.1 POST /pay/create_order.html
[ info ] 1.shop.com/pay/create_order.html [运行时间：0.089005s][吞吐率：11.24req/s] [内存消耗：3,260.02kb] [文件加载：57]
[ info ] [ LANG ] D:\wamp\www\shop\thinkphp\lang\zh-cn.php
[ info ] [ BIND ] 'home'
[ info ] [ ROUTE ] array (
  'type' => 'module',
  'module' => 
  array (
    0 => 'home',
    1 => 'pay',
    2 => 'create_order',
  ),
)
[ info ] [ HEADER ] array (
  'host' => '1.shop.com',
  'connection' => 'keep-alive',
  'content-length' => '236',
  'pragma' => 'no-cache',
  'cache-control' => 'no-cache',
  'accept' => '*/*',
  'origin' => 'http://1.shop.com',
  'x-requested-with' => 'XMLHttpRequest',
  'user-agent' => 'Mozilla/5.0 (iPhone; CPU iPhone OS 11_0 like Mac OS X) AppleWebKit/604.1.38 (KHTML, like Gecko) Version/11.0 Mobile/15A372 Safari/604.1',
  'content-type' => 'multipart/form-data; boundary=----WebKitFormBoundaryArmue14k3LzADYGT',
  'referer' => 'http://1.shop.com/pay/goods_message.html?gid=1',
  'accept-encoding' => 'gzip, deflate',
  'accept-language' => 'zh-CN,zh;q=0.9',
  'cookie' => 'PHPSESSID=kbq3a2iso6g1jei400i6kt5k84',
)
[ info ] [ PARAM ] array (
  'delivery_type' => '1',
  'aid' => '0',
)
[ info ] [ SESSION ] INIT array (
  'id' => '',
  'var_session_id' => '',
  'prefix' => 'think',
  'type' => '',
  'auto_start' => true,
)
[ info ] [ RUN ] app\home\controller\Pay->create_order[ D:\wamp\www\shop\application\home\controller\Pay.php ]
[ info ] [ DB ] INIT mysql
[ info ] [ LOG ] INIT File
[ sql ] [ DB ] CONNECT:[ UseTime:0.011001s ] mysql:host=127.0.0.1;port=3306;dbname=darenshop;charset=utf8
[ sql ] [ SQL ] SHOW COLUMNS FROM `dr_order` [ RunTime:0.002000s ]
[ sql ] [ SQL ] SELECT * FROM `dr_order` WHERE  `order_number` = '20180718161933606987' LIMIT 1 [ RunTime:0.001000s ]
[ error ] [8]未定义变量: order_money[D:\wamp\www\shop\application\home\controller\Pay.php:73]
[ error ] [10501]SQLSTATE[23000]: Integrity constraint violation: 1048 Column 'order_money' cannot be null[D:\wamp\www\shop\thinkphp\library\think\db\Connection.php:463]
---------------------------------------------------------------
[ 2018-07-18T16:31:13+08:00 ] 127.0.0.1 GET /goods/details.html?id=1
[ info ] 1.shop.com/goods/details.html?id=1 [运行时间：0.115007s][吞吐率：8.70req/s] [内存消耗：2,882.97kb] [文件加载：51]
[ info ] [ LANG ] D:\wamp\www\shop\thinkphp\lang\zh-cn.php
[ info ] [ BIND ] 'home'
[ info ] [ ROUTE ] array (
  'type' => 'module',
  'module' => 
  array (
    0 => 'home',
    1 => 'goods',
    2 => 'details',
  ),
)
[ info ] [ HEADER ] array (
  'host' => '1.shop.com',
  'connection' => 'keep-alive',
  'pragma' => 'no-cache',
  'cache-control' => 'no-cache',
  'accept' => 'text/html, */*; q=0.01',
  'x-requested-with' => 'XMLHttpRequest',
  'user-agent' => 'Mozilla/5.0 (iPhone; CPU iPhone OS 11_0 like Mac OS X) AppleWebKit/604.1.38 (KHTML, like Gecko) Version/11.0 Mobile/15A372 Safari/604.1',
  'referer' => 'http://1.shop.com/goods/details.html?id=1',
  'accept-encoding' => 'gzip, deflate',
  'accept-language' => 'zh-CN,zh;q=0.9',
  'cookie' => 'PHPSESSID=kbq3a2iso6g1jei400i6kt5k84',
)
[ info ] [ PARAM ] array (
  'id' => '1',
)
[ info ] [ RUN ] app\home\controller\Goods->details[ D:\wamp\www\shop\application\home\controller\Goods.php ]
[ info ] [ DB ] INIT mysql
[ info ] [ VIEW ] D:\wamp\www\shop/application/home\view\goods\details.html [ array (
  0 => 'Goods_info',
  1 => 'GoodsBanner_lists',
  2 => 'GoodsGP_lists',
) ]
[ info ] [ LOG ] INIT File
[ sql ] [ DB ] CONNECT:[ UseTime:0.002001s ] mysql:host=127.0.0.1;port=3306;dbname=darenshop;charset=utf8
[ sql ] [ SQL ] SHOW COLUMNS FROM `dr_goods` [ RunTime:0.005000s ]
[ sql ] [ SQL ] SELECT * FROM `dr_goods` WHERE  `goods_id` = 1 LIMIT 1 [ RunTime:0.002000s ]
[ sql ] [ SQL ] SHOW COLUMNS FROM `dr_goods_banner` [ RunTime:0.005000s ]
[ sql ] [ SQL ] SELECT * FROM `dr_goods_banner` LEFT JOIN `dr_file` ON `dr_goods_banner`.`goods_banner_file`=`dr_file`.`file_id` WHERE  `goods_id` = 1 [ RunTime:0.001000s ]
[ sql ] [ SQL ] SHOW COLUMNS FROM `dr_goods_g_p` [ RunTime:0.005000s ]
[ sql ] [ SQL ] SELECT * FROM `dr_goods_g_p` LEFT JOIN `dr_goods_property` ON `dr_goods_g_p`.`goods_property_id`=`dr_goods_property`.`goods_property_id` WHERE  `goods_id` = 1 [ RunTime:0.002000s ]
---------------------------------------------------------------
[ 2018-07-18T16:31:19+08:00 ] 127.0.0.1 POST /pay/create_order.html
[ info ] 1.shop.com/pay/create_order.html [运行时间：0.128008s][吞吐率：7.81req/s] [内存消耗：3,136.23kb] [文件加载：52]
[ info ] [ LANG ] D:\wamp\www\shop\thinkphp\lang\zh-cn.php
[ info ] [ BIND ] 'home'
[ info ] [ ROUTE ] array (
  'type' => 'module',
  'module' => 
  array (
    0 => 'home',
    1 => 'pay',
    2 => 'create_order',
  ),
)
[ info ] [ HEADER ] array (
  'host' => '1.shop.com',
  'connection' => 'keep-alive',
  'content-length' => '236',
  'pragma' => 'no-cache',
  'cache-control' => 'no-cache',
  'accept' => '*/*',
  'origin' => 'http://1.shop.com',
  'x-requested-with' => 'XMLHttpRequest',
  'user-agent' => 'Mozilla/5.0 (iPhone; CPU iPhone OS 11_0 like Mac OS X) AppleWebKit/604.1.38 (KHTML, like Gecko) Version/11.0 Mobile/15A372 Safari/604.1',
  'content-type' => 'multipart/form-data; boundary=----WebKitFormBoundary7ApFPU2Sl9Ei7Zd2',
  'referer' => 'http://1.shop.com/pay/goods_message.html?gid=1',
  'accept-encoding' => 'gzip, deflate',
  'accept-language' => 'zh-CN,zh;q=0.9',
  'cookie' => 'PHPSESSID=kbq3a2iso6g1jei400i6kt5k84',
)
[ info ] [ PARAM ] array (
  'delivery_type' => '1',
  'aid' => '0',
)
[ info ] [ SESSION ] INIT array (
  'id' => '',
  'var_session_id' => '',
  'prefix' => 'think',
  'type' => '',
  'auto_start' => true,
)
[ info ] [ RUN ] app\home\controller\Pay->create_order[ D:\wamp\www\shop\application\home\controller\Pay.php ]
[ info ] [ DB ] INIT mysql
[ info ] [ LOG ] INIT File
---------------------------------------------------------------
[ 2018-07-18T16:31:25+08:00 ] 127.0.0.1 POST /pay/create_order.html
[ info ] 1.shop.com/pay/create_order.html [运行时间：0.082004s][吞吐率：12.19req/s] [内存消耗：3,136.23kb] [文件加载：52]
[ info ] [ LANG ] D:\wamp\www\shop\thinkphp\lang\zh-cn.php
[ info ] [ BIND ] 'home'
[ info ] [ ROUTE ] array (
  'type' => 'module',
  'module' => 
  array (
    0 => 'home',
    1 => 'pay',
    2 => 'create_order',
  ),
)
[ info ] [ HEADER ] array (
  'host' => '1.shop.com',
  'connection' => 'keep-alive',
  'content-length' => '236',
  'pragma' => 'no-cache',
  'cache-control' => 'no-cache',
  'accept' => '*/*',
  'origin' => 'http://1.shop.com',
  'x-requested-with' => 'XMLHttpRequest',
  'user-agent' => 'Mozilla/5.0 (iPhone; CPU iPhone OS 11_0 like Mac OS X) AppleWebKit/604.1.38 (KHTML, like Gecko) Version/11.0 Mobile/15A372 Safari/604.1',
  'content-type' => 'multipart/form-data; boundary=----WebKitFormBoundaryaZ7DCq9d8XEjBJzg',
  'referer' => 'http://1.shop.com/pay/goods_message.html?gid=1',
  'accept-encoding' => 'gzip, deflate',
  'accept-language' => 'zh-CN,zh;q=0.9',
  'cookie' => 'PHPSESSID=kbq3a2iso6g1jei400i6kt5k84',
)
[ info ] [ PARAM ] array (
  'delivery_type' => '1',
  'aid' => '0',
)
[ info ] [ SESSION ] INIT array (
  'id' => '',
  'var_session_id' => '',
  'prefix' => 'think',
  'type' => '',
  'auto_start' => true,
)
[ info ] [ RUN ] app\home\controller\Pay->create_order[ D:\wamp\www\shop\application\home\controller\Pay.php ]
[ info ] [ DB ] INIT mysql
[ info ] [ LOG ] INIT File
---------------------------------------------------------------
[ 2018-07-18T16:31:38+08:00 ] 127.0.0.1 GET /goods/details.html?id=1
[ info ] 1.shop.com/goods/details.html?id=1 [运行时间：0.161009s][吞吐率：6.21req/s] [内存消耗：2,882.97kb] [文件加载：51]
[ info ] [ LANG ] D:\wamp\www\shop\thinkphp\lang\zh-cn.php
[ info ] [ BIND ] 'home'
[ info ] [ ROUTE ] array (
  'type' => 'module',
  'module' => 
  array (
    0 => 'home',
    1 => 'goods',
    2 => 'details',
  ),
)
[ info ] [ HEADER ] array (
  'host' => '1.shop.com',
  'connection' => 'keep-alive',
  'pragma' => 'no-cache',
  'cache-control' => 'no-cache',
  'accept' => 'text/html, */*; q=0.01',
  'x-requested-with' => 'XMLHttpRequest',
  'user-agent' => 'Mozilla/5.0 (iPhone; CPU iPhone OS 11_0 like Mac OS X) AppleWebKit/604.1.38 (KHTML, like Gecko) Version/11.0 Mobile/15A372 Safari/604.1',
  'referer' => 'http://1.shop.com/goods/details.html?id=1',
  'accept-encoding' => 'gzip, deflate',
  'accept-language' => 'zh-CN,zh;q=0.9',
  'cookie' => 'PHPSESSID=kbq3a2iso6g1jei400i6kt5k84',
)
[ info ] [ PARAM ] array (
  'id' => '1',
)
[ info ] [ RUN ] app\home\controller\Goods->details[ D:\wamp\www\shop\application\home\controller\Goods.php ]
[ info ] [ DB ] INIT mysql
[ info ] [ VIEW ] D:\wamp\www\shop/application/home\view\goods\details.html [ array (
  0 => 'Goods_info',
  1 => 'GoodsBanner_lists',
  2 => 'GoodsGP_lists',
) ]
[ info ] [ LOG ] INIT File
[ sql ] [ DB ] CONNECT:[ UseTime:0.002000s ] mysql:host=127.0.0.1;port=3306;dbname=darenshop;charset=utf8
[ sql ] [ SQL ] SHOW COLUMNS FROM `dr_goods` [ RunTime:0.001000s ]
[ sql ] [ SQL ] SELECT * FROM `dr_goods` WHERE  `goods_id` = 1 LIMIT 1 [ RunTime:0.000000s ]
[ sql ] [ SQL ] SHOW COLUMNS FROM `dr_goods_banner` [ RunTime:0.006001s ]
[ sql ] [ SQL ] SELECT * FROM `dr_goods_banner` LEFT JOIN `dr_file` ON `dr_goods_banner`.`goods_banner_file`=`dr_file`.`file_id` WHERE  `goods_id` = 1 [ RunTime:0.001000s ]
[ sql ] [ SQL ] SHOW COLUMNS FROM `dr_goods_g_p` [ RunTime:0.004000s ]
[ sql ] [ SQL ] SELECT * FROM `dr_goods_g_p` LEFT JOIN `dr_goods_property` ON `dr_goods_g_p`.`goods_property_id`=`dr_goods_property`.`goods_property_id` WHERE  `goods_id` = 1 [ RunTime:0.001000s ]
---------------------------------------------------------------
[ 2018-07-18T16:31:39+08:00 ] 127.0.0.1 GET /goods/details.html?id=1
[ info ] 1.shop.com/goods/details.html?id=1 [运行时间：0.099006s][吞吐率：10.10req/s] [内存消耗：2,882.82kb] [文件加载：51]
[ info ] [ LANG ] D:\wamp\www\shop\thinkphp\lang\zh-cn.php
[ info ] [ BIND ] 'home'
[ info ] [ ROUTE ] array (
  'type' => 'module',
  'module' => 
  array (
    0 => 'home',
    1 => 'goods',
    2 => 'details',
  ),
)
[ info ] [ HEADER ] array (
  'host' => '1.shop.com',
  'connection' => 'keep-alive',
  'pragma' => 'no-cache',
  'cache-control' => 'no-cache',
  'upgrade-insecure-requests' => '1',
  'user-agent' => 'Mozilla/5.0 (iPhone; CPU iPhone OS 11_0 like Mac OS X) AppleWebKit/604.1.38 (KHTML, like Gecko) Version/11.0 Mobile/15A372 Safari/604.1',
  'accept' => 'text/html,application/xhtml+xml,application/xml;q=0.9,image/webp,image/apng,*/*;q=0.8',
  'accept-encoding' => 'gzip, deflate',
  'accept-language' => 'zh-CN,zh;q=0.9',
  'cookie' => 'PHPSESSID=kbq3a2iso6g1jei400i6kt5k84',
)
[ info ] [ PARAM ] array (
  'id' => '1',
)
[ info ] [ RUN ] app\home\controller\Goods->details[ D:\wamp\www\shop\application\home\controller\Goods.php ]
[ info ] [ DB ] INIT mysql
[ info ] [ VIEW ] D:\wamp\www\shop/application/home\view\goods\details.html [ array (
  0 => 'Goods_info',
  1 => 'GoodsBanner_lists',
  2 => 'GoodsGP_lists',
) ]
[ info ] [ LOG ] INIT File
[ sql ] [ DB ] CONNECT:[ UseTime:0.002000s ] mysql:host=127.0.0.1;port=3306;dbname=darenshop;charset=utf8
[ sql ] [ SQL ] SHOW COLUMNS FROM `dr_goods` [ RunTime:0.005000s ]
[ sql ] [ SQL ] SELECT * FROM `dr_goods` WHERE  `goods_id` = 1 LIMIT 1 [ RunTime:0.001000s ]
[ sql ] [ SQL ] SHOW COLUMNS FROM `dr_goods_banner` [ RunTime:0.001000s ]
[ sql ] [ SQL ] SELECT * FROM `dr_goods_banner` LEFT JOIN `dr_file` ON `dr_goods_banner`.`goods_banner_file`=`dr_file`.`file_id` WHERE  `goods_id` = 1 [ RunTime:0.000000s ]
[ sql ] [ SQL ] SHOW COLUMNS FROM `dr_goods_g_p` [ RunTime:0.001000s ]
[ sql ] [ SQL ] SELECT * FROM `dr_goods_g_p` LEFT JOIN `dr_goods_property` ON `dr_goods_g_p`.`goods_property_id`=`dr_goods_property`.`goods_property_id` WHERE  `goods_id` = 1 [ RunTime:0.001000s ]
---------------------------------------------------------------
[ 2018-07-18T16:31:40+08:00 ] 127.0.0.1 GET /pay/goods_message.html?gid=1
[ info ] 1.shop.com/pay/goods_message.html?gid=1 [运行时间：0.163009s][吞吐率：6.13req/s] [内存消耗：3,488.71kb] [文件加载：57]
[ info ] [ LANG ] D:\wamp\www\shop\thinkphp\lang\zh-cn.php
[ info ] [ BIND ] 'home'
[ info ] [ ROUTE ] array (
  'type' => 'module',
  'module' => 
  array (
    0 => 'home',
    1 => 'pay',
    2 => 'goods_message',
  ),
)
[ info ] [ HEADER ] array (
  'host' => '1.shop.com',
  'connection' => 'keep-alive',
  'pragma' => 'no-cache',
  'cache-control' => 'no-cache',
  'accept' => 'text/html, */*; q=0.01',
  'x-requested-with' => 'XMLHttpRequest',
  'user-agent' => 'Mozilla/5.0 (iPhone; CPU iPhone OS 11_0 like Mac OS X) AppleWebKit/604.1.38 (KHTML, like Gecko) Version/11.0 Mobile/15A372 Safari/604.1',
  'referer' => 'http://1.shop.com/goods/details.html?id=1',
  'accept-encoding' => 'gzip, deflate',
  'accept-language' => 'zh-CN,zh;q=0.9',
  'cookie' => 'PHPSESSID=kbq3a2iso6g1jei400i6kt5k84',
)
[ info ] [ PARAM ] array (
  'gid' => '1',
)
[ info ] [ SESSION ] INIT array (
  'id' => '',
  'var_session_id' => '',
  'prefix' => 'think',
  'type' => '',
  'auto_start' => true,
)
[ info ] [ RUN ] app\home\controller\Pay->goods_message[ D:\wamp\www\shop\application\home\controller\Pay.php ]
[ info ] [ DB ] INIT mysql
[ info ] [ VIEW ] D:\wamp\www\shop/application/home\view\pay\goods_message.html [ array (
  0 => 'Goods_info',
  1 => 'MemberAddress_lists',
) ]
[ info ] [ LOG ] INIT File
[ sql ] [ DB ] CONNECT:[ UseTime:0.003000s ] mysql:host=127.0.0.1;port=3306;dbname=darenshop;charset=utf8
[ sql ] [ SQL ] SHOW COLUMNS FROM `dr_goods` [ RunTime:0.003000s ]
[ sql ] [ SQL ] SELECT * FROM `dr_goods` WHERE  `goods_id` = 1 LIMIT 1 [ RunTime:0.002000s ]
[ sql ] [ SQL ] SHOW COLUMNS FROM `dr_file` [ RunTime:0.002000s ]
[ sql ] [ SQL ] SELECT * FROM `dr_file` WHERE  `file_id` = 20 LIMIT 1 [ RunTime:0.000000s ]
[ sql ] [ SQL ] SHOW COLUMNS FROM `dr_member_address` [ RunTime:0.002000s ]
[ sql ] [ SQL ] SELECT * FROM `dr_member_address` WHERE  `member_id` = 1 ORDER BY `member_address_id` DESC [ RunTime:0.001000s ]
---------------------------------------------------------------
[ 2018-07-18T16:31:44+08:00 ] 127.0.0.1 POST /pay/create_order.html
[ info ] 1.shop.com/pay/create_order.html [运行时间：0.173010s][吞吐率：5.78req/s] [内存消耗：3,276.09kb] [文件加载：57]
[ info ] [ LANG ] D:\wamp\www\shop\thinkphp\lang\zh-cn.php
[ info ] [ BIND ] 'home'
[ info ] [ ROUTE ] array (
  'type' => 'module',
  'module' => 
  array (
    0 => 'home',
    1 => 'pay',
    2 => 'create_order',
  ),
)
[ info ] [ HEADER ] array (
  'host' => '1.shop.com',
  'connection' => 'keep-alive',
  'content-length' => '27',
  'pragma' => 'no-cache',
  'cache-control' => 'no-cache',
  'origin' => 'http://1.shop.com',
  'upgrade-insecure-requests' => '1',
  'content-type' => 'application/x-www-form-urlencoded',
  'user-agent' => 'Mozilla/5.0 (iPhone; CPU iPhone OS 11_0 like Mac OS X) AppleWebKit/604.1.38 (KHTML, like Gecko) Version/11.0 Mobile/15A372 Safari/604.1',
  'accept' => 'text/html,application/xhtml+xml,application/xml;q=0.9,image/webp,image/apng,*/*;q=0.8',
  'referer' => 'http://1.shop.com/pay/goods_message.html?gid=1',
  'accept-encoding' => 'gzip, deflate',
  'accept-language' => 'zh-CN,zh;q=0.9',
  'cookie' => 'PHPSESSID=kbq3a2iso6g1jei400i6kt5k84',
)
[ info ] [ PARAM ] array (
  'gid' => '1',
  'delivery_type' => '1',
  'aid' => '0',
)
[ info ] [ SESSION ] INIT array (
  'id' => '',
  'var_session_id' => '',
  'prefix' => 'think',
  'type' => '',
  'auto_start' => true,
)
[ info ] [ RUN ] app\home\controller\Pay->create_order[ D:\wamp\www\shop\application\home\controller\Pay.php ]
[ info ] [ DB ] INIT mysql
[ info ] [ LOG ] INIT File
[ sql ] [ DB ] CONNECT:[ UseTime:0.002000s ] mysql:host=127.0.0.1;port=3306;dbname=darenshop;charset=utf8
[ sql ] [ SQL ] SHOW COLUMNS FROM `dr_goods` [ RunTime:0.007001s ]
[ sql ] [ SQL ] SELECT * FROM `dr_goods` WHERE  `goods_id` = 1 LIMIT 1 [ RunTime:0.003000s ]
[ sql ] [ SQL ] SHOW COLUMNS FROM `dr_order` [ RunTime:0.002000s ]
[ sql ] [ SQL ] SELECT * FROM `dr_order` WHERE  `order_number` = '20180718163144920925' LIMIT 1 [ RunTime:0.002000s ]
[ sql ] [ SQL ] INSERT INTO `dr_order` (`store_id` , `member_id` , `order_number` , `order_source` , `order_status` , `order_money` , `order_createtime` , `order_delivery_type`) VALUES (1 , 1 , '20180718163144920925' , 3 , 1 , 0 , 1531902704 , 1) [ RunTime:0.002000s ]
[ sql ] [ SQL ] SHOW COLUMNS FROM `dr_order_goods` [ RunTime:0.028002s ]
[ error ] [8]未定义数组索引: gnum[D:\wamp\www\shop\application\home\controller\Pay.php:48]
[ error ] [8]未定义数组索引: gnum[D:\wamp\www\shop\application\home\controller\Pay.php:54]
[ error ] [8]未定义数组索引: gnum[D:\wamp\www\shop\application\home\controller\Pay.php:93]
[ error ] [10501]SQLSTATE[23000]: Integrity constraint violation: 1048 Column 'order_goods_num' cannot be null[D:\wamp\www\shop\thinkphp\library\think\db\Connection.php:463]
---------------------------------------------------------------
[ 2018-07-18T16:32:20+08:00 ] 127.0.0.1 GET /pay/goods_message.html?gid=1
[ info ] 1.shop.com/pay/goods_message.html?gid=1 [运行时间：0.114007s][吞吐率：8.77req/s] [内存消耗：3,327.48kb] [文件加载：55]
[ info ] [ LANG ] D:\wamp\www\shop\thinkphp\lang\zh-cn.php
[ info ] [ BIND ] 'home'
[ info ] [ ROUTE ] array (
  'type' => 'module',
  'module' => 
  array (
    0 => 'home',
    1 => 'pay',
    2 => 'goods_message',
  ),
)
[ info ] [ HEADER ] array (
  'host' => '1.shop.com',
  'connection' => 'keep-alive',
  'pragma' => 'no-cache',
  'cache-control' => 'no-cache',
  'upgrade-insecure-requests' => '1',
  'user-agent' => 'Mozilla/5.0 (iPhone; CPU iPhone OS 11_0 like Mac OS X) AppleWebKit/604.1.38 (KHTML, like Gecko) Version/11.0 Mobile/15A372 Safari/604.1',
  'accept' => 'text/html,application/xhtml+xml,application/xml;q=0.9,image/webp,image/apng,*/*;q=0.8',
  'accept-encoding' => 'gzip, deflate',
  'accept-language' => 'zh-CN,zh;q=0.9',
  'cookie' => 'PHPSESSID=kbq3a2iso6g1jei400i6kt5k84',
)
[ info ] [ PARAM ] array (
  'gid' => '1',
)
[ info ] [ SESSION ] INIT array (
  'id' => '',
  'var_session_id' => '',
  'prefix' => 'think',
  'type' => '',
  'auto_start' => true,
)
[ info ] [ RUN ] app\home\controller\Pay->goods_message[ D:\wamp\www\shop\application\home\controller\Pay.php ]
[ info ] [ DB ] INIT mysql
[ info ] [ VIEW ] D:\wamp\www\shop/application/home\view\pay\goods_message.html [ array (
  0 => 'Goods_info',
  1 => 'MemberAddress_lists',
) ]
[ info ] [ LOG ] INIT File
[ sql ] [ DB ] CONNECT:[ UseTime:0.002000s ] mysql:host=127.0.0.1;port=3306;dbname=darenshop;charset=utf8
[ sql ] [ SQL ] SHOW COLUMNS FROM `dr_goods` [ RunTime:0.001000s ]
[ sql ] [ SQL ] SELECT * FROM `dr_goods` WHERE  `goods_id` = 1 LIMIT 1 [ RunTime:0.001001s ]
[ sql ] [ SQL ] SHOW COLUMNS FROM `dr_file` [ RunTime:0.002000s ]
[ sql ] [ SQL ] SELECT * FROM `dr_file` WHERE  `file_id` = 20 LIMIT 1 [ RunTime:0.001000s ]
[ sql ] [ SQL ] SHOW COLUMNS FROM `dr_member_address` [ RunTime:0.001000s ]
[ sql ] [ SQL ] SELECT * FROM `dr_member_address` WHERE  `member_id` = 1 ORDER BY `member_address_id` DESC [ RunTime:0.001000s ]
---------------------------------------------------------------
[ 2018-07-18T16:32:21+08:00 ] 127.0.0.1 GET /goods/details.html?id=1
[ info ] 1.shop.com/goods/details.html?id=1 [运行时间：0.110006s][吞吐率：9.09req/s] [内存消耗：2,882.97kb] [文件加载：51]
[ info ] [ LANG ] D:\wamp\www\shop\thinkphp\lang\zh-cn.php
[ info ] [ BIND ] 'home'
[ info ] [ ROUTE ] array (
  'type' => 'module',
  'module' => 
  array (
    0 => 'home',
    1 => 'goods',
    2 => 'details',
  ),
)
[ info ] [ HEADER ] array (
  'host' => '1.shop.com',
  'connection' => 'keep-alive',
  'pragma' => 'no-cache',
  'cache-control' => 'no-cache',
  'accept' => 'text/html, */*; q=0.01',
  'x-requested-with' => 'XMLHttpRequest',
  'user-agent' => 'Mozilla/5.0 (iPhone; CPU iPhone OS 11_0 like Mac OS X) AppleWebKit/604.1.38 (KHTML, like Gecko) Version/11.0 Mobile/15A372 Safari/604.1',
  'referer' => 'http://1.shop.com/goods/details.html?id=1',
  'accept-encoding' => 'gzip, deflate',
  'accept-language' => 'zh-CN,zh;q=0.9',
  'cookie' => 'PHPSESSID=kbq3a2iso6g1jei400i6kt5k84',
)
[ info ] [ PARAM ] array (
  'id' => '1',
)
[ info ] [ RUN ] app\home\controller\Goods->details[ D:\wamp\www\shop\application\home\controller\Goods.php ]
[ info ] [ DB ] INIT mysql
[ info ] [ VIEW ] D:\wamp\www\shop/application/home\view\goods\details.html [ array (
  0 => 'Goods_info',
  1 => 'GoodsBanner_lists',
  2 => 'GoodsGP_lists',
) ]
[ info ] [ LOG ] INIT File
[ sql ] [ DB ] CONNECT:[ UseTime:0.003000s ] mysql:host=127.0.0.1;port=3306;dbname=darenshop;charset=utf8
[ sql ] [ SQL ] SHOW COLUMNS FROM `dr_goods` [ RunTime:0.004000s ]
[ sql ] [ SQL ] SELECT * FROM `dr_goods` WHERE  `goods_id` = 1 LIMIT 1 [ RunTime:0.001000s ]
[ sql ] [ SQL ] SHOW COLUMNS FROM `dr_goods_banner` [ RunTime:0.004001s ]
[ sql ] [ SQL ] SELECT * FROM `dr_goods_banner` LEFT JOIN `dr_file` ON `dr_goods_banner`.`goods_banner_file`=`dr_file`.`file_id` WHERE  `goods_id` = 1 [ RunTime:0.002000s ]
[ sql ] [ SQL ] SHOW COLUMNS FROM `dr_goods_g_p` [ RunTime:0.006000s ]
[ sql ] [ SQL ] SELECT * FROM `dr_goods_g_p` LEFT JOIN `dr_goods_property` ON `dr_goods_g_p`.`goods_property_id`=`dr_goods_property`.`goods_property_id` WHERE  `goods_id` = 1 [ RunTime:0.001000s ]
---------------------------------------------------------------
[ 2018-07-18T16:32:46+08:00 ] 127.0.0.1 GET /goods/details.html?id=1
[ info ] 1.shop.com/goods/details.html?id=1 [运行时间：0.079004s][吞吐率：12.66req/s] [内存消耗：2,882.97kb] [文件加载：51]
[ info ] [ LANG ] D:\wamp\www\shop\thinkphp\lang\zh-cn.php
[ info ] [ BIND ] 'home'
[ info ] [ ROUTE ] array (
  'type' => 'module',
  'module' => 
  array (
    0 => 'home',
    1 => 'goods',
    2 => 'details',
  ),
)
[ info ] [ HEADER ] array (
  'host' => '1.shop.com',
  'connection' => 'keep-alive',
  'pragma' => 'no-cache',
  'cache-control' => 'no-cache',
  'accept' => 'text/html, */*; q=0.01',
  'x-requested-with' => 'XMLHttpRequest',
  'user-agent' => 'Mozilla/5.0 (iPhone; CPU iPhone OS 11_0 like Mac OS X) AppleWebKit/604.1.38 (KHTML, like Gecko) Version/11.0 Mobile/15A372 Safari/604.1',
  'referer' => 'http://1.shop.com/goods/details.html?id=1',
  'accept-encoding' => 'gzip, deflate',
  'accept-language' => 'zh-CN,zh;q=0.9',
  'cookie' => 'PHPSESSID=kbq3a2iso6g1jei400i6kt5k84',
)
[ info ] [ PARAM ] array (
  'id' => '1',
)
[ info ] [ RUN ] app\home\controller\Goods->details[ D:\wamp\www\shop\application\home\controller\Goods.php ]
[ info ] [ DB ] INIT mysql
[ info ] [ VIEW ] D:\wamp\www\shop/application/home\view\goods\details.html [ array (
  0 => 'Goods_info',
  1 => 'GoodsBanner_lists',
  2 => 'GoodsGP_lists',
) ]
[ info ] [ LOG ] INIT File
[ sql ] [ DB ] CONNECT:[ UseTime:0.002000s ] mysql:host=127.0.0.1;port=3306;dbname=darenshop;charset=utf8
[ sql ] [ SQL ] SHOW COLUMNS FROM `dr_goods` [ RunTime:0.002000s ]
[ sql ] [ SQL ] SELECT * FROM `dr_goods` WHERE  `goods_id` = 1 LIMIT 1 [ RunTime:0.001000s ]
[ sql ] [ SQL ] SHOW COLUMNS FROM `dr_goods_banner` [ RunTime:0.002000s ]
[ sql ] [ SQL ] SELECT * FROM `dr_goods_banner` LEFT JOIN `dr_file` ON `dr_goods_banner`.`goods_banner_file`=`dr_file`.`file_id` WHERE  `goods_id` = 1 [ RunTime:0.001000s ]
[ sql ] [ SQL ] SHOW COLUMNS FROM `dr_goods_g_p` [ RunTime:0.002000s ]
[ sql ] [ SQL ] SELECT * FROM `dr_goods_g_p` LEFT JOIN `dr_goods_property` ON `dr_goods_g_p`.`goods_property_id`=`dr_goods_property`.`goods_property_id` WHERE  `goods_id` = 1 [ RunTime:0.001001s ]
---------------------------------------------------------------
[ 2018-07-18T16:33:59+08:00 ] 127.0.0.1 POST /pay/create_order.html
[ info ] 1.shop.com/pay/create_order.html [运行时间：0.123007s][吞吐率：8.13req/s] [内存消耗：3,276.40kb] [文件加载：57]
[ info ] [ LANG ] D:\wamp\www\shop\thinkphp\lang\zh-cn.php
[ info ] [ BIND ] 'home'
[ info ] [ ROUTE ] array (
  'type' => 'module',
  'module' => 
  array (
    0 => 'home',
    1 => 'pay',
    2 => 'create_order',
  ),
)
[ info ] [ HEADER ] array (
  'host' => '1.shop.com',
  'connection' => 'keep-alive',
  'content-length' => '327',
  'pragma' => 'no-cache',
  'cache-control' => 'no-cache',
  'accept' => '*/*',
  'origin' => 'http://1.shop.com',
  'x-requested-with' => 'XMLHttpRequest',
  'user-agent' => 'Mozilla/5.0 (iPhone; CPU iPhone OS 11_0 like Mac OS X) AppleWebKit/604.1.38 (KHTML, like Gecko) Version/11.0 Mobile/15A372 Safari/604.1',
  'content-type' => 'multipart/form-data; boundary=----WebKitFormBoundary1EZ9Wf4iGiiEk2Qv',
  'referer' => 'http://1.shop.com/pay/goods_message.html?gid=1',
  'accept-encoding' => 'gzip, deflate',
  'accept-language' => 'zh-CN,zh;q=0.9',
  'cookie' => 'PHPSESSID=kbq3a2iso6g1jei400i6kt5k84',
)
[ info ] [ PARAM ] array (
  'gid' => '1',
  'delivery_type' => '1',
  'aid' => '0',
)
[ info ] [ SESSION ] INIT array (
  'id' => '',
  'var_session_id' => '',
  'prefix' => 'think',
  'type' => '',
  'auto_start' => true,
)
[ info ] [ RUN ] app\home\controller\Pay->create_order[ D:\wamp\www\shop\application\home\controller\Pay.php ]
[ info ] [ DB ] INIT mysql
[ info ] [ LOG ] INIT File
[ sql ] [ DB ] CONNECT:[ UseTime:0.011001s ] mysql:host=127.0.0.1;port=3306;dbname=darenshop;charset=utf8
[ sql ] [ SQL ] SHOW COLUMNS FROM `dr_goods` [ RunTime:0.005000s ]
[ sql ] [ SQL ] SELECT * FROM `dr_goods` WHERE  `goods_id` = 1 LIMIT 1 [ RunTime:0.002000s ]
[ sql ] [ SQL ] SHOW COLUMNS FROM `dr_order` [ RunTime:0.002000s ]
[ sql ] [ SQL ] SELECT * FROM `dr_order` WHERE  `order_number` = '20180718163359501030' LIMIT 1 [ RunTime:0.001000s ]
[ sql ] [ SQL ] INSERT INTO `dr_order` (`store_id` , `member_id` , `order_number` , `order_source` , `order_status` , `order_money` , `order_createtime` , `order_delivery_type`) VALUES (1 , 1 , '20180718163359501030' , 3 , 1 , 0 , 1531902839 , 1) [ RunTime:0.001000s ]
[ sql ] [ SQL ] SHOW COLUMNS FROM `dr_order_goods` [ RunTime:0.005000s ]
[ error ] [8]未定义数组索引: gnum[D:\wamp\www\shop\application\home\controller\Pay.php:48]
[ error ] [8]未定义数组索引: gnum[D:\wamp\www\shop\application\home\controller\Pay.php:54]
[ error ] [8]未定义数组索引: gnum[D:\wamp\www\shop\application\home\controller\Pay.php:93]
[ error ] [10501]SQLSTATE[23000]: Integrity constraint violation: 1048 Column 'order_goods_num' cannot be null[D:\wamp\www\shop\thinkphp\library\think\db\Connection.php:463]
---------------------------------------------------------------
[ 2018-07-18T16:34:42+08:00 ] 127.0.0.1 GET /goods/details.html?id=1
[ info ] 1.shop.com/goods/details.html?id=1 [运行时间：0.102006s][吞吐率：9.80req/s] [内存消耗：2,882.97kb] [文件加载：51]
[ info ] [ LANG ] D:\wamp\www\shop\thinkphp\lang\zh-cn.php
[ info ] [ BIND ] 'home'
[ info ] [ ROUTE ] array (
  'type' => 'module',
  'module' => 
  array (
    0 => 'home',
    1 => 'goods',
    2 => 'details',
  ),
)
[ info ] [ HEADER ] array (
  'host' => '1.shop.com',
  'connection' => 'keep-alive',
  'pragma' => 'no-cache',
  'cache-control' => 'no-cache',
  'accept' => 'text/html, */*; q=0.01',
  'x-requested-with' => 'XMLHttpRequest',
  'user-agent' => 'Mozilla/5.0 (iPhone; CPU iPhone OS 11_0 like Mac OS X) AppleWebKit/604.1.38 (KHTML, like Gecko) Version/11.0 Mobile/15A372 Safari/604.1',
  'referer' => 'http://1.shop.com/goods/details.html?id=1',
  'accept-encoding' => 'gzip, deflate',
  'accept-language' => 'zh-CN,zh;q=0.9',
  'cookie' => 'PHPSESSID=kbq3a2iso6g1jei400i6kt5k84',
)
[ info ] [ PARAM ] array (
  'id' => '1',
)
[ info ] [ RUN ] app\home\controller\Goods->details[ D:\wamp\www\shop\application\home\controller\Goods.php ]
[ info ] [ DB ] INIT mysql
[ info ] [ VIEW ] D:\wamp\www\shop/application/home\view\goods\details.html [ array (
  0 => 'Goods_info',
  1 => 'GoodsBanner_lists',
  2 => 'GoodsGP_lists',
) ]
[ info ] [ LOG ] INIT File
[ sql ] [ DB ] CONNECT:[ UseTime:0.002000s ] mysql:host=127.0.0.1;port=3306;dbname=darenshop;charset=utf8
[ sql ] [ SQL ] SHOW COLUMNS FROM `dr_goods` [ RunTime:0.002000s ]
[ sql ] [ SQL ] SELECT * FROM `dr_goods` WHERE  `goods_id` = 1 LIMIT 1 [ RunTime:0.001000s ]
[ sql ] [ SQL ] SHOW COLUMNS FROM `dr_goods_banner` [ RunTime:0.005000s ]
[ sql ] [ SQL ] SELECT * FROM `dr_goods_banner` LEFT JOIN `dr_file` ON `dr_goods_banner`.`goods_banner_file`=`dr_file`.`file_id` WHERE  `goods_id` = 1 [ RunTime:0.002000s ]
[ sql ] [ SQL ] SHOW COLUMNS FROM `dr_goods_g_p` [ RunTime:0.002000s ]
[ sql ] [ SQL ] SELECT * FROM `dr_goods_g_p` LEFT JOIN `dr_goods_property` ON `dr_goods_g_p`.`goods_property_id`=`dr_goods_property`.`goods_property_id` WHERE  `goods_id` = 1 [ RunTime:0.001000s ]
---------------------------------------------------------------
[ 2018-07-18T16:34:46+08:00 ] 127.0.0.1 POST /pay/create_order.html
[ info ] 1.shop.com/pay/create_order.html [运行时间：0.109006s][吞吐率：9.17req/s] [内存消耗：3,276.40kb] [文件加载：57]
[ info ] [ LANG ] D:\wamp\www\shop\thinkphp\lang\zh-cn.php
[ info ] [ BIND ] 'home'
[ info ] [ ROUTE ] array (
  'type' => 'module',
  'module' => 
  array (
    0 => 'home',
    1 => 'pay',
    2 => 'create_order',
  ),
)
[ info ] [ HEADER ] array (
  'host' => '1.shop.com',
  'connection' => 'keep-alive',
  'content-length' => '327',
  'pragma' => 'no-cache',
  'cache-control' => 'no-cache',
  'accept' => '*/*',
  'origin' => 'http://1.shop.com',
  'x-requested-with' => 'XMLHttpRequest',
  'user-agent' => 'Mozilla/5.0 (iPhone; CPU iPhone OS 11_0 like Mac OS X) AppleWebKit/604.1.38 (KHTML, like Gecko) Version/11.0 Mobile/15A372 Safari/604.1',
  'content-type' => 'multipart/form-data; boundary=----WebKitFormBoundary3OTBZ6rmWbaTTjqs',
  'referer' => 'http://1.shop.com/pay/goods_message.html?gid=1',
  'accept-encoding' => 'gzip, deflate',
  'accept-language' => 'zh-CN,zh;q=0.9',
  'cookie' => 'PHPSESSID=kbq3a2iso6g1jei400i6kt5k84',
)
[ info ] [ PARAM ] array (
  'gid' => '1',
  'delivery_type' => '1',
  'aid' => '0',
)
[ info ] [ SESSION ] INIT array (
  'id' => '',
  'var_session_id' => '',
  'prefix' => 'think',
  'type' => '',
  'auto_start' => true,
)
[ info ] [ RUN ] app\home\controller\Pay->create_order[ D:\wamp\www\shop\application\home\controller\Pay.php ]
[ info ] [ DB ] INIT mysql
[ info ] [ LOG ] INIT File
[ sql ] [ DB ] CONNECT:[ UseTime:0.002000s ] mysql:host=127.0.0.1;port=3306;dbname=darenshop;charset=utf8
[ sql ] [ SQL ] SHOW COLUMNS FROM `dr_goods` [ RunTime:0.004000s ]
[ sql ] [ SQL ] SELECT * FROM `dr_goods` WHERE  `goods_id` = 1 LIMIT 1 [ RunTime:0.001000s ]
[ sql ] [ SQL ] SHOW COLUMNS FROM `dr_order` [ RunTime:0.002001s ]
[ sql ] [ SQL ] SELECT * FROM `dr_order` WHERE  `order_number` = '20180718163446419460' LIMIT 1 [ RunTime:0.002000s ]
[ sql ] [ SQL ] INSERT INTO `dr_order` (`store_id` , `member_id` , `order_number` , `order_source` , `order_status` , `order_money` , `order_createtime` , `order_delivery_type`) VALUES (1 , 1 , '20180718163446419460' , 3 , 1 , 0 , 1531902886 , 1) [ RunTime:0.002000s ]
[ sql ] [ SQL ] SHOW COLUMNS FROM `dr_order_goods` [ RunTime:0.002000s ]
[ error ] [8]未定义数组索引: gnum[D:\wamp\www\shop\application\home\controller\Pay.php:48]
[ error ] [8]未定义数组索引: gnum[D:\wamp\www\shop\application\home\controller\Pay.php:54]
[ error ] [8]未定义数组索引: gnum[D:\wamp\www\shop\application\home\controller\Pay.php:93]
[ error ] [10501]SQLSTATE[23000]: Integrity constraint violation: 1048 Column 'order_goods_num' cannot be null[D:\wamp\www\shop\thinkphp\library\think\db\Connection.php:463]
---------------------------------------------------------------
[ 2018-07-18T16:35:05+08:00 ] 127.0.0.1 GET /goods/details.html?id=1
[ info ] 1.shop.com/goods/details.html?id=1 [运行时间：0.109007s][吞吐率：9.17req/s] [内存消耗：2,882.97kb] [文件加载：51]
[ info ] [ LANG ] D:\wamp\www\shop\thinkphp\lang\zh-cn.php
[ info ] [ BIND ] 'home'
[ info ] [ ROUTE ] array (
  'type' => 'module',
  'module' => 
  array (
    0 => 'home',
    1 => 'goods',
    2 => 'details',
  ),
)
[ info ] [ HEADER ] array (
  'host' => '1.shop.com',
  'connection' => 'keep-alive',
  'pragma' => 'no-cache',
  'cache-control' => 'no-cache',
  'accept' => 'text/html, */*; q=0.01',
  'x-requested-with' => 'XMLHttpRequest',
  'user-agent' => 'Mozilla/5.0 (iPhone; CPU iPhone OS 11_0 like Mac OS X) AppleWebKit/604.1.38 (KHTML, like Gecko) Version/11.0 Mobile/15A372 Safari/604.1',
  'referer' => 'http://1.shop.com/goods/details.html?id=1',
  'accept-encoding' => 'gzip, deflate',
  'accept-language' => 'zh-CN,zh;q=0.9',
  'cookie' => 'PHPSESSID=kbq3a2iso6g1jei400i6kt5k84',
)
[ info ] [ PARAM ] array (
  'id' => '1',
)
[ info ] [ RUN ] app\home\controller\Goods->details[ D:\wamp\www\shop\application\home\controller\Goods.php ]
[ info ] [ DB ] INIT mysql
[ info ] [ VIEW ] D:\wamp\www\shop/application/home\view\goods\details.html [ array (
  0 => 'Goods_info',
  1 => 'GoodsBanner_lists',
  2 => 'GoodsGP_lists',
) ]
[ info ] [ LOG ] INIT File
[ sql ] [ DB ] CONNECT:[ UseTime:0.001000s ] mysql:host=127.0.0.1;port=3306;dbname=darenshop;charset=utf8
[ sql ] [ SQL ] SHOW COLUMNS FROM `dr_goods` [ RunTime:0.002000s ]
[ sql ] [ SQL ] SELECT * FROM `dr_goods` WHERE  `goods_id` = 1 LIMIT 1 [ RunTime:0.001000s ]
[ sql ] [ SQL ] SHOW COLUMNS FROM `dr_goods_banner` [ RunTime:0.004000s ]
[ sql ] [ SQL ] SELECT * FROM `dr_goods_banner` LEFT JOIN `dr_file` ON `dr_goods_banner`.`goods_banner_file`=`dr_file`.`file_id` WHERE  `goods_id` = 1 [ RunTime:0.004001s ]
[ sql ] [ SQL ] SHOW COLUMNS FROM `dr_goods_g_p` [ RunTime:0.005000s ]
[ sql ] [ SQL ] SELECT * FROM `dr_goods_g_p` LEFT JOIN `dr_goods_property` ON `dr_goods_g_p`.`goods_property_id`=`dr_goods_property`.`goods_property_id` WHERE  `goods_id` = 1 [ RunTime:0.001000s ]
---------------------------------------------------------------
[ 2018-07-18T16:35:09+08:00 ] 127.0.0.1 GET /pay/goods_message.html?gid=1
[ info ] 1.shop.com/pay/goods_message.html?gid=1 [运行时间：0.196012s][吞吐率：5.10req/s] [内存消耗：3,488.28kb] [文件加载：57]
[ info ] [ LANG ] D:\wamp\www\shop\thinkphp\lang\zh-cn.php
[ info ] [ BIND ] 'home'
[ info ] [ ROUTE ] array (
  'type' => 'module',
  'module' => 
  array (
    0 => 'home',
    1 => 'pay',
    2 => 'goods_message',
  ),
)
[ info ] [ HEADER ] array (
  'host' => '1.shop.com',
  'connection' => 'keep-alive',
  'upgrade-insecure-requests' => '1',
  'user-agent' => 'Mozilla/5.0 (Windows NT 6.1) AppleWebKit/537.36 (KHTML, like Gecko) Chrome/67.0.3396.99 Safari/537.36',
  'accept' => 'text/html,application/xhtml+xml,application/xml;q=0.9,image/webp,image/apng,*/*;q=0.8',
  'accept-encoding' => 'gzip, deflate',
  'accept-language' => 'zh-CN,zh;q=0.9',
  'cookie' => 'PHPSESSID=kbq3a2iso6g1jei400i6kt5k84',
)
[ info ] [ PARAM ] array (
  'gid' => '1',
)
[ info ] [ SESSION ] INIT array (
  'id' => '',
  'var_session_id' => '',
  'prefix' => 'think',
  'type' => '',
  'auto_start' => true,
)
[ info ] [ RUN ] app\home\controller\Pay->goods_message[ D:\wamp\www\shop\application\home\controller\Pay.php ]
[ info ] [ DB ] INIT mysql
[ info ] [ VIEW ] D:\wamp\www\shop/application/home\view\pay\goods_message.html [ array (
  0 => 'Goods_info',
  1 => 'MemberAddress_lists',
) ]
[ info ] [ LOG ] INIT File
[ sql ] [ DB ] CONNECT:[ UseTime:0.010001s ] mysql:host=127.0.0.1;port=3306;dbname=darenshop;charset=utf8
[ sql ] [ SQL ] SHOW COLUMNS FROM `dr_goods` [ RunTime:0.013001s ]
[ sql ] [ SQL ] SELECT * FROM `dr_goods` WHERE  `goods_id` = 1 LIMIT 1 [ RunTime:0.007001s ]
[ sql ] [ SQL ] SHOW COLUMNS FROM `dr_file` [ RunTime:0.009000s ]
[ sql ] [ SQL ] SELECT * FROM `dr_file` WHERE  `file_id` = 20 LIMIT 1 [ RunTime:0.002000s ]
[ sql ] [ SQL ] SHOW COLUMNS FROM `dr_member_address` [ RunTime:0.004000s ]
[ sql ] [ SQL ] SELECT * FROM `dr_member_address` WHERE  `member_id` = 1 ORDER BY `member_address_id` DESC [ RunTime:0.012000s ]
---------------------------------------------------------------
[ 2018-07-18T16:35:25+08:00 ] 127.0.0.1 GET /goods/details.html?id=1
[ info ] 1.shop.com/goods/details.html?id=1 [运行时间：0.128007s][吞吐率：7.81req/s] [内存消耗：2,882.97kb] [文件加载：51]
[ info ] [ LANG ] D:\wamp\www\shop\thinkphp\lang\zh-cn.php
[ info ] [ BIND ] 'home'
[ info ] [ ROUTE ] array (
  'type' => 'module',
  'module' => 
  array (
    0 => 'home',
    1 => 'goods',
    2 => 'details',
  ),
)
[ info ] [ HEADER ] array (
  'host' => '1.shop.com',
  'connection' => 'keep-alive',
  'pragma' => 'no-cache',
  'cache-control' => 'no-cache',
  'accept' => 'text/html, */*; q=0.01',
  'x-requested-with' => 'XMLHttpRequest',
  'user-agent' => 'Mozilla/5.0 (iPhone; CPU iPhone OS 11_0 like Mac OS X) AppleWebKit/604.1.38 (KHTML, like Gecko) Version/11.0 Mobile/15A372 Safari/604.1',
  'referer' => 'http://1.shop.com/goods/details.html?id=1',
  'accept-encoding' => 'gzip, deflate',
  'accept-language' => 'zh-CN,zh;q=0.9',
  'cookie' => 'PHPSESSID=kbq3a2iso6g1jei400i6kt5k84',
)
[ info ] [ PARAM ] array (
  'id' => '1',
)
[ info ] [ RUN ] app\home\controller\Goods->details[ D:\wamp\www\shop\application\home\controller\Goods.php ]
[ info ] [ DB ] INIT mysql
[ info ] [ VIEW ] D:\wamp\www\shop/application/home\view\goods\details.html [ array (
  0 => 'Goods_info',
  1 => 'GoodsBanner_lists',
  2 => 'GoodsGP_lists',
) ]
[ info ] [ LOG ] INIT File
[ sql ] [ DB ] CONNECT:[ UseTime:0.004000s ] mysql:host=127.0.0.1;port=3306;dbname=darenshop;charset=utf8
[ sql ] [ SQL ] SHOW COLUMNS FROM `dr_goods` [ RunTime:0.003001s ]
[ sql ] [ SQL ] SELECT * FROM `dr_goods` WHERE  `goods_id` = 1 LIMIT 1 [ RunTime:0.002000s ]
[ sql ] [ SQL ] SHOW COLUMNS FROM `dr_goods_banner` [ RunTime:0.008000s ]
[ sql ] [ SQL ] SELECT * FROM `dr_goods_banner` LEFT JOIN `dr_file` ON `dr_goods_banner`.`goods_banner_file`=`dr_file`.`file_id` WHERE  `goods_id` = 1 [ RunTime:0.001000s ]
[ sql ] [ SQL ] SHOW COLUMNS FROM `dr_goods_g_p` [ RunTime:0.007001s ]
[ sql ] [ SQL ] SELECT * FROM `dr_goods_g_p` LEFT JOIN `dr_goods_property` ON `dr_goods_g_p`.`goods_property_id`=`dr_goods_property`.`goods_property_id` WHERE  `goods_id` = 1 [ RunTime:0.003000s ]
---------------------------------------------------------------
[ 2018-07-18T16:35:28+08:00 ] 127.0.0.1 GET /pay/goods_message.html?gid=1
[ info ] 1.shop.com/pay/goods_message.html?gid=1 [运行时间：0.117007s][吞吐率：8.55req/s] [内存消耗：3,327.41kb] [文件加载：55]
[ info ] [ LANG ] D:\wamp\www\shop\thinkphp\lang\zh-cn.php
[ info ] [ BIND ] 'home'
[ info ] [ ROUTE ] array (
  'type' => 'module',
  'module' => 
  array (
    0 => 'home',
    1 => 'pay',
    2 => 'goods_message',
  ),
)
[ info ] [ HEADER ] array (
  'host' => '1.shop.com',
  'connection' => 'keep-alive',
  'pragma' => 'no-cache',
  'cache-control' => 'no-cache',
  'upgrade-insecure-requests' => '1',
  'user-agent' => 'Mozilla/5.0 (iPhone; CPU iPhone OS 11_0 like Mac OS X) AppleWebKit/604.1.38 (KHTML, like Gecko) Version/11.0 Mobile/15A372 Safari/604.1',
  'accept' => 'text/html,application/xhtml+xml,application/xml;q=0.9,image/webp,image/apng,*/*;q=0.8',
  'accept-encoding' => 'gzip, deflate',
  'accept-language' => 'zh-CN,zh;q=0.9',
  'cookie' => 'PHPSESSID=kbq3a2iso6g1jei400i6kt5k84',
)
[ info ] [ PARAM ] array (
  'gid' => '1',
)
[ info ] [ SESSION ] INIT array (
  'id' => '',
  'var_session_id' => '',
  'prefix' => 'think',
  'type' => '',
  'auto_start' => true,
)
[ info ] [ RUN ] app\home\controller\Pay->goods_message[ D:\wamp\www\shop\application\home\controller\Pay.php ]
[ info ] [ DB ] INIT mysql
[ info ] [ VIEW ] D:\wamp\www\shop/application/home\view\pay\goods_message.html [ array (
  0 => 'Goods_info',
  1 => 'MemberAddress_lists',
) ]
[ info ] [ LOG ] INIT File
[ sql ] [ DB ] CONNECT:[ UseTime:0.011000s ] mysql:host=127.0.0.1;port=3306;dbname=darenshop;charset=utf8
[ sql ] [ SQL ] SHOW COLUMNS FROM `dr_goods` [ RunTime:0.002000s ]
[ sql ] [ SQL ] SELECT * FROM `dr_goods` WHERE  `goods_id` = 1 LIMIT 1 [ RunTime:0.001000s ]
[ sql ] [ SQL ] SHOW COLUMNS FROM `dr_file` [ RunTime:0.002000s ]
[ sql ] [ SQL ] SELECT * FROM `dr_file` WHERE  `file_id` = 20 LIMIT 1 [ RunTime:0.001000s ]
[ sql ] [ SQL ] SHOW COLUMNS FROM `dr_member_address` [ RunTime:0.002000s ]
[ sql ] [ SQL ] SELECT * FROM `dr_member_address` WHERE  `member_id` = 1 ORDER BY `member_address_id` DESC [ RunTime:0.003001s ]
---------------------------------------------------------------
[ 2018-07-18T16:35:34+08:00 ] 127.0.0.1 POST /pay/create_order.html
[ info ] 1.shop.com/pay/create_order.html [运行时间：0.093006s][吞吐率：10.75req/s] [内存消耗：3,212.70kb] [文件加载：53]
[ info ] [ LANG ] D:\wamp\www\shop\thinkphp\lang\zh-cn.php
[ info ] [ BIND ] 'home'
[ info ] [ ROUTE ] array (
  'type' => 'module',
  'module' => 
  array (
    0 => 'home',
    1 => 'pay',
    2 => 'create_order',
  ),
)
[ info ] [ HEADER ] array (
  'host' => '1.shop.com',
  'connection' => 'keep-alive',
  'content-length' => '419',
  'pragma' => 'no-cache',
  'cache-control' => 'no-cache',
  'accept' => '*/*',
  'origin' => 'http://1.shop.com',
  'x-requested-with' => 'XMLHttpRequest',
  'user-agent' => 'Mozilla/5.0 (iPhone; CPU iPhone OS 11_0 like Mac OS X) AppleWebKit/604.1.38 (KHTML, like Gecko) Version/11.0 Mobile/15A372 Safari/604.1',
  'content-type' => 'multipart/form-data; boundary=----WebKitFormBoundaryIG0U6AjqkAyjwYXA',
  'referer' => 'http://1.shop.com/pay/goods_message.html?gid=1',
  'accept-encoding' => 'gzip, deflate',
  'accept-language' => 'zh-CN,zh;q=0.9',
  'cookie' => 'PHPSESSID=kbq3a2iso6g1jei400i6kt5k84',
)
[ info ] [ PARAM ] array (
  'gid' => '1',
  'gnum' => '1',
  'delivery_type' => '1',
  'aid' => '0',
)
[ info ] [ SESSION ] INIT array (
  'id' => '',
  'var_session_id' => '',
  'prefix' => 'think',
  'type' => '',
  'auto_start' => true,
)
[ info ] [ RUN ] app\home\controller\Pay->create_order[ D:\wamp\www\shop\application\home\controller\Pay.php ]
[ info ] [ DB ] INIT mysql
[ info ] [ LOG ] INIT File
[ sql ] [ DB ] CONNECT:[ UseTime:0.002000s ] mysql:host=127.0.0.1;port=3306;dbname=darenshop;charset=utf8
[ sql ] [ SQL ] SHOW COLUMNS FROM `dr_goods` [ RunTime:0.002000s ]
[ sql ] [ SQL ] SELECT * FROM `dr_goods` WHERE  `goods_id` = 1 LIMIT 1 [ RunTime:0.001000s ]
---------------------------------------------------------------
[ 2018-07-18T16:35:38+08:00 ] 127.0.0.1 POST /pay/create_order.html
[ info ] 1.shop.com/pay/create_order.html [运行时间：0.089005s][吞吐率：11.24req/s] [内存消耗：3,212.70kb] [文件加载：53]
[ info ] [ LANG ] D:\wamp\www\shop\thinkphp\lang\zh-cn.php
[ info ] [ BIND ] 'home'
[ info ] [ ROUTE ] array (
  'type' => 'module',
  'module' => 
  array (
    0 => 'home',
    1 => 'pay',
    2 => 'create_order',
  ),
)
[ info ] [ HEADER ] array (
  'host' => '1.shop.com',
  'connection' => 'keep-alive',
  'content-length' => '419',
  'pragma' => 'no-cache',
  'cache-control' => 'no-cache',
  'accept' => '*/*',
  'origin' => 'http://1.shop.com',
  'x-requested-with' => 'XMLHttpRequest',
  'user-agent' => 'Mozilla/5.0 (iPhone; CPU iPhone OS 11_0 like Mac OS X) AppleWebKit/604.1.38 (KHTML, like Gecko) Version/11.0 Mobile/15A372 Safari/604.1',
  'content-type' => 'multipart/form-data; boundary=----WebKitFormBoundarykrUAhtiG0rSLg9AQ',
  'referer' => 'http://1.shop.com/pay/goods_message.html?gid=1',
  'accept-encoding' => 'gzip, deflate',
  'accept-language' => 'zh-CN,zh;q=0.9',
  'cookie' => 'PHPSESSID=kbq3a2iso6g1jei400i6kt5k84',
)
[ info ] [ PARAM ] array (
  'gid' => '1',
  'gnum' => '1',
  'delivery_type' => '1',
  'aid' => '0',
)
[ info ] [ SESSION ] INIT array (
  'id' => '',
  'var_session_id' => '',
  'prefix' => 'think',
  'type' => '',
  'auto_start' => true,
)
[ info ] [ RUN ] app\home\controller\Pay->create_order[ D:\wamp\www\shop\application\home\controller\Pay.php ]
[ info ] [ DB ] INIT mysql
[ info ] [ LOG ] INIT File
[ sql ] [ DB ] CONNECT:[ UseTime:0.002000s ] mysql:host=127.0.0.1;port=3306;dbname=darenshop;charset=utf8
[ sql ] [ SQL ] SHOW COLUMNS FROM `dr_goods` [ RunTime:0.003000s ]
[ sql ] [ SQL ] SELECT * FROM `dr_goods` WHERE  `goods_id` = 1 LIMIT 1 [ RunTime:0.001000s ]
---------------------------------------------------------------
[ 2018-07-18T16:37:53+08:00 ] 127.0.0.1 GET /goods/details.html?id=1
[ info ] 1.shop.com/goods/details.html?id=1 [运行时间：0.114006s][吞吐率：8.77req/s] [内存消耗：2,882.97kb] [文件加载：51]
[ info ] [ LANG ] D:\wamp\www\shop\thinkphp\lang\zh-cn.php
[ info ] [ BIND ] 'home'
[ info ] [ ROUTE ] array (
  'type' => 'module',
  'module' => 
  array (
    0 => 'home',
    1 => 'goods',
    2 => 'details',
  ),
)
[ info ] [ HEADER ] array (
  'host' => '1.shop.com',
  'connection' => 'keep-alive',
  'pragma' => 'no-cache',
  'cache-control' => 'no-cache',
  'accept' => 'text/html, */*; q=0.01',
  'x-requested-with' => 'XMLHttpRequest',
  'user-agent' => 'Mozilla/5.0 (iPhone; CPU iPhone OS 11_0 like Mac OS X) AppleWebKit/604.1.38 (KHTML, like Gecko) Version/11.0 Mobile/15A372 Safari/604.1',
  'referer' => 'http://1.shop.com/goods/details.html?id=1',
  'accept-encoding' => 'gzip, deflate',
  'accept-language' => 'zh-CN,zh;q=0.9',
  'cookie' => 'PHPSESSID=kbq3a2iso6g1jei400i6kt5k84',
)
[ info ] [ PARAM ] array (
  'id' => '1',
)
[ info ] [ RUN ] app\home\controller\Goods->details[ D:\wamp\www\shop\application\home\controller\Goods.php ]
[ info ] [ DB ] INIT mysql
[ info ] [ VIEW ] D:\wamp\www\shop/application/home\view\goods\details.html [ array (
  0 => 'Goods_info',
  1 => 'GoodsBanner_lists',
  2 => 'GoodsGP_lists',
) ]
[ info ] [ LOG ] INIT File
[ sql ] [ DB ] CONNECT:[ UseTime:0.003000s ] mysql:host=127.0.0.1;port=3306;dbname=darenshop;charset=utf8
[ sql ] [ SQL ] SHOW COLUMNS FROM `dr_goods` [ RunTime:0.008000s ]
[ sql ] [ SQL ] SELECT * FROM `dr_goods` WHERE  `goods_id` = 1 LIMIT 1 [ RunTime:0.002000s ]
[ sql ] [ SQL ] SHOW COLUMNS FROM `dr_goods_banner` [ RunTime:0.005000s ]
[ sql ] [ SQL ] SELECT * FROM `dr_goods_banner` LEFT JOIN `dr_file` ON `dr_goods_banner`.`goods_banner_file`=`dr_file`.`file_id` WHERE  `goods_id` = 1 [ RunTime:0.002000s ]
[ sql ] [ SQL ] SHOW COLUMNS FROM `dr_goods_g_p` [ RunTime:0.005001s ]
[ sql ] [ SQL ] SELECT * FROM `dr_goods_g_p` LEFT JOIN `dr_goods_property` ON `dr_goods_g_p`.`goods_property_id`=`dr_goods_property`.`goods_property_id` WHERE  `goods_id` = 1 [ RunTime:0.001000s ]
---------------------------------------------------------------
[ 2018-07-18T16:37:55+08:00 ] 127.0.0.1 GET /index/index.html
[ info ] 1.shop.com/index/index.html [运行时间：0.071004s][吞吐率：14.08req/s] [内存消耗：1,937.48kb] [文件加载：44]
[ info ] [ LANG ] D:\wamp\www\shop\thinkphp\lang\zh-cn.php
[ info ] [ BIND ] 'home'
[ info ] [ ROUTE ] array (
  'type' => 'module',
  'module' => 
  array (
    0 => 'home',
    1 => 'index',
    2 => 'index',
  ),
)
[ info ] [ HEADER ] array (
  'host' => '1.shop.com',
  'connection' => 'keep-alive',
  'pragma' => 'no-cache',
  'cache-control' => 'no-cache',
  'accept' => 'text/html, */*; q=0.01',
  'x-requested-with' => 'XMLHttpRequest',
  'user-agent' => 'Mozilla/5.0 (iPhone; CPU iPhone OS 11_0 like Mac OS X) AppleWebKit/604.1.38 (KHTML, like Gecko) Version/11.0 Mobile/15A372 Safari/604.1',
  'referer' => 'http://1.shop.com/goods/details.html?id=1',
  'accept-encoding' => 'gzip, deflate',
  'accept-language' => 'zh-CN,zh;q=0.9',
  'cookie' => 'PHPSESSID=kbq3a2iso6g1jei400i6kt5k84',
)
[ info ] [ PARAM ] array (
)
[ info ] [ RUN ] app\home\controller\Index->index[ D:\wamp\www\shop\application\home\controller\Index.php ]
[ info ] [ VIEW ] D:\wamp\www\shop/application/home\view\index\index.html [ array (
) ]
[ info ] [ LOG ] INIT File
---------------------------------------------------------------
[ 2018-07-18T16:37:59+08:00 ] 127.0.0.1 GET /goods/goods.html
[ info ] 1.shop.com/goods/goods.html [运行时间：0.081004s][吞吐率：12.35req/s] [内存消耗：2,922.41kb] [文件加载：51]
[ info ] [ LANG ] D:\wamp\www\shop\thinkphp\lang\zh-cn.php
[ info ] [ BIND ] 'home'
[ info ] [ ROUTE ] array (
  'type' => 'module',
  'module' => 
  array (
    0 => 'home',
    1 => 'goods',
    2 => 'goods',
  ),
)
[ info ] [ HEADER ] array (
  'host' => '1.shop.com',
  'connection' => 'keep-alive',
  'pragma' => 'no-cache',
  'cache-control' => 'no-cache',
  'accept' => 'text/html, */*; q=0.01',
  'x-requested-with' => 'XMLHttpRequest',
  'user-agent' => 'Mozilla/5.0 (iPhone; CPU iPhone OS 11_0 like Mac OS X) AppleWebKit/604.1.38 (KHTML, like Gecko) Version/11.0 Mobile/15A372 Safari/604.1',
  'referer' => 'http://1.shop.com/index/index.html',
  'accept-encoding' => 'gzip, deflate',
  'accept-language' => 'zh-CN,zh;q=0.9',
  'cookie' => 'PHPSESSID=kbq3a2iso6g1jei400i6kt5k84',
)
[ info ] [ PARAM ] array (
)
[ info ] [ RUN ] app\home\controller\Goods->goods[ D:\wamp\www\shop\application\home\controller\Goods.php ]
[ info ] [ DB ] INIT mysql
[ info ] [ VIEW ] D:\wamp\www\shop/application/home\view\goods\goods.html [ array (
  0 => 'goods_lists',
) ]
[ info ] [ LOG ] INIT File
[ sql ] [ DB ] CONNECT:[ UseTime:0.003000s ] mysql:host=127.0.0.1;port=3306;dbname=darenshop;charset=utf8
[ sql ] [ SQL ] SHOW COLUMNS FROM `dr_goods` [ RunTime:0.003000s ]
[ sql ] [ SQL ] SELECT * FROM `dr_goods` LEFT JOIN `dr_file` ON `dr_goods`.`goods_cover`=`dr_file`.`file_id` LIMIT 0,16 [ RunTime:0.002000s ]
---------------------------------------------------------------
[ 2018-07-18T16:38:02+08:00 ] 127.0.0.1 GET /goods/details.html?id=1
[ info ] 1.shop.com/goods/details.html?id=1 [运行时间：0.091006s][吞吐率：10.99req/s] [内存消耗：2,882.84kb] [文件加载：51]
[ info ] [ LANG ] D:\wamp\www\shop\thinkphp\lang\zh-cn.php
[ info ] [ BIND ] 'home'
[ info ] [ ROUTE ] array (
  'type' => 'module',
  'module' => 
  array (
    0 => 'home',
    1 => 'goods',
    2 => 'details',
  ),
)
[ info ] [ HEADER ] array (
  'host' => '1.shop.com',
  'connection' => 'keep-alive',
  'pragma' => 'no-cache',
  'cache-control' => 'no-cache',
  'accept' => 'text/html, */*; q=0.01',
  'x-requested-with' => 'XMLHttpRequest',
  'user-agent' => 'Mozilla/5.0 (iPhone; CPU iPhone OS 11_0 like Mac OS X) AppleWebKit/604.1.38 (KHTML, like Gecko) Version/11.0 Mobile/15A372 Safari/604.1',
  'referer' => 'http://1.shop.com/goods/goods.html',
  'accept-encoding' => 'gzip, deflate',
  'accept-language' => 'zh-CN,zh;q=0.9',
  'cookie' => 'PHPSESSID=kbq3a2iso6g1jei400i6kt5k84',
)
[ info ] [ PARAM ] array (
  'id' => '1',
)
[ info ] [ RUN ] app\home\controller\Goods->details[ D:\wamp\www\shop\application\home\controller\Goods.php ]
[ info ] [ DB ] INIT mysql
[ info ] [ VIEW ] D:\wamp\www\shop/application/home\view\goods\details.html [ array (
  0 => 'Goods_info',
  1 => 'GoodsBanner_lists',
  2 => 'GoodsGP_lists',
) ]
[ info ] [ LOG ] INIT File
[ sql ] [ DB ] CONNECT:[ UseTime:0.002000s ] mysql:host=127.0.0.1;port=3306;dbname=darenshop;charset=utf8
[ sql ] [ SQL ] SHOW COLUMNS FROM `dr_goods` [ RunTime:0.001000s ]
[ sql ] [ SQL ] SELECT * FROM `dr_goods` WHERE  `goods_id` = 1 LIMIT 1 [ RunTime:0.001000s ]
[ sql ] [ SQL ] SHOW COLUMNS FROM `dr_goods_banner` [ RunTime:0.003000s ]
[ sql ] [ SQL ] SELECT * FROM `dr_goods_banner` LEFT JOIN `dr_file` ON `dr_goods_banner`.`goods_banner_file`=`dr_file`.`file_id` WHERE  `goods_id` = 1 [ RunTime:0.001000s ]
[ sql ] [ SQL ] SHOW COLUMNS FROM `dr_goods_g_p` [ RunTime:0.002000s ]
[ sql ] [ SQL ] SELECT * FROM `dr_goods_g_p` LEFT JOIN `dr_goods_property` ON `dr_goods_g_p`.`goods_property_id`=`dr_goods_property`.`goods_property_id` WHERE  `goods_id` = 1 [ RunTime:0.002000s ]
---------------------------------------------------------------
[ 2018-07-18T16:38:29+08:00 ] 127.0.0.1 POST /pay/create_order.html
[ info ] 1.shop.com/pay/create_order.html [运行时间：0.128007s][吞吐率：7.81req/s] [内存消耗：3,293.72kb] [文件加载：54]
[ info ] [ LANG ] D:\wamp\www\shop\thinkphp\lang\zh-cn.php
[ info ] [ BIND ] 'home'
[ info ] [ ROUTE ] array (
  'type' => 'module',
  'module' => 
  array (
    0 => 'home',
    1 => 'pay',
    2 => 'create_order',
  ),
)
[ info ] [ HEADER ] array (
  'host' => '1.shop.com',
  'connection' => 'keep-alive',
  'content-length' => '419',
  'pragma' => 'no-cache',
  'cache-control' => 'no-cache',
  'accept' => '*/*',
  'origin' => 'http://1.shop.com',
  'x-requested-with' => 'XMLHttpRequest',
  'user-agent' => 'Mozilla/5.0 (iPhone; CPU iPhone OS 11_0 like Mac OS X) AppleWebKit/604.1.38 (KHTML, like Gecko) Version/11.0 Mobile/15A372 Safari/604.1',
  'content-type' => 'multipart/form-data; boundary=----WebKitFormBoundarya8e3hAICUbH18IX7',
  'referer' => 'http://1.shop.com/pay/goods_message.html?gid=1',
  'accept-encoding' => 'gzip, deflate',
  'accept-language' => 'zh-CN,zh;q=0.9',
  'cookie' => 'PHPSESSID=kbq3a2iso6g1jei400i6kt5k84',
)
[ info ] [ PARAM ] array (
  'gid' => '1',
  'gnum' => '1',
  'delivery_type' => '1',
  'aid' => '0',
)
[ info ] [ SESSION ] INIT array (
  'id' => '',
  'var_session_id' => '',
  'prefix' => 'think',
  'type' => '',
  'auto_start' => true,
)
[ info ] [ RUN ] app\home\controller\Pay->create_order[ D:\wamp\www\shop\application\home\controller\Pay.php ]
[ info ] [ DB ] INIT mysql
[ info ] [ LOG ] INIT File
[ sql ] [ DB ] CONNECT:[ UseTime:0.002000s ] mysql:host=127.0.0.1;port=3306;dbname=darenshop;charset=utf8
[ sql ] [ SQL ] SHOW COLUMNS FROM `dr_goods` [ RunTime:0.003001s ]
[ sql ] [ SQL ] SELECT * FROM `dr_goods` WHERE  `goods_id` = 1 LIMIT 1 [ RunTime:0.002000s ]
[ sql ] [ SQL ] SHOW COLUMNS FROM `dr_order` [ RunTime:0.002000s ]
[ sql ] [ SQL ] SELECT * FROM `dr_order` WHERE  `order_number` = '20180718163829958875' LIMIT 1 [ RunTime:0.001000s ]
[ sql ] [ SQL ] INSERT INTO `dr_order` (`store_id` , `member_id` , `order_number` , `order_source` , `order_status` , `order_money` , `order_createtime` , `order_delivery_type`) VALUES (1 , 1 , '20180718163829958875' , 3 , 1 , 0 , 1531903109 , 1) [ RunTime:0.001000s ]
[ sql ] [ SQL ] SHOW COLUMNS FROM `dr_order_goods` [ RunTime:0.002000s ]
[ sql ] [ SQL ] INSERT INTO `dr_order_goods` (`order_id` , `goods_id` , `order_goods_price` , `order_goods_num`) VALUES (12 , 1 , 0 , 1) [ RunTime:0.002000s ]
---------------------------------------------------------------
[ 2018-07-18T16:38:29+08:00 ] 127.0.0.1 GET /pay/pay_type.html?oid=12
[ info ] 1.shop.com/pay/pay_type.html?oid=12 [运行时间：0.140008s][吞吐率：7.14req/s] [内存消耗：2,831.97kb] [文件加载：51]
[ info ] [ LANG ] D:\wamp\www\shop\thinkphp\lang\zh-cn.php
[ info ] [ BIND ] 'home'
[ info ] [ ROUTE ] array (
  'type' => 'module',
  'module' => 
  array (
    0 => 'home',
    1 => 'pay',
    2 => 'pay_type',
  ),
)
[ info ] [ HEADER ] array (
  'host' => '1.shop.com',
  'connection' => 'keep-alive',
  'pragma' => 'no-cache',
  'cache-control' => 'no-cache',
  'accept' => 'text/html, */*; q=0.01',
  'x-requested-with' => 'XMLHttpRequest',
  'user-agent' => 'Mozilla/5.0 (iPhone; CPU iPhone OS 11_0 like Mac OS X) AppleWebKit/604.1.38 (KHTML, like Gecko) Version/11.0 Mobile/15A372 Safari/604.1',
  'referer' => 'http://1.shop.com/pay/pay_type.html?oid=12',
  'accept-encoding' => 'gzip, deflate',
  'accept-language' => 'zh-CN,zh;q=0.9',
  'cookie' => 'PHPSESSID=kbq3a2iso6g1jei400i6kt5k84',
)
[ info ] [ PARAM ] array (
  'oid' => '12',
)
[ info ] [ SESSION ] INIT array (
  'id' => '',
  'var_session_id' => '',
  'prefix' => 'think',
  'type' => '',
  'auto_start' => true,
)
[ info ] [ RUN ] app\home\controller\Pay->pay_type[ D:\wamp\www\shop\application\home\controller\Pay.php ]
[ info ] [ DB ] INIT mysql
[ info ] [ VIEW ] D:\wamp\www\shop/application/home\view\pay\pay_type.html [ array (
  0 => 'Order_info',
) ]
[ info ] [ LOG ] INIT File
[ sql ] [ DB ] CONNECT:[ UseTime:0.010000s ] mysql:host=127.0.0.1;port=3306;dbname=darenshop;charset=utf8
[ sql ] [ SQL ] SHOW COLUMNS FROM `dr_order` [ RunTime:0.003000s ]
[ sql ] [ SQL ] SELECT * FROM `dr_order` WHERE  `order_id` = 12 LIMIT 1 [ RunTime:0.001001s ]
