---------------------------------------------------------------
[ 2018-07-25T14:30:37+08:00 ] 127.0.0.1 GET /index/index
[ info ] backstage.1.shop.com/index/index [运行时间：0.274015s][吞吐率：3.65req/s] [内存消耗：1,981.83kb] [文件加载：45]
[ info ] [ LANG ] D:\wamp\www\shop\thinkphp\lang\zh-cn.php
[ info ] [ BIND ] 'admin'
[ info ] [ ROUTE ] array (
  'type' => 'module',
  'module' => 
  array (
    0 => 'admin',
    1 => 'index',
    2 => 'index',
  ),
)
[ info ] [ HEADER ] array (
  'host' => 'backstage.1.shop.com',
  'connection' => 'keep-alive',
  'upgrade-insecure-requests' => '1',
  'user-agent' => 'Mozilla/5.0 (Windows NT 6.1) AppleWebKit/537.36 (KHTML, like Gecko) Chrome/67.0.3396.99 Safari/537.36',
  'accept' => 'text/html,application/xhtml+xml,application/xml;q=0.9,image/webp,image/apng,*/*;q=0.8',
  'accept-encoding' => 'gzip, deflate',
  'accept-language' => 'zh-CN,zh;q=0.9',
)
[ info ] [ PARAM ] array (
)
[ info ] [ SESSION ] INIT array (
  'id' => '',
  'var_session_id' => '',
  'prefix' => 'think',
  'type' => '',
  'auto_start' => true,
)
[ info ] [ LOG ] INIT File
---------------------------------------------------------------
[ 2018-07-25T14:30:37+08:00 ] 127.0.0.1 GET /account/login.html
[ info ] backstage.1.shop.com/account/login.html [运行时间：0.063003s][吞吐率：15.87req/s] [内存消耗：1,947.39kb] [文件加载：43]
[ info ] [ LANG ] D:\wamp\www\shop\thinkphp\lang\zh-cn.php
[ info ] [ BIND ] 'admin'
[ info ] [ ROUTE ] array (
  'type' => 'module',
  'module' => 
  array (
    0 => 'admin',
    1 => 'account',
    2 => 'login',
  ),
)
[ info ] [ HEADER ] array (
  'host' => 'backstage.1.shop.com',
  'connection' => 'keep-alive',
  'upgrade-insecure-requests' => '1',
  'user-agent' => 'Mozilla/5.0 (Windows NT 6.1) AppleWebKit/537.36 (KHTML, like Gecko) Chrome/67.0.3396.99 Safari/537.36',
  'accept' => 'text/html,application/xhtml+xml,application/xml;q=0.9,image/webp,image/apng,*/*;q=0.8',
  'accept-encoding' => 'gzip, deflate',
  'accept-language' => 'zh-CN,zh;q=0.9',
  'cookie' => 'PHPSESSID=dasqn8e9hs583n6a2ptc2mk4b3',
)
[ info ] [ PARAM ] array (
)
[ info ] [ SESSION ] INIT array (
  'id' => '',
  'var_session_id' => '',
  'prefix' => 'think',
  'type' => '',
  'auto_start' => true,
)
[ info ] [ RUN ] app\admin\controller\Account->login[ D:\wamp\www\shop\application\admin\controller\Account.php ]
[ info ] [ VIEW ] D:\wamp\www\shop/application/admin\view\account\login.html [ array (
) ]
[ info ] [ LOG ] INIT File
---------------------------------------------------------------
[ 2018-07-25T14:30:40+08:00 ] 127.0.0.1 GET /index/index
[ info ] 1.shop.com/index/index [运行时间：0.085005s][吞吐率：11.76req/s] [内存消耗：1,943.26kb] [文件加载：44]
[ info ] [ LANG ] D:\wamp\www\shop\thinkphp\lang\zh-cn.php
[ info ] [ BIND ] 'home'
[ info ] [ ROUTE ] array (
  'type' => 'module',
  'module' => 
  array (
    0 => 'home',
    1 => 'index',
    2 => 'index',
  ),
)
[ info ] [ HEADER ] array (
  'host' => '1.shop.com',
  'connection' => 'keep-alive',
  'upgrade-insecure-requests' => '1',
  'user-agent' => 'Mozilla/5.0 (Windows NT 6.1) AppleWebKit/537.36 (KHTML, like Gecko) Chrome/67.0.3396.99 Safari/537.36',
  'accept' => 'text/html,application/xhtml+xml,application/xml;q=0.9,image/webp,image/apng,*/*;q=0.8',
  'accept-encoding' => 'gzip, deflate',
  'accept-language' => 'zh-CN,zh;q=0.9',
)
[ info ] [ PARAM ] array (
)
[ info ] [ RUN ] app\home\controller\Index->index[ D:\wamp\www\shop\application\home\controller\Index.php ]
[ info ] [ VIEW ] D:\wamp\www\shop/application/home\view\index\index.html [ array (
) ]
[ info ] [ LOG ] INIT File
---------------------------------------------------------------
[ 2018-07-25T14:30:46+08:00 ] 127.0.0.1 GET /goods/goods.html
[ info ] 1.shop.com/goods/goods.html [运行时间：0.358020s][吞吐率：2.79req/s] [内存消耗：2,929.11kb] [文件加载：51]
[ info ] [ LANG ] D:\wamp\www\shop\thinkphp\lang\zh-cn.php
[ info ] [ BIND ] 'home'
[ info ] [ ROUTE ] array (
  'type' => 'module',
  'module' => 
  array (
    0 => 'home',
    1 => 'goods',
    2 => 'goods',
  ),
)
[ info ] [ HEADER ] array (
  'host' => '1.shop.com',
  'connection' => 'keep-alive',
  'pragma' => 'no-cache',
  'cache-control' => 'no-cache',
  'accept' => 'text/html, */*; q=0.01',
  'x-requested-with' => 'XMLHttpRequest',
  'user-agent' => 'Mozilla/5.0 (iPhone; CPU iPhone OS 11_0 like Mac OS X) AppleWebKit/604.1.38 (KHTML, like Gecko) Version/11.0 Mobile/15A372 Safari/604.1',
  'referer' => 'http://1.shop.com/index/index',
  'accept-encoding' => 'gzip, deflate',
  'accept-language' => 'zh-CN,zh;q=0.9',
)
[ info ] [ PARAM ] array (
)
[ info ] [ RUN ] app\home\controller\Goods->goods[ D:\wamp\www\shop\application\home\controller\Goods.php ]
[ info ] [ DB ] INIT mysql
[ info ] [ VIEW ] D:\wamp\www\shop/application/home\view\goods\goods.html [ array (
  0 => 'goods_lists',
) ]
[ info ] [ LOG ] INIT File
[ sql ] [ DB ] CONNECT:[ UseTime:0.020001s ] mysql:host=127.0.0.1;port=3306;dbname=darenshop;charset=utf8
[ sql ] [ SQL ] SHOW COLUMNS FROM `dr_goods` [ RunTime:0.010000s ]
[ sql ] [ SQL ] SELECT * FROM `dr_goods` LEFT JOIN `dr_file` ON `dr_goods`.`goods_cover`=`dr_file`.`file_id` LIMIT 0,16 [ RunTime:0.103006s ]
---------------------------------------------------------------
[ 2018-07-25T14:30:47+08:00 ] 127.0.0.1 GET /index/index.html
[ info ] 1.shop.com/index/index.html [运行时间：0.055003s][吞吐率：18.18req/s] [内存消耗：1,943.95kb] [文件加载：44]
[ info ] [ LANG ] D:\wamp\www\shop\thinkphp\lang\zh-cn.php
[ info ] [ BIND ] 'home'
[ info ] [ ROUTE ] array (
  'type' => 'module',
  'module' => 
  array (
    0 => 'home',
    1 => 'index',
    2 => 'index',
  ),
)
[ info ] [ HEADER ] array (
  'host' => '1.shop.com',
  'connection' => 'keep-alive',
  'pragma' => 'no-cache',
  'cache-control' => 'no-cache',
  'accept' => 'text/html, */*; q=0.01',
  'x-requested-with' => 'XMLHttpRequest',
  'user-agent' => 'Mozilla/5.0 (iPhone; CPU iPhone OS 11_0 like Mac OS X) AppleWebKit/604.1.38 (KHTML, like Gecko) Version/11.0 Mobile/15A372 Safari/604.1',
  'referer' => 'http://1.shop.com/goods/goods.html',
  'accept-encoding' => 'gzip, deflate',
  'accept-language' => 'zh-CN,zh;q=0.9',
)
[ info ] [ PARAM ] array (
)
[ info ] [ RUN ] app\home\controller\Index->index[ D:\wamp\www\shop\application\home\controller\Index.php ]
[ info ] [ VIEW ] D:\wamp\www\shop/application/home\view\index\index.html [ array (
) ]
[ info ] [ LOG ] INIT File
---------------------------------------------------------------
[ 2018-07-25T14:30:52+08:00 ] 127.0.0.1 GET /cart/cart.html
[ info ] 1.shop.com/cart/cart.html [运行时间：0.076004s][吞吐率：13.16req/s] [内存消耗：1,957.12kb] [文件加载：45]
[ info ] [ LANG ] D:\wamp\www\shop\thinkphp\lang\zh-cn.php
[ info ] [ BIND ] 'home'
[ info ] [ ROUTE ] array (
  'type' => 'module',
  'module' => 
  array (
    0 => 'home',
    1 => 'cart',
    2 => 'cart',
  ),
)
[ info ] [ HEADER ] array (
  'host' => '1.shop.com',
  'connection' => 'keep-alive',
  'pragma' => 'no-cache',
  'cache-control' => 'no-cache',
  'accept' => 'text/html, */*; q=0.01',
  'x-requested-with' => 'XMLHttpRequest',
  'user-agent' => 'Mozilla/5.0 (iPhone; CPU iPhone OS 11_0 like Mac OS X) AppleWebKit/604.1.38 (KHTML, like Gecko) Version/11.0 Mobile/15A372 Safari/604.1',
  'referer' => 'http://1.shop.com/index/index.html',
  'accept-encoding' => 'gzip, deflate',
  'accept-language' => 'zh-CN,zh;q=0.9',
)
[ info ] [ PARAM ] array (
)
[ info ] [ SESSION ] INIT array (
  'id' => '',
  'var_session_id' => '',
  'prefix' => 'think',
  'type' => '',
  'auto_start' => true,
)
[ info ] [ LOG ] INIT File
---------------------------------------------------------------
[ 2018-07-25T14:30:52+08:00 ] 127.0.0.1 GET /account/login.html
[ info ] 1.shop.com/account/login.html [运行时间：0.078004s][吞吐率：12.82req/s] [内存消耗：1,981.09kb] [文件加载：44]
[ info ] [ LANG ] D:\wamp\www\shop\thinkphp\lang\zh-cn.php
[ info ] [ BIND ] 'home'
[ info ] [ ROUTE ] array (
  'type' => 'module',
  'module' => 
  array (
    0 => 'home',
    1 => 'account',
    2 => 'login',
  ),
)
[ info ] [ HEADER ] array (
  'host' => '1.shop.com',
  'connection' => 'keep-alive',
  'pragma' => 'no-cache',
  'cache-control' => 'no-cache',
  'accept' => 'text/html, */*; q=0.01',
  'x-requested-with' => 'XMLHttpRequest',
  'user-agent' => 'Mozilla/5.0 (iPhone; CPU iPhone OS 11_0 like Mac OS X) AppleWebKit/604.1.38 (KHTML, like Gecko) Version/11.0 Mobile/15A372 Safari/604.1',
  'referer' => 'http://1.shop.com/index/index.html',
  'accept-encoding' => 'gzip, deflate',
  'accept-language' => 'zh-CN,zh;q=0.9',
  'cookie' => 'PHPSESSID=3gs2p80aj5sahvg1c7ove4ujo0',
)
[ info ] [ PARAM ] array (
)
[ info ] [ RUN ] app\home\controller\Account->login[ D:\wamp\www\shop\application\home\controller\Account.php ]
[ info ] [ VIEW ] D:\wamp\www\shop/application/home\view\account\login.html [ array (
) ]
[ info ] [ LOG ] INIT File
---------------------------------------------------------------
[ 2018-07-25T14:30:54+08:00 ] 127.0.0.1 GET /index/index.html
[ info ] 1.shop.com/index/index.html [运行时间：0.065003s][吞吐率：15.38req/s] [内存消耗：1,944.11kb] [文件加载：44]
[ info ] [ LANG ] D:\wamp\www\shop\thinkphp\lang\zh-cn.php
[ info ] [ BIND ] 'home'
[ info ] [ ROUTE ] array (
  'type' => 'module',
  'module' => 
  array (
    0 => 'home',
    1 => 'index',
    2 => 'index',
  ),
)
[ info ] [ HEADER ] array (
  'host' => '1.shop.com',
  'connection' => 'keep-alive',
  'pragma' => 'no-cache',
  'cache-control' => 'no-cache',
  'accept' => 'text/html, */*; q=0.01',
  'x-requested-with' => 'XMLHttpRequest',
  'user-agent' => 'Mozilla/5.0 (iPhone; CPU iPhone OS 11_0 like Mac OS X) AppleWebKit/604.1.38 (KHTML, like Gecko) Version/11.0 Mobile/15A372 Safari/604.1',
  'referer' => 'http://1.shop.com/index/index.html',
  'accept-encoding' => 'gzip, deflate',
  'accept-language' => 'zh-CN,zh;q=0.9',
  'cookie' => 'PHPSESSID=3gs2p80aj5sahvg1c7ove4ujo0',
)
[ info ] [ PARAM ] array (
)
[ info ] [ RUN ] app\home\controller\Index->index[ D:\wamp\www\shop\application\home\controller\Index.php ]
[ info ] [ VIEW ] D:\wamp\www\shop/application/home\view\index\index.html [ array (
) ]
[ info ] [ LOG ] INIT File
---------------------------------------------------------------
[ 2018-07-25T14:30:55+08:00 ] 127.0.0.1 GET /goods/goods.html
[ info ] 1.shop.com/goods/goods.html [运行时间：0.105006s][吞吐率：9.52req/s] [内存消耗：2,929.15kb] [文件加载：51]
[ info ] [ LANG ] D:\wamp\www\shop\thinkphp\lang\zh-cn.php
[ info ] [ BIND ] 'home'
[ info ] [ ROUTE ] array (
  'type' => 'module',
  'module' => 
  array (
    0 => 'home',
    1 => 'goods',
    2 => 'goods',
  ),
)
[ info ] [ HEADER ] array (
  'host' => '1.shop.com',
  'connection' => 'keep-alive',
  'pragma' => 'no-cache',
  'cache-control' => 'no-cache',
  'accept' => 'text/html, */*; q=0.01',
  'x-requested-with' => 'XMLHttpRequest',
  'user-agent' => 'Mozilla/5.0 (iPhone; CPU iPhone OS 11_0 like Mac OS X) AppleWebKit/604.1.38 (KHTML, like Gecko) Version/11.0 Mobile/15A372 Safari/604.1',
  'referer' => 'http://1.shop.com/index/index.html',
  'accept-encoding' => 'gzip, deflate',
  'accept-language' => 'zh-CN,zh;q=0.9',
  'cookie' => 'PHPSESSID=3gs2p80aj5sahvg1c7ove4ujo0',
)
[ info ] [ PARAM ] array (
)
[ info ] [ RUN ] app\home\controller\Goods->goods[ D:\wamp\www\shop\application\home\controller\Goods.php ]
[ info ] [ DB ] INIT mysql
[ info ] [ VIEW ] D:\wamp\www\shop/application/home\view\goods\goods.html [ array (
  0 => 'goods_lists',
) ]
[ info ] [ LOG ] INIT File
[ sql ] [ DB ] CONNECT:[ UseTime:0.011001s ] mysql:host=127.0.0.1;port=3306;dbname=darenshop;charset=utf8
[ sql ] [ SQL ] SHOW COLUMNS FROM `dr_goods` [ RunTime:0.005000s ]
[ sql ] [ SQL ] SELECT * FROM `dr_goods` LEFT JOIN `dr_file` ON `dr_goods`.`goods_cover`=`dr_file`.`file_id` LIMIT 0,16 [ RunTime:0.002000s ]
---------------------------------------------------------------
[ 2018-07-25T14:30:56+08:00 ] 127.0.0.1 GET /goods/details.html?id=1
[ info ] 1.shop.com/goods/details.html?id=1 [运行时间：0.118006s][吞吐率：8.47req/s] [内存消耗：2,889.60kb] [文件加载：51]
[ info ] [ LANG ] D:\wamp\www\shop\thinkphp\lang\zh-cn.php
[ info ] [ BIND ] 'home'
[ info ] [ ROUTE ] array (
  'type' => 'module',
  'module' => 
  array (
    0 => 'home',
    1 => 'goods',
    2 => 'details',
  ),
)
[ info ] [ HEADER ] array (
  'host' => '1.shop.com',
  'connection' => 'keep-alive',
  'pragma' => 'no-cache',
  'cache-control' => 'no-cache',
  'accept' => 'text/html, */*; q=0.01',
  'x-requested-with' => 'XMLHttpRequest',
  'user-agent' => 'Mozilla/5.0 (iPhone; CPU iPhone OS 11_0 like Mac OS X) AppleWebKit/604.1.38 (KHTML, like Gecko) Version/11.0 Mobile/15A372 Safari/604.1',
  'referer' => 'http://1.shop.com/goods/goods.html',
  'accept-encoding' => 'gzip, deflate',
  'accept-language' => 'zh-CN,zh;q=0.9',
  'cookie' => 'PHPSESSID=3gs2p80aj5sahvg1c7ove4ujo0',
)
[ info ] [ PARAM ] array (
  'id' => '1',
)
[ info ] [ RUN ] app\home\controller\Goods->details[ D:\wamp\www\shop\application\home\controller\Goods.php ]
[ info ] [ DB ] INIT mysql
[ info ] [ VIEW ] D:\wamp\www\shop/application/home\view\goods\details.html [ array (
  0 => 'Goods_info',
  1 => 'GoodsBanner_lists',
  2 => 'GoodsGP_lists',
) ]
[ info ] [ LOG ] INIT File
[ sql ] [ DB ] CONNECT:[ UseTime:0.002000s ] mysql:host=127.0.0.1;port=3306;dbname=darenshop;charset=utf8
[ sql ] [ SQL ] SHOW COLUMNS FROM `dr_goods` [ RunTime:0.005001s ]
[ sql ] [ SQL ] SELECT * FROM `dr_goods` WHERE  `goods_id` = 1 LIMIT 1 [ RunTime:0.001000s ]
[ sql ] [ SQL ] SHOW COLUMNS FROM `dr_goods_banner` [ RunTime:0.005000s ]
[ sql ] [ SQL ] SELECT * FROM `dr_goods_banner` LEFT JOIN `dr_file` ON `dr_goods_banner`.`goods_banner_file`=`dr_file`.`file_id` WHERE  `goods_id` = 1 [ RunTime:0.002000s ]
[ sql ] [ SQL ] SHOW COLUMNS FROM `dr_goods_g_p` [ RunTime:0.005001s ]
[ sql ] [ SQL ] SELECT * FROM `dr_goods_g_p` LEFT JOIN `dr_goods_property` ON `dr_goods_g_p`.`goods_property_id`=`dr_goods_property`.`goods_property_id` WHERE  `goods_id` = 1 [ RunTime:0.020001s ]
---------------------------------------------------------------
[ 2018-07-25T14:30:57+08:00 ] 127.0.0.1 GET /pay/goods_message.html?gid=1
[ info ] 1.shop.com/pay/goods_message.html?gid=1 [运行时间：0.052003s][吞吐率：19.23req/s] [内存消耗：1,997.23kb] [文件加载：45]
[ info ] [ LANG ] D:\wamp\www\shop\thinkphp\lang\zh-cn.php
[ info ] [ BIND ] 'home'
[ info ] [ ROUTE ] array (
  'type' => 'module',
  'module' => 
  array (
    0 => 'home',
    1 => 'pay',
    2 => 'goods_message',
  ),
)
[ info ] [ HEADER ] array (
  'host' => '1.shop.com',
  'connection' => 'keep-alive',
  'pragma' => 'no-cache',
  'cache-control' => 'no-cache',
  'accept' => 'text/html, */*; q=0.01',
  'x-requested-with' => 'XMLHttpRequest',
  'user-agent' => 'Mozilla/5.0 (iPhone; CPU iPhone OS 11_0 like Mac OS X) AppleWebKit/604.1.38 (KHTML, like Gecko) Version/11.0 Mobile/15A372 Safari/604.1',
  'referer' => 'http://1.shop.com/goods/details.html?id=1',
  'accept-encoding' => 'gzip, deflate',
  'accept-language' => 'zh-CN,zh;q=0.9',
  'cookie' => 'PHPSESSID=3gs2p80aj5sahvg1c7ove4ujo0',
)
[ info ] [ PARAM ] array (
  'gid' => '1',
)
[ info ] [ SESSION ] INIT array (
  'id' => '',
  'var_session_id' => '',
  'prefix' => 'think',
  'type' => '',
  'auto_start' => true,
)
[ info ] [ LOG ] INIT File
---------------------------------------------------------------
[ 2018-07-25T14:30:57+08:00 ] 127.0.0.1 GET /account/login.html
[ info ] 1.shop.com/account/login.html [运行时间：0.064003s][吞吐率：15.62req/s] [内存消耗：1,981.05kb] [文件加载：44]
[ info ] [ LANG ] D:\wamp\www\shop\thinkphp\lang\zh-cn.php
[ info ] [ BIND ] 'home'
[ info ] [ ROUTE ] array (
  'type' => 'module',
  'module' => 
  array (
    0 => 'home',
    1 => 'account',
    2 => 'login',
  ),
)
[ info ] [ HEADER ] array (
  'host' => '1.shop.com',
  'connection' => 'keep-alive',
  'pragma' => 'no-cache',
  'cache-control' => 'no-cache',
  'accept' => 'text/html, */*; q=0.01',
  'x-requested-with' => 'XMLHttpRequest',
  'user-agent' => 'Mozilla/5.0 (iPhone; CPU iPhone OS 11_0 like Mac OS X) AppleWebKit/604.1.38 (KHTML, like Gecko) Version/11.0 Mobile/15A372 Safari/604.1',
  'referer' => 'http://1.shop.com/goods/details.html?id=1',
  'accept-encoding' => 'gzip, deflate',
  'accept-language' => 'zh-CN,zh;q=0.9',
  'cookie' => 'PHPSESSID=3gs2p80aj5sahvg1c7ove4ujo0',
)
[ info ] [ PARAM ] array (
)
[ info ] [ RUN ] app\home\controller\Account->login[ D:\wamp\www\shop\application\home\controller\Account.php ]
[ info ] [ VIEW ] D:\wamp\www\shop/application/home\view\account\login.html [ array (
) ]
[ info ] [ LOG ] INIT File
---------------------------------------------------------------
[ 2018-07-25T14:31:05+08:00 ] 127.0.0.1 POST /account/login_ok.html
[ info ] 1.shop.com/account/login_ok.html [运行时间：0.101006s][吞吐率：9.90req/s] [内存消耗：2,893.28kb] [文件加载：51]
[ info ] [ LANG ] D:\wamp\www\shop\thinkphp\lang\zh-cn.php
[ info ] [ BIND ] 'home'
[ info ] [ ROUTE ] array (
  'type' => 'module',
  'module' => 
  array (
    0 => 'home',
    1 => 'account',
    2 => 'login_ok',
  ),
)
[ info ] [ HEADER ] array (
  'host' => '1.shop.com',
  'connection' => 'keep-alive',
  'content-length' => '33',
  'pragma' => 'no-cache',
  'cache-control' => 'no-cache',
  'origin' => 'http://1.shop.com',
  'upgrade-insecure-requests' => '1',
  'content-type' => 'application/x-www-form-urlencoded',
  'user-agent' => 'Mozilla/5.0 (iPhone; CPU iPhone OS 11_0 like Mac OS X) AppleWebKit/604.1.38 (KHTML, like Gecko) Version/11.0 Mobile/15A372 Safari/604.1',
  'accept' => 'text/html,application/xhtml+xml,application/xml;q=0.9,image/webp,image/apng,*/*;q=0.8',
  'referer' => 'http://1.shop.com/pay/goods_message.html?gid=1',
  'accept-encoding' => 'gzip, deflate',
  'accept-language' => 'zh-CN,zh;q=0.9',
  'cookie' => 'PHPSESSID=3gs2p80aj5sahvg1c7ove4ujo0',
)
[ info ] [ PARAM ] array (
  'phone' => '13920425572',
  'password' => '111111',
)
[ info ] [ RUN ] app\home\controller\Account->login_ok[ D:\wamp\www\shop\application\home\controller\Account.php ]
[ info ] [ DB ] INIT mysql
[ info ] [ SESSION ] INIT array (
  'id' => '',
  'var_session_id' => '',
  'prefix' => 'think',
  'type' => '',
  'auto_start' => true,
)
[ info ] [ VIEW ] D:\wamp\www\shop\thinkphp\tpl\dispatch_jump.tpl [ array (
  0 => 'code',
  1 => 'msg',
  2 => 'data',
  3 => 'url',
  4 => 'wait',
) ]
[ info ] [ LOG ] INIT File
[ sql ] [ DB ] CONNECT:[ UseTime:0.002000s ] mysql:host=127.0.0.1;port=3306;dbname=darenshop;charset=utf8
[ sql ] [ SQL ] SHOW COLUMNS FROM `dr_member` [ RunTime:0.006001s ]
[ sql ] [ SQL ] SELECT * FROM `dr_member` WHERE  `member_phone` = '13920425572' LIMIT 1 [ RunTime:0.001000s ]
---------------------------------------------------------------
[ 2018-07-25T14:31:06+08:00 ] 127.0.0.1 GET /index/index.html
[ info ] 1.shop.com/index/index.html [运行时间：0.068004s][吞吐率：14.71req/s] [内存消耗：1,944.52kb] [文件加载：44]
[ info ] [ LANG ] D:\wamp\www\shop\thinkphp\lang\zh-cn.php
[ info ] [ BIND ] 'home'
[ info ] [ ROUTE ] array (
  'type' => 'module',
  'module' => 
  array (
    0 => 'home',
    1 => 'index',
    2 => 'index',
  ),
)
[ info ] [ HEADER ] array (
  'host' => '1.shop.com',
  'connection' => 'keep-alive',
  'pragma' => 'no-cache',
  'cache-control' => 'no-cache',
  'upgrade-insecure-requests' => '1',
  'user-agent' => 'Mozilla/5.0 (iPhone; CPU iPhone OS 11_0 like Mac OS X) AppleWebKit/604.1.38 (KHTML, like Gecko) Version/11.0 Mobile/15A372 Safari/604.1',
  'accept' => 'text/html,application/xhtml+xml,application/xml;q=0.9,image/webp,image/apng,*/*;q=0.8',
  'referer' => 'http://1.shop.com/account/login_ok.html',
  'accept-encoding' => 'gzip, deflate',
  'accept-language' => 'zh-CN,zh;q=0.9',
  'cookie' => 'PHPSESSID=3gs2p80aj5sahvg1c7ove4ujo0',
)
[ info ] [ PARAM ] array (
)
[ info ] [ RUN ] app\home\controller\Index->index[ D:\wamp\www\shop\application\home\controller\Index.php ]
[ info ] [ VIEW ] D:\wamp\www\shop/application/home\view\index\index.html [ array (
) ]
[ info ] [ LOG ] INIT File
---------------------------------------------------------------
[ 2018-07-25T14:31:09+08:00 ] 127.0.0.1 GET /goods/goods.html
[ info ] 1.shop.com/goods/goods.html [运行时间：0.087005s][吞吐率：11.49req/s] [内存消耗：2,929.15kb] [文件加载：51]
[ info ] [ LANG ] D:\wamp\www\shop\thinkphp\lang\zh-cn.php
[ info ] [ BIND ] 'home'
[ info ] [ ROUTE ] array (
  'type' => 'module',
  'module' => 
  array (
    0 => 'home',
    1 => 'goods',
    2 => 'goods',
  ),
)
[ info ] [ HEADER ] array (
  'host' => '1.shop.com',
  'connection' => 'keep-alive',
  'pragma' => 'no-cache',
  'cache-control' => 'no-cache',
  'accept' => 'text/html, */*; q=0.01',
  'x-requested-with' => 'XMLHttpRequest',
  'user-agent' => 'Mozilla/5.0 (iPhone; CPU iPhone OS 11_0 like Mac OS X) AppleWebKit/604.1.38 (KHTML, like Gecko) Version/11.0 Mobile/15A372 Safari/604.1',
  'referer' => 'http://1.shop.com/index/index.html',
  'accept-encoding' => 'gzip, deflate',
  'accept-language' => 'zh-CN,zh;q=0.9',
  'cookie' => 'PHPSESSID=3gs2p80aj5sahvg1c7ove4ujo0',
)
[ info ] [ PARAM ] array (
)
[ info ] [ RUN ] app\home\controller\Goods->goods[ D:\wamp\www\shop\application\home\controller\Goods.php ]
[ info ] [ DB ] INIT mysql
[ info ] [ VIEW ] D:\wamp\www\shop/application/home\view\goods\goods.html [ array (
  0 => 'goods_lists',
) ]
[ info ] [ LOG ] INIT File
[ sql ] [ DB ] CONNECT:[ UseTime:0.001000s ] mysql:host=127.0.0.1;port=3306;dbname=darenshop;charset=utf8
[ sql ] [ SQL ] SHOW COLUMNS FROM `dr_goods` [ RunTime:0.005001s ]
[ sql ] [ SQL ] SELECT * FROM `dr_goods` LEFT JOIN `dr_file` ON `dr_goods`.`goods_cover`=`dr_file`.`file_id` LIMIT 0,16 [ RunTime:0.002000s ]
---------------------------------------------------------------
[ 2018-07-25T14:31:10+08:00 ] 127.0.0.1 GET /goods/details.html?id=1
[ info ] 1.shop.com/goods/details.html?id=1 [运行时间：0.110006s][吞吐率：9.09req/s] [内存消耗：2,889.60kb] [文件加载：51]
[ info ] [ LANG ] D:\wamp\www\shop\thinkphp\lang\zh-cn.php
[ info ] [ BIND ] 'home'
[ info ] [ ROUTE ] array (
  'type' => 'module',
  'module' => 
  array (
    0 => 'home',
    1 => 'goods',
    2 => 'details',
  ),
)
[ info ] [ HEADER ] array (
  'host' => '1.shop.com',
  'connection' => 'keep-alive',
  'pragma' => 'no-cache',
  'cache-control' => 'no-cache',
  'accept' => 'text/html, */*; q=0.01',
  'x-requested-with' => 'XMLHttpRequest',
  'user-agent' => 'Mozilla/5.0 (iPhone; CPU iPhone OS 11_0 like Mac OS X) AppleWebKit/604.1.38 (KHTML, like Gecko) Version/11.0 Mobile/15A372 Safari/604.1',
  'referer' => 'http://1.shop.com/goods/goods.html',
  'accept-encoding' => 'gzip, deflate',
  'accept-language' => 'zh-CN,zh;q=0.9',
  'cookie' => 'PHPSESSID=3gs2p80aj5sahvg1c7ove4ujo0',
)
[ info ] [ PARAM ] array (
  'id' => '1',
)
[ info ] [ RUN ] app\home\controller\Goods->details[ D:\wamp\www\shop\application\home\controller\Goods.php ]
[ info ] [ DB ] INIT mysql
[ info ] [ VIEW ] D:\wamp\www\shop/application/home\view\goods\details.html [ array (
  0 => 'Goods_info',
  1 => 'GoodsBanner_lists',
  2 => 'GoodsGP_lists',
) ]
[ info ] [ LOG ] INIT File
[ sql ] [ DB ] CONNECT:[ UseTime:0.001000s ] mysql:host=127.0.0.1;port=3306;dbname=darenshop;charset=utf8
[ sql ] [ SQL ] SHOW COLUMNS FROM `dr_goods` [ RunTime:0.005000s ]
[ sql ] [ SQL ] SELECT * FROM `dr_goods` WHERE  `goods_id` = 1 LIMIT 1 [ RunTime:0.002000s ]
[ sql ] [ SQL ] SHOW COLUMNS FROM `dr_goods_banner` [ RunTime:0.005000s ]
[ sql ] [ SQL ] SELECT * FROM `dr_goods_banner` LEFT JOIN `dr_file` ON `dr_goods_banner`.`goods_banner_file`=`dr_file`.`file_id` WHERE  `goods_id` = 1 [ RunTime:0.001001s ]
[ sql ] [ SQL ] SHOW COLUMNS FROM `dr_goods_g_p` [ RunTime:0.004000s ]
[ sql ] [ SQL ] SELECT * FROM `dr_goods_g_p` LEFT JOIN `dr_goods_property` ON `dr_goods_g_p`.`goods_property_id`=`dr_goods_property`.`goods_property_id` WHERE  `goods_id` = 1 [ RunTime:0.002000s ]
---------------------------------------------------------------
[ 2018-07-25T14:31:11+08:00 ] 127.0.0.1 GET /pay/goods_message.html?gid=1
[ info ] 1.shop.com/pay/goods_message.html?gid=1 [运行时间：0.134008s][吞吐率：7.46req/s] [内存消耗：3,344.41kb] [文件加载：55]
[ info ] [ LANG ] D:\wamp\www\shop\thinkphp\lang\zh-cn.php
[ info ] [ BIND ] 'home'
[ info ] [ ROUTE ] array (
  'type' => 'module',
  'module' => 
  array (
    0 => 'home',
    1 => 'pay',
    2 => 'goods_message',
  ),
)
[ info ] [ HEADER ] array (
  'host' => '1.shop.com',
  'connection' => 'keep-alive',
  'pragma' => 'no-cache',
  'cache-control' => 'no-cache',
  'accept' => 'text/html, */*; q=0.01',
  'x-requested-with' => 'XMLHttpRequest',
  'user-agent' => 'Mozilla/5.0 (iPhone; CPU iPhone OS 11_0 like Mac OS X) AppleWebKit/604.1.38 (KHTML, like Gecko) Version/11.0 Mobile/15A372 Safari/604.1',
  'referer' => 'http://1.shop.com/goods/details.html?id=1',
  'accept-encoding' => 'gzip, deflate',
  'accept-language' => 'zh-CN,zh;q=0.9',
  'cookie' => 'PHPSESSID=3gs2p80aj5sahvg1c7ove4ujo0',
)
[ info ] [ PARAM ] array (
  'gid' => '1',
)
[ info ] [ SESSION ] INIT array (
  'id' => '',
  'var_session_id' => '',
  'prefix' => 'think',
  'type' => '',
  'auto_start' => true,
)
[ info ] [ RUN ] app\home\controller\Pay->goods_message[ D:\wamp\www\shop\application\home\controller\Pay.php ]
[ info ] [ DB ] INIT mysql
[ info ] [ VIEW ] D:\wamp\www\shop/application/home\view\pay\goods_message.html [ array (
  0 => 'Goods_info',
  1 => 'MemberAddress_lists',
) ]
[ info ] [ LOG ] INIT File
[ sql ] [ DB ] CONNECT:[ UseTime:0.002000s ] mysql:host=127.0.0.1;port=3306;dbname=darenshop;charset=utf8
[ sql ] [ SQL ] SHOW COLUMNS FROM `dr_goods` [ RunTime:0.005001s ]
[ sql ] [ SQL ] SELECT * FROM `dr_goods` WHERE  `goods_id` = 1 LIMIT 1 [ RunTime:0.001000s ]
[ sql ] [ SQL ] SHOW COLUMNS FROM `dr_file` [ RunTime:0.001000s ]
[ sql ] [ SQL ] SELECT * FROM `dr_file` WHERE  `file_id` = 20 LIMIT 1 [ RunTime:0.001000s ]
[ sql ] [ SQL ] SHOW COLUMNS FROM `dr_member_address` [ RunTime:0.011001s ]
[ sql ] [ SQL ] SELECT * FROM `dr_member_address` WHERE  `member_id` = 1 ORDER BY `member_address_id` DESC [ RunTime:0.001000s ]
---------------------------------------------------------------
[ 2018-07-25T14:31:16+08:00 ] 127.0.0.1 POST /pay/create_order.html
[ info ] 1.shop.com/pay/create_order.html [运行时间：0.191011s][吞吐率：5.24req/s] [内存消耗：3,301.56kb] [文件加载：54]
[ info ] [ LANG ] D:\wamp\www\shop\thinkphp\lang\zh-cn.php
[ info ] [ BIND ] 'home'
[ info ] [ ROUTE ] array (
  'type' => 'module',
  'module' => 
  array (
    0 => 'home',
    1 => 'pay',
    2 => 'create_order',
  ),
)
[ info ] [ HEADER ] array (
  'host' => '1.shop.com',
  'connection' => 'keep-alive',
  'content-length' => '34',
  'pragma' => 'no-cache',
  'cache-control' => 'no-cache',
  'origin' => 'http://1.shop.com',
  'upgrade-insecure-requests' => '1',
  'content-type' => 'application/x-www-form-urlencoded',
  'user-agent' => 'Mozilla/5.0 (iPhone; CPU iPhone OS 11_0 like Mac OS X) AppleWebKit/604.1.38 (KHTML, like Gecko) Version/11.0 Mobile/15A372 Safari/604.1',
  'accept' => 'text/html,application/xhtml+xml,application/xml;q=0.9,image/webp,image/apng,*/*;q=0.8',
  'referer' => 'http://1.shop.com/pay/goods_message.html?gid=1',
  'accept-encoding' => 'gzip, deflate',
  'accept-language' => 'zh-CN,zh;q=0.9',
  'cookie' => 'PHPSESSID=3gs2p80aj5sahvg1c7ove4ujo0',
)
[ info ] [ PARAM ] array (
  'gid' => '1',
  'gnum' => '1',
  'delivery_type' => '1',
  'aid' => '0',
)
[ info ] [ SESSION ] INIT array (
  'id' => '',
  'var_session_id' => '',
  'prefix' => 'think',
  'type' => '',
  'auto_start' => true,
)
[ info ] [ RUN ] app\home\controller\Pay->create_order[ D:\wamp\www\shop\application\home\controller\Pay.php ]
[ info ] [ DB ] INIT mysql
[ info ] [ VIEW ] D:\wamp\www\shop\thinkphp\tpl\dispatch_jump.tpl [ array (
  0 => 'code',
  1 => 'msg',
  2 => 'data',
  3 => 'url',
  4 => 'wait',
) ]
[ info ] [ LOG ] INIT File
[ sql ] [ DB ] CONNECT:[ UseTime:0.002000s ] mysql:host=127.0.0.1;port=3306;dbname=darenshop;charset=utf8
[ sql ] [ SQL ] SHOW COLUMNS FROM `dr_goods` [ RunTime:0.006000s ]
[ sql ] [ SQL ] SELECT * FROM `dr_goods` WHERE  `goods_id` = 1 LIMIT 1 [ RunTime:0.001000s ]
[ sql ] [ SQL ] SHOW COLUMNS FROM `dr_order` [ RunTime:0.002000s ]
[ sql ] [ SQL ] SELECT * FROM `dr_order` WHERE  `order_number` = '20180725143116829942' LIMIT 1 [ RunTime:0.018001s ]
[ sql ] [ SQL ] INSERT INTO `dr_order` (`store_id` , `member_id` , `order_number` , `order_source` , `order_status` , `order_money` , `order_createtime` , `order_delivery_type`) VALUES (1 , 1 , '20180725143116829942' , 3 , 1 , 0 , 1532500276 , 1) [ RunTime:0.002000s ]
[ sql ] [ SQL ] SHOW COLUMNS FROM `dr_order_goods` [ RunTime:0.009001s ]
[ sql ] [ SQL ] INSERT INTO `dr_order_goods` (`order_id` , `goods_id` , `order_goods_price` , `order_goods_num`) VALUES (26 , 1 , 0 , 1) [ RunTime:0.001000s ]
---------------------------------------------------------------
[ 2018-07-25T14:31:17+08:00 ] 127.0.0.1 GET /pay/pay_type.html?oid=26
[ info ] 1.shop.com/pay/pay_type.html?oid=26 [运行时间：0.143008s][吞吐率：6.99req/s] [内存消耗：3,304.80kb] [文件加载：54]
[ info ] [ LANG ] D:\wamp\www\shop\thinkphp\lang\zh-cn.php
[ info ] [ BIND ] 'home'
[ info ] [ ROUTE ] array (
  'type' => 'module',
  'module' => 
  array (
    0 => 'home',
    1 => 'pay',
    2 => 'pay_type',
  ),
)
[ info ] [ HEADER ] array (
  'host' => '1.shop.com',
  'connection' => 'keep-alive',
  'pragma' => 'no-cache',
  'cache-control' => 'no-cache',
  'upgrade-insecure-requests' => '1',
  'user-agent' => 'Mozilla/5.0 (iPhone; CPU iPhone OS 11_0 like Mac OS X) AppleWebKit/604.1.38 (KHTML, like Gecko) Version/11.0 Mobile/15A372 Safari/604.1',
  'accept' => 'text/html,application/xhtml+xml,application/xml;q=0.9,image/webp,image/apng,*/*;q=0.8',
  'referer' => 'http://1.shop.com/pay/create_order.html',
  'accept-encoding' => 'gzip, deflate',
  'accept-language' => 'zh-CN,zh;q=0.9',
  'cookie' => 'PHPSESSID=3gs2p80aj5sahvg1c7ove4ujo0',
)
[ info ] [ PARAM ] array (
  'oid' => '26',
)
[ info ] [ SESSION ] INIT array (
  'id' => '',
  'var_session_id' => '',
  'prefix' => 'think',
  'type' => '',
  'auto_start' => true,
)
[ info ] [ RUN ] app\home\controller\Pay->pay_type[ D:\wamp\www\shop\application\home\controller\Pay.php ]
[ info ] [ DB ] INIT mysql
[ info ] [ VIEW ] D:\wamp\www\shop/application/home\view\pay\pay_type.html [ array (
  0 => 'Order_info',
) ]
[ info ] [ LOG ] INIT File
[ sql ] [ DB ] CONNECT:[ UseTime:0.002000s ] mysql:host=127.0.0.1;port=3306;dbname=darenshop;charset=utf8
[ sql ] [ SQL ] SHOW COLUMNS FROM `dr_order` [ RunTime:0.002000s ]
[ sql ] [ SQL ] SELECT * FROM `dr_order` WHERE  `order_id` = 26  AND `member_id` = 1  AND `order_status` = 1 LIMIT 1 [ RunTime:0.002000s ]
---------------------------------------------------------------
[ 2018-07-25T14:31:27+08:00 ] 127.0.0.1 POST /pay/pay_money.html
[ info ] 1.shop.com/pay/pay_money.html [运行时间：0.105006s][吞吐率：9.52req/s] [内存消耗：3,238.56kb] [文件加载：52]
[ info ] [ LANG ] D:\wamp\www\shop\thinkphp\lang\zh-cn.php
[ info ] [ BIND ] 'home'
[ info ] [ ROUTE ] array (
  'type' => 'module',
  'module' => 
  array (
    0 => 'home',
    1 => 'pay',
    2 => 'pay_money',
  ),
)
[ info ] [ HEADER ] array (
  'host' => '1.shop.com',
  'connection' => 'keep-alive',
  'content-length' => '230',
  'pragma' => 'no-cache',
  'cache-control' => 'no-cache',
  'accept' => '*/*',
  'origin' => 'http://1.shop.com',
  'x-requested-with' => 'XMLHttpRequest',
  'user-agent' => 'Mozilla/5.0 (iPhone; CPU iPhone OS 11_0 like Mac OS X) AppleWebKit/604.1.38 (KHTML, like Gecko) Version/11.0 Mobile/15A372 Safari/604.1',
  'content-type' => 'multipart/form-data; boundary=----WebKitFormBoundaryrNFD1bs9s7xbzUKe',
  'referer' => 'http://1.shop.com/pay/pay_type.html?oid=26',
  'accept-encoding' => 'gzip, deflate',
  'accept-language' => 'zh-CN,zh;q=0.9',
  'cookie' => 'PHPSESSID=3gs2p80aj5sahvg1c7ove4ujo0',
)
[ info ] [ PARAM ] array (
  'oid' => '26',
  'payway' => '1',
)
[ info ] [ SESSION ] INIT array (
  'id' => '',
  'var_session_id' => '',
  'prefix' => 'think',
  'type' => '',
  'auto_start' => true,
)
[ info ] [ RUN ] app\home\controller\Pay->pay_money[ D:\wamp\www\shop\application\home\controller\Pay.php ]
[ info ] [ DB ] INIT mysql
[ info ] [ LOG ] INIT File
[ sql ] [ DB ] CONNECT:[ UseTime:0.002000s ] mysql:host=127.0.0.1;port=3306;dbname=darenshop;charset=utf8
[ sql ] [ SQL ] SHOW COLUMNS FROM `dr_order` [ RunTime:0.002000s ]
[ sql ] [ SQL ] SELECT * FROM `dr_order` WHERE  `order_id` = 26  AND `member_id` = 1  AND `order_status` = 1 LIMIT 1 [ RunTime:0.003001s ]
[ sql ] [ SQL ] SHOW COLUMNS FROM `dr_order_record` [ RunTime:0.014001s ]
[ sql ] [ SQL ] INSERT INTO `dr_order_record` (`order_id` , `order_record_type` , `order_record_time`) VALUES (26 , 1 , 1532500287) [ RunTime:0.001000s ]
---------------------------------------------------------------
[ 2018-07-25T14:32:25+08:00 ] 127.0.0.1 POST /pay/pay_money.html
[ info ] 1.shop.com/pay/pay_money.html [运行时间：0.095005s][吞吐率：10.53req/s] [内存消耗：3,238.84kb] [文件加载：52]
[ info ] [ LANG ] D:\wamp\www\shop\thinkphp\lang\zh-cn.php
[ info ] [ BIND ] 'home'
[ info ] [ ROUTE ] array (
  'type' => 'module',
  'module' => 
  array (
    0 => 'home',
    1 => 'pay',
    2 => 'pay_money',
  ),
)
[ info ] [ HEADER ] array (
  'host' => '1.shop.com',
  'connection' => 'keep-alive',
  'content-length' => '230',
  'pragma' => 'no-cache',
  'cache-control' => 'no-cache',
  'accept' => '*/*',
  'origin' => 'http://1.shop.com',
  'x-requested-with' => 'XMLHttpRequest',
  'user-agent' => 'Mozilla/5.0 (iPhone; CPU iPhone OS 11_0 like Mac OS X) AppleWebKit/604.1.38 (KHTML, like Gecko) Version/11.0 Mobile/15A372 Safari/604.1',
  'content-type' => 'multipart/form-data; boundary=----WebKitFormBoundaryyHtkXjx0qCBOiW7P',
  'referer' => 'http://1.shop.com/pay/pay_type.html?oid=26',
  'accept-encoding' => 'gzip, deflate',
  'accept-language' => 'zh-CN,zh;q=0.9',
  'cookie' => 'PHPSESSID=3gs2p80aj5sahvg1c7ove4ujo0',
)
[ info ] [ PARAM ] array (
  'oid' => '26',
  'payway' => '1',
)
[ info ] [ SESSION ] INIT array (
  'id' => '',
  'var_session_id' => '',
  'prefix' => 'think',
  'type' => '',
  'auto_start' => true,
)
[ info ] [ RUN ] app\home\controller\Pay->pay_money[ D:\wamp\www\shop\application\home\controller\Pay.php ]
[ info ] [ DB ] INIT mysql
[ info ] [ LOG ] INIT File
[ sql ] [ DB ] CONNECT:[ UseTime:0.004000s ] mysql:host=127.0.0.1;port=3306;dbname=darenshop;charset=utf8
[ sql ] [ SQL ] SHOW COLUMNS FROM `dr_order` [ RunTime:0.003001s ]
[ sql ] [ SQL ] SELECT * FROM `dr_order` WHERE  `order_id` = 26  AND `member_id` = 1  AND `order_status` = 1 LIMIT 1 [ RunTime:0.001000s ]
[ sql ] [ SQL ] SHOW COLUMNS FROM `dr_order_record` [ RunTime:0.001000s ]
[ sql ] [ SQL ] INSERT INTO `dr_order_record` (`order_id` , `order_record_type` , `order_record_time`) VALUES (26 , 1 , 1532500345) [ RunTime:0.002000s ]
---------------------------------------------------------------
[ 2018-07-25T14:33:21+08:00 ] 127.0.0.1 POST /pay/create_order.html
[ info ] 1.shop.com/pay/create_order.html [运行时间：0.112007s][吞吐率：8.93req/s] [内存消耗：3,301.80kb] [文件加载：54]
[ info ] [ LANG ] D:\wamp\www\shop\thinkphp\lang\zh-cn.php
[ info ] [ BIND ] 'home'
[ info ] [ ROUTE ] array (
  'type' => 'module',
  'module' => 
  array (
    0 => 'home',
    1 => 'pay',
    2 => 'create_order',
  ),
)
[ info ] [ HEADER ] array (
  'host' => '1.shop.com',
  'connection' => 'keep-alive',
  'content-length' => '34',
  'pragma' => 'no-cache',
  'cache-control' => 'no-cache',
  'upgrade-insecure-requests' => '1',
  'user-agent' => 'Mozilla/5.0 (iPhone; CPU iPhone OS 11_0 like Mac OS X) AppleWebKit/604.1.38 (KHTML, like Gecko) Version/11.0 Mobile/15A372 Safari/604.1',
  'origin' => 'http://1.shop.com',
  'content-type' => 'application/x-www-form-urlencoded',
  'accept' => 'text/html,application/xhtml+xml,application/xml;q=0.9,image/webp,image/apng,*/*;q=0.8',
  'referer' => 'http://1.shop.com/pay/goods_message.html?gid=1',
  'accept-encoding' => 'gzip, deflate',
  'accept-language' => 'zh-CN,zh;q=0.9',
  'cookie' => 'PHPSESSID=3gs2p80aj5sahvg1c7ove4ujo0',
)
[ info ] [ PARAM ] array (
  'gid' => '1',
  'gnum' => '1',
  'delivery_type' => '1',
  'aid' => '0',
)
[ info ] [ SESSION ] INIT array (
  'id' => '',
  'var_session_id' => '',
  'prefix' => 'think',
  'type' => '',
  'auto_start' => true,
)
[ info ] [ RUN ] app\home\controller\Pay->create_order[ D:\wamp\www\shop\application\home\controller\Pay.php ]
[ info ] [ DB ] INIT mysql
[ info ] [ VIEW ] D:\wamp\www\shop\thinkphp\tpl\dispatch_jump.tpl [ array (
  0 => 'code',
  1 => 'msg',
  2 => 'data',
  3 => 'url',
  4 => 'wait',
) ]
[ info ] [ LOG ] INIT File
[ sql ] [ DB ] CONNECT:[ UseTime:0.002000s ] mysql:host=127.0.0.1;port=3306;dbname=darenshop;charset=utf8
[ sql ] [ SQL ] SHOW COLUMNS FROM `dr_goods` [ RunTime:0.005000s ]
[ sql ] [ SQL ] SELECT * FROM `dr_goods` WHERE  `goods_id` = 1 LIMIT 1 [ RunTime:0.001000s ]
[ sql ] [ SQL ] SHOW COLUMNS FROM `dr_order` [ RunTime:0.002000s ]
[ sql ] [ SQL ] SELECT * FROM `dr_order` WHERE  `order_number` = '20180725143321147406' LIMIT 1 [ RunTime:0.002000s ]
[ sql ] [ SQL ] INSERT INTO `dr_order` (`store_id` , `member_id` , `order_number` , `order_source` , `order_status` , `order_money` , `order_createtime` , `order_delivery_type`) VALUES (1 , 1 , '20180725143321147406' , 3 , 1 , 0 , 1532500401 , 1) [ RunTime:0.001000s ]
[ sql ] [ SQL ] SHOW COLUMNS FROM `dr_order_goods` [ RunTime:0.001000s ]
[ sql ] [ SQL ] INSERT INTO `dr_order_goods` (`order_id` , `goods_id` , `order_goods_price` , `order_goods_num`) VALUES (27 , 1 , 0 , 1) [ RunTime:0.001000s ]
---------------------------------------------------------------
[ 2018-07-25T14:33:22+08:00 ] 127.0.0.1 GET /pay/pay_type.html?oid=27
[ info ] 1.shop.com/pay/pay_type.html?oid=27 [运行时间：0.109006s][吞吐率：9.17req/s] [内存消耗：3,466.30kb] [文件加载：56]
[ info ] [ LANG ] D:\wamp\www\shop\thinkphp\lang\zh-cn.php
[ info ] [ BIND ] 'home'
[ info ] [ ROUTE ] array (
  'type' => 'module',
  'module' => 
  array (
    0 => 'home',
    1 => 'pay',
    2 => 'pay_type',
  ),
)
[ info ] [ HEADER ] array (
  'host' => '1.shop.com',
  'connection' => 'keep-alive',
  'pragma' => 'no-cache',
  'cache-control' => 'no-cache',
  'upgrade-insecure-requests' => '1',
  'user-agent' => 'Mozilla/5.0 (iPhone; CPU iPhone OS 11_0 like Mac OS X) AppleWebKit/604.1.38 (KHTML, like Gecko) Version/11.0 Mobile/15A372 Safari/604.1',
  'accept' => 'text/html,application/xhtml+xml,application/xml;q=0.9,image/webp,image/apng,*/*;q=0.8',
  'referer' => 'http://1.shop.com/pay/create_order.html',
  'accept-encoding' => 'gzip, deflate',
  'accept-language' => 'zh-CN,zh;q=0.9',
  'cookie' => 'PHPSESSID=3gs2p80aj5sahvg1c7ove4ujo0',
)
[ info ] [ PARAM ] array (
  'oid' => '27',
)
[ info ] [ SESSION ] INIT array (
  'id' => '',
  'var_session_id' => '',
  'prefix' => 'think',
  'type' => '',
  'auto_start' => true,
)
[ info ] [ RUN ] app\home\controller\Pay->pay_type[ D:\wamp\www\shop\application\home\controller\Pay.php ]
[ info ] [ DB ] INIT mysql
[ info ] [ VIEW ] D:\wamp\www\shop/application/home\view\pay\pay_type.html [ array (
  0 => 'Order_info',
) ]
[ info ] [ LOG ] INIT File
[ sql ] [ DB ] CONNECT:[ UseTime:0.002000s ] mysql:host=127.0.0.1;port=3306;dbname=darenshop;charset=utf8
[ sql ] [ SQL ] SHOW COLUMNS FROM `dr_order` [ RunTime:0.002000s ]
[ sql ] [ SQL ] SELECT * FROM `dr_order` WHERE  `order_id` = 27  AND `member_id` = 1  AND `order_status` = 1 LIMIT 1 [ RunTime:0.001000s ]
---------------------------------------------------------------
[ 2018-07-25T14:33:26+08:00 ] 127.0.0.1 POST /pay/create_order.html
[ info ] 1.shop.com/pay/create_order.html [运行时间：0.110006s][吞吐率：9.09req/s] [内存消耗：3,301.85kb] [文件加载：54]
[ info ] [ LANG ] D:\wamp\www\shop\thinkphp\lang\zh-cn.php
[ info ] [ BIND ] 'home'
[ info ] [ ROUTE ] array (
  'type' => 'module',
  'module' => 
  array (
    0 => 'home',
    1 => 'pay',
    2 => 'create_order',
  ),
)
[ info ] [ HEADER ] array (
  'host' => '1.shop.com',
  'connection' => 'keep-alive',
  'content-length' => '34',
  'pragma' => 'no-cache',
  'cache-control' => 'no-cache',
  'upgrade-insecure-requests' => '1',
  'user-agent' => 'Mozilla/5.0 (iPhone; CPU iPhone OS 11_0 like Mac OS X) AppleWebKit/604.1.38 (KHTML, like Gecko) Version/11.0 Mobile/15A372 Safari/604.1',
  'origin' => 'http://1.shop.com',
  'content-type' => 'application/x-www-form-urlencoded',
  'accept' => 'text/html,application/xhtml+xml,application/xml;q=0.9,image/webp,image/apng,*/*;q=0.8',
  'referer' => 'http://1.shop.com/pay/goods_message.html?gid=1',
  'accept-encoding' => 'gzip, deflate',
  'accept-language' => 'zh-CN,zh;q=0.9',
  'cookie' => 'PHPSESSID=3gs2p80aj5sahvg1c7ove4ujo0',
)
[ info ] [ PARAM ] array (
  'gid' => '1',
  'gnum' => '1',
  'delivery_type' => '1',
  'aid' => '0',
)
[ info ] [ SESSION ] INIT array (
  'id' => '',
  'var_session_id' => '',
  'prefix' => 'think',
  'type' => '',
  'auto_start' => true,
)
[ info ] [ RUN ] app\home\controller\Pay->create_order[ D:\wamp\www\shop\application\home\controller\Pay.php ]
[ info ] [ DB ] INIT mysql
[ info ] [ VIEW ] D:\wamp\www\shop\thinkphp\tpl\dispatch_jump.tpl [ array (
  0 => 'code',
  1 => 'msg',
  2 => 'data',
  3 => 'url',
  4 => 'wait',
) ]
[ info ] [ LOG ] INIT File
[ sql ] [ DB ] CONNECT:[ UseTime:0.002000s ] mysql:host=127.0.0.1;port=3306;dbname=darenshop;charset=utf8
[ sql ] [ SQL ] SHOW COLUMNS FROM `dr_goods` [ RunTime:0.002000s ]
[ sql ] [ SQL ] SELECT * FROM `dr_goods` WHERE  `goods_id` = 1 LIMIT 1 [ RunTime:0.002000s ]
[ sql ] [ SQL ] SHOW COLUMNS FROM `dr_order` [ RunTime:0.003000s ]
[ sql ] [ SQL ] SELECT * FROM `dr_order` WHERE  `order_number` = '20180725143326312961' LIMIT 1 [ RunTime:0.001000s ]
[ sql ] [ SQL ] INSERT INTO `dr_order` (`store_id` , `member_id` , `order_number` , `order_source` , `order_status` , `order_money` , `order_createtime` , `order_delivery_type`) VALUES (1 , 1 , '20180725143326312961' , 3 , 1 , 0 , 1532500406 , 1) [ RunTime:0.001000s ]
[ sql ] [ SQL ] SHOW COLUMNS FROM `dr_order_goods` [ RunTime:0.002000s ]
[ sql ] [ SQL ] INSERT INTO `dr_order_goods` (`order_id` , `goods_id` , `order_goods_price` , `order_goods_num`) VALUES (28 , 1 , 0 , 1) [ RunTime:0.001000s ]
---------------------------------------------------------------
[ 2018-07-25T14:33:28+08:00 ] 127.0.0.1 GET /pay/goods_message.html?gid=1
[ info ] 1.shop.com/pay/goods_message.html?gid=1 [运行时间：0.111007s][吞吐率：9.01req/s] [内存消耗：3,344.98kb] [文件加载：55]
[ info ] [ LANG ] D:\wamp\www\shop\thinkphp\lang\zh-cn.php
[ info ] [ BIND ] 'home'
[ info ] [ ROUTE ] array (
  'type' => 'module',
  'module' => 
  array (
    0 => 'home',
    1 => 'pay',
    2 => 'goods_message',
  ),
)
[ info ] [ HEADER ] array (
  'host' => '1.shop.com',
  'connection' => 'keep-alive',
  'pragma' => 'no-cache',
  'cache-control' => 'no-cache',
  'upgrade-insecure-requests' => '1',
  'user-agent' => 'Mozilla/5.0 (iPhone; CPU iPhone OS 11_0 like Mac OS X) AppleWebKit/604.1.38 (KHTML, like Gecko) Version/11.0 Mobile/15A372 Safari/604.1',
  'accept' => 'text/html,application/xhtml+xml,application/xml;q=0.9,image/webp,image/apng,*/*;q=0.8',
  'referer' => 'http://1.shop.com/account/login_ok.html',
  'accept-encoding' => 'gzip, deflate',
  'accept-language' => 'zh-CN,zh;q=0.9',
  'cookie' => 'PHPSESSID=3gs2p80aj5sahvg1c7ove4ujo0',
)
[ info ] [ PARAM ] array (
  'gid' => '1',
)
[ info ] [ SESSION ] INIT array (
  'id' => '',
  'var_session_id' => '',
  'prefix' => 'think',
  'type' => '',
  'auto_start' => true,
)
[ info ] [ RUN ] app\home\controller\Pay->goods_message[ D:\wamp\www\shop\application\home\controller\Pay.php ]
[ info ] [ DB ] INIT mysql
[ info ] [ VIEW ] D:\wamp\www\shop/application/home\view\pay\goods_message.html [ array (
  0 => 'Goods_info',
  1 => 'MemberAddress_lists',
) ]
[ info ] [ LOG ] INIT File
[ sql ] [ DB ] CONNECT:[ UseTime:0.001000s ] mysql:host=127.0.0.1;port=3306;dbname=darenshop;charset=utf8
[ sql ] [ SQL ] SHOW COLUMNS FROM `dr_goods` [ RunTime:0.002000s ]
[ sql ] [ SQL ] SELECT * FROM `dr_goods` WHERE  `goods_id` = 1 LIMIT 1 [ RunTime:0.001000s ]
[ sql ] [ SQL ] SHOW COLUMNS FROM `dr_file` [ RunTime:0.002001s ]
[ sql ] [ SQL ] SELECT * FROM `dr_file` WHERE  `file_id` = 20 LIMIT 1 [ RunTime:0.001000s ]
[ sql ] [ SQL ] SHOW COLUMNS FROM `dr_member_address` [ RunTime:0.002000s ]
[ sql ] [ SQL ] SELECT * FROM `dr_member_address` WHERE  `member_id` = 1 ORDER BY `member_address_id` DESC [ RunTime:0.000000s ]
---------------------------------------------------------------
[ 2018-07-25T14:33:28+08:00 ] 127.0.0.1 GET /goods/details.html?id=1
[ info ] 1.shop.com/goods/details.html?id=1 [运行时间：0.142009s][吞吐率：7.04req/s] [内存消耗：2,889.59kb] [文件加载：51]
[ info ] [ LANG ] D:\wamp\www\shop\thinkphp\lang\zh-cn.php
[ info ] [ BIND ] 'home'
[ info ] [ ROUTE ] array (
  'type' => 'module',
  'module' => 
  array (
    0 => 'home',
    1 => 'goods',
    2 => 'details',
  ),
)
[ info ] [ HEADER ] array (
  'host' => '1.shop.com',
  'connection' => 'keep-alive',
  'pragma' => 'no-cache',
  'cache-control' => 'no-cache',
  'accept' => 'text/html, */*; q=0.01',
  'x-requested-with' => 'XMLHttpRequest',
  'user-agent' => 'Mozilla/5.0 (iPhone; CPU iPhone OS 11_0 like Mac OS X) AppleWebKit/604.1.38 (KHTML, like Gecko) Version/11.0 Mobile/15A372 Safari/604.1',
  'referer' => 'http://1.shop.com/goods/details.html?id=1',
  'accept-encoding' => 'gzip, deflate',
  'accept-language' => 'zh-CN,zh;q=0.9',
  'cookie' => 'PHPSESSID=3gs2p80aj5sahvg1c7ove4ujo0',
)
[ info ] [ PARAM ] array (
  'id' => '1',
)
[ info ] [ RUN ] app\home\controller\Goods->details[ D:\wamp\www\shop\application\home\controller\Goods.php ]
[ info ] [ DB ] INIT mysql
[ info ] [ VIEW ] D:\wamp\www\shop/application/home\view\goods\details.html [ array (
  0 => 'Goods_info',
  1 => 'GoodsBanner_lists',
  2 => 'GoodsGP_lists',
) ]
[ info ] [ LOG ] INIT File
[ sql ] [ DB ] CONNECT:[ UseTime:0.002000s ] mysql:host=127.0.0.1;port=3306;dbname=darenshop;charset=utf8
[ sql ] [ SQL ] SHOW COLUMNS FROM `dr_goods` [ RunTime:0.002000s ]
[ sql ] [ SQL ] SELECT * FROM `dr_goods` WHERE  `goods_id` = 1 LIMIT 1 [ RunTime:0.002000s ]
[ sql ] [ SQL ] SHOW COLUMNS FROM `dr_goods_banner` [ RunTime:0.009001s ]
[ sql ] [ SQL ] SELECT * FROM `dr_goods_banner` LEFT JOIN `dr_file` ON `dr_goods_banner`.`goods_banner_file`=`dr_file`.`file_id` WHERE  `goods_id` = 1 [ RunTime:0.003000s ]
[ sql ] [ SQL ] SHOW COLUMNS FROM `dr_goods_g_p` [ RunTime:0.006001s ]
[ sql ] [ SQL ] SELECT * FROM `dr_goods_g_p` LEFT JOIN `dr_goods_property` ON `dr_goods_g_p`.`goods_property_id`=`dr_goods_property`.`goods_property_id` WHERE  `goods_id` = 1 [ RunTime:0.002000s ]
---------------------------------------------------------------
[ 2018-07-25T14:33:34+08:00 ] 127.0.0.1 POST /pay/create_order.html
[ info ] 1.shop.com/pay/create_order.html [运行时间：0.149008s][吞吐率：6.71req/s] [内存消耗：3,307.59kb] [文件加载：54]
[ info ] [ LANG ] D:\wamp\www\shop\thinkphp\lang\zh-cn.php
[ info ] [ BIND ] 'home'
[ info ] [ ROUTE ] array (
  'type' => 'module',
  'module' => 
  array (
    0 => 'home',
    1 => 'pay',
    2 => 'create_order',
  ),
)
[ info ] [ HEADER ] array (
  'host' => '1.shop.com',
  'connection' => 'keep-alive',
  'content-length' => '419',
  'pragma' => 'no-cache',
  'cache-control' => 'no-cache',
  'accept' => '*/*',
  'origin' => 'http://1.shop.com',
  'x-requested-with' => 'XMLHttpRequest',
  'user-agent' => 'Mozilla/5.0 (iPhone; CPU iPhone OS 11_0 like Mac OS X) AppleWebKit/604.1.38 (KHTML, like Gecko) Version/11.0 Mobile/15A372 Safari/604.1',
  'content-type' => 'multipart/form-data; boundary=----WebKitFormBoundaryHYLQHb8i8iKUiz5r',
  'referer' => 'http://1.shop.com/pay/goods_message.html?gid=1',
  'accept-encoding' => 'gzip, deflate',
  'accept-language' => 'zh-CN,zh;q=0.9',
  'cookie' => 'PHPSESSID=3gs2p80aj5sahvg1c7ove4ujo0',
)
[ info ] [ PARAM ] array (
  'gid' => '1',
  'gnum' => '1',
  'delivery_type' => '1',
  'aid' => '0',
)
[ info ] [ SESSION ] INIT array (
  'id' => '',
  'var_session_id' => '',
  'prefix' => 'think',
  'type' => '',
  'auto_start' => true,
)
[ info ] [ RUN ] app\home\controller\Pay->create_order[ D:\wamp\www\shop\application\home\controller\Pay.php ]
[ info ] [ DB ] INIT mysql
[ info ] [ LOG ] INIT File
[ sql ] [ DB ] CONNECT:[ UseTime:0.002000s ] mysql:host=127.0.0.1;port=3306;dbname=darenshop;charset=utf8
[ sql ] [ SQL ] SHOW COLUMNS FROM `dr_goods` [ RunTime:0.006000s ]
[ sql ] [ SQL ] SELECT * FROM `dr_goods` WHERE  `goods_id` = 1 LIMIT 1 [ RunTime:0.001000s ]
[ sql ] [ SQL ] SHOW COLUMNS FROM `dr_order` [ RunTime:0.002000s ]
[ sql ] [ SQL ] SELECT * FROM `dr_order` WHERE  `order_number` = '20180725143334208170' LIMIT 1 [ RunTime:0.001000s ]
[ sql ] [ SQL ] INSERT INTO `dr_order` (`store_id` , `member_id` , `order_number` , `order_source` , `order_status` , `order_money` , `order_createtime` , `order_delivery_type`) VALUES (1 , 1 , '20180725143334208170' , 3 , 1 , 0 , 1532500414 , 1) [ RunTime:0.002000s ]
[ sql ] [ SQL ] SHOW COLUMNS FROM `dr_order_goods` [ RunTime:0.002000s ]
[ sql ] [ SQL ] INSERT INTO `dr_order_goods` (`order_id` , `goods_id` , `order_goods_price` , `order_goods_num`) VALUES (29 , 1 , 0 , 1) [ RunTime:0.001000s ]
---------------------------------------------------------------
[ 2018-07-25T14:33:34+08:00 ] 127.0.0.1 GET /pay/pay_type.html?oid=29
[ info ] 1.shop.com/pay/pay_type.html?oid=29 [运行时间：0.091006s][吞吐率：10.99req/s] [内存消耗：3,304.93kb] [文件加载：54]
[ info ] [ LANG ] D:\wamp\www\shop\thinkphp\lang\zh-cn.php
[ info ] [ BIND ] 'home'
[ info ] [ ROUTE ] array (
  'type' => 'module',
  'module' => 
  array (
    0 => 'home',
    1 => 'pay',
    2 => 'pay_type',
  ),
)
[ info ] [ HEADER ] array (
  'host' => '1.shop.com',
  'connection' => 'keep-alive',
  'pragma' => 'no-cache',
  'cache-control' => 'no-cache',
  'accept' => 'text/html, */*; q=0.01',
  'x-requested-with' => 'XMLHttpRequest',
  'user-agent' => 'Mozilla/5.0 (iPhone; CPU iPhone OS 11_0 like Mac OS X) AppleWebKit/604.1.38 (KHTML, like Gecko) Version/11.0 Mobile/15A372 Safari/604.1',
  'referer' => 'http://1.shop.com/pay/pay_type.html?oid=29',
  'accept-encoding' => 'gzip, deflate',
  'accept-language' => 'zh-CN,zh;q=0.9',
  'cookie' => 'PHPSESSID=3gs2p80aj5sahvg1c7ove4ujo0',
)
[ info ] [ PARAM ] array (
  'oid' => '29',
)
[ info ] [ SESSION ] INIT array (
  'id' => '',
  'var_session_id' => '',
  'prefix' => 'think',
  'type' => '',
  'auto_start' => true,
)
[ info ] [ RUN ] app\home\controller\Pay->pay_type[ D:\wamp\www\shop\application\home\controller\Pay.php ]
[ info ] [ DB ] INIT mysql
[ info ] [ VIEW ] D:\wamp\www\shop/application/home\view\pay\pay_type.html [ array (
  0 => 'Order_info',
) ]
[ info ] [ LOG ] INIT File
[ sql ] [ DB ] CONNECT:[ UseTime:0.002000s ] mysql:host=127.0.0.1;port=3306;dbname=darenshop;charset=utf8
[ sql ] [ SQL ] SHOW COLUMNS FROM `dr_order` [ RunTime:0.002000s ]
[ sql ] [ SQL ] SELECT * FROM `dr_order` WHERE  `order_id` = 29  AND `member_id` = 1  AND `order_status` = 1 LIMIT 1 [ RunTime:0.002000s ]
---------------------------------------------------------------
[ 2018-07-25T14:33:36+08:00 ] 127.0.0.1 POST /pay/pay_money.html
[ info ] 1.shop.com/pay/pay_money.html [运行时间：0.178010s][吞吐率：5.62req/s] [内存消耗：3,295.94kb] [文件加载：55]
[ info ] [ LANG ] D:\wamp\www\shop\thinkphp\lang\zh-cn.php
[ info ] [ BIND ] 'home'
[ info ] [ ROUTE ] array (
  'type' => 'module',
  'module' => 
  array (
    0 => 'home',
    1 => 'pay',
    2 => 'pay_money',
  ),
)
[ info ] [ HEADER ] array (
  'host' => '1.shop.com',
  'connection' => 'keep-alive',
  'content-length' => '230',
  'pragma' => 'no-cache',
  'cache-control' => 'no-cache',
  'accept' => '*/*',
  'origin' => 'http://1.shop.com',
  'x-requested-with' => 'XMLHttpRequest',
  'user-agent' => 'Mozilla/5.0 (iPhone; CPU iPhone OS 11_0 like Mac OS X) AppleWebKit/604.1.38 (KHTML, like Gecko) Version/11.0 Mobile/15A372 Safari/604.1',
  'content-type' => 'multipart/form-data; boundary=----WebKitFormBoundaryFpGZ2iFzxI3FoXg5',
  'referer' => 'http://1.shop.com/pay/pay_type.html?oid=29',
  'accept-encoding' => 'gzip, deflate',
  'accept-language' => 'zh-CN,zh;q=0.9',
  'cookie' => 'PHPSESSID=3gs2p80aj5sahvg1c7ove4ujo0',
)
[ info ] [ PARAM ] array (
  'oid' => '29',
  'payway' => '2',
)
[ info ] [ SESSION ] INIT array (
  'id' => '',
  'var_session_id' => '',
  'prefix' => 'think',
  'type' => '',
  'auto_start' => true,
)
[ info ] [ RUN ] app\home\controller\Pay->pay_money[ D:\wamp\www\shop\application\home\controller\Pay.php ]
[ info ] [ DB ] INIT mysql
[ info ] [ LOG ] INIT File
[ sql ] [ DB ] CONNECT:[ UseTime:0.011001s ] mysql:host=127.0.0.1;port=3306;dbname=darenshop;charset=utf8
[ sql ] [ SQL ] SHOW COLUMNS FROM `dr_order` [ RunTime:0.001000s ]
[ sql ] [ SQL ] SELECT * FROM `dr_order` WHERE  `order_id` = 29  AND `member_id` = 1  AND `order_status` = 1 LIMIT 1 [ RunTime:0.001000s ]
[ error ] [0]method not exist:think\db\Query->my_info[D:\wamp\www\shop\thinkphp\library\think\db\Query.php:96]
---------------------------------------------------------------
[ 2018-07-25T14:33:57+08:00 ] 127.0.0.1 POST /pay/pay_money.html
[ info ] 1.shop.com/pay/pay_money.html [运行时间：0.084004s][吞吐率：11.90req/s] [内存消耗：3,295.94kb] [文件加载：55]
[ info ] [ LANG ] D:\wamp\www\shop\thinkphp\lang\zh-cn.php
[ info ] [ BIND ] 'home'
[ info ] [ ROUTE ] array (
  'type' => 'module',
  'module' => 
  array (
    0 => 'home',
    1 => 'pay',
    2 => 'pay_money',
  ),
)
[ info ] [ HEADER ] array (
  'host' => '1.shop.com',
  'connection' => 'keep-alive',
  'content-length' => '230',
  'pragma' => 'no-cache',
  'cache-control' => 'no-cache',
  'accept' => '*/*',
  'origin' => 'http://1.shop.com',
  'x-requested-with' => 'XMLHttpRequest',
  'user-agent' => 'Mozilla/5.0 (iPhone; CPU iPhone OS 11_0 like Mac OS X) AppleWebKit/604.1.38 (KHTML, like Gecko) Version/11.0 Mobile/15A372 Safari/604.1',
  'content-type' => 'multipart/form-data; boundary=----WebKitFormBoundaryHgKPF8ooSuPgupSN',
  'referer' => 'http://1.shop.com/pay/pay_type.html?oid=29',
  'accept-encoding' => 'gzip, deflate',
  'accept-language' => 'zh-CN,zh;q=0.9',
  'cookie' => 'PHPSESSID=3gs2p80aj5sahvg1c7ove4ujo0',
)
[ info ] [ PARAM ] array (
  'oid' => '29',
  'payway' => '2',
)
[ info ] [ SESSION ] INIT array (
  'id' => '',
  'var_session_id' => '',
  'prefix' => 'think',
  'type' => '',
  'auto_start' => true,
)
[ info ] [ RUN ] app\home\controller\Pay->pay_money[ D:\wamp\www\shop\application\home\controller\Pay.php ]
[ info ] [ DB ] INIT mysql
[ info ] [ LOG ] INIT File
[ sql ] [ DB ] CONNECT:[ UseTime:0.002000s ] mysql:host=127.0.0.1;port=3306;dbname=darenshop;charset=utf8
[ sql ] [ SQL ] SHOW COLUMNS FROM `dr_order` [ RunTime:0.002000s ]
[ sql ] [ SQL ] SELECT * FROM `dr_order` WHERE  `order_id` = 29  AND `member_id` = 1  AND `order_status` = 1 LIMIT 1 [ RunTime:0.001000s ]
[ error ] [0]method not exist:think\db\Query->my_info[D:\wamp\www\shop\thinkphp\library\think\db\Query.php:96]
---------------------------------------------------------------
[ 2018-07-25T14:34:54+08:00 ] 127.0.0.1 POST /pay/pay_money.html
[ info ] 1.shop.com/pay/pay_money.html [运行时间：0.148008s][吞吐率：6.76req/s] [内存消耗：3,319.98kb] [文件加载：57]
[ info ] [ LANG ] D:\wamp\www\shop\thinkphp\lang\zh-cn.php
[ info ] [ BIND ] 'home'
[ info ] [ ROUTE ] array (
  'type' => 'module',
  'module' => 
  array (
    0 => 'home',
    1 => 'pay',
    2 => 'pay_money',
  ),
)
[ info ] [ HEADER ] array (
  'host' => '1.shop.com',
  'connection' => 'keep-alive',
  'content-length' => '230',
  'pragma' => 'no-cache',
  'cache-control' => 'no-cache',
  'accept' => '*/*',
  'origin' => 'http://1.shop.com',
  'x-requested-with' => 'XMLHttpRequest',
  'user-agent' => 'Mozilla/5.0 (iPhone; CPU iPhone OS 11_0 like Mac OS X) AppleWebKit/604.1.38 (KHTML, like Gecko) Version/11.0 Mobile/15A372 Safari/604.1',
  'content-type' => 'multipart/form-data; boundary=----WebKitFormBoundaryAk1a8XE6vD0yXCyh',
  'referer' => 'http://1.shop.com/pay/pay_type.html?oid=29',
  'accept-encoding' => 'gzip, deflate',
  'accept-language' => 'zh-CN,zh;q=0.9',
  'cookie' => 'PHPSESSID=3gs2p80aj5sahvg1c7ove4ujo0',
)
[ info ] [ PARAM ] array (
  'oid' => '29',
  'payway' => '2',
)
[ info ] [ SESSION ] INIT array (
  'id' => '',
  'var_session_id' => '',
  'prefix' => 'think',
  'type' => '',
  'auto_start' => true,
)
[ info ] [ RUN ] app\home\controller\Pay->pay_money[ D:\wamp\www\shop\application\home\controller\Pay.php ]
[ info ] [ DB ] INIT mysql
[ info ] [ LOG ] INIT File
[ sql ] [ DB ] CONNECT:[ UseTime:0.002000s ] mysql:host=127.0.0.1;port=3306;dbname=darenshop;charset=utf8
[ sql ] [ SQL ] SHOW COLUMNS FROM `dr_order` [ RunTime:0.002000s ]
[ sql ] [ SQL ] SELECT * FROM `dr_order` WHERE  `order_id` = 29  AND `member_id` = 1  AND `order_status` = 1 LIMIT 1 [ RunTime:0.001000s ]
[ sql ] [ SQL ] SHOW COLUMNS FROM `dr_member` [ RunTime:0.004000s ]
[ sql ] [ SQL ] SELECT * FROM `dr_member` WHERE  `member_id` = 1 LIMIT 1 [ RunTime:0.001000s ]
[ error ] [8]未定义数组索引: paypass[D:\wamp\www\shop\application\home\controller\Pay.php:135]
---------------------------------------------------------------
[ 2018-07-25T14:35:14+08:00 ] 127.0.0.1 POST /pay/pay_money.html
[ info ] 1.shop.com/pay/pay_money.html [运行时间：0.121007s][吞吐率：8.26req/s] [内存消耗：3,319.98kb] [文件加载：57]
[ info ] [ LANG ] D:\wamp\www\shop\thinkphp\lang\zh-cn.php
[ info ] [ BIND ] 'home'
[ info ] [ ROUTE ] array (
  'type' => 'module',
  'module' => 
  array (
    0 => 'home',
    1 => 'pay',
    2 => 'pay_money',
  ),
)
[ info ] [ HEADER ] array (
  'host' => '1.shop.com',
  'connection' => 'keep-alive',
  'content-length' => '230',
  'pragma' => 'no-cache',
  'cache-control' => 'no-cache',
  'accept' => '*/*',
  'origin' => 'http://1.shop.com',
  'x-requested-with' => 'XMLHttpRequest',
  'user-agent' => 'Mozilla/5.0 (iPhone; CPU iPhone OS 11_0 like Mac OS X) AppleWebKit/604.1.38 (KHTML, like Gecko) Version/11.0 Mobile/15A372 Safari/604.1',
  'content-type' => 'multipart/form-data; boundary=----WebKitFormBoundarypqhr6KZR0l12zrtI',
  'referer' => 'http://1.shop.com/pay/pay_type.html?oid=29',
  'accept-encoding' => 'gzip, deflate',
  'accept-language' => 'zh-CN,zh;q=0.9',
  'cookie' => 'PHPSESSID=3gs2p80aj5sahvg1c7ove4ujo0',
)
[ info ] [ PARAM ] array (
  'oid' => '29',
  'payway' => '2',
)
[ info ] [ SESSION ] INIT array (
  'id' => '',
  'var_session_id' => '',
  'prefix' => 'think',
  'type' => '',
  'auto_start' => true,
)
[ info ] [ RUN ] app\home\controller\Pay->pay_money[ D:\wamp\www\shop\application\home\controller\Pay.php ]
[ info ] [ DB ] INIT mysql
[ info ] [ LOG ] INIT File
[ sql ] [ DB ] CONNECT:[ UseTime:0.002000s ] mysql:host=127.0.0.1;port=3306;dbname=darenshop;charset=utf8
[ sql ] [ SQL ] SHOW COLUMNS FROM `dr_order` [ RunTime:0.002000s ]
[ sql ] [ SQL ] SELECT * FROM `dr_order` WHERE  `order_id` = 29  AND `member_id` = 1  AND `order_status` = 1 LIMIT 1 [ RunTime:0.001000s ]
[ sql ] [ SQL ] SHOW COLUMNS FROM `dr_member` [ RunTime:0.004001s ]
[ sql ] [ SQL ] SELECT * FROM `dr_member` WHERE  `member_id` = 1 LIMIT 1 [ RunTime:0.001000s ]
[ error ] [8]未定义数组索引: paypass[D:\wamp\www\shop\application\home\controller\Pay.php:135]
