---------------------------------------------------------------
[ 2018-11-08T12:05:13+08:00 ] 111.163.135.192 POST /index.php/api/Organization/organization_find.html
[ info ] yuewu.dazhu-ltd.cn/index.php/api/Organization/organization_find.html [运行时间：0.029524s][吞吐率：33.87req/s] [内存消耗：3,207.00kb] [文件加载：50]
[ info ] [ LANG ] /www/web/yuewu/public_html/thinkphp/lang/zh-cn.php
[ info ] [ ROUTE ] array (
  'type' => 'module',
  'module' => 
  array (
    0 => 'api',
    1 => 'Organization',
    2 => 'organization_find',
  ),
)
[ info ] [ HEADER ] array (
  'host' => 'yuewu.dazhu-ltd.cn',
  'connection' => 'keep-alive',
  'content-length' => '147',
  'accept' => '*/*',
  'origin' => 'chrome-extension://geobniafmelcledgickglbajofpkllpl',
  'user-agent' => 'Mozilla/5.0 (Windows NT 6.1; Win64; x64) AppleWebKit/537.36 (KHTML, like Gecko) Chrome/71.0.3554.0 Safari/537.36',
  'content-type' => 'multipart/form-data; boundary=----WebKitFormBoundaryXVSjPeGsoyBBRwq7',
  'accept-encoding' => 'gzip, deflate',
  'accept-language' => 'zh-CN,zh;q=0.9',
)
[ info ] [ PARAM ] array (
  'organization_id' => '1',
)
[ info ] [ RUN ] app\api\controller\Organization->organization_find[ /www/web/yuewu/public_html/application/api/controller/Organization.php ]
[ info ] [ DB ] INIT mysql
[ info ] [ LOG ] INIT File
[ sql ] [ DB ] CONNECT:[ UseTime:0.001595s ] mysql:host=114.115.205.226;port=3306;dbname=yuewu;charset=utf8
[ sql ] [ SQL ] SHOW COLUMNS FROM `yw_organization` [ RunTime:0.001350s ]
[ sql ] [ SQL ] SELECT `organization_id`,`organization_name`,`organization_cover`,`organization_site`,`organization_facility`,`organization_business_hours`,`organization_level`,`organization_district_id` FROM `yw_organization` WHERE  `organization_state` = 1  AND `organization_false_delete` = 1 LIMIT 1 [ RunTime:0.000876s ]
[ sql ] [ SQL ] SELECT `c`.`file_content` FROM `yw_organization` `a` LEFT JOIN `yw_file_organization` `b` ON `a`.`organization_id`=`b`.`organization_id` LEFT JOIN `yw_file` `c` ON `b`.`file_id`=`c`.`file_id` WHERE  `c`.`file_state` = 1  AND `c`.`file_false_delete` = 1  AND `a`.`organization_id` = 1  AND `b`.`file_organization_area` = 1 LIMIT 1 [ RunTime:0.000835s ]
[ sql ] [ SQL ] SHOW COLUMNS FROM `yw_invitation` [ RunTime:0.001121s ]
[ sql ] [ SQL ] SELECT `invitation_organization_id`,`invitation_interview_site`,`invitation_interview_time`,`invitation_dance_type`,`invitation_age_demand`,`invitation_explain`,`invitation_organization_picture`,`invitation_organization_picture2` FROM `yw_invitation` WHERE  `invitation_organization_id` = 1 LIMIT 1 [ RunTime:0.000909s ]
---------------------------------------------------------------
[ 2018-11-08T13:20:18+08:00 ] 111.163.136.122 POST /index.php/api/index/platform.html
[ info ] yuewu.dazhu-ltd.cn/index.php/api/index/platform.html [运行时间：0.029878s][吞吐率：33.47req/s] [内存消耗：3,182.02kb] [文件加载：50]
[ info ] [ LANG ] /www/web/yuewu/public_html/thinkphp/lang/zh-cn.php
[ info ] [ ROUTE ] array (
  'type' => 'module',
  'module' => 
  array (
    0 => 'api',
    1 => 'index',
    2 => 'platform',
  ),
)
[ info ] [ HEADER ] array (
  'host' => 'yuewu.dazhu-ltd.cn',
  'connection' => 'keep-alive',
  'content-length' => '44',
  'accept' => '*/*',
  'origin' => 'chrome-extension://geobniafmelcledgickglbajofpkllpl',
  'user-agent' => 'Mozilla/5.0 (Windows NT 6.1; Win64; x64) AppleWebKit/537.36 (KHTML, like Gecko) Chrome/71.0.3554.0 Safari/537.36',
  'content-type' => 'multipart/form-data; boundary=----WebKitFormBoundaryMppg9C0tYU5MsX0e',
  'accept-encoding' => 'gzip, deflate',
  'accept-language' => 'zh-CN,zh;q=0.9',
)
[ info ] [ PARAM ] array (
)
[ info ] [ RUN ] app\api\controller\Index->platform[ /www/web/yuewu/public_html/application/api/controller/Index.php ]
[ info ] [ DB ] INIT mysql
[ info ] [ LOG ] INIT File
[ sql ] [ DB ] CONNECT:[ UseTime:0.005615s ] mysql:host=114.115.205.226;port=3306;dbname=yuewu;charset=utf8
[ sql ] [ SQL ] SHOW COLUMNS FROM `yw_information` [ RunTime:0.001255s ]
[ sql ] [ SQL ] SELECT `information_id`,`information_name`,`information_content` FROM `yw_information` WHERE  `information_area` = 1 [ RunTime:0.000870s ]
---------------------------------------------------------------
[ 2018-11-08T13:20:22+08:00 ] 111.163.136.122 POST /index.php/api/Organization/organization_find.html
[ info ] yuewu.dazhu-ltd.cn/index.php/api/Organization/organization_find.html [运行时间：0.029813s][吞吐率：33.54req/s] [内存消耗：3,207.01kb] [文件加载：50]
[ info ] [ LANG ] /www/web/yuewu/public_html/thinkphp/lang/zh-cn.php
[ info ] [ ROUTE ] array (
  'type' => 'module',
  'module' => 
  array (
    0 => 'api',
    1 => 'Organization',
    2 => 'organization_find',
  ),
)
[ info ] [ HEADER ] array (
  'host' => 'yuewu.dazhu-ltd.cn',
  'connection' => 'keep-alive',
  'content-length' => '147',
  'accept' => '*/*',
  'origin' => 'chrome-extension://geobniafmelcledgickglbajofpkllpl',
  'user-agent' => 'Mozilla/5.0 (Windows NT 6.1; Win64; x64) AppleWebKit/537.36 (KHTML, like Gecko) Chrome/71.0.3554.0 Safari/537.36',
  'content-type' => 'multipart/form-data; boundary=----WebKitFormBoundaryZb07TgXgxR3OvGEF',
  'accept-encoding' => 'gzip, deflate',
  'accept-language' => 'zh-CN,zh;q=0.9',
)
[ info ] [ PARAM ] array (
  'organization_id' => '1',
)
[ info ] [ RUN ] app\api\controller\Organization->organization_find[ /www/web/yuewu/public_html/application/api/controller/Organization.php ]
[ info ] [ DB ] INIT mysql
[ info ] [ LOG ] INIT File
[ sql ] [ DB ] CONNECT:[ UseTime:0.001660s ] mysql:host=114.115.205.226;port=3306;dbname=yuewu;charset=utf8
[ sql ] [ SQL ] SHOW COLUMNS FROM `yw_organization` [ RunTime:0.001324s ]
[ sql ] [ SQL ] SELECT `organization_id`,`organization_name`,`organization_cover`,`organization_site`,`organization_facility`,`organization_business_hours`,`organization_level`,`organization_district_id` FROM `yw_organization` WHERE  `organization_state` = 1  AND `organization_false_delete` = 1 LIMIT 1 [ RunTime:0.000957s ]
[ sql ] [ SQL ] SELECT `c`.`file_content` FROM `yw_organization` `a` LEFT JOIN `yw_file_organization` `b` ON `a`.`organization_id`=`b`.`organization_id` LEFT JOIN `yw_file` `c` ON `b`.`file_id`=`c`.`file_id` WHERE  `c`.`file_state` = 1  AND `c`.`file_false_delete` = 1  AND `a`.`organization_id` = 1  AND `b`.`file_organization_area` = 1 LIMIT 1 [ RunTime:0.000882s ]
[ sql ] [ SQL ] SHOW COLUMNS FROM `yw_invitation` [ RunTime:0.001171s ]
[ sql ] [ SQL ] SELECT `invitation_organization_id`,`invitation_interview_site`,`invitation_interview_time`,`invitation_dance_type`,`invitation_age_demand`,`invitation_explain`,`invitation_organization_picture`,`invitation_organization_picture2` FROM `yw_invitation` WHERE  `invitation_organization_id` = 1 LIMIT 1 [ RunTime:0.000907s ]
---------------------------------------------------------------
[ 2018-11-08T13:23:57+08:00 ] 111.163.135.192 POST /index.php/api/Organization/organization_find.html
[ info ] yuewu.dazhu-ltd.cn/index.php/api/Organization/organization_find.html [运行时间：0.029811s][吞吐率：33.54req/s] [内存消耗：3,207.01kb] [文件加载：50]
[ info ] [ LANG ] /www/web/yuewu/public_html/thinkphp/lang/zh-cn.php
[ info ] [ ROUTE ] array (
  'type' => 'module',
  'module' => 
  array (
    0 => 'api',
    1 => 'Organization',
    2 => 'organization_find',
  ),
)
[ info ] [ HEADER ] array (
  'host' => 'yuewu.dazhu-ltd.cn',
  'connection' => 'keep-alive',
  'content-length' => '147',
  'accept' => '*/*',
  'origin' => 'chrome-extension://geobniafmelcledgickglbajofpkllpl',
  'user-agent' => 'Mozilla/5.0 (Windows NT 6.1; Win64; x64) AppleWebKit/537.36 (KHTML, like Gecko) Chrome/71.0.3554.0 Safari/537.36',
  'content-type' => 'multipart/form-data; boundary=----WebKitFormBoundaryIeMYlhVoDzFzRyAD',
  'accept-encoding' => 'gzip, deflate',
  'accept-language' => 'zh-CN,zh;q=0.9',
)
[ info ] [ PARAM ] array (
  'organization_id' => '1',
)
[ info ] [ RUN ] app\api\controller\Organization->organization_find[ /www/web/yuewu/public_html/application/api/controller/Organization.php ]
[ info ] [ DB ] INIT mysql
[ info ] [ LOG ] INIT File
[ sql ] [ DB ] CONNECT:[ UseTime:0.001714s ] mysql:host=114.115.205.226;port=3306;dbname=yuewu;charset=utf8
[ sql ] [ SQL ] SHOW COLUMNS FROM `yw_organization` [ RunTime:0.001272s ]
[ sql ] [ SQL ] SELECT `organization_id`,`organization_name`,`organization_cover`,`organization_site`,`organization_facility`,`organization_business_hours`,`organization_level`,`organization_district_id` FROM `yw_organization` WHERE  `organization_state` = 1  AND `organization_false_delete` = 1 LIMIT 1 [ RunTime:0.000885s ]
[ sql ] [ SQL ] SELECT `c`.`file_content` FROM `yw_organization` `a` LEFT JOIN `yw_file_organization` `b` ON `a`.`organization_id`=`b`.`organization_id` LEFT JOIN `yw_file` `c` ON `b`.`file_id`=`c`.`file_id` WHERE  `c`.`file_state` = 1  AND `c`.`file_false_delete` = 1  AND `a`.`organization_id` = 1  AND `b`.`file_organization_area` = 1 LIMIT 1 [ RunTime:0.000828s ]
[ sql ] [ SQL ] SHOW COLUMNS FROM `yw_invitation` [ RunTime:0.001167s ]
[ sql ] [ SQL ] SELECT `invitation_organization_id`,`invitation_interview_site`,`invitation_interview_time`,`invitation_dance_type`,`invitation_age_demand`,`invitation_explain`,`invitation_organization_picture`,`invitation_organization_picture2` FROM `yw_invitation` WHERE  `invitation_organization_id` = 1 LIMIT 1 [ RunTime:0.000834s ]
---------------------------------------------------------------
[ 2018-11-08T15:22:23+08:00 ] 111.163.136.122 POST /index.php/api/Organization/organization_find.html
[ info ] yuewu.dazhu-ltd.cn/index.php/api/Organization/organization_find.html [运行时间：0.032259s][吞吐率：31.00req/s] [内存消耗：3,271.34kb] [文件加载：55]
[ info ] [ LANG ] /www/web/yuewu/public_html/thinkphp/lang/zh-cn.php
[ info ] [ ROUTE ] array (
  'type' => 'module',
  'module' => 
  array (
    0 => 'api',
    1 => 'Organization',
    2 => 'organization_find',
  ),
)
[ info ] [ HEADER ] array (
  'host' => 'yuewu.dazhu-ltd.cn',
  'connection' => 'keep-alive',
  'content-length' => '147',
  'accept' => '*/*',
  'origin' => 'chrome-extension://geobniafmelcledgickglbajofpkllpl',
  'user-agent' => 'Mozilla/5.0 (Windows NT 6.1; Win64; x64) AppleWebKit/537.36 (KHTML, like Gecko) Chrome/71.0.3554.0 Safari/537.36',
  'content-type' => 'multipart/form-data; boundary=----WebKitFormBoundarywqVdvlVDf0roUYxB',
  'accept-encoding' => 'gzip, deflate',
  'accept-language' => 'zh-CN,zh;q=0.9',
)
[ info ] [ PARAM ] array (
  'organization_id' => '1',
)
[ info ] [ RUN ] app\api\controller\Organization->organization_find[ /www/web/yuewu/public_html/application/api/controller/Organization.php ]
[ info ] [ DB ] INIT mysql
[ info ] [ LOG ] INIT File
[ sql ] [ DB ] CONNECT:[ UseTime:0.001544s ] mysql:host=114.115.205.226;port=3306;dbname=yuewu;charset=utf8
[ sql ] [ SQL ] SHOW COLUMNS FROM `yw_organization` [ RunTime:0.001452s ]
[ sql ] [ SQL ] SELECT `organization_id`,`organization_name`,`organization_cover`,`organization_site`,`organization_facility`,`organization_business_hours`,`organization_level`,`organization_district_id` FROM `yw_organization` WHERE  `organization_state` = 1  AND `organization_false_delete` = 1 LIMIT 1 [ RunTime:0.001014s ]
[ sql ] [ SQL ] SELECT `c`.`file_content` FROM `yw_organization` `a` LEFT JOIN `yw_file_organization` `b` ON `a`.`organization_id`=`b`.`organization_id` LEFT JOIN `yw_file` `c` ON `b`.`file_id`=`c`.`file_id` WHERE  `c`.`file_state` = 1  AND `c`.`file_false_delete` = 1  AND `a`.`organization_id` = 1  AND `b`.`file_organization_area` = 1 LIMIT 1 [ RunTime:0.000761s ]
[ sql ] [ SQL ] SHOW COLUMNS FROM `yw_invitation` [ RunTime:0.001103s ]
[ sql ] [ SQL ] SELECT `invitation_organization_id`,`invitation_interview_site`,`invitation_interview_time`,`invitation_dance_type`,`invitation_age_demand`,`invitation_explain`,`invitation_organization_picture`,`invitation_organization_picture2` FROM `yw_invitation` WHERE  `invitation_organization_id` = 1 LIMIT 1 [ RunTime:0.000893s ]
[ error ] [10501]SQLSTATE[42S02]: Base table or view not found: 1146 Table 'yuewu.yw_curriculum_organization' doesn't exist[/www/web/yuewu/public_html/thinkphp/library/think/db/Connection.php:390]
---------------------------------------------------------------
[ 2018-11-08T15:23:44+08:00 ] 111.163.136.122 POST /index.php/api/Organization/organization_find.html
[ info ] yuewu.dazhu-ltd.cn/index.php/api/Organization/organization_find.html [运行时间：0.032242s][吞吐率：31.02req/s] [内存消耗：3,271.34kb] [文件加载：55]
[ info ] [ LANG ] /www/web/yuewu/public_html/thinkphp/lang/zh-cn.php
[ info ] [ ROUTE ] array (
  'type' => 'module',
  'module' => 
  array (
    0 => 'api',
    1 => 'Organization',
    2 => 'organization_find',
  ),
)
[ info ] [ HEADER ] array (
  'host' => 'yuewu.dazhu-ltd.cn',
  'connection' => 'keep-alive',
  'content-length' => '147',
  'accept' => '*/*',
  'origin' => 'chrome-extension://geobniafmelcledgickglbajofpkllpl',
  'user-agent' => 'Mozilla/5.0 (Windows NT 6.1; Win64; x64) AppleWebKit/537.36 (KHTML, like Gecko) Chrome/71.0.3554.0 Safari/537.36',
  'content-type' => 'multipart/form-data; boundary=----WebKitFormBoundaryA9rgDjdxz0RxzBN7',
  'accept-encoding' => 'gzip, deflate',
  'accept-language' => 'zh-CN,zh;q=0.9',
)
[ info ] [ PARAM ] array (
  'organization_id' => '1',
)
[ info ] [ RUN ] app\api\controller\Organization->organization_find[ /www/web/yuewu/public_html/application/api/controller/Organization.php ]
[ info ] [ DB ] INIT mysql
[ info ] [ LOG ] INIT File
[ sql ] [ DB ] CONNECT:[ UseTime:0.001630s ] mysql:host=114.115.205.226;port=3306;dbname=yuewu;charset=utf8
[ sql ] [ SQL ] SHOW COLUMNS FROM `yw_organization` [ RunTime:0.001325s ]
[ sql ] [ SQL ] SELECT `organization_id`,`organization_name`,`organization_cover`,`organization_site`,`organization_facility`,`organization_business_hours`,`organization_level`,`organization_district_id` FROM `yw_organization` WHERE  `organization_state` = 1  AND `organization_false_delete` = 1 LIMIT 1 [ RunTime:0.000941s ]
[ sql ] [ SQL ] SELECT `c`.`file_content` FROM `yw_organization` `a` LEFT JOIN `yw_file_organization` `b` ON `a`.`organization_id`=`b`.`organization_id` LEFT JOIN `yw_file` `c` ON `b`.`file_id`=`c`.`file_id` WHERE  `c`.`file_state` = 1  AND `c`.`file_false_delete` = 1  AND `a`.`organization_id` = 1  AND `b`.`file_organization_area` = 1 LIMIT 1 [ RunTime:0.000920s ]
[ sql ] [ SQL ] SHOW COLUMNS FROM `yw_invitation` [ RunTime:0.001073s ]
[ sql ] [ SQL ] SELECT `invitation_organization_id`,`invitation_interview_site`,`invitation_interview_time`,`invitation_dance_type`,`invitation_age_demand`,`invitation_explain`,`invitation_organization_picture`,`invitation_organization_picture2` FROM `yw_invitation` WHERE  `invitation_organization_id` = 1 LIMIT 1 [ RunTime:0.000796s ]
[ error ] [10501]SQLSTATE[42S02]: Base table or view not found: 1146 Table 'yuewu.yw_curriculum' doesn't exist[/www/web/yuewu/public_html/thinkphp/library/think/db/Connection.php:390]
---------------------------------------------------------------
[ 2018-11-08T15:24:48+08:00 ] 111.163.136.122 POST /index.php/api/Organization/organization_find.html
[ info ] yuewu.dazhu-ltd.cn/index.php/api/Organization/organization_find.html [运行时间：0.031860s][吞吐率：31.39req/s] [内存消耗：3,271.34kb] [文件加载：55]
[ info ] [ LANG ] /www/web/yuewu/public_html/thinkphp/lang/zh-cn.php
[ info ] [ ROUTE ] array (
  'type' => 'module',
  'module' => 
  array (
    0 => 'api',
    1 => 'Organization',
    2 => 'organization_find',
  ),
)
[ info ] [ HEADER ] array (
  'host' => 'yuewu.dazhu-ltd.cn',
  'connection' => 'keep-alive',
  'content-length' => '147',
  'accept' => '*/*',
  'origin' => 'chrome-extension://geobniafmelcledgickglbajofpkllpl',
  'user-agent' => 'Mozilla/5.0 (Windows NT 6.1; Win64; x64) AppleWebKit/537.36 (KHTML, like Gecko) Chrome/71.0.3554.0 Safari/537.36',
  'content-type' => 'multipart/form-data; boundary=----WebKitFormBoundaryL0p3ybkc9W6dlDEr',
  'accept-encoding' => 'gzip, deflate',
  'accept-language' => 'zh-CN,zh;q=0.9',
)
[ info ] [ PARAM ] array (
  'organization_id' => '1',
)
[ info ] [ RUN ] app\api\controller\Organization->organization_find[ /www/web/yuewu/public_html/application/api/controller/Organization.php ]
[ info ] [ DB ] INIT mysql
[ info ] [ LOG ] INIT File
[ sql ] [ DB ] CONNECT:[ UseTime:0.001421s ] mysql:host=114.115.205.226;port=3306;dbname=yuewu;charset=utf8
[ sql ] [ SQL ] SHOW COLUMNS FROM `yw_organization` [ RunTime:0.001227s ]
[ sql ] [ SQL ] SELECT `organization_id`,`organization_name`,`organization_cover`,`organization_site`,`organization_facility`,`organization_business_hours`,`organization_level`,`organization_district_id` FROM `yw_organization` WHERE  `organization_state` = 1  AND `organization_false_delete` = 1 LIMIT 1 [ RunTime:0.000930s ]
[ sql ] [ SQL ] SELECT `c`.`file_content` FROM `yw_organization` `a` LEFT JOIN `yw_file_organization` `b` ON `a`.`organization_id`=`b`.`organization_id` LEFT JOIN `yw_file` `c` ON `b`.`file_id`=`c`.`file_id` WHERE  `c`.`file_state` = 1  AND `c`.`file_false_delete` = 1  AND `a`.`organization_id` = 1  AND `b`.`file_organization_area` = 1 LIMIT 1 [ RunTime:0.000770s ]
[ sql ] [ SQL ] SHOW COLUMNS FROM `yw_invitation` [ RunTime:0.001088s ]
[ sql ] [ SQL ] SELECT `invitation_organization_id`,`invitation_interview_site`,`invitation_interview_time`,`invitation_dance_type`,`invitation_age_demand`,`invitation_explain`,`invitation_organization_picture`,`invitation_organization_picture2` FROM `yw_invitation` WHERE  `invitation_organization_id` = 1 LIMIT 1 [ RunTime:0.000840s ]
[ error ] [10501]SQLSTATE[23000]: Integrity constraint violation: 1052 Column 'organization_id' in where clause is ambiguous[/www/web/yuewu/public_html/thinkphp/library/think/db/Connection.php:390]
---------------------------------------------------------------
[ 2018-11-08T15:25:22+08:00 ] 111.163.136.122 POST /index.php/api/Organization/organization_find.html
[ info ] yuewu.dazhu-ltd.cn/index.php/api/Organization/organization_find.html [运行时间：0.031061s][吞吐率：32.19req/s] [内存消耗：3,210.67kb] [文件加载：50]
[ info ] [ LANG ] /www/web/yuewu/public_html/thinkphp/lang/zh-cn.php
[ info ] [ ROUTE ] array (
  'type' => 'module',
  'module' => 
  array (
    0 => 'api',
    1 => 'Organization',
    2 => 'organization_find',
  ),
)
[ info ] [ HEADER ] array (
  'host' => 'yuewu.dazhu-ltd.cn',
  'connection' => 'keep-alive',
  'content-length' => '147',
  'accept' => '*/*',
  'origin' => 'chrome-extension://geobniafmelcledgickglbajofpkllpl',
  'user-agent' => 'Mozilla/5.0 (Windows NT 6.1; Win64; x64) AppleWebKit/537.36 (KHTML, like Gecko) Chrome/71.0.3554.0 Safari/537.36',
  'content-type' => 'multipart/form-data; boundary=----WebKitFormBoundaryfHBwwvdQrlDvAPxL',
  'accept-encoding' => 'gzip, deflate',
  'accept-language' => 'zh-CN,zh;q=0.9',
)
[ info ] [ PARAM ] array (
  'organization_id' => '1',
)
[ info ] [ RUN ] app\api\controller\Organization->organization_find[ /www/web/yuewu/public_html/application/api/controller/Organization.php ]
[ info ] [ DB ] INIT mysql
[ info ] [ LOG ] INIT File
[ sql ] [ DB ] CONNECT:[ UseTime:0.001522s ] mysql:host=114.115.205.226;port=3306;dbname=yuewu;charset=utf8
[ sql ] [ SQL ] SHOW COLUMNS FROM `yw_organization` [ RunTime:0.001398s ]
[ sql ] [ SQL ] SELECT `organization_id`,`organization_name`,`organization_cover`,`organization_site`,`organization_facility`,`organization_business_hours`,`organization_level`,`organization_district_id` FROM `yw_organization` WHERE  `organization_state` = 1  AND `organization_false_delete` = 1 LIMIT 1 [ RunTime:0.000919s ]
[ sql ] [ SQL ] SELECT `c`.`file_content` FROM `yw_organization` `a` LEFT JOIN `yw_file_organization` `b` ON `a`.`organization_id`=`b`.`organization_id` LEFT JOIN `yw_file` `c` ON `b`.`file_id`=`c`.`file_id` WHERE  `c`.`file_state` = 1  AND `c`.`file_false_delete` = 1  AND `a`.`organization_id` = 1  AND `b`.`file_organization_area` = 1 LIMIT 1 [ RunTime:0.000951s ]
[ sql ] [ SQL ] SHOW COLUMNS FROM `yw_invitation` [ RunTime:0.001189s ]
[ sql ] [ SQL ] SELECT `invitation_organization_id`,`invitation_interview_site`,`invitation_interview_time`,`invitation_dance_type`,`invitation_age_demand`,`invitation_explain`,`invitation_organization_picture`,`invitation_organization_picture2` FROM `yw_invitation` WHERE  `invitation_organization_id` = 1 LIMIT 1 [ RunTime:0.001046s ]
[ sql ] [ SQL ] SELECT `c`.`curriculum_id`,`c`.`curriculum_profile`,`c`.`curriculum_name`,`c`.`curriculum_admin`,`c`.`curriculum_difficulty`,`c`.`curriculum_show`,`c`.`curriculum_state` FROM `yw_organization` `a` INNER JOIN `yw_organization_curriculum` `b` ON `a`.`organization_id`=`b`.`organization_id` INNER JOIN `yw_curriculum` `c` ON `b`.`curriculum_id`=`c`.`curriculum_id` WHERE  `a`.`organization_id` = 1 [ RunTime:0.001037s ]
---------------------------------------------------------------
[ 2018-11-08T15:32:20+08:00 ] 111.163.136.122 POST /index.php/api/Organization/organization_find.html
[ info ] yuewu.dazhu-ltd.cn/index.php/api/Organization/organization_find.html [运行时间：0.030639s][吞吐率：32.64req/s] [内存消耗：3,210.67kb] [文件加载：50]
[ info ] [ LANG ] /www/web/yuewu/public_html/thinkphp/lang/zh-cn.php
[ info ] [ ROUTE ] array (
  'type' => 'module',
  'module' => 
  array (
    0 => 'api',
    1 => 'Organization',
    2 => 'organization_find',
  ),
)
[ info ] [ HEADER ] array (
  'host' => 'yuewu.dazhu-ltd.cn',
  'connection' => 'keep-alive',
  'content-length' => '147',
  'accept' => '*/*',
  'origin' => 'chrome-extension://geobniafmelcledgickglbajofpkllpl',
  'user-agent' => 'Mozilla/5.0 (Windows NT 6.1; Win64; x64) AppleWebKit/537.36 (KHTML, like Gecko) Chrome/71.0.3554.0 Safari/537.36',
  'content-type' => 'multipart/form-data; boundary=----WebKitFormBoundaryQnqLA8TqqgOYOCSD',
  'accept-encoding' => 'gzip, deflate',
  'accept-language' => 'zh-CN,zh;q=0.9',
)
[ info ] [ PARAM ] array (
  'organization_id' => '1',
)
[ info ] [ RUN ] app\api\controller\Organization->organization_find[ /www/web/yuewu/public_html/application/api/controller/Organization.php ]
[ info ] [ DB ] INIT mysql
[ info ] [ LOG ] INIT File
[ sql ] [ DB ] CONNECT:[ UseTime:0.001614s ] mysql:host=114.115.205.226;port=3306;dbname=yuewu;charset=utf8
[ sql ] [ SQL ] SHOW COLUMNS FROM `yw_organization` [ RunTime:0.001239s ]
[ sql ] [ SQL ] SELECT `organization_id`,`organization_name`,`organization_cover`,`organization_site`,`organization_facility`,`organization_business_hours`,`organization_level`,`organization_district_id` FROM `yw_organization` WHERE  `organization_state` = 1  AND `organization_false_delete` = 1 LIMIT 1 [ RunTime:0.001016s ]
[ sql ] [ SQL ] SELECT `c`.`file_content` FROM `yw_organization` `a` LEFT JOIN `yw_file_organization` `b` ON `a`.`organization_id`=`b`.`organization_id` LEFT JOIN `yw_file` `c` ON `b`.`file_id`=`c`.`file_id` WHERE  `c`.`file_state` = 1  AND `c`.`file_false_delete` = 1  AND `a`.`organization_id` = 1  AND `b`.`file_organization_area` = 1 LIMIT 1 [ RunTime:0.000796s ]
[ sql ] [ SQL ] SHOW COLUMNS FROM `yw_invitation` [ RunTime:0.001104s ]
[ sql ] [ SQL ] SELECT `invitation_organization_id`,`invitation_interview_site`,`invitation_interview_time`,`invitation_dance_type`,`invitation_age_demand`,`invitation_explain`,`invitation_organization_picture`,`invitation_organization_picture2` FROM `yw_invitation` WHERE  `invitation_organization_id` = 1 LIMIT 1 [ RunTime:0.000856s ]
[ sql ] [ SQL ] SELECT `c`.`curriculum_id`,`c`.`curriculum_profile`,`c`.`curriculum_name`,`c`.`curriculum_admin`,`c`.`curriculum_difficulty`,`c`.`curriculum_show`,`c`.`curriculum_state` FROM `yw_organization` `a` INNER JOIN `yw_organization_curriculum` `b` ON `a`.`organization_id`=`b`.`organization_id` INNER JOIN `yw_curriculum` `c` ON `b`.`curriculum_id`=`c`.`curriculum_id` WHERE  `a`.`organization_id` = 1 [ RunTime:0.000877s ]
---------------------------------------------------------------
[ 2018-11-08T15:40:38+08:00 ] 111.163.136.122 POST /index.php/api/Organization/organization_find.html
[ info ] yuewu.dazhu-ltd.cn/index.php/api/Organization/organization_find.html [运行时间：0.032915s][吞吐率：30.38req/s] [内存消耗：3,271.32kb] [文件加载：55]
[ info ] [ LANG ] /www/web/yuewu/public_html/thinkphp/lang/zh-cn.php
[ info ] [ ROUTE ] array (
  'type' => 'module',
  'module' => 
  array (
    0 => 'api',
    1 => 'Organization',
    2 => 'organization_find',
  ),
)
[ info ] [ HEADER ] array (
  'host' => 'yuewu.dazhu-ltd.cn',
  'connection' => 'keep-alive',
  'content-length' => '147',
  'accept' => '*/*',
  'origin' => 'chrome-extension://geobniafmelcledgickglbajofpkllpl',
  'user-agent' => 'Mozilla/5.0 (Windows NT 6.1; Win64; x64) AppleWebKit/537.36 (KHTML, like Gecko) Chrome/71.0.3554.0 Safari/537.36',
  'content-type' => 'multipart/form-data; boundary=----WebKitFormBoundaryHtGYrUYP2LLw28kE',
  'accept-encoding' => 'gzip, deflate',
  'accept-language' => 'zh-CN,zh;q=0.9',
)
[ info ] [ PARAM ] array (
  'organization_id' => '1',
)
[ info ] [ RUN ] app\api\controller\Organization->organization_find[ /www/web/yuewu/public_html/application/api/controller/Organization.php ]
[ info ] [ DB ] INIT mysql
[ info ] [ LOG ] INIT File
[ sql ] [ DB ] CONNECT:[ UseTime:0.001524s ] mysql:host=114.115.205.226;port=3306;dbname=yuewu;charset=utf8
[ sql ] [ SQL ] SHOW COLUMNS FROM `yw_organization` [ RunTime:0.001258s ]
[ sql ] [ SQL ] SELECT `organization_id`,`organization_name`,`organization_cover`,`organization_site`,`organization_facility`,`organization_business_hours`,`organization_level`,`organization_district_id` FROM `yw_organization` WHERE  `organization_state` = 1  AND `organization_false_delete` = 1 LIMIT 1 [ RunTime:0.000946s ]
[ sql ] [ SQL ] SELECT `c`.`file_content` FROM `yw_organization` `a` LEFT JOIN `yw_file_organization` `b` ON `a`.`organization_id`=`b`.`organization_id` LEFT JOIN `yw_file` `c` ON `b`.`file_id`=`c`.`file_id` WHERE  `c`.`file_state` = 1  AND `c`.`file_false_delete` = 1  AND `a`.`organization_id` = 1  AND `b`.`file_organization_area` = 1 LIMIT 1 [ RunTime:0.000853s ]
[ sql ] [ SQL ] SHOW COLUMNS FROM `yw_invitation` [ RunTime:0.001203s ]
[ sql ] [ SQL ] SELECT `invitation_organization_id`,`invitation_interview_site`,`invitation_interview_time`,`invitation_dance_type`,`invitation_age_demand`,`invitation_explain`,`invitation_organization_picture`,`invitation_organization_picture2` FROM `yw_invitation` WHERE  `invitation_organization_id` = 1 LIMIT 1 [ RunTime:0.000958s ]
[ error ] [10501]SQLSTATE[42S22]: Column not found: 1054 Unknown column 'c.curriculum_profile' in 'field list'[/www/web/yuewu/public_html/thinkphp/library/think/db/Connection.php:390]
---------------------------------------------------------------
[ 2018-11-08T15:43:00+08:00 ] 111.163.136.122 POST /index.php/api/Organization/organization_find.html
[ info ] yuewu.dazhu-ltd.cn/index.php/api/Organization/organization_find.html [运行时间：0.031105s][吞吐率：32.15req/s] [内存消耗：3,211.16kb] [文件加载：50]
[ info ] [ LANG ] /www/web/yuewu/public_html/thinkphp/lang/zh-cn.php
[ info ] [ ROUTE ] array (
  'type' => 'module',
  'module' => 
  array (
    0 => 'api',
    1 => 'Organization',
    2 => 'organization_find',
  ),
)
[ info ] [ HEADER ] array (
  'host' => 'yuewu.dazhu-ltd.cn',
  'connection' => 'keep-alive',
  'content-length' => '147',
  'accept' => '*/*',
  'origin' => 'chrome-extension://geobniafmelcledgickglbajofpkllpl',
  'user-agent' => 'Mozilla/5.0 (Windows NT 6.1; Win64; x64) AppleWebKit/537.36 (KHTML, like Gecko) Chrome/71.0.3554.0 Safari/537.36',
  'content-type' => 'multipart/form-data; boundary=----WebKitFormBoundaryRpJT480U002p7iWH',
  'accept-encoding' => 'gzip, deflate',
  'accept-language' => 'zh-CN,zh;q=0.9',
)
[ info ] [ PARAM ] array (
  'organization_id' => '1',
)
[ info ] [ RUN ] app\api\controller\Organization->organization_find[ /www/web/yuewu/public_html/application/api/controller/Organization.php ]
[ info ] [ DB ] INIT mysql
[ info ] [ LOG ] INIT File
[ sql ] [ DB ] CONNECT:[ UseTime:0.001600s ] mysql:host=114.115.205.226;port=3306;dbname=yuewu;charset=utf8
[ sql ] [ SQL ] SHOW COLUMNS FROM `yw_organization` [ RunTime:0.001441s ]
[ sql ] [ SQL ] SELECT `organization_id`,`organization_name`,`organization_cover`,`organization_site`,`organization_facility`,`organization_business_hours`,`organization_level`,`organization_district_id` FROM `yw_organization` WHERE  `organization_state` = 1  AND `organization_false_delete` = 1 LIMIT 1 [ RunTime:0.000936s ]
[ sql ] [ SQL ] SELECT `c`.`file_content` FROM `yw_organization` `a` LEFT JOIN `yw_file_organization` `b` ON `a`.`organization_id`=`b`.`organization_id` LEFT JOIN `yw_file` `c` ON `b`.`file_id`=`c`.`file_id` WHERE  `c`.`file_state` = 1  AND `c`.`file_false_delete` = 1  AND `a`.`organization_id` = 1  AND `b`.`file_organization_area` = 1 LIMIT 1 [ RunTime:0.000954s ]
[ sql ] [ SQL ] SHOW COLUMNS FROM `yw_invitation` [ RunTime:0.001253s ]
[ sql ] [ SQL ] SELECT `invitation_organization_id`,`invitation_interview_site`,`invitation_interview_time`,`invitation_dance_type`,`invitation_age_demand`,`invitation_explain`,`invitation_organization_picture`,`invitation_organization_picture2` FROM `yw_invitation` WHERE  `invitation_organization_id` = 1 LIMIT 1 [ RunTime:0.000908s ]
[ sql ] [ SQL ] SELECT `c`.`curriculum_id`,`c`.`curriculum_photo`,`c`.`curriculum_name`,`c`.`curriculum_admin`,`c`.`curriculum_difficulty`,`c`.`curriculum_show`,`c`.`curriculum_state` FROM `yw_organization` `a` INNER JOIN `yw_organization_curriculum` `b` ON `a`.`organization_id`=`b`.`organization_id` INNER JOIN `yw_curriculum` `c` ON `b`.`curriculum_id`=`c`.`curriculum_id` WHERE  `a`.`organization_id` = 1 [ RunTime:0.001002s ]
---------------------------------------------------------------
[ 2018-11-08T15:43:16+08:00 ] 111.163.136.122 POST /index.php/api/Organization/organization_find.html
[ info ] yuewu.dazhu-ltd.cn/index.php/api/Organization/organization_find.html [运行时间：0.031152s][吞吐率：32.10req/s] [内存消耗：3,211.16kb] [文件加载：50]
[ info ] [ LANG ] /www/web/yuewu/public_html/thinkphp/lang/zh-cn.php
[ info ] [ ROUTE ] array (
  'type' => 'module',
  'module' => 
  array (
    0 => 'api',
    1 => 'Organization',
    2 => 'organization_find',
  ),
)
[ info ] [ HEADER ] array (
  'host' => 'yuewu.dazhu-ltd.cn',
  'connection' => 'keep-alive',
  'content-length' => '147',
  'accept' => '*/*',
  'origin' => 'chrome-extension://geobniafmelcledgickglbajofpkllpl',
  'user-agent' => 'Mozilla/5.0 (Windows NT 6.1; Win64; x64) AppleWebKit/537.36 (KHTML, like Gecko) Chrome/71.0.3554.0 Safari/537.36',
  'content-type' => 'multipart/form-data; boundary=----WebKitFormBoundarypNGOGDBxgkIxzcwW',
  'accept-encoding' => 'gzip, deflate',
  'accept-language' => 'zh-CN,zh;q=0.9',
)
[ info ] [ PARAM ] array (
  'organization_id' => '1',
)
[ info ] [ RUN ] app\api\controller\Organization->organization_find[ /www/web/yuewu/public_html/application/api/controller/Organization.php ]
[ info ] [ DB ] INIT mysql
[ info ] [ LOG ] INIT File
[ sql ] [ DB ] CONNECT:[ UseTime:0.001580s ] mysql:host=114.115.205.226;port=3306;dbname=yuewu;charset=utf8
[ sql ] [ SQL ] SHOW COLUMNS FROM `yw_organization` [ RunTime:0.001397s ]
[ sql ] [ SQL ] SELECT `organization_id`,`organization_name`,`organization_cover`,`organization_site`,`organization_facility`,`organization_business_hours`,`organization_level`,`organization_district_id` FROM `yw_organization` WHERE  `organization_state` = 1  AND `organization_false_delete` = 1 LIMIT 1 [ RunTime:0.000989s ]
[ sql ] [ SQL ] SELECT `c`.`file_content` FROM `yw_organization` `a` LEFT JOIN `yw_file_organization` `b` ON `a`.`organization_id`=`b`.`organization_id` LEFT JOIN `yw_file` `c` ON `b`.`file_id`=`c`.`file_id` WHERE  `c`.`file_state` = 1  AND `c`.`file_false_delete` = 1  AND `a`.`organization_id` = 1  AND `b`.`file_organization_area` = 1 LIMIT 1 [ RunTime:0.000904s ]
[ sql ] [ SQL ] SHOW COLUMNS FROM `yw_invitation` [ RunTime:0.001117s ]
[ sql ] [ SQL ] SELECT `invitation_organization_id`,`invitation_interview_site`,`invitation_interview_time`,`invitation_dance_type`,`invitation_age_demand`,`invitation_explain`,`invitation_organization_picture`,`invitation_organization_picture2` FROM `yw_invitation` WHERE  `invitation_organization_id` = 1 LIMIT 1 [ RunTime:0.000839s ]
[ sql ] [ SQL ] SELECT `c`.`curriculum_id`,`c`.`curriculum_photo`,`c`.`curriculum_name`,`c`.`curriculum_admin`,`c`.`curriculum_difficulty`,`c`.`curriculum_show`,`c`.`curriculum_state` FROM `yw_organization` `a` INNER JOIN `yw_organization_curriculum` `b` ON `a`.`organization_id`=`b`.`organization_id` INNER JOIN `yw_curriculum` `c` ON `b`.`curriculum_id`=`c`.`curriculum_id` WHERE  `a`.`organization_id` = 1 [ RunTime:0.000866s ]
---------------------------------------------------------------
[ 2018-11-08T15:43:39+08:00 ] 111.163.136.122 POST /index.php/api/Organization/organization_find.html
[ info ] yuewu.dazhu-ltd.cn/index.php/api/Organization/organization_find.html [运行时间：0.030808s][吞吐率：32.46req/s] [内存消耗：3,211.19kb] [文件加载：50]
[ info ] [ LANG ] /www/web/yuewu/public_html/thinkphp/lang/zh-cn.php
[ info ] [ ROUTE ] array (
  'type' => 'module',
  'module' => 
  array (
    0 => 'api',
    1 => 'Organization',
    2 => 'organization_find',
  ),
)
[ info ] [ HEADER ] array (
  'host' => 'yuewu.dazhu-ltd.cn',
  'connection' => 'keep-alive',
  'content-length' => '147',
  'accept' => '*/*',
  'origin' => 'chrome-extension://geobniafmelcledgickglbajofpkllpl',
  'user-agent' => 'Mozilla/5.0 (Windows NT 6.1; Win64; x64) AppleWebKit/537.36 (KHTML, like Gecko) Chrome/71.0.3554.0 Safari/537.36',
  'content-type' => 'multipart/form-data; boundary=----WebKitFormBoundarygudFjqdcspUSu9xa',
  'accept-encoding' => 'gzip, deflate',
  'accept-language' => 'zh-CN,zh;q=0.9',
)
[ info ] [ PARAM ] array (
  'organization_id' => '1',
)
[ info ] [ RUN ] app\api\controller\Organization->organization_find[ /www/web/yuewu/public_html/application/api/controller/Organization.php ]
[ info ] [ DB ] INIT mysql
[ info ] [ LOG ] INIT File
[ sql ] [ DB ] CONNECT:[ UseTime:0.001493s ] mysql:host=114.115.205.226;port=3306;dbname=yuewu;charset=utf8
[ sql ] [ SQL ] SHOW COLUMNS FROM `yw_organization` [ RunTime:0.001255s ]
[ sql ] [ SQL ] SELECT `organization_id`,`organization_name`,`organization_cover`,`organization_site`,`organization_facility`,`organization_business_hours`,`organization_level`,`organization_district_id` FROM `yw_organization` WHERE  `organization_state` = 1  AND `organization_false_delete` = 1 LIMIT 1 [ RunTime:0.000956s ]
[ sql ] [ SQL ] SELECT `c`.`file_content` FROM `yw_organization` `a` LEFT JOIN `yw_file_organization` `b` ON `a`.`organization_id`=`b`.`organization_id` LEFT JOIN `yw_file` `c` ON `b`.`file_id`=`c`.`file_id` WHERE  `c`.`file_state` = 1  AND `c`.`file_false_delete` = 1  AND `a`.`organization_id` = 1  AND `b`.`file_organization_area` = 1 LIMIT 1 [ RunTime:0.000938s ]
[ sql ] [ SQL ] SHOW COLUMNS FROM `yw_invitation` [ RunTime:0.001089s ]
[ sql ] [ SQL ] SELECT `invitation_organization_id`,`invitation_interview_site`,`invitation_interview_time`,`invitation_dance_type`,`invitation_age_demand`,`invitation_explain`,`invitation_organization_picture`,`invitation_organization_picture2` FROM `yw_invitation` WHERE  `invitation_organization_id` = 1 LIMIT 1 [ RunTime:0.000901s ]
[ sql ] [ SQL ] SELECT `c`.`curriculum_id`,`c`.`curriculum_photo`,`c`.`curriculum_name`,`c`.`curriculum_admin`,`c`.`curriculum_difficulty`,`c`.`curriculum_show`,`c`.`curriculum_state` FROM `yw_organization` `a` INNER JOIN `yw_organization_curriculum` `b` ON `a`.`organization_id`=`b`.`organization_id` INNER JOIN `yw_curriculum` `c` ON `b`.`curriculum_id`=`c`.`curriculum_id` WHERE  `a`.`organization_id` = 1 [ RunTime:0.000899s ]
---------------------------------------------------------------
[ 2018-11-08T15:47:17+08:00 ] 111.163.136.122 POST /index.php/api/Organization/organization_find.html
[ info ] yuewu.dazhu-ltd.cn/index.php/api/Organization/organization_find.html [运行时间：0.031340s][吞吐率：31.91req/s] [内存消耗：3,211.20kb] [文件加载：50]
[ info ] [ LANG ] /www/web/yuewu/public_html/thinkphp/lang/zh-cn.php
[ info ] [ ROUTE ] array (
  'type' => 'module',
  'module' => 
  array (
    0 => 'api',
    1 => 'Organization',
    2 => 'organization_find',
  ),
)
[ info ] [ HEADER ] array (
  'host' => 'yuewu.dazhu-ltd.cn',
  'connection' => 'keep-alive',
  'content-length' => '147',
  'accept' => '*/*',
  'origin' => 'chrome-extension://geobniafmelcledgickglbajofpkllpl',
  'user-agent' => 'Mozilla/5.0 (Windows NT 6.1; Win64; x64) AppleWebKit/537.36 (KHTML, like Gecko) Chrome/71.0.3554.0 Safari/537.36',
  'content-type' => 'multipart/form-data; boundary=----WebKitFormBoundary6frPGidkDuRIlWE0',
  'accept-encoding' => 'gzip, deflate',
  'accept-language' => 'zh-CN,zh;q=0.9',
)
[ info ] [ PARAM ] array (
  'organization_id' => '1',
)
[ info ] [ RUN ] app\api\controller\Organization->organization_find[ /www/web/yuewu/public_html/application/api/controller/Organization.php ]
[ info ] [ DB ] INIT mysql
[ info ] [ LOG ] INIT File
[ sql ] [ DB ] CONNECT:[ UseTime:0.001643s ] mysql:host=114.115.205.226;port=3306;dbname=yuewu;charset=utf8
[ sql ] [ SQL ] SHOW COLUMNS FROM `yw_organization` [ RunTime:0.001499s ]
[ sql ] [ SQL ] SELECT `organization_id`,`organization_name`,`organization_cover`,`organization_site`,`organization_facility`,`organization_business_hours`,`organization_level`,`organization_district_id` FROM `yw_organization` WHERE  `organization_state` = 1  AND `organization_false_delete` = 1 LIMIT 1 [ RunTime:0.001029s ]
[ sql ] [ SQL ] SELECT `c`.`file_content` FROM `yw_organization` `a` LEFT JOIN `yw_file_organization` `b` ON `a`.`organization_id`=`b`.`organization_id` LEFT JOIN `yw_file` `c` ON `b`.`file_id`=`c`.`file_id` WHERE  `c`.`file_state` = 1  AND `c`.`file_false_delete` = 1  AND `a`.`organization_id` = 1  AND `b`.`file_organization_area` = 1 LIMIT 1 [ RunTime:0.000930s ]
[ sql ] [ SQL ] SHOW COLUMNS FROM `yw_invitation` [ RunTime:0.001123s ]
[ sql ] [ SQL ] SELECT `invitation_organization_id`,`invitation_interview_site`,`invitation_interview_time`,`invitation_dance_type`,`invitation_age_demand`,`invitation_explain`,`invitation_organization_picture`,`invitation_organization_picture2` FROM `yw_invitation` WHERE  `invitation_organization_id` = 1 LIMIT 1 [ RunTime:0.001032s ]
[ sql ] [ SQL ] SELECT `c`.`curriculum_id`,`c`.`curriculum_photo`,`c`.`curriculum_name`,`c`.`curriculum_admin`,`c`.`curriculum_difficulty`,`c`.`curriculum_show`,`c`.`curriculum_state` FROM `yw_organization` `a` INNER JOIN `yw_organization_curriculum` `b` ON `a`.`organization_id`=`b`.`organization_id` INNER JOIN `yw_curriculum` `c` ON `b`.`curriculum_id`=`c`.`curriculum_id` WHERE  `a`.`organization_id` = 1 [ RunTime:0.000946s ]
---------------------------------------------------------------
[ 2018-11-08T15:51:51+08:00 ] 111.163.136.122 POST /index.php/api/Organization/organization_find.html
[ info ] yuewu.dazhu-ltd.cn/index.php/api/Organization/organization_find.html [运行时间：0.031607s][吞吐率：31.64req/s] [内存消耗：3,210.97kb] [文件加载：50]
[ info ] [ LANG ] /www/web/yuewu/public_html/thinkphp/lang/zh-cn.php
[ info ] [ ROUTE ] array (
  'type' => 'module',
  'module' => 
  array (
    0 => 'api',
    1 => 'Organization',
    2 => 'organization_find',
  ),
)
[ info ] [ HEADER ] array (
  'host' => 'yuewu.dazhu-ltd.cn',
  'connection' => 'keep-alive',
  'content-length' => '147',
  'accept' => '*/*',
  'origin' => 'chrome-extension://geobniafmelcledgickglbajofpkllpl',
  'user-agent' => 'Mozilla/5.0 (Windows NT 6.1; Win64; x64) AppleWebKit/537.36 (KHTML, like Gecko) Chrome/71.0.3554.0 Safari/537.36',
  'content-type' => 'multipart/form-data; boundary=----WebKitFormBoundaryVf0e78YI90wrCJA8',
  'accept-encoding' => 'gzip, deflate',
  'accept-language' => 'zh-CN,zh;q=0.9',
)
[ info ] [ PARAM ] array (
  'organization_id' => '1',
)
[ info ] [ RUN ] app\api\controller\Organization->organization_find[ /www/web/yuewu/public_html/application/api/controller/Organization.php ]
[ info ] [ DB ] INIT mysql
[ info ] [ LOG ] INIT File
[ sql ] [ DB ] CONNECT:[ UseTime:0.002270s ] mysql:host=114.115.205.226;port=3306;dbname=yuewu;charset=utf8
[ sql ] [ SQL ] SHOW COLUMNS FROM `yw_organization` [ RunTime:0.001271s ]
[ sql ] [ SQL ] SELECT `organization_id`,`organization_name`,`organization_cover`,`organization_site`,`organization_facility`,`organization_business_hours`,`organization_level`,`organization_district_id` FROM `yw_organization` WHERE  `organization_state` = 1  AND `organization_false_delete` = 1 LIMIT 1 [ RunTime:0.000899s ]
[ sql ] [ SQL ] SELECT `c`.`file_content` FROM `yw_organization` `a` LEFT JOIN `yw_file_organization` `b` ON `a`.`organization_id`=`b`.`organization_id` LEFT JOIN `yw_file` `c` ON `b`.`file_id`=`c`.`file_id` WHERE  `c`.`file_state` = 1  AND `c`.`file_false_delete` = 1  AND `a`.`organization_id` = 1  AND `b`.`file_organization_area` = 1 LIMIT 1 [ RunTime:0.000883s ]
[ sql ] [ SQL ] SHOW COLUMNS FROM `yw_invitation` [ RunTime:0.001119s ]
[ sql ] [ SQL ] SELECT `invitation_organization_id`,`invitation_interview_site`,`invitation_interview_time`,`invitation_dance_type`,`invitation_age_demand`,`invitation_explain`,`invitation_organization_picture`,`invitation_organization_picture2` FROM `yw_invitation` WHERE  `invitation_organization_id` = 1 LIMIT 1 [ RunTime:0.000875s ]
[ sql ] [ SQL ] SELECT `c`.`curriculum_id`,`c`.`curriculum_photo`,`c`.`curriculum_name`,`c`.`curriculum_admin`,`c`.`curriculum_difficulty`,`c`.`curriculum_state` FROM `yw_organization` `a` LEFT JOIN `yw_organization_curriculum` `b` ON `a`.`organization_id`=`b`.`organization_id` LEFT JOIN `yw_curriculum` `c` ON `b`.`curriculum_id`=`c`.`curriculum_id` WHERE  `a`.`organization_id` = 1  AND `c`.`curriculum_show` = 1 [ RunTime:0.001093s ]
---------------------------------------------------------------
[ 2018-11-08T16:40:37+08:00 ] 111.163.135.192 POST /index.php/api/Organization/organization_find.html
[ info ] yuewu.dazhu-ltd.cn/index.php/api/Organization/organization_find.html [运行时间：0.031752s][吞吐率：31.49req/s] [内存消耗：3,210.97kb] [文件加载：50]
[ info ] [ LANG ] /www/web/yuewu/public_html/thinkphp/lang/zh-cn.php
[ info ] [ ROUTE ] array (
  'type' => 'module',
  'module' => 
  array (
    0 => 'api',
    1 => 'Organization',
    2 => 'organization_find',
  ),
)
[ info ] [ HEADER ] array (
  'host' => 'yuewu.dazhu-ltd.cn',
  'connection' => 'keep-alive',
  'content-length' => '147',
  'accept' => '*/*',
  'origin' => 'chrome-extension://geobniafmelcledgickglbajofpkllpl',
  'user-agent' => 'Mozilla/5.0 (Windows NT 6.1; Win64; x64) AppleWebKit/537.36 (KHTML, like Gecko) Chrome/71.0.3554.0 Safari/537.36',
  'content-type' => 'multipart/form-data; boundary=----WebKitFormBoundaryxH6iUyxsRmpKFYYG',
  'accept-encoding' => 'gzip, deflate',
  'accept-language' => 'zh-CN,zh;q=0.9',
)
[ info ] [ PARAM ] array (
  'organization_id' => '1',
)
[ info ] [ RUN ] app\api\controller\Organization->organization_find[ /www/web/yuewu/public_html/application/api/controller/Organization.php ]
[ info ] [ DB ] INIT mysql
[ info ] [ LOG ] INIT File
[ sql ] [ DB ] CONNECT:[ UseTime:0.001725s ] mysql:host=114.115.205.226;port=3306;dbname=yuewu;charset=utf8
[ sql ] [ SQL ] SHOW COLUMNS FROM `yw_organization` [ RunTime:0.001364s ]
[ sql ] [ SQL ] SELECT `organization_id`,`organization_name`,`organization_cover`,`organization_site`,`organization_facility`,`organization_business_hours`,`organization_level`,`organization_district_id` FROM `yw_organization` WHERE  `organization_state` = 1  AND `organization_false_delete` = 1 LIMIT 1 [ RunTime:0.000954s ]
[ sql ] [ SQL ] SELECT `c`.`file_content` FROM `yw_organization` `a` LEFT JOIN `yw_file_organization` `b` ON `a`.`organization_id`=`b`.`organization_id` LEFT JOIN `yw_file` `c` ON `b`.`file_id`=`c`.`file_id` WHERE  `c`.`file_state` = 1  AND `c`.`file_false_delete` = 1  AND `a`.`organization_id` = 1  AND `b`.`file_organization_area` = 1 LIMIT 1 [ RunTime:0.000892s ]
[ sql ] [ SQL ] SHOW COLUMNS FROM `yw_invitation` [ RunTime:0.001180s ]
[ sql ] [ SQL ] SELECT `invitation_organization_id`,`invitation_interview_site`,`invitation_interview_time`,`invitation_dance_type`,`invitation_age_demand`,`invitation_explain`,`invitation_organization_picture`,`invitation_organization_picture2` FROM `yw_invitation` WHERE  `invitation_organization_id` = 1 LIMIT 1 [ RunTime:0.001013s ]
[ sql ] [ SQL ] SELECT `c`.`curriculum_id`,`c`.`curriculum_photo`,`c`.`curriculum_name`,`c`.`curriculum_admin`,`c`.`curriculum_difficulty`,`c`.`curriculum_state` FROM `yw_organization` `a` LEFT JOIN `yw_organization_curriculum` `b` ON `a`.`organization_id`=`b`.`organization_id` LEFT JOIN `yw_curriculum` `c` ON `b`.`curriculum_id`=`c`.`curriculum_id` WHERE  `a`.`organization_id` = 1  AND `c`.`curriculum_show` = 1 [ RunTime:0.000896s ]
