---------------------------------------------------------------
[ 2018-11-23T20:02:10+08:00 ] 220.115.30.158 POST /index.php/api/user/user_collect_videos.html
[ info ] yuewu.dazhu-ltd.cn/index.php/api/user/user_collect_videos.html [运行时间：0.014918s][吞吐率：67.03req/s] [内存消耗：1,939.98kb] [文件加载：40]
[ info ] [ LANG ] /www/web/yuewu/public_html/thinkphp/lang/zh-cn.php
[ info ] [ ROUTE ] array (
  'type' => 'module',
  'module' => 
  array (
    0 => 'api',
    1 => 'user',
    2 => 'user_collect_videos',
  ),
)
[ info ] [ HEADER ] array (
  'host' => 'yuewu.dazhu-ltd.cn',
  'user-agent' => 'Mozilla/5.0 (Windows NT 10.0; Win64; x64) AppleWebKit/537.36 (KHTML, like Gecko) Chrome/70.0.3538.77 Safari/537.36',
  'content-length' => '144',
  'accept' => '*/*',
  'accept-encoding' => 'gzip, deflate',
  'accept-language' => 'zh-CN,zh;q=0.9',
  'content-type' => 'multipart/form-data; boundary=----WebKitFormBoundaryWjmdqhxis8yV4uio',
  'origin' => 'chrome-extension://geobniafmelcledgickglbajofpkllpl',
  'proxy-connection' => 'keep-alive',
  'x-lantern-version' => '4.9.0',
)
[ info ] [ PARAM ] array (
  'user_token' => '456',
)
[ info ] [ LOG ] INIT File
[ error ] [64]Cannot redeclare app\api\controller\User::user_videos_details()[/www/web/yuewu/public_html/application/api/controller/User.php:263]
---------------------------------------------------------------
[ 2018-11-23T20:03:04+08:00 ] 220.115.30.158 POST /index.php/api/user/user_collect_curriculum.html
[ info ] yuewu.dazhu-ltd.cn/index.php/api/user/user_collect_curriculum.html [运行时间：0.014728s][吞吐率：67.90req/s] [内存消耗：1,940.00kb] [文件加载：40]
[ info ] [ LANG ] /www/web/yuewu/public_html/thinkphp/lang/zh-cn.php
[ info ] [ ROUTE ] array (
  'type' => 'module',
  'module' => 
  array (
    0 => 'api',
    1 => 'user',
    2 => 'user_collect_curriculum',
  ),
)
[ info ] [ HEADER ] array (
  'host' => 'yuewu.dazhu-ltd.cn',
  'user-agent' => 'Mozilla/5.0 (Windows NT 10.0; Win64; x64) AppleWebKit/537.36 (KHTML, like Gecko) Chrome/70.0.3538.77 Safari/537.36',
  'content-length' => '144',
  'accept' => '*/*',
  'accept-encoding' => 'gzip, deflate',
  'accept-language' => 'zh-CN,zh;q=0.9',
  'content-type' => 'multipart/form-data; boundary=----WebKitFormBoundarymAwy1h79OBnt9EJk',
  'origin' => 'chrome-extension://geobniafmelcledgickglbajofpkllpl',
  'proxy-connection' => 'keep-alive',
  'x-lantern-version' => '4.9.0',
)
[ info ] [ PARAM ] array (
  'user_token' => '456',
)
[ info ] [ LOG ] INIT File
[ error ] [64]Cannot redeclare app\api\controller\User::user_videos_details()[/www/web/yuewu/public_html/application/api/controller/User.php:263]
---------------------------------------------------------------
[ 2018-11-23T20:03:21+08:00 ] 220.115.30.158 POST /index.php/api/user/user_videos_details.html
[ info ] yuewu.dazhu-ltd.cn/index.php/api/user/user_videos_details.html [运行时间：0.014669s][吞吐率：68.17req/s] [内存消耗：1,940.23kb] [文件加载：40]
[ info ] [ LANG ] /www/web/yuewu/public_html/thinkphp/lang/zh-cn.php
[ info ] [ ROUTE ] array (
  'type' => 'module',
  'module' => 
  array (
    0 => 'api',
    1 => 'user',
    2 => 'user_videos_details',
  ),
)
[ info ] [ HEADER ] array (
  'host' => 'yuewu.dazhu-ltd.cn',
  'user-agent' => 'Mozilla/5.0 (Windows NT 10.0; Win64; x64) AppleWebKit/537.36 (KHTML, like Gecko) Chrome/70.0.3538.77 Safari/537.36',
  'content-length' => '239',
  'accept' => '*/*',
  'accept-encoding' => 'gzip, deflate',
  'accept-language' => 'zh-CN,zh;q=0.9',
  'content-type' => 'multipart/form-data; boundary=----WebKitFormBoundaryx3BtKVh1quBqBs6l',
  'origin' => 'chrome-extension://geobniafmelcledgickglbajofpkllpl',
  'proxy-connection' => 'keep-alive',
  'x-lantern-version' => '4.9.0',
)
[ info ] [ PARAM ] array (
  'user_token' => '456',
  'file_id' => '1',
)
[ info ] [ LOG ] INIT File
[ error ] [64]Cannot redeclare app\api\controller\User::user_videos_details()[/www/web/yuewu/public_html/application/api/controller/User.php:263]
---------------------------------------------------------------
[ 2018-11-23T20:03:53+08:00 ] 220.115.30.158 POST /index.php/api/user/user_videos_details.html
[ info ] yuewu.dazhu-ltd.cn/index.php/api/user/user_videos_details.html [运行时间：0.032406s][吞吐率：30.86req/s] [内存消耗：3,283.99kb] [文件加载：50]
[ info ] [ LANG ] /www/web/yuewu/public_html/thinkphp/lang/zh-cn.php
[ info ] [ ROUTE ] array (
  'type' => 'module',
  'module' => 
  array (
    0 => 'api',
    1 => 'user',
    2 => 'user_videos_details',
  ),
)
[ info ] [ HEADER ] array (
  'host' => 'yuewu.dazhu-ltd.cn',
  'user-agent' => 'Mozilla/5.0 (Windows NT 10.0; Win64; x64) AppleWebKit/537.36 (KHTML, like Gecko) Chrome/70.0.3538.77 Safari/537.36',
  'content-length' => '239',
  'accept' => '*/*',
  'accept-encoding' => 'gzip, deflate',
  'accept-language' => 'zh-CN,zh;q=0.9',
  'content-type' => 'multipart/form-data; boundary=----WebKitFormBoundary6LZEMhgcU0Ygdm1R',
  'origin' => 'chrome-extension://geobniafmelcledgickglbajofpkllpl',
  'proxy-connection' => 'keep-alive',
  'x-lantern-version' => '4.9.0',
)
[ info ] [ PARAM ] array (
  'user_token' => '456',
  'file_id' => '1',
)
[ info ] [ RUN ] app\api\controller\User->user_videos_details[ /www/web/yuewu/public_html/application/api/controller/User.php ]
[ info ] [ DB ] INIT mysql
[ info ] [ LOG ] INIT File
[ sql ] [ DB ] CONNECT:[ UseTime:0.001751s ] mysql:host=114.115.205.226;port=3306;dbname=yuewu;charset=utf8
[ sql ] [ SQL ] SHOW COLUMNS FROM `yw_user` [ RunTime:0.001363s ]
[ sql ] [ SQL ] SELECT `user_id`,`user_name`,`user_sex`,`user_role`,`user_portrait`,`user_signature`,`user_token`,`user_status`,`user_false_delete` FROM `yw_user` WHERE  `user_token` = '456' LIMIT 1 [ RunTime:0.000968s ]
[ sql ] [ SQL ] SHOW COLUMNS FROM `yw_file` [ RunTime:0.001152s ]
[ sql ] [ SQL ] SELECT `file_id`,`dance_type_name`,`file_content`,`file_name`,`file_collection` FROM `yw_file` `a` LEFT JOIN `yw_dance_type` `b` ON `a`.`dance_type_id`=`b`.`dance_type_id` WHERE  ( `a`.`file_id` = 2 AND `a`.`file_id` = '1' )  AND `file_state` = 1  AND `file_false_delete` = 1 ORDER BY `a`.`file_creattime` DESC LIMIT 1 [ RunTime:0.000861s ]
[ sql ] [ SQL ] SHOW COLUMNS FROM `yw_comments` [ RunTime:0.001114s ]
[ sql ] [ SQL ] SELECT `a`.`comments_content`,`b`.`user_name`,`b`.`user_portrait`,`a`.`comments_creattime` FROM `yw_comments` `a` LEFT JOIN `yw_user` `b` ON `a`.`user_id`=`b`.`user_id` WHERE  `a`.`file_id` = '1' ORDER BY `a`.`comments_creattime` DESC [ RunTime:0.001015s ]
---------------------------------------------------------------
[ 2018-11-23T20:03:59+08:00 ] 220.115.30.158 POST /index.php/api/user/user_videos_details.html
[ info ] yuewu.dazhu-ltd.cn/index.php/api/user/user_videos_details.html [运行时间：0.032612s][吞吐率：30.66req/s] [内存消耗：3,284.32kb] [文件加载：50]
[ info ] [ LANG ] /www/web/yuewu/public_html/thinkphp/lang/zh-cn.php
[ info ] [ ROUTE ] array (
  'type' => 'module',
  'module' => 
  array (
    0 => 'api',
    1 => 'user',
    2 => 'user_videos_details',
  ),
)
[ info ] [ HEADER ] array (
  'host' => 'yuewu.dazhu-ltd.cn',
  'user-agent' => 'Mozilla/5.0 (Windows NT 10.0; Win64; x64) AppleWebKit/537.36 (KHTML, like Gecko) Chrome/70.0.3538.77 Safari/537.36',
  'content-length' => '239',
  'accept' => '*/*',
  'accept-encoding' => 'gzip, deflate',
  'accept-language' => 'zh-CN,zh;q=0.9',
  'content-type' => 'multipart/form-data; boundary=----WebKitFormBoundarys3uja2ns7z9Xz4jH',
  'origin' => 'chrome-extension://geobniafmelcledgickglbajofpkllpl',
  'proxy-connection' => 'keep-alive',
  'x-lantern-version' => '4.9.0',
)
[ info ] [ PARAM ] array (
  'user_token' => '456',
  'file_id' => '2',
)
[ info ] [ RUN ] app\api\controller\User->user_videos_details[ /www/web/yuewu/public_html/application/api/controller/User.php ]
[ info ] [ DB ] INIT mysql
[ info ] [ LOG ] INIT File
[ sql ] [ DB ] CONNECT:[ UseTime:0.001532s ] mysql:host=114.115.205.226;port=3306;dbname=yuewu;charset=utf8
[ sql ] [ SQL ] SHOW COLUMNS FROM `yw_user` [ RunTime:0.002385s ]
[ sql ] [ SQL ] SELECT `user_id`,`user_name`,`user_sex`,`user_role`,`user_portrait`,`user_signature`,`user_token`,`user_status`,`user_false_delete` FROM `yw_user` WHERE  `user_token` = '456' LIMIT 1 [ RunTime:0.000936s ]
[ sql ] [ SQL ] SHOW COLUMNS FROM `yw_file` [ RunTime:0.001149s ]
[ sql ] [ SQL ] SELECT `file_id`,`dance_type_name`,`file_content`,`file_name`,`file_collection` FROM `yw_file` `a` LEFT JOIN `yw_dance_type` `b` ON `a`.`dance_type_id`=`b`.`dance_type_id` WHERE  ( `a`.`file_id` = 2 AND `a`.`file_id` = '2' )  AND `file_state` = 1  AND `file_false_delete` = 1 ORDER BY `a`.`file_creattime` DESC LIMIT 1 [ RunTime:0.000997s ]
[ sql ] [ SQL ] SHOW COLUMNS FROM `yw_comments` [ RunTime:0.001158s ]
[ sql ] [ SQL ] SELECT `a`.`comments_content`,`b`.`user_name`,`b`.`user_portrait`,`a`.`comments_creattime` FROM `yw_comments` `a` LEFT JOIN `yw_user` `b` ON `a`.`user_id`=`b`.`user_id` WHERE  `a`.`file_id` = '2' ORDER BY `a`.`comments_creattime` DESC [ RunTime:0.000958s ]
---------------------------------------------------------------
[ 2018-11-23T20:08:28+08:00 ] 220.115.30.158 POST /index.php/api/user/user_videos_details.html
[ info ] yuewu.dazhu-ltd.cn/index.php/api/user/user_videos_details.html [运行时间：0.014833s][吞吐率：67.42req/s] [内存消耗：1,940.70kb] [文件加载：40]
[ info ] [ LANG ] /www/web/yuewu/public_html/thinkphp/lang/zh-cn.php
[ info ] [ ROUTE ] array (
  'type' => 'module',
  'module' => 
  array (
    0 => 'api',
    1 => 'user',
    2 => 'user_videos_details',
  ),
)
[ info ] [ HEADER ] array (
  'host' => 'yuewu.dazhu-ltd.cn',
  'user-agent' => 'Mozilla/5.0 (Windows NT 10.0; Win64; x64) AppleWebKit/537.36 (KHTML, like Gecko) Chrome/70.0.3538.77 Safari/537.36',
  'content-length' => '348',
  'accept' => '*/*',
  'accept-encoding' => 'gzip, deflate',
  'accept-language' => 'zh-CN,zh;q=0.9',
  'content-type' => 'multipart/form-data; boundary=----WebKitFormBoundarySTl07edtWkfBqjfx',
  'origin' => 'chrome-extension://geobniafmelcledgickglbajofpkllpl',
  'proxy-connection' => 'keep-alive',
  'x-lantern-version' => '4.9.0',
)
[ info ] [ PARAM ] array (
  'user_token' => '456',
  'file_id' => '1',
  'comments_content' => '评论',
)
[ info ] [ LOG ] INIT File
[ error ] [64]Cannot redeclare app\api\controller\User::user_videos_details()[/www/web/yuewu/public_html/application/api/controller/User.php:263]
---------------------------------------------------------------
[ 2018-11-23T20:08:55+08:00 ] 220.115.30.158 POST /index.php/api/user/user_videos_details.html
[ info ] yuewu.dazhu-ltd.cn/index.php/api/user/user_videos_details.html [运行时间：0.032344s][吞吐率：30.92req/s] [内存消耗：3,291.39kb] [文件加载：50]
[ info ] [ LANG ] /www/web/yuewu/public_html/thinkphp/lang/zh-cn.php
[ info ] [ ROUTE ] array (
  'type' => 'module',
  'module' => 
  array (
    0 => 'api',
    1 => 'user',
    2 => 'user_videos_details',
  ),
)
[ info ] [ HEADER ] array (
  'host' => 'yuewu.dazhu-ltd.cn',
  'user-agent' => 'Mozilla/5.0 (Windows NT 10.0; Win64; x64) AppleWebKit/537.36 (KHTML, like Gecko) Chrome/70.0.3538.77 Safari/537.36',
  'content-length' => '348',
  'accept' => '*/*',
  'accept-encoding' => 'gzip, deflate',
  'accept-language' => 'zh-CN,zh;q=0.9',
  'content-type' => 'multipart/form-data; boundary=----WebKitFormBoundary2Ive6BvBAKLkWdEv',
  'origin' => 'chrome-extension://geobniafmelcledgickglbajofpkllpl',
  'proxy-connection' => 'keep-alive',
  'x-lantern-version' => '4.9.0',
)
[ info ] [ PARAM ] array (
  'user_token' => '456',
  'file_id' => '1',
  'comments_content' => '评论',
)
[ info ] [ RUN ] app\api\controller\User->user_videos_details[ /www/web/yuewu/public_html/application/api/controller/User.php ]
[ info ] [ DB ] INIT mysql
[ info ] [ LOG ] INIT File
[ sql ] [ DB ] CONNECT:[ UseTime:0.001662s ] mysql:host=114.115.205.226;port=3306;dbname=yuewu;charset=utf8
[ sql ] [ SQL ] SHOW COLUMNS FROM `yw_user` [ RunTime:0.001408s ]
[ sql ] [ SQL ] SELECT `user_id`,`user_name`,`user_sex`,`user_role`,`user_portrait`,`user_signature`,`user_token`,`user_status`,`user_false_delete` FROM `yw_user` WHERE  `user_token` = '456' LIMIT 1 [ RunTime:0.000947s ]
[ sql ] [ SQL ] SHOW COLUMNS FROM `yw_file` [ RunTime:0.001255s ]
[ sql ] [ SQL ] SELECT `file_id`,`dance_type_name`,`file_content`,`file_name`,`file_collection` FROM `yw_file` `a` LEFT JOIN `yw_dance_type` `b` ON `a`.`dance_type_id`=`b`.`dance_type_id` WHERE  ( `a`.`file_id` = 2 AND `a`.`file_id` = '1' )  AND `file_state` = 1  AND `file_false_delete` = 1 ORDER BY `a`.`file_creattime` DESC LIMIT 1 [ RunTime:0.000977s ]
[ sql ] [ SQL ] SHOW COLUMNS FROM `yw_comments` [ RunTime:0.001101s ]
[ sql ] [ SQL ] SELECT `a`.`comments_content`,`b`.`user_name`,`b`.`user_portrait`,`a`.`comments_creattime` FROM `yw_comments` `a` LEFT JOIN `yw_user` `b` ON `a`.`user_id`=`b`.`user_id` WHERE  `a`.`file_id` = '1' ORDER BY `a`.`comments_creattime` DESC [ RunTime:0.000960s ]
---------------------------------------------------------------
[ 2018-11-23T20:09:05+08:00 ] 220.115.30.158 POST /index.php/api/user/user_videos_comments.html
[ info ] yuewu.dazhu-ltd.cn/index.php/api/user/user_videos_comments.html [运行时间：0.028469s][吞吐率：35.13req/s] [内存消耗：3,343.95kb] [文件加载：54]
[ info ] [ LANG ] /www/web/yuewu/public_html/thinkphp/lang/zh-cn.php
[ info ] [ ROUTE ] array (
  'type' => 'module',
  'module' => 
  array (
    0 => 'api',
    1 => 'user',
    2 => 'user_videos_comments',
  ),
)
[ info ] [ HEADER ] array (
  'host' => 'yuewu.dazhu-ltd.cn',
  'user-agent' => 'Mozilla/5.0 (Windows NT 10.0; Win64; x64) AppleWebKit/537.36 (KHTML, like Gecko) Chrome/70.0.3538.77 Safari/537.36',
  'content-length' => '348',
  'accept' => '*/*',
  'accept-encoding' => 'gzip, deflate',
  'accept-language' => 'zh-CN,zh;q=0.9',
  'content-type' => 'multipart/form-data; boundary=----WebKitFormBoundaryaA48l0BVzNxJx4uR',
  'origin' => 'chrome-extension://geobniafmelcledgickglbajofpkllpl',
  'proxy-connection' => 'keep-alive',
  'x-lantern-version' => '4.9.0',
)
[ info ] [ PARAM ] array (
  'user_token' => '456',
  'file_id' => '1',
  'comments_content' => '评论',
)
[ info ] [ RUN ] app\api\controller\User->user_videos_comments[ /www/web/yuewu/public_html/application/api/controller/User.php ]
[ info ] [ DB ] INIT mysql
[ info ] [ LOG ] INIT File
[ sql ] [ DB ] CONNECT:[ UseTime:0.001602s ] mysql:host=114.115.205.226;port=3306;dbname=yuewu;charset=utf8
[ sql ] [ SQL ] SHOW COLUMNS FROM `yw_user` [ RunTime:0.001330s ]
[ sql ] [ SQL ] SELECT `user_id`,`user_name`,`user_sex`,`user_role`,`user_portrait`,`user_signature`,`user_token`,`user_status`,`user_false_delete` FROM `yw_user` WHERE  `user_token` = '456' LIMIT 1 [ RunTime:0.001072s ]
[ error ] [8]未定义变量: 2[/www/web/yuewu/public_html/application/api/controller/User.php:283]
---------------------------------------------------------------
[ 2018-11-23T20:11:12+08:00 ] 220.115.30.158 POST /index.php/api/user/user_videos_comments.html
[ info ] yuewu.dazhu-ltd.cn/index.php/api/user/user_videos_comments.html [运行时间：0.028715s][吞吐率：34.82req/s] [内存消耗：3,343.95kb] [文件加载：54]
[ info ] [ LANG ] /www/web/yuewu/public_html/thinkphp/lang/zh-cn.php
[ info ] [ ROUTE ] array (
  'type' => 'module',
  'module' => 
  array (
    0 => 'api',
    1 => 'user',
    2 => 'user_videos_comments',
  ),
)
[ info ] [ HEADER ] array (
  'host' => 'yuewu.dazhu-ltd.cn',
  'user-agent' => 'Mozilla/5.0 (Windows NT 10.0; Win64; x64) AppleWebKit/537.36 (KHTML, like Gecko) Chrome/70.0.3538.77 Safari/537.36',
  'content-length' => '348',
  'accept' => '*/*',
  'accept-encoding' => 'gzip, deflate',
  'accept-language' => 'zh-CN,zh;q=0.9',
  'content-type' => 'multipart/form-data; boundary=----WebKitFormBoundary3itWbEn2gkwhZ9z2',
  'origin' => 'chrome-extension://geobniafmelcledgickglbajofpkllpl',
  'proxy-connection' => 'keep-alive',
  'x-lantern-version' => '4.9.0',
)
[ info ] [ PARAM ] array (
  'user_token' => '456',
  'file_id' => '1',
  'comments_content' => '评论',
)
[ info ] [ RUN ] app\api\controller\User->user_videos_comments[ /www/web/yuewu/public_html/application/api/controller/User.php ]
[ info ] [ DB ] INIT mysql
[ info ] [ LOG ] INIT File
[ sql ] [ DB ] CONNECT:[ UseTime:0.001777s ] mysql:host=114.115.205.226;port=3306;dbname=yuewu;charset=utf8
[ sql ] [ SQL ] SHOW COLUMNS FROM `yw_user` [ RunTime:0.001343s ]
[ sql ] [ SQL ] SELECT `user_id`,`user_name`,`user_sex`,`user_role`,`user_portrait`,`user_signature`,`user_token`,`user_status`,`user_false_delete` FROM `yw_user` WHERE  `user_token` = '456' LIMIT 1 [ RunTime:0.000888s ]
[ error ] [8]未定义变量: 2[/www/web/yuewu/public_html/application/api/controller/User.php:283]
---------------------------------------------------------------
[ 2018-11-23T20:11:12+08:00 ] 220.115.30.158 POST /index.php/api/user/user_videos_comments.html
[ info ] yuewu.dazhu-ltd.cn/index.php/api/user/user_videos_comments.html [运行时间：0.030262s][吞吐率：33.04req/s] [内存消耗：3,343.95kb] [文件加载：54]
[ info ] [ LANG ] /www/web/yuewu/public_html/thinkphp/lang/zh-cn.php
[ info ] [ ROUTE ] array (
  'type' => 'module',
  'module' => 
  array (
    0 => 'api',
    1 => 'user',
    2 => 'user_videos_comments',
  ),
)
[ info ] [ HEADER ] array (
  'host' => 'yuewu.dazhu-ltd.cn',
  'user-agent' => 'Mozilla/5.0 (Windows NT 10.0; Win64; x64) AppleWebKit/537.36 (KHTML, like Gecko) Chrome/70.0.3538.77 Safari/537.36',
  'content-length' => '348',
  'accept' => '*/*',
  'accept-encoding' => 'gzip, deflate',
  'accept-language' => 'zh-CN,zh;q=0.9',
  'content-type' => 'multipart/form-data; boundary=----WebKitFormBoundaryoIEbsmJEM7avOAns',
  'origin' => 'chrome-extension://geobniafmelcledgickglbajofpkllpl',
  'proxy-connection' => 'keep-alive',
  'x-lantern-version' => '4.9.0',
)
[ info ] [ PARAM ] array (
  'user_token' => '456',
  'file_id' => '1',
  'comments_content' => '评论',
)
[ info ] [ RUN ] app\api\controller\User->user_videos_comments[ /www/web/yuewu/public_html/application/api/controller/User.php ]
[ info ] [ DB ] INIT mysql
[ info ] [ LOG ] INIT File
[ sql ] [ DB ] CONNECT:[ UseTime:0.001659s ] mysql:host=114.115.205.226;port=3306;dbname=yuewu;charset=utf8
[ sql ] [ SQL ] SHOW COLUMNS FROM `yw_user` [ RunTime:0.002889s ]
[ sql ] [ SQL ] SELECT `user_id`,`user_name`,`user_sex`,`user_role`,`user_portrait`,`user_signature`,`user_token`,`user_status`,`user_false_delete` FROM `yw_user` WHERE  `user_token` = '456' LIMIT 1 [ RunTime:0.001061s ]
[ error ] [8]未定义变量: 2[/www/web/yuewu/public_html/application/api/controller/User.php:283]
---------------------------------------------------------------
[ 2018-11-23T20:11:13+08:00 ] 220.115.30.158 POST /index.php/api/user/user_videos_comments.html
[ info ] yuewu.dazhu-ltd.cn/index.php/api/user/user_videos_comments.html [运行时间：0.028721s][吞吐率：34.82req/s] [内存消耗：3,343.95kb] [文件加载：54]
[ info ] [ LANG ] /www/web/yuewu/public_html/thinkphp/lang/zh-cn.php
[ info ] [ ROUTE ] array (
  'type' => 'module',
  'module' => 
  array (
    0 => 'api',
    1 => 'user',
    2 => 'user_videos_comments',
  ),
)
[ info ] [ HEADER ] array (
  'host' => 'yuewu.dazhu-ltd.cn',
  'user-agent' => 'Mozilla/5.0 (Windows NT 10.0; Win64; x64) AppleWebKit/537.36 (KHTML, like Gecko) Chrome/70.0.3538.77 Safari/537.36',
  'content-length' => '348',
  'accept' => '*/*',
  'accept-encoding' => 'gzip, deflate',
  'accept-language' => 'zh-CN,zh;q=0.9',
  'content-type' => 'multipart/form-data; boundary=----WebKitFormBoundary2a8pzyOyZDj3uJu5',
  'origin' => 'chrome-extension://geobniafmelcledgickglbajofpkllpl',
  'proxy-connection' => 'keep-alive',
  'x-lantern-version' => '4.9.0',
)
[ info ] [ PARAM ] array (
  'user_token' => '456',
  'file_id' => '1',
  'comments_content' => '评论',
)
[ info ] [ RUN ] app\api\controller\User->user_videos_comments[ /www/web/yuewu/public_html/application/api/controller/User.php ]
[ info ] [ DB ] INIT mysql
[ info ] [ LOG ] INIT File
[ sql ] [ DB ] CONNECT:[ UseTime:0.001502s ] mysql:host=114.115.205.226;port=3306;dbname=yuewu;charset=utf8
[ sql ] [ SQL ] SHOW COLUMNS FROM `yw_user` [ RunTime:0.001375s ]
[ sql ] [ SQL ] SELECT `user_id`,`user_name`,`user_sex`,`user_role`,`user_portrait`,`user_signature`,`user_token`,`user_status`,`user_false_delete` FROM `yw_user` WHERE  `user_token` = '456' LIMIT 1 [ RunTime:0.000920s ]
[ error ] [8]未定义变量: 2[/www/web/yuewu/public_html/application/api/controller/User.php:283]
---------------------------------------------------------------
[ 2018-11-23T20:11:15+08:00 ] 220.115.30.158 POST /index.php/api/user/user_videos_comments.html
[ info ] yuewu.dazhu-ltd.cn/index.php/api/user/user_videos_comments.html [运行时间：0.029032s][吞吐率：34.44req/s] [内存消耗：3,343.95kb] [文件加载：54]
[ info ] [ LANG ] /www/web/yuewu/public_html/thinkphp/lang/zh-cn.php
[ info ] [ ROUTE ] array (
  'type' => 'module',
  'module' => 
  array (
    0 => 'api',
    1 => 'user',
    2 => 'user_videos_comments',
  ),
)
[ info ] [ HEADER ] array (
  'host' => 'yuewu.dazhu-ltd.cn',
  'user-agent' => 'Mozilla/5.0 (Windows NT 10.0; Win64; x64) AppleWebKit/537.36 (KHTML, like Gecko) Chrome/70.0.3538.77 Safari/537.36',
  'content-length' => '348',
  'accept' => '*/*',
  'accept-encoding' => 'gzip, deflate',
  'accept-language' => 'zh-CN,zh;q=0.9',
  'content-type' => 'multipart/form-data; boundary=----WebKitFormBoundarybGSvr3AXLnBfc00h',
  'origin' => 'chrome-extension://geobniafmelcledgickglbajofpkllpl',
  'proxy-connection' => 'keep-alive',
  'x-lantern-version' => '4.9.0',
)
[ info ] [ PARAM ] array (
  'user_token' => '456',
  'file_id' => '1',
  'comments_content' => '评论',
)
[ info ] [ RUN ] app\api\controller\User->user_videos_comments[ /www/web/yuewu/public_html/application/api/controller/User.php ]
[ info ] [ DB ] INIT mysql
[ info ] [ LOG ] INIT File
[ sql ] [ DB ] CONNECT:[ UseTime:0.001592s ] mysql:host=114.115.205.226;port=3306;dbname=yuewu;charset=utf8
[ sql ] [ SQL ] SHOW COLUMNS FROM `yw_user` [ RunTime:0.001298s ]
[ sql ] [ SQL ] SELECT `user_id`,`user_name`,`user_sex`,`user_role`,`user_portrait`,`user_signature`,`user_token`,`user_status`,`user_false_delete` FROM `yw_user` WHERE  `user_token` = '456' LIMIT 1 [ RunTime:0.000906s ]
[ error ] [8]未定义变量: 2[/www/web/yuewu/public_html/application/api/controller/User.php:283]
---------------------------------------------------------------
[ 2018-11-23T20:11:49+08:00 ] 220.115.30.158 POST /index.php/api/user/user_videos_comments.html
[ info ] yuewu.dazhu-ltd.cn/index.php/api/user/user_videos_comments.html [运行时间：0.029045s][吞吐率：34.43req/s] [内存消耗：3,280.45kb] [文件加载：50]
[ info ] [ LANG ] /www/web/yuewu/public_html/thinkphp/lang/zh-cn.php
[ info ] [ ROUTE ] array (
  'type' => 'module',
  'module' => 
  array (
    0 => 'api',
    1 => 'user',
    2 => 'user_videos_comments',
  ),
)
[ info ] [ HEADER ] array (
  'host' => 'yuewu.dazhu-ltd.cn',
  'user-agent' => 'Mozilla/5.0 (Windows NT 10.0; Win64; x64) AppleWebKit/537.36 (KHTML, like Gecko) Chrome/70.0.3538.77 Safari/537.36',
  'content-length' => '348',
  'accept' => '*/*',
  'accept-encoding' => 'gzip, deflate',
  'accept-language' => 'zh-CN,zh;q=0.9',
  'content-type' => 'multipart/form-data; boundary=----WebKitFormBoundary9au8FuVGvLto31aF',
  'origin' => 'chrome-extension://geobniafmelcledgickglbajofpkllpl',
  'proxy-connection' => 'keep-alive',
  'x-lantern-version' => '4.9.0',
)
[ info ] [ PARAM ] array (
  'user_token' => '456',
  'file_id' => '1',
  'comments_content' => '评论',
)
[ info ] [ RUN ] app\api\controller\User->user_videos_comments[ /www/web/yuewu/public_html/application/api/controller/User.php ]
[ info ] [ DB ] INIT mysql
[ info ] [ LOG ] INIT File
[ sql ] [ DB ] CONNECT:[ UseTime:0.001739s ] mysql:host=114.115.205.226;port=3306;dbname=yuewu;charset=utf8
[ sql ] [ SQL ] SHOW COLUMNS FROM `yw_user` [ RunTime:0.001373s ]
[ sql ] [ SQL ] SELECT `user_id`,`user_name`,`user_sex`,`user_role`,`user_portrait`,`user_signature`,`user_token`,`user_status`,`user_false_delete` FROM `yw_user` WHERE  `user_token` = '456' LIMIT 1 [ RunTime:0.000831s ]
[ sql ] [ SQL ] SHOW COLUMNS FROM `yw_comments` [ RunTime:0.001128s ]
[ sql ] [ SQL ] INSERT INTO `yw_comments` (`user_id` , `file_id` , `comments_content` , `comments_creattime`) VALUES (2 , 1 , '评论' , 1542975109) [ RunTime:0.000874s ]
---------------------------------------------------------------
[ 2018-11-23T21:12:57+08:00 ] 220.115.30.158 POST /index.php/api/user/user_attention_teacher.html
[ info ] yuewu.dazhu-ltd.cn/index.php/api/user/user_attention_teacher.html [运行时间：0.031229s][吞吐率：32.02req/s] [内存消耗：3,350.25kb] [文件加载：55]
[ info ] [ LANG ] /www/web/yuewu/public_html/thinkphp/lang/zh-cn.php
[ info ] [ ROUTE ] array (
  'type' => 'module',
  'module' => 
  array (
    0 => 'api',
    1 => 'user',
    2 => 'user_attention_teacher',
  ),
)
[ info ] [ HEADER ] array (
  'host' => 'yuewu.dazhu-ltd.cn',
  'user-agent' => 'Mozilla/5.0 (Windows NT 10.0; Win64; x64) AppleWebKit/537.36 (KHTML, like Gecko) Chrome/70.0.3538.77 Safari/537.36',
  'content-length' => '144',
  'accept' => '*/*',
  'accept-encoding' => 'gzip, deflate',
  'accept-language' => 'zh-CN,zh;q=0.9',
  'content-type' => 'multipart/form-data; boundary=----WebKitFormBoundaryfPrE2PBbLZJhii4f',
  'origin' => 'chrome-extension://geobniafmelcledgickglbajofpkllpl',
  'proxy-connection' => 'keep-alive',
  'x-lantern-version' => '4.9.0',
)
[ info ] [ PARAM ] array (
  'user_token' => '456',
)
[ info ] [ RUN ] app\api\controller\User->user_attention_teacher[ /www/web/yuewu/public_html/application/api/controller/User.php ]
[ info ] [ DB ] INIT mysql
[ info ] [ LOG ] INIT File
[ sql ] [ DB ] CONNECT:[ UseTime:0.001619s ] mysql:host=114.115.205.226;port=3306;dbname=yuewu;charset=utf8
[ sql ] [ SQL ] SHOW COLUMNS FROM `yw_user` [ RunTime:0.001417s ]
[ sql ] [ SQL ] SELECT `user_id`,`user_name`,`user_sex`,`user_role`,`user_portrait`,`user_signature`,`user_token`,`user_status`,`user_false_delete` FROM `yw_user` WHERE  `user_token` = '456' LIMIT 1 [ RunTime:0.000989s ]
[ sql ] [ SQL ] SHOW COLUMNS FROM `yw_attention` [ RunTime:0.001186s ]
[ error ] [10501]SQLSTATE[42S22]: Column not found: 1054 Unknown column 'user_id' in 'where clause'[/www/web/yuewu/public_html/thinkphp/library/think/db/Connection.php:390]
---------------------------------------------------------------
[ 2018-11-23T21:14:41+08:00 ] 220.115.30.158 POST /index.php/api/user/user_attention_teacher.html
[ info ] yuewu.dazhu-ltd.cn/index.php/api/user/user_attention_teacher.html [运行时间：0.029470s][吞吐率：33.93req/s] [内存消耗：3,299.03kb] [文件加载：50]
[ info ] [ LANG ] /www/web/yuewu/public_html/thinkphp/lang/zh-cn.php
[ info ] [ ROUTE ] array (
  'type' => 'module',
  'module' => 
  array (
    0 => 'api',
    1 => 'user',
    2 => 'user_attention_teacher',
  ),
)
[ info ] [ HEADER ] array (
  'host' => 'yuewu.dazhu-ltd.cn',
  'user-agent' => 'Mozilla/5.0 (Windows NT 10.0; Win64; x64) AppleWebKit/537.36 (KHTML, like Gecko) Chrome/70.0.3538.77 Safari/537.36',
  'content-length' => '144',
  'accept' => '*/*',
  'accept-encoding' => 'gzip, deflate',
  'accept-language' => 'zh-CN,zh;q=0.9',
  'content-type' => 'multipart/form-data; boundary=----WebKitFormBoundaryVL5jWCUrU4QQ40QX',
  'origin' => 'chrome-extension://geobniafmelcledgickglbajofpkllpl',
  'proxy-connection' => 'keep-alive',
  'x-lantern-version' => '4.9.0',
)
[ info ] [ PARAM ] array (
  'user_token' => '456',
)
[ info ] [ RUN ] app\api\controller\User->user_attention_teacher[ /www/web/yuewu/public_html/application/api/controller/User.php ]
[ info ] [ DB ] INIT mysql
[ info ] [ LOG ] INIT File
[ sql ] [ DB ] CONNECT:[ UseTime:0.001735s ] mysql:host=114.115.205.226;port=3306;dbname=yuewu;charset=utf8
[ sql ] [ SQL ] SHOW COLUMNS FROM `yw_user` [ RunTime:0.001309s ]
[ sql ] [ SQL ] SELECT `user_id`,`user_name`,`user_sex`,`user_role`,`user_portrait`,`user_signature`,`user_token`,`user_status`,`user_false_delete` FROM `yw_user` WHERE  `user_token` = '456' LIMIT 1 [ RunTime:0.000927s ]
[ sql ] [ SQL ] SHOW COLUMNS FROM `yw_attention` [ RunTime:0.001173s ]
[ sql ] [ SQL ] SELECT * FROM `yw_attention` `a` LEFT JOIN `yw_user_teacher` `b` ON `a`.`fid`=`b`.`user_teacher_id` WHERE  `uid` = 2  AND `attention_identity` = 1 [ RunTime:0.001018s ]
---------------------------------------------------------------
[ 2018-11-23T21:14:44+08:00 ] 220.115.30.158 POST /index.php/api/user/user_attention_teacher.html
[ info ] yuewu.dazhu-ltd.cn/index.php/api/user/user_attention_teacher.html [运行时间：0.028993s][吞吐率：34.49req/s] [内存消耗：3,299.03kb] [文件加载：50]
[ info ] [ LANG ] /www/web/yuewu/public_html/thinkphp/lang/zh-cn.php
[ info ] [ ROUTE ] array (
  'type' => 'module',
  'module' => 
  array (
    0 => 'api',
    1 => 'user',
    2 => 'user_attention_teacher',
  ),
)
[ info ] [ HEADER ] array (
  'host' => 'yuewu.dazhu-ltd.cn',
  'user-agent' => 'Mozilla/5.0 (Windows NT 10.0; Win64; x64) AppleWebKit/537.36 (KHTML, like Gecko) Chrome/70.0.3538.77 Safari/537.36',
  'content-length' => '144',
  'accept' => '*/*',
  'accept-encoding' => 'gzip, deflate',
  'accept-language' => 'zh-CN,zh;q=0.9',
  'content-type' => 'multipart/form-data; boundary=----WebKitFormBoundaryuALcDnIcBsNyGFaB',
  'origin' => 'chrome-extension://geobniafmelcledgickglbajofpkllpl',
  'proxy-connection' => 'keep-alive',
  'x-lantern-version' => '4.9.0',
)
[ info ] [ PARAM ] array (
  'user_token' => '456',
)
[ info ] [ RUN ] app\api\controller\User->user_attention_teacher[ /www/web/yuewu/public_html/application/api/controller/User.php ]
[ info ] [ DB ] INIT mysql
[ info ] [ LOG ] INIT File
[ sql ] [ DB ] CONNECT:[ UseTime:0.001481s ] mysql:host=114.115.205.226;port=3306;dbname=yuewu;charset=utf8
[ sql ] [ SQL ] SHOW COLUMNS FROM `yw_user` [ RunTime:0.001277s ]
[ sql ] [ SQL ] SELECT `user_id`,`user_name`,`user_sex`,`user_role`,`user_portrait`,`user_signature`,`user_token`,`user_status`,`user_false_delete` FROM `yw_user` WHERE  `user_token` = '456' LIMIT 1 [ RunTime:0.001023s ]
[ sql ] [ SQL ] SHOW COLUMNS FROM `yw_attention` [ RunTime:0.001175s ]
[ sql ] [ SQL ] SELECT * FROM `yw_attention` `a` LEFT JOIN `yw_user_teacher` `b` ON `a`.`fid`=`b`.`user_teacher_id` WHERE  `uid` = 2  AND `attention_identity` = 1 [ RunTime:0.000966s ]
---------------------------------------------------------------
[ 2018-11-23T21:14:45+08:00 ] 220.115.30.158 POST /index.php/api/user/user_attention_teacher.html
[ info ] yuewu.dazhu-ltd.cn/index.php/api/user/user_attention_teacher.html [运行时间：0.029574s][吞吐率：33.81req/s] [内存消耗：3,299.03kb] [文件加载：50]
[ info ] [ LANG ] /www/web/yuewu/public_html/thinkphp/lang/zh-cn.php
[ info ] [ ROUTE ] array (
  'type' => 'module',
  'module' => 
  array (
    0 => 'api',
    1 => 'user',
    2 => 'user_attention_teacher',
  ),
)
[ info ] [ HEADER ] array (
  'host' => 'yuewu.dazhu-ltd.cn',
  'user-agent' => 'Mozilla/5.0 (Windows NT 10.0; Win64; x64) AppleWebKit/537.36 (KHTML, like Gecko) Chrome/70.0.3538.77 Safari/537.36',
  'content-length' => '144',
  'accept' => '*/*',
  'accept-encoding' => 'gzip, deflate',
  'accept-language' => 'zh-CN,zh;q=0.9',
  'content-type' => 'multipart/form-data; boundary=----WebKitFormBoundaryHQgRL4PX9a6A4lT6',
  'origin' => 'chrome-extension://geobniafmelcledgickglbajofpkllpl',
  'proxy-connection' => 'keep-alive',
  'x-lantern-version' => '4.9.0',
)
[ info ] [ PARAM ] array (
  'user_token' => '456',
)
[ info ] [ RUN ] app\api\controller\User->user_attention_teacher[ /www/web/yuewu/public_html/application/api/controller/User.php ]
[ info ] [ DB ] INIT mysql
[ info ] [ LOG ] INIT File
[ sql ] [ DB ] CONNECT:[ UseTime:0.001634s ] mysql:host=114.115.205.226;port=3306;dbname=yuewu;charset=utf8
[ sql ] [ SQL ] SHOW COLUMNS FROM `yw_user` [ RunTime:0.001357s ]
[ sql ] [ SQL ] SELECT `user_id`,`user_name`,`user_sex`,`user_role`,`user_portrait`,`user_signature`,`user_token`,`user_status`,`user_false_delete` FROM `yw_user` WHERE  `user_token` = '456' LIMIT 1 [ RunTime:0.001021s ]
[ sql ] [ SQL ] SHOW COLUMNS FROM `yw_attention` [ RunTime:0.001204s ]
[ sql ] [ SQL ] SELECT * FROM `yw_attention` `a` LEFT JOIN `yw_user_teacher` `b` ON `a`.`fid`=`b`.`user_teacher_id` WHERE  `uid` = 2  AND `attention_identity` = 1 [ RunTime:0.001009s ]
---------------------------------------------------------------
[ 2018-11-23T21:14:45+08:00 ] 220.115.30.158 POST /index.php/api/user/user_attention_teacher.html
[ info ] yuewu.dazhu-ltd.cn/index.php/api/user/user_attention_teacher.html [运行时间：0.029488s][吞吐率：33.91req/s] [内存消耗：3,299.03kb] [文件加载：50]
[ info ] [ LANG ] /www/web/yuewu/public_html/thinkphp/lang/zh-cn.php
[ info ] [ ROUTE ] array (
  'type' => 'module',
  'module' => 
  array (
    0 => 'api',
    1 => 'user',
    2 => 'user_attention_teacher',
  ),
)
[ info ] [ HEADER ] array (
  'host' => 'yuewu.dazhu-ltd.cn',
  'user-agent' => 'Mozilla/5.0 (Windows NT 10.0; Win64; x64) AppleWebKit/537.36 (KHTML, like Gecko) Chrome/70.0.3538.77 Safari/537.36',
  'content-length' => '144',
  'accept' => '*/*',
  'accept-encoding' => 'gzip, deflate',
  'accept-language' => 'zh-CN,zh;q=0.9',
  'content-type' => 'multipart/form-data; boundary=----WebKitFormBoundary3OxKKDOsVbLpwmpZ',
  'origin' => 'chrome-extension://geobniafmelcledgickglbajofpkllpl',
  'proxy-connection' => 'keep-alive',
  'x-lantern-version' => '4.9.0',
)
[ info ] [ PARAM ] array (
  'user_token' => '456',
)
[ info ] [ RUN ] app\api\controller\User->user_attention_teacher[ /www/web/yuewu/public_html/application/api/controller/User.php ]
[ info ] [ DB ] INIT mysql
[ info ] [ LOG ] INIT File
[ sql ] [ DB ] CONNECT:[ UseTime:0.001615s ] mysql:host=114.115.205.226;port=3306;dbname=yuewu;charset=utf8
[ sql ] [ SQL ] SHOW COLUMNS FROM `yw_user` [ RunTime:0.001275s ]
[ sql ] [ SQL ] SELECT `user_id`,`user_name`,`user_sex`,`user_role`,`user_portrait`,`user_signature`,`user_token`,`user_status`,`user_false_delete` FROM `yw_user` WHERE  `user_token` = '456' LIMIT 1 [ RunTime:0.000870s ]
[ sql ] [ SQL ] SHOW COLUMNS FROM `yw_attention` [ RunTime:0.001157s ]
[ sql ] [ SQL ] SELECT * FROM `yw_attention` `a` LEFT JOIN `yw_user_teacher` `b` ON `a`.`fid`=`b`.`user_teacher_id` WHERE  `uid` = 2  AND `attention_identity` = 1 [ RunTime:0.001018s ]
---------------------------------------------------------------
[ 2018-11-23T21:15:28+08:00 ] 220.115.30.158 POST /index.php/api/user/user_attention_teacher.html
[ info ] yuewu.dazhu-ltd.cn/index.php/api/user/user_attention_teacher.html [运行时间：0.030116s][吞吐率：33.20req/s] [内存消耗：3,299.03kb] [文件加载：50]
[ info ] [ LANG ] /www/web/yuewu/public_html/thinkphp/lang/zh-cn.php
[ info ] [ ROUTE ] array (
  'type' => 'module',
  'module' => 
  array (
    0 => 'api',
    1 => 'user',
    2 => 'user_attention_teacher',
  ),
)
[ info ] [ HEADER ] array (
  'host' => 'yuewu.dazhu-ltd.cn',
  'user-agent' => 'Mozilla/5.0 (Windows NT 10.0; Win64; x64) AppleWebKit/537.36 (KHTML, like Gecko) Chrome/70.0.3538.77 Safari/537.36',
  'content-length' => '144',
  'accept' => '*/*',
  'accept-encoding' => 'gzip, deflate',
  'accept-language' => 'zh-CN,zh;q=0.9',
  'content-type' => 'multipart/form-data; boundary=----WebKitFormBoundaryFavZH6sP8ixADhXf',
  'origin' => 'chrome-extension://geobniafmelcledgickglbajofpkllpl',
  'proxy-connection' => 'keep-alive',
  'x-lantern-version' => '4.9.0',
)
[ info ] [ PARAM ] array (
  'user_token' => '456',
)
[ info ] [ RUN ] app\api\controller\User->user_attention_teacher[ /www/web/yuewu/public_html/application/api/controller/User.php ]
[ info ] [ DB ] INIT mysql
[ info ] [ LOG ] INIT File
[ sql ] [ DB ] CONNECT:[ UseTime:0.001635s ] mysql:host=114.115.205.226;port=3306;dbname=yuewu;charset=utf8
[ sql ] [ SQL ] SHOW COLUMNS FROM `yw_user` [ RunTime:0.001460s ]
[ sql ] [ SQL ] SELECT `user_id`,`user_name`,`user_sex`,`user_role`,`user_portrait`,`user_signature`,`user_token`,`user_status`,`user_false_delete` FROM `yw_user` WHERE  `user_token` = '456' LIMIT 1 [ RunTime:0.001114s ]
[ sql ] [ SQL ] SHOW COLUMNS FROM `yw_attention` [ RunTime:0.001170s ]
[ sql ] [ SQL ] SELECT * FROM `yw_attention` `a` LEFT JOIN `yw_user_teacher` `b` ON `a`.`fid`=`b`.`user_teacher_id` WHERE  `uid` = 2  AND `attention_identity` = 1 [ RunTime:0.001022s ]
---------------------------------------------------------------
[ 2018-11-23T21:15:34+08:00 ] 220.115.30.158 POST /index.php/api/user/user_attention_teacher.html
[ info ] yuewu.dazhu-ltd.cn/index.php/api/user/user_attention_teacher.html [运行时间：0.029443s][吞吐率：33.96req/s] [内存消耗：3,299.03kb] [文件加载：50]
[ info ] [ LANG ] /www/web/yuewu/public_html/thinkphp/lang/zh-cn.php
[ info ] [ ROUTE ] array (
  'type' => 'module',
  'module' => 
  array (
    0 => 'api',
    1 => 'user',
    2 => 'user_attention_teacher',
  ),
)
[ info ] [ HEADER ] array (
  'host' => 'yuewu.dazhu-ltd.cn',
  'user-agent' => 'Mozilla/5.0 (Windows NT 10.0; Win64; x64) AppleWebKit/537.36 (KHTML, like Gecko) Chrome/70.0.3538.77 Safari/537.36',
  'content-length' => '144',
  'accept' => '*/*',
  'accept-encoding' => 'gzip, deflate',
  'accept-language' => 'zh-CN,zh;q=0.9',
  'content-type' => 'multipart/form-data; boundary=----WebKitFormBoundaryiGBGvEJTncg9qE23',
  'origin' => 'chrome-extension://geobniafmelcledgickglbajofpkllpl',
  'proxy-connection' => 'keep-alive',
  'x-lantern-version' => '4.9.0',
)
[ info ] [ PARAM ] array (
  'user_token' => '456',
)
[ info ] [ RUN ] app\api\controller\User->user_attention_teacher[ /www/web/yuewu/public_html/application/api/controller/User.php ]
[ info ] [ DB ] INIT mysql
[ info ] [ LOG ] INIT File
[ sql ] [ DB ] CONNECT:[ UseTime:0.001633s ] mysql:host=114.115.205.226;port=3306;dbname=yuewu;charset=utf8
[ sql ] [ SQL ] SHOW COLUMNS FROM `yw_user` [ RunTime:0.001421s ]
[ sql ] [ SQL ] SELECT `user_id`,`user_name`,`user_sex`,`user_role`,`user_portrait`,`user_signature`,`user_token`,`user_status`,`user_false_delete` FROM `yw_user` WHERE  `user_token` = '456' LIMIT 1 [ RunTime:0.001100s ]
[ sql ] [ SQL ] SHOW COLUMNS FROM `yw_attention` [ RunTime:0.001141s ]
[ sql ] [ SQL ] SELECT * FROM `yw_attention` `a` LEFT JOIN `yw_user_teacher` `b` ON `a`.`fid`=`b`.`user_teacher_id` WHERE  `uid` = 2  AND `attention_identity` = 1 [ RunTime:0.000984s ]
---------------------------------------------------------------
[ 2018-11-23T21:15:44+08:00 ] 220.115.30.158 POST /index.php/api/user/user_attention_teacher.html
[ info ] yuewu.dazhu-ltd.cn/index.php/api/user/user_attention_teacher.html [运行时间：0.030126s][吞吐率：33.19req/s] [内存消耗：3,299.03kb] [文件加载：50]
[ info ] [ LANG ] /www/web/yuewu/public_html/thinkphp/lang/zh-cn.php
[ info ] [ ROUTE ] array (
  'type' => 'module',
  'module' => 
  array (
    0 => 'api',
    1 => 'user',
    2 => 'user_attention_teacher',
  ),
)
[ info ] [ HEADER ] array (
  'host' => 'yuewu.dazhu-ltd.cn',
  'user-agent' => 'Mozilla/5.0 (Windows NT 10.0; Win64; x64) AppleWebKit/537.36 (KHTML, like Gecko) Chrome/70.0.3538.77 Safari/537.36',
  'content-length' => '144',
  'accept' => '*/*',
  'accept-encoding' => 'gzip, deflate',
  'accept-language' => 'zh-CN,zh;q=0.9',
  'content-type' => 'multipart/form-data; boundary=----WebKitFormBoundaryJiWELqFZZCVrgaAG',
  'origin' => 'chrome-extension://geobniafmelcledgickglbajofpkllpl',
  'proxy-connection' => 'keep-alive',
  'x-lantern-version' => '4.9.0',
)
[ info ] [ PARAM ] array (
  'user_token' => '456',
)
[ info ] [ RUN ] app\api\controller\User->user_attention_teacher[ /www/web/yuewu/public_html/application/api/controller/User.php ]
[ info ] [ DB ] INIT mysql
[ info ] [ LOG ] INIT File
[ sql ] [ DB ] CONNECT:[ UseTime:0.001754s ] mysql:host=114.115.205.226;port=3306;dbname=yuewu;charset=utf8
[ sql ] [ SQL ] SHOW COLUMNS FROM `yw_user` [ RunTime:0.001485s ]
[ sql ] [ SQL ] SELECT `user_id`,`user_name`,`user_sex`,`user_role`,`user_portrait`,`user_signature`,`user_token`,`user_status`,`user_false_delete` FROM `yw_user` WHERE  `user_token` = '456' LIMIT 1 [ RunTime:0.000996s ]
[ sql ] [ SQL ] SHOW COLUMNS FROM `yw_attention` [ RunTime:0.001216s ]
[ sql ] [ SQL ] SELECT * FROM `yw_attention` `a` LEFT JOIN `yw_user_teacher` `b` ON `a`.`fid`=`b`.`user_teacher_id` WHERE  `uid` = 2  AND `attention_identity` = 1 [ RunTime:0.001070s ]
---------------------------------------------------------------
[ 2018-11-23T21:16:06+08:00 ] 220.115.30.158 POST /index.php/api/user/user_attention_teacher.html
[ info ] yuewu.dazhu-ltd.cn/index.php/api/user/user_attention_teacher.html [运行时间：0.029273s][吞吐率：34.16req/s] [内存消耗：3,300.18kb] [文件加载：50]
[ info ] [ LANG ] /www/web/yuewu/public_html/thinkphp/lang/zh-cn.php
[ info ] [ ROUTE ] array (
  'type' => 'module',
  'module' => 
  array (
    0 => 'api',
    1 => 'user',
    2 => 'user_attention_teacher',
  ),
)
[ info ] [ HEADER ] array (
  'host' => 'yuewu.dazhu-ltd.cn',
  'user-agent' => 'Mozilla/5.0 (Windows NT 10.0; Win64; x64) AppleWebKit/537.36 (KHTML, like Gecko) Chrome/70.0.3538.77 Safari/537.36',
  'content-length' => '144',
  'accept' => '*/*',
  'accept-encoding' => 'gzip, deflate',
  'accept-language' => 'zh-CN,zh;q=0.9',
  'content-type' => 'multipart/form-data; boundary=----WebKitFormBoundarymoT5lXQhnyWImvXv',
  'origin' => 'chrome-extension://geobniafmelcledgickglbajofpkllpl',
  'proxy-connection' => 'keep-alive',
  'x-lantern-version' => '4.9.0',
)
[ info ] [ PARAM ] array (
  'user_token' => '456',
)
[ info ] [ RUN ] app\api\controller\User->user_attention_teacher[ /www/web/yuewu/public_html/application/api/controller/User.php ]
[ info ] [ DB ] INIT mysql
[ info ] [ LOG ] INIT File
[ sql ] [ DB ] CONNECT:[ UseTime:0.001916s ] mysql:host=114.115.205.226;port=3306;dbname=yuewu;charset=utf8
[ sql ] [ SQL ] SHOW COLUMNS FROM `yw_user` [ RunTime:0.001266s ]
[ sql ] [ SQL ] SELECT `user_id`,`user_name`,`user_sex`,`user_role`,`user_portrait`,`user_signature`,`user_token`,`user_status`,`user_false_delete` FROM `yw_user` WHERE  `user_token` = '456' LIMIT 1 [ RunTime:0.000881s ]
[ sql ] [ SQL ] SHOW COLUMNS FROM `yw_attention` [ RunTime:0.001051s ]
[ sql ] [ SQL ] SELECT * FROM `yw_attention` `a` LEFT JOIN `yw_user_teacher` `b` ON `a`.`fid`=`b`.`user_teacher_id` WHERE  `uid` = 2  AND `attention_identity` = 1 [ RunTime:0.000976s ]
---------------------------------------------------------------
[ 2018-11-23T21:20:56+08:00 ] 220.115.30.158 POST /index.php/api/user/user_attention_teacher.html
[ info ] yuewu.dazhu-ltd.cn/index.php/api/user/user_attention_teacher.html [运行时间：0.029602s][吞吐率：33.78req/s] [内存消耗：3,300.46kb] [文件加载：50]
[ info ] [ LANG ] /www/web/yuewu/public_html/thinkphp/lang/zh-cn.php
[ info ] [ ROUTE ] array (
  'type' => 'module',
  'module' => 
  array (
    0 => 'api',
    1 => 'user',
    2 => 'user_attention_teacher',
  ),
)
[ info ] [ HEADER ] array (
  'host' => 'yuewu.dazhu-ltd.cn',
  'user-agent' => 'Mozilla/5.0 (Windows NT 10.0; Win64; x64) AppleWebKit/537.36 (KHTML, like Gecko) Chrome/70.0.3538.77 Safari/537.36',
  'content-length' => '144',
  'accept' => '*/*',
  'accept-encoding' => 'gzip, deflate',
  'accept-language' => 'zh-CN,zh;q=0.9',
  'content-type' => 'multipart/form-data; boundary=----WebKitFormBoundaryDt3Q60vrY8w9m5aq',
  'origin' => 'chrome-extension://geobniafmelcledgickglbajofpkllpl',
  'proxy-connection' => 'keep-alive',
  'x-lantern-version' => '4.9.0',
)
[ info ] [ PARAM ] array (
  'user_token' => '456',
)
[ info ] [ RUN ] app\api\controller\User->user_attention_teacher[ /www/web/yuewu/public_html/application/api/controller/User.php ]
[ info ] [ DB ] INIT mysql
[ info ] [ LOG ] INIT File
[ sql ] [ DB ] CONNECT:[ UseTime:0.001922s ] mysql:host=114.115.205.226;port=3306;dbname=yuewu;charset=utf8
[ sql ] [ SQL ] SHOW COLUMNS FROM `yw_user` [ RunTime:0.001386s ]
[ sql ] [ SQL ] SELECT `user_id`,`user_name`,`user_sex`,`user_role`,`user_portrait`,`user_signature`,`user_token`,`user_status`,`user_false_delete` FROM `yw_user` WHERE  `user_token` = '456' LIMIT 1 [ RunTime:0.000975s ]
[ sql ] [ SQL ] SHOW COLUMNS FROM `yw_attention` [ RunTime:0.001202s ]
[ sql ] [ SQL ] SELECT * FROM `yw_attention` `a` LEFT JOIN `yw_user_teacher` `b` ON `a`.`fid`=`b`.`user_teacher_id` WHERE  `uid` = 2  AND `attention_identity` = 1 [ RunTime:0.001006s ]
---------------------------------------------------------------
[ 2018-11-23T21:23:03+08:00 ] 220.115.30.158 POST /index.php/api/user/user_attention_teacher.html
[ info ] yuewu.dazhu-ltd.cn/index.php/api/user/user_attention_teacher.html [运行时间：0.047949s][吞吐率：20.86req/s] [内存消耗：3,300.52kb] [文件加载：50]
[ info ] [ LANG ] /www/web/yuewu/public_html/thinkphp/lang/zh-cn.php
[ info ] [ ROUTE ] array (
  'type' => 'module',
  'module' => 
  array (
    0 => 'api',
    1 => 'user',
    2 => 'user_attention_teacher',
  ),
)
[ info ] [ HEADER ] array (
  'host' => 'yuewu.dazhu-ltd.cn',
  'user-agent' => 'Mozilla/5.0 (Windows NT 10.0; Win64; x64) AppleWebKit/537.36 (KHTML, like Gecko) Chrome/70.0.3538.77 Safari/537.36',
  'content-length' => '144',
  'accept' => '*/*',
  'accept-encoding' => 'gzip, deflate',
  'accept-language' => 'zh-CN,zh;q=0.9',
  'content-type' => 'multipart/form-data; boundary=----WebKitFormBoundaryArTWOPoaAzve6FBM',
  'origin' => 'chrome-extension://geobniafmelcledgickglbajofpkllpl',
  'proxy-connection' => 'keep-alive',
  'x-lantern-version' => '4.9.0',
)
[ info ] [ PARAM ] array (
  'user_token' => '456',
)
[ info ] [ RUN ] app\api\controller\User->user_attention_teacher[ /www/web/yuewu/public_html/application/api/controller/User.php ]
[ info ] [ DB ] INIT mysql
[ info ] [ LOG ] INIT File
[ sql ] [ DB ] CONNECT:[ UseTime:0.006179s ] mysql:host=114.115.205.226;port=3306;dbname=yuewu;charset=utf8
[ sql ] [ SQL ] SHOW COLUMNS FROM `yw_user` [ RunTime:0.001970s ]
[ sql ] [ SQL ] SELECT `user_id`,`user_name`,`user_sex`,`user_role`,`user_portrait`,`user_signature`,`user_token`,`user_status`,`user_false_delete` FROM `yw_user` WHERE  `user_token` = '456' LIMIT 1 [ RunTime:0.009336s ]
[ sql ] [ SQL ] SHOW COLUMNS FROM `yw_attention` [ RunTime:0.001867s ]
[ sql ] [ SQL ] SELECT * FROM `yw_attention` `a` LEFT JOIN `yw_user_teacher` `b` ON `a`.`fid`=`b`.`user_teacher_id` WHERE  `uid` = 2  AND `attention_identity` = 1 [ RunTime:0.005323s ]
---------------------------------------------------------------
[ 2018-11-23T21:25:52+08:00 ] 220.115.30.158 POST /index.php/api/user/user_attention_teacher.html
[ info ] yuewu.dazhu-ltd.cn/index.php/api/user/user_attention_teacher.html [运行时间：0.029229s][吞吐率：34.21req/s] [内存消耗：3,292.29kb] [文件加载：50]
[ info ] [ LANG ] /www/web/yuewu/public_html/thinkphp/lang/zh-cn.php
[ info ] [ ROUTE ] array (
  'type' => 'module',
  'module' => 
  array (
    0 => 'api',
    1 => 'user',
    2 => 'user_attention_teacher',
  ),
)
[ info ] [ HEADER ] array (
  'host' => 'yuewu.dazhu-ltd.cn',
  'user-agent' => 'Mozilla/5.0 (Windows NT 10.0; Win64; x64) AppleWebKit/537.36 (KHTML, like Gecko) Chrome/70.0.3538.77 Safari/537.36',
  'content-length' => '144',
  'accept' => '*/*',
  'accept-encoding' => 'gzip, deflate',
  'accept-language' => 'zh-CN,zh;q=0.9',
  'content-type' => 'multipart/form-data; boundary=----WebKitFormBoundaryoIcBv5K9wfTFEvlj',
  'origin' => 'chrome-extension://geobniafmelcledgickglbajofpkllpl',
  'proxy-connection' => 'keep-alive',
  'x-lantern-version' => '4.9.0',
)
[ info ] [ PARAM ] array (
  'user_token' => '456',
)
[ info ] [ RUN ] app\api\controller\User->user_attention_teacher[ /www/web/yuewu/public_html/application/api/controller/User.php ]
[ info ] [ DB ] INIT mysql
[ info ] [ LOG ] INIT File
[ sql ] [ DB ] CONNECT:[ UseTime:0.001739s ] mysql:host=114.115.205.226;port=3306;dbname=yuewu;charset=utf8
[ sql ] [ SQL ] SHOW COLUMNS FROM `yw_user` [ RunTime:0.001365s ]
[ sql ] [ SQL ] SELECT `user_id`,`user_name`,`user_sex`,`user_role`,`user_portrait`,`user_signature`,`user_token`,`user_status`,`user_false_delete` FROM `yw_user` WHERE  `user_token` = '456' LIMIT 1 [ RunTime:0.000890s ]
[ sql ] [ SQL ] SHOW COLUMNS FROM `yw_attention` [ RunTime:0.001067s ]
[ sql ] [ SQL ] SELECT `fid`,`user_teacher_id`,`teacher_portrait`,`teacher_name`,`teacher_master`,`teacher_level`,`teacher_intro` FROM `yw_attention` `a` LEFT JOIN `yw_user_teacher` `b` ON `a`.`fid`=`b`.`user_teacher_id` WHERE  `uid` = 2  AND `attention_identity` = 1 [ RunTime:0.000951s ]
---------------------------------------------------------------
[ 2018-11-23T21:26:20+08:00 ] 220.115.30.158 POST /index.php/api/user/user_attention_teacher.html
[ info ] yuewu.dazhu-ltd.cn/index.php/api/user/user_attention_teacher.html [运行时间：0.029161s][吞吐率：34.29req/s] [内存消耗：3,293.09kb] [文件加载：50]
[ info ] [ LANG ] /www/web/yuewu/public_html/thinkphp/lang/zh-cn.php
[ info ] [ ROUTE ] array (
  'type' => 'module',
  'module' => 
  array (
    0 => 'api',
    1 => 'user',
    2 => 'user_attention_teacher',
  ),
)
[ info ] [ HEADER ] array (
  'host' => 'yuewu.dazhu-ltd.cn',
  'user-agent' => 'Mozilla/5.0 (Windows NT 10.0; Win64; x64) AppleWebKit/537.36 (KHTML, like Gecko) Chrome/70.0.3538.77 Safari/537.36',
  'content-length' => '144',
  'accept' => '*/*',
  'accept-encoding' => 'gzip, deflate',
  'accept-language' => 'zh-CN,zh;q=0.9',
  'content-type' => 'multipart/form-data; boundary=----WebKitFormBoundaryTr7NS42rkQcobjHB',
  'origin' => 'chrome-extension://geobniafmelcledgickglbajofpkllpl',
  'proxy-connection' => 'keep-alive',
  'x-lantern-version' => '4.9.0',
)
[ info ] [ PARAM ] array (
  'user_token' => '456',
)
[ info ] [ RUN ] app\api\controller\User->user_attention_teacher[ /www/web/yuewu/public_html/application/api/controller/User.php ]
[ info ] [ DB ] INIT mysql
[ info ] [ LOG ] INIT File
[ sql ] [ DB ] CONNECT:[ UseTime:0.001672s ] mysql:host=114.115.205.226;port=3306;dbname=yuewu;charset=utf8
[ sql ] [ SQL ] SHOW COLUMNS FROM `yw_user` [ RunTime:0.001267s ]
[ sql ] [ SQL ] SELECT `user_id`,`user_name`,`user_sex`,`user_role`,`user_portrait`,`user_signature`,`user_token`,`user_status`,`user_false_delete` FROM `yw_user` WHERE  `user_token` = '456' LIMIT 1 [ RunTime:0.000917s ]
[ sql ] [ SQL ] SHOW COLUMNS FROM `yw_attention` [ RunTime:0.001141s ]
[ sql ] [ SQL ] SELECT `fid`,`user_teacher_id`,`teacher_portrait`,`teacher_name`,`teacher_master`,`teacher_level`,`teacher_intro`,`attention_id` FROM `yw_attention` `a` LEFT JOIN `yw_user_teacher` `b` ON `a`.`fid`=`b`.`user_teacher_id` WHERE  `uid` = 2  AND `attention_identity` = 1 [ RunTime:0.001039s ]
---------------------------------------------------------------
[ 2018-11-23T21:26:53+08:00 ] 220.115.30.158 POST /index.php/api/user/user_attention_teacher.html
[ info ] yuewu.dazhu-ltd.cn/index.php/api/user/user_attention_teacher.html [运行时间：0.029690s][吞吐率：33.68req/s] [内存消耗：3,292.35kb] [文件加载：50]
[ info ] [ LANG ] /www/web/yuewu/public_html/thinkphp/lang/zh-cn.php
[ info ] [ ROUTE ] array (
  'type' => 'module',
  'module' => 
  array (
    0 => 'api',
    1 => 'user',
    2 => 'user_attention_teacher',
  ),
)
[ info ] [ HEADER ] array (
  'host' => 'yuewu.dazhu-ltd.cn',
  'user-agent' => 'Mozilla/5.0 (Windows NT 10.0; Win64; x64) AppleWebKit/537.36 (KHTML, like Gecko) Chrome/70.0.3538.77 Safari/537.36',
  'content-length' => '144',
  'accept' => '*/*',
  'accept-encoding' => 'gzip, deflate',
  'accept-language' => 'zh-CN,zh;q=0.9',
  'content-type' => 'multipart/form-data; boundary=----WebKitFormBoundarymviET4IQAGAhPNo3',
  'origin' => 'chrome-extension://geobniafmelcledgickglbajofpkllpl',
  'proxy-connection' => 'keep-alive',
  'x-lantern-version' => '4.9.0',
)
[ info ] [ PARAM ] array (
  'user_token' => '456',
)
[ info ] [ RUN ] app\api\controller\User->user_attention_teacher[ /www/web/yuewu/public_html/application/api/controller/User.php ]
[ info ] [ DB ] INIT mysql
[ info ] [ LOG ] INIT File
[ sql ] [ DB ] CONNECT:[ UseTime:0.001613s ] mysql:host=114.115.205.226;port=3306;dbname=yuewu;charset=utf8
[ sql ] [ SQL ] SHOW COLUMNS FROM `yw_user` [ RunTime:0.001301s ]
[ sql ] [ SQL ] SELECT `user_id`,`user_name`,`user_sex`,`user_role`,`user_portrait`,`user_signature`,`user_token`,`user_status`,`user_false_delete` FROM `yw_user` WHERE  `user_token` = '456' LIMIT 1 [ RunTime:0.000867s ]
[ sql ] [ SQL ] SHOW COLUMNS FROM `yw_attention` [ RunTime:0.001057s ]
[ sql ] [ SQL ] SELECT `attention_id`,`user_teacher_id`,`teacher_portrait`,`teacher_name`,`teacher_master`,`teacher_level`,`teacher_intro` FROM `yw_attention` `a` LEFT JOIN `yw_user_teacher` `b` ON `a`.`fid`=`b`.`user_teacher_id` WHERE  `uid` = 2  AND `attention_identity` = 1 [ RunTime:0.000924s ]
---------------------------------------------------------------
[ 2018-11-23T21:31:37+08:00 ] 220.115.30.158 POST /index.php/api/user/user_attention_teacher.html
[ info ] yuewu.dazhu-ltd.cn/index.php/api/user/user_attention_teacher.html [运行时间：0.030283s][吞吐率：33.02req/s] [内存消耗：3,299.74kb] [文件加载：50]
[ info ] [ LANG ] /www/web/yuewu/public_html/thinkphp/lang/zh-cn.php
[ info ] [ ROUTE ] array (
  'type' => 'module',
  'module' => 
  array (
    0 => 'api',
    1 => 'user',
    2 => 'user_attention_teacher',
  ),
)
[ info ] [ HEADER ] array (
  'host' => 'yuewu.dazhu-ltd.cn',
  'user-agent' => 'Mozilla/5.0 (Windows NT 10.0; Win64; x64) AppleWebKit/537.36 (KHTML, like Gecko) Chrome/70.0.3538.77 Safari/537.36',
  'content-length' => '144',
  'accept' => '*/*',
  'accept-encoding' => 'gzip, deflate',
  'accept-language' => 'zh-CN,zh;q=0.9',
  'content-type' => 'multipart/form-data; boundary=----WebKitFormBoundaryWPNzB9DKB3IxiWsZ',
  'origin' => 'chrome-extension://geobniafmelcledgickglbajofpkllpl',
  'proxy-connection' => 'keep-alive',
  'x-lantern-version' => '4.9.0',
)
[ info ] [ PARAM ] array (
  'user_token' => '456',
)
[ info ] [ RUN ] app\api\controller\User->user_attention_teacher[ /www/web/yuewu/public_html/application/api/controller/User.php ]
[ info ] [ DB ] INIT mysql
[ info ] [ LOG ] INIT File
[ sql ] [ DB ] CONNECT:[ UseTime:0.001691s ] mysql:host=114.115.205.226;port=3306;dbname=yuewu;charset=utf8
[ sql ] [ SQL ] SHOW COLUMNS FROM `yw_user` [ RunTime:0.001426s ]
[ sql ] [ SQL ] SELECT `user_id`,`user_name`,`user_sex`,`user_role`,`user_portrait`,`user_signature`,`user_token`,`user_status`,`user_false_delete` FROM `yw_user` WHERE  `user_token` = '456' LIMIT 1 [ RunTime:0.000964s ]
[ sql ] [ SQL ] SHOW COLUMNS FROM `yw_attention` [ RunTime:0.001241s ]
[ sql ] [ SQL ] SELECT `attention_id`,`user_teacher_id`,`teacher_portrait`,`teacher_name`,`teacher_master`,`teacher_level`,`teacher_intro` FROM `yw_attention` `a` LEFT JOIN `yw_user_teacher` `b` ON `a`.`fid`=`b`.`user_teacher_id` WHERE  `uid` = 2  AND `attention_identity` = 1 [ RunTime:0.000947s ]
---------------------------------------------------------------
[ 2018-11-23T21:31:51+08:00 ] 220.115.30.158 POST /index.php/api/user/user_attention_organization.html
[ info ] yuewu.dazhu-ltd.cn/index.php/api/user/user_attention_organization.html [运行时间：0.031883s][吞吐率：31.36req/s] [内存消耗：3,373.92kb] [文件加载：54]
[ info ] [ LANG ] /www/web/yuewu/public_html/thinkphp/lang/zh-cn.php
[ info ] [ ROUTE ] array (
  'type' => 'module',
  'module' => 
  array (
    0 => 'api',
    1 => 'user',
    2 => 'user_attention_organization',
  ),
)
[ info ] [ HEADER ] array (
  'host' => 'yuewu.dazhu-ltd.cn',
  'user-agent' => 'Mozilla/5.0 (Windows NT 10.0; Win64; x64) AppleWebKit/537.36 (KHTML, like Gecko) Chrome/70.0.3538.77 Safari/537.36',
  'content-length' => '144',
  'accept' => '*/*',
  'accept-encoding' => 'gzip, deflate',
  'accept-language' => 'zh-CN,zh;q=0.9',
  'content-type' => 'multipart/form-data; boundary=----WebKitFormBoundarypRLbSt3NVmAyRMWu',
  'origin' => 'chrome-extension://geobniafmelcledgickglbajofpkllpl',
  'proxy-connection' => 'keep-alive',
  'x-lantern-version' => '4.9.0',
)
[ info ] [ PARAM ] array (
  'user_token' => '456',
)
[ info ] [ RUN ] app\api\controller\User->user_attention_organization[ /www/web/yuewu/public_html/application/api/controller/User.php ]
[ info ] [ DB ] INIT mysql
[ info ] [ LOG ] INIT File
[ sql ] [ DB ] CONNECT:[ UseTime:0.001722s ] mysql:host=114.115.205.226;port=3306;dbname=yuewu;charset=utf8
[ sql ] [ SQL ] SHOW COLUMNS FROM `yw_user` [ RunTime:0.001438s ]
[ sql ] [ SQL ] SELECT `user_id`,`user_name`,`user_sex`,`user_role`,`user_portrait`,`user_signature`,`user_token`,`user_status`,`user_false_delete` FROM `yw_user` WHERE  `user_token` = '456' LIMIT 1 [ RunTime:0.000995s ]
[ sql ] [ SQL ] SHOW COLUMNS FROM `yw_attention` [ RunTime:0.001299s ]
[ sql ] [ SQL ] SELECT * FROM `yw_attention` `a` LEFT JOIN `yw_organization` `b` ON `a`.`fid`=`b`.`organization_id` WHERE  `uid` = 2  AND `attention_identity` = 2 [ RunTime:0.001177s ]
[ error ] [8]未定义变量: attention_teacher_select[/www/web/yuewu/public_html/application/api/controller/User.php:339]
---------------------------------------------------------------
[ 2018-11-23T21:32:11+08:00 ] 220.115.30.158 POST /index.php/api/user/user_attention_organization.html
[ info ] yuewu.dazhu-ltd.cn/index.php/api/user/user_attention_organization.html [运行时间：0.029032s][吞吐率：34.44req/s] [内存消耗：3,307.92kb] [文件加载：50]
[ info ] [ LANG ] /www/web/yuewu/public_html/thinkphp/lang/zh-cn.php
[ info ] [ ROUTE ] array (
  'type' => 'module',
  'module' => 
  array (
    0 => 'api',
    1 => 'user',
    2 => 'user_attention_organization',
  ),
)
[ info ] [ HEADER ] array (
  'host' => 'yuewu.dazhu-ltd.cn',
  'user-agent' => 'Mozilla/5.0 (Windows NT 10.0; Win64; x64) AppleWebKit/537.36 (KHTML, like Gecko) Chrome/70.0.3538.77 Safari/537.36',
  'content-length' => '144',
  'accept' => '*/*',
  'accept-encoding' => 'gzip, deflate',
  'accept-language' => 'zh-CN,zh;q=0.9',
  'content-type' => 'multipart/form-data; boundary=----WebKitFormBoundary6xR6cfAMDIoyztxU',
  'origin' => 'chrome-extension://geobniafmelcledgickglbajofpkllpl',
  'proxy-connection' => 'keep-alive',
  'x-lantern-version' => '4.9.0',
)
[ info ] [ PARAM ] array (
  'user_token' => '456',
)
[ info ] [ RUN ] app\api\controller\User->user_attention_organization[ /www/web/yuewu/public_html/application/api/controller/User.php ]
[ info ] [ DB ] INIT mysql
[ info ] [ LOG ] INIT File
[ sql ] [ DB ] CONNECT:[ UseTime:0.001614s ] mysql:host=114.115.205.226;port=3306;dbname=yuewu;charset=utf8
[ sql ] [ SQL ] SHOW COLUMNS FROM `yw_user` [ RunTime:0.001294s ]
[ sql ] [ SQL ] SELECT `user_id`,`user_name`,`user_sex`,`user_role`,`user_portrait`,`user_signature`,`user_token`,`user_status`,`user_false_delete` FROM `yw_user` WHERE  `user_token` = '456' LIMIT 1 [ RunTime:0.000872s ]
[ sql ] [ SQL ] SHOW COLUMNS FROM `yw_attention` [ RunTime:0.001086s ]
[ sql ] [ SQL ] SELECT * FROM `yw_attention` `a` LEFT JOIN `yw_organization` `b` ON `a`.`fid`=`b`.`organization_id` WHERE  `uid` = 2  AND `attention_identity` = 2 [ RunTime:0.000984s ]
---------------------------------------------------------------
[ 2018-11-23T21:32:39+08:00 ] 220.115.30.158 POST /index.php/api/user/user_attention_organization.html
[ info ] yuewu.dazhu-ltd.cn/index.php/api/user/user_attention_organization.html [运行时间：0.029534s][吞吐率：33.86req/s] [内存消耗：3,309.76kb] [文件加载：50]
[ info ] [ LANG ] /www/web/yuewu/public_html/thinkphp/lang/zh-cn.php
[ info ] [ ROUTE ] array (
  'type' => 'module',
  'module' => 
  array (
    0 => 'api',
    1 => 'user',
    2 => 'user_attention_organization',
  ),
)
[ info ] [ HEADER ] array (
  'host' => 'yuewu.dazhu-ltd.cn',
  'user-agent' => 'Mozilla/5.0 (Windows NT 10.0; Win64; x64) AppleWebKit/537.36 (KHTML, like Gecko) Chrome/70.0.3538.77 Safari/537.36',
  'content-length' => '144',
  'accept' => '*/*',
  'accept-encoding' => 'gzip, deflate',
  'accept-language' => 'zh-CN,zh;q=0.9',
  'content-type' => 'multipart/form-data; boundary=----WebKitFormBoundary8N1JBeYOMga4MTw4',
  'origin' => 'chrome-extension://geobniafmelcledgickglbajofpkllpl',
  'proxy-connection' => 'keep-alive',
  'x-lantern-version' => '4.9.0',
)
[ info ] [ PARAM ] array (
  'user_token' => '456',
)
[ info ] [ RUN ] app\api\controller\User->user_attention_organization[ /www/web/yuewu/public_html/application/api/controller/User.php ]
[ info ] [ DB ] INIT mysql
[ info ] [ LOG ] INIT File
[ sql ] [ DB ] CONNECT:[ UseTime:0.001622s ] mysql:host=114.115.205.226;port=3306;dbname=yuewu;charset=utf8
[ sql ] [ SQL ] SHOW COLUMNS FROM `yw_user` [ RunTime:0.001383s ]
[ sql ] [ SQL ] SELECT `user_id`,`user_name`,`user_sex`,`user_role`,`user_portrait`,`user_signature`,`user_token`,`user_status`,`user_false_delete` FROM `yw_user` WHERE  `user_token` = '456' LIMIT 1 [ RunTime:0.000955s ]
[ sql ] [ SQL ] SHOW COLUMNS FROM `yw_attention` [ RunTime:0.001215s ]
[ sql ] [ SQL ] SELECT * FROM `yw_attention` `a` LEFT JOIN `yw_organization` `b` ON `a`.`fid`=`b`.`organization_id` WHERE  `uid` = 2  AND `attention_identity` = 2 [ RunTime:0.001138s ]
---------------------------------------------------------------
[ 2018-11-23T21:34:29+08:00 ] 220.115.30.158 POST /index.php/api/user/user_attention_organization.html
[ info ] yuewu.dazhu-ltd.cn/index.php/api/user/user_attention_organization.html [运行时间：0.029417s][吞吐率：33.99req/s] [内存消耗：3,300.53kb] [文件加载：50]
[ info ] [ LANG ] /www/web/yuewu/public_html/thinkphp/lang/zh-cn.php
[ info ] [ ROUTE ] array (
  'type' => 'module',
  'module' => 
  array (
    0 => 'api',
    1 => 'user',
    2 => 'user_attention_organization',
  ),
)
[ info ] [ HEADER ] array (
  'host' => 'yuewu.dazhu-ltd.cn',
  'user-agent' => 'Mozilla/5.0 (Windows NT 10.0; Win64; x64) AppleWebKit/537.36 (KHTML, like Gecko) Chrome/70.0.3538.77 Safari/537.36',
  'content-length' => '144',
  'accept' => '*/*',
  'accept-encoding' => 'gzip, deflate',
  'accept-language' => 'zh-CN,zh;q=0.9',
  'content-type' => 'multipart/form-data; boundary=----WebKitFormBoundaryyAhS4BtHUe9O3WHh',
  'origin' => 'chrome-extension://geobniafmelcledgickglbajofpkllpl',
  'proxy-connection' => 'keep-alive',
  'x-lantern-version' => '4.9.0',
)
[ info ] [ PARAM ] array (
  'user_token' => '456',
)
[ info ] [ RUN ] app\api\controller\User->user_attention_organization[ /www/web/yuewu/public_html/application/api/controller/User.php ]
[ info ] [ DB ] INIT mysql
[ info ] [ LOG ] INIT File
[ sql ] [ DB ] CONNECT:[ UseTime:0.001723s ] mysql:host=114.115.205.226;port=3306;dbname=yuewu;charset=utf8
[ sql ] [ SQL ] SHOW COLUMNS FROM `yw_user` [ RunTime:0.001387s ]
[ sql ] [ SQL ] SELECT `user_id`,`user_name`,`user_sex`,`user_role`,`user_portrait`,`user_signature`,`user_token`,`user_status`,`user_false_delete` FROM `yw_user` WHERE  `user_token` = '456' LIMIT 1 [ RunTime:0.000808s ]
[ sql ] [ SQL ] SHOW COLUMNS FROM `yw_attention` [ RunTime:0.001312s ]
[ sql ] [ SQL ] SELECT `attention_id`,`organization_id`,`organization_name`,`organization_portrait`,`organization_cover`,`organization_site`,`organization_level` FROM `yw_attention` `a` LEFT JOIN `yw_organization` `b` ON `a`.`fid`=`b`.`organization_id` WHERE  `uid` = 2  AND `attention_identity` = 2 [ RunTime:0.001052s ]
---------------------------------------------------------------
[ 2018-11-23T21:35:24+08:00 ] 220.115.30.158 POST /index.php/api/Organization/organization_find.html
[ info ] yuewu.dazhu-ltd.cn/index.php/api/Organization/organization_find.html [运行时间：0.034318s][吞吐率：29.14req/s] [内存消耗：3,253.16kb] [文件加载：50]
[ info ] [ LANG ] /www/web/yuewu/public_html/thinkphp/lang/zh-cn.php
[ info ] [ ROUTE ] array (
  'type' => 'module',
  'module' => 
  array (
    0 => 'api',
    1 => 'Organization',
    2 => 'organization_find',
  ),
)
[ info ] [ HEADER ] array (
  'host' => 'yuewu.dazhu-ltd.cn',
  'user-agent' => 'Mozilla/5.0 (Windows NT 10.0; Win64; x64) AppleWebKit/537.36 (KHTML, like Gecko) Chrome/70.0.3538.77 Safari/537.36',
  'content-length' => '147',
  'accept' => '*/*',
  'accept-encoding' => 'gzip, deflate',
  'accept-language' => 'zh-CN,zh;q=0.9',
  'content-type' => 'multipart/form-data; boundary=----WebKitFormBoundary5ExiJF6IuP8F7QQI',
  'origin' => 'chrome-extension://geobniafmelcledgickglbajofpkllpl',
  'proxy-connection' => 'keep-alive',
  'x-lantern-version' => '4.9.0',
)
[ info ] [ PARAM ] array (
  'organization_id' => '1',
)
[ info ] [ RUN ] app\api\controller\Organization->organization_find[ /www/web/yuewu/public_html/application/api/controller/Organization.php ]
[ info ] [ DB ] INIT mysql
[ info ] [ LOG ] INIT File
[ sql ] [ DB ] CONNECT:[ UseTime:0.001708s ] mysql:host=114.115.205.226;port=3306;dbname=yuewu;charset=utf8
[ sql ] [ SQL ] SHOW COLUMNS FROM `yw_organization` [ RunTime:0.001334s ]
[ sql ] [ SQL ] SELECT `organization_id`,`organization_name`,`organization_cover`,`organization_site`,`organization_facility`,`organization_business_hours`,`organization_level`,`organization_district_id`,`organization_synopsis` FROM `yw_organization` WHERE  `organization_state` = 1  AND `organization_false_delete` = 1 LIMIT 1 [ RunTime:0.000969s ]
[ sql ] [ SQL ] SELECT `c`.`file_content` FROM `yw_organization` `a` LEFT JOIN `yw_file_organization` `b` ON `a`.`organization_id`=`b`.`organization_id` LEFT JOIN `yw_file` `c` ON `b`.`file_id`=`c`.`file_id` WHERE  `c`.`file_state` = 1  AND `c`.`file_false_delete` = 1  AND `a`.`organization_id` = 1 LIMIT 1 [ RunTime:0.000928s ]
[ sql ] [ SQL ] SHOW COLUMNS FROM `yw_invitation` [ RunTime:0.001116s ]
[ sql ] [ SQL ] SELECT `invitation_organization_id`,`invitation_interview_site`,`invitation_interview_time`,`invitation_dance_type`,`invitation_age_demand`,`invitation_explain`,`invitation_organization_picture`,`invitation_organization_picture2` FROM `yw_invitation` WHERE  `invitation_organization_id` = 1 LIMIT 1 [ RunTime:0.000857s ]
[ sql ] [ SQL ] SELECT `c`.`curriculum_id`,`c`.`curriculum_photo`,`c`.`curriculum_name`,`c`.`curriculum_admin`,`c`.`curriculum_difficulty`,`c`.`curriculum_state` FROM `yw_organization` `a` LEFT JOIN `yw_organization_curriculum` `b` ON `a`.`organization_id`=`b`.`organization_id` LEFT JOIN `yw_curriculum` `c` ON `b`.`curriculum_id`=`c`.`curriculum_id` WHERE  `a`.`organization_id` = 1  AND `c`.`curriculum_show` = 1 [ RunTime:0.001007s ]
[ sql ] [ SQL ] SHOW COLUMNS FROM `yw_organization_teacher` [ RunTime:0.001153s ]
[ sql ] [ SQL ] SELECT `organization_teacher_id`,`organization_id`,`teacher_photo`,`teacher_name`,`teacher_level`,`teacher_master`,`teacher_intro` FROM `yw_organization_teacher` WHERE  `organization_id` = 1  AND `teacher_show` = 1 [ RunTime:0.000816s ]
---------------------------------------------------------------
[ 2018-11-23T21:42:18+08:00 ] 220.115.30.158 POST /index.php/api/Teacher/teacher_details.html
[ info ] yuewu.dazhu-ltd.cn/index.php/api/Teacher/teacher_details.html [运行时间：0.028436s][吞吐率：35.17req/s] [内存消耗：3,296.80kb] [文件加载：55]
[ info ] [ LANG ] /www/web/yuewu/public_html/thinkphp/lang/zh-cn.php
[ info ] [ ROUTE ] array (
  'type' => 'module',
  'module' => 
  array (
    0 => 'api',
    1 => 'Teacher',
    2 => 'teacher_details',
  ),
)
[ info ] [ HEADER ] array (
  'host' => 'yuewu.dazhu-ltd.cn',
  'user-agent' => 'Mozilla/5.0 (Windows NT 10.0; Win64; x64) AppleWebKit/537.36 (KHTML, like Gecko) Chrome/70.0.3538.77 Safari/537.36',
  'content-length' => '147',
  'accept' => '*/*',
  'accept-encoding' => 'gzip, deflate',
  'accept-language' => 'zh-CN,zh;q=0.9',
  'content-type' => 'multipart/form-data; boundary=----WebKitFormBoundaryIWrhQN14sGWfIx8s',
  'origin' => 'chrome-extension://geobniafmelcledgickglbajofpkllpl',
  'proxy-connection' => 'keep-alive',
  'x-lantern-version' => '4.9.0',
)
[ info ] [ PARAM ] array (
  'user_teacher_id' => '1',
)
[ info ] [ RUN ] app\api\controller\Teacher->teacher_details[ /www/web/yuewu/public_html/application/api/controller/Teacher.php ]
[ info ] [ DB ] INIT mysql
[ info ] [ LOG ] INIT File
[ sql ] [ DB ] CONNECT:[ UseTime:0.001991s ] mysql:host=114.115.205.226;port=3306;dbname=yuewu;charset=utf8
[ sql ] [ SQL ] SHOW COLUMNS FROM `yw_user_teacher` [ RunTime:0.001437s ]
[ error ] [10501]SQLSTATE[42S22]: Column not found: 1054 Unknown column 'c.curriculum_time' in 'field list'[/www/web/yuewu/public_html/thinkphp/library/think/db/Connection.php:390]
---------------------------------------------------------------
[ 2018-11-23T21:44:24+08:00 ] 220.115.30.158 POST /index.php/api/Teacher/teacher_details.html
[ info ] yuewu.dazhu-ltd.cn/index.php/api/Teacher/teacher_details.html [运行时间：0.029708s][吞吐率：33.66req/s] [内存消耗：3,245.55kb] [文件加载：50]
[ info ] [ LANG ] /www/web/yuewu/public_html/thinkphp/lang/zh-cn.php
[ info ] [ ROUTE ] array (
  'type' => 'module',
  'module' => 
  array (
    0 => 'api',
    1 => 'Teacher',
    2 => 'teacher_details',
  ),
)
[ info ] [ HEADER ] array (
  'host' => 'yuewu.dazhu-ltd.cn',
  'user-agent' => 'Mozilla/5.0 (Windows NT 10.0; Win64; x64) AppleWebKit/537.36 (KHTML, like Gecko) Chrome/70.0.3538.77 Safari/537.36',
  'content-length' => '147',
  'accept' => '*/*',
  'accept-encoding' => 'gzip, deflate',
  'accept-language' => 'zh-CN,zh;q=0.9',
  'content-type' => 'multipart/form-data; boundary=----WebKitFormBoundary7yckcCF7Au4p2vfq',
  'origin' => 'chrome-extension://geobniafmelcledgickglbajofpkllpl',
  'proxy-connection' => 'keep-alive',
  'x-lantern-version' => '4.9.0',
)
[ info ] [ PARAM ] array (
  'user_teacher_id' => '1',
)
[ info ] [ RUN ] app\api\controller\Teacher->teacher_details[ /www/web/yuewu/public_html/application/api/controller/Teacher.php ]
[ info ] [ DB ] INIT mysql
[ info ] [ LOG ] INIT File
[ sql ] [ DB ] CONNECT:[ UseTime:0.001607s ] mysql:host=114.115.205.226;port=3306;dbname=yuewu;charset=utf8
[ sql ] [ SQL ] SHOW COLUMNS FROM `yw_user_teacher` [ RunTime:0.001295s ]
[ sql ] [ SQL ] SELECT `a`.`user_teacher_id`,`a`.`teacher_portrait`,`a`.`teacher_phone`,`a`.`teacher_name`,`a`.`schooltime`,`a`.`teacher_site`,`a`.`teacher_level`,`a`.`teacher_master`,`a`.`teacher_intro`,`a`.`teacher_video`,`c`.`curriculum_id`,`c`.`curriculum_admin`,`c`.`curriculum_name`,`c`.`curriculum_actual_price`,`c`.`curriculum_former_price`,`c`.`curriculum_difficulty` FROM `yw_user_teacher` `a` LEFT JOIN `yw_curriculum_teacher` `b` ON `a`.`user_teacher_id`=`b`.`user_teacher_id` LEFT JOIN `yw_curriculum` `c` ON `b`.`curriculum_id`=`c`.`curriculum_id` WHERE  `curriculum_state` = 1  AND `a`.`user_teacher_id` = '1' ORDER BY `c`.`curriculum_collect` DESC LIMIT 2 [ RunTime:0.001129s ]
[ sql ] [ SQL ] SHOW COLUMNS FROM `yw_file` [ RunTime:0.001146s ]
[ sql ] [ SQL ] SELECT `a`.`file_id`,`a`.`dance_type_id`,`a`.`file_cover`,`a`.`file_name`,`a`.`file_collection`,`c`.`teacher_portrait` FROM `yw_file` `a` LEFT JOIN `yw_file_user_teacher` `b` ON `a`.`file_id`=`b`.`file_id` LEFT JOIN `yw_user_teacher` `c` ON `b`.`user_teacher_id`=`c`.`user_teacher_id` LEFT JOIN `yw_dance_type` `d` ON `a`.`dance_type_id`=`d`.`dance_type_id` WHERE  `teacher_state` = 1  AND `teacher_false_delete` = 1  AND `c`.`user_teacher_id` = '1' ORDER BY `file_collection` DESC LIMIT 2 [ RunTime:0.001060s ]
---------------------------------------------------------------
[ 2018-11-23T21:45:53+08:00 ] 220.115.30.158 POST /index.php/api/Teacher/teacher_details.html
[ info ] yuewu.dazhu-ltd.cn/index.php/api/Teacher/teacher_details.html [运行时间：0.029351s][吞吐率：34.07req/s] [内存消耗：3,245.66kb] [文件加载：50]
[ info ] [ LANG ] /www/web/yuewu/public_html/thinkphp/lang/zh-cn.php
[ info ] [ ROUTE ] array (
  'type' => 'module',
  'module' => 
  array (
    0 => 'api',
    1 => 'Teacher',
    2 => 'teacher_details',
  ),
)
[ info ] [ HEADER ] array (
  'host' => 'yuewu.dazhu-ltd.cn',
  'user-agent' => 'Mozilla/5.0 (Windows NT 10.0; Win64; x64) AppleWebKit/537.36 (KHTML, like Gecko) Chrome/70.0.3538.77 Safari/537.36',
  'content-length' => '247',
  'accept' => '*/*',
  'accept-encoding' => 'gzip, deflate',
  'accept-language' => 'zh-CN,zh;q=0.9',
  'content-type' => 'multipart/form-data; boundary=----WebKitFormBoundarycjDJOO7pA2oBUtLY',
  'origin' => 'chrome-extension://geobniafmelcledgickglbajofpkllpl',
  'proxy-connection' => 'keep-alive',
  'x-lantern-version' => '4.9.0',
)
[ info ] [ PARAM ] array (
  'user_token' => '456',
  'user_teacher_id' => '2',
)
[ info ] [ RUN ] app\api\controller\Teacher->teacher_details[ /www/web/yuewu/public_html/application/api/controller/Teacher.php ]
[ info ] [ DB ] INIT mysql
[ info ] [ LOG ] INIT File
[ sql ] [ DB ] CONNECT:[ UseTime:0.001659s ] mysql:host=114.115.205.226;port=3306;dbname=yuewu;charset=utf8
[ sql ] [ SQL ] SHOW COLUMNS FROM `yw_user_teacher` [ RunTime:0.001282s ]
[ sql ] [ SQL ] SELECT `a`.`user_teacher_id`,`a`.`teacher_portrait`,`a`.`teacher_phone`,`a`.`teacher_name`,`a`.`schooltime`,`a`.`teacher_site`,`a`.`teacher_level`,`a`.`teacher_master`,`a`.`teacher_intro`,`a`.`teacher_video`,`c`.`curriculum_id`,`c`.`curriculum_admin`,`c`.`curriculum_name`,`c`.`curriculum_actual_price`,`c`.`curriculum_former_price`,`c`.`curriculum_difficulty` FROM `yw_user_teacher` `a` LEFT JOIN `yw_curriculum_teacher` `b` ON `a`.`user_teacher_id`=`b`.`user_teacher_id` LEFT JOIN `yw_curriculum` `c` ON `b`.`curriculum_id`=`c`.`curriculum_id` WHERE  `curriculum_state` = 1  AND `a`.`user_teacher_id` = '2' ORDER BY `c`.`curriculum_collect` DESC LIMIT 2 [ RunTime:0.001096s ]
[ sql ] [ SQL ] SHOW COLUMNS FROM `yw_file` [ RunTime:0.001062s ]
[ sql ] [ SQL ] SELECT `a`.`file_id`,`a`.`dance_type_id`,`a`.`file_cover`,`a`.`file_name`,`a`.`file_collection`,`c`.`teacher_portrait` FROM `yw_file` `a` LEFT JOIN `yw_file_user_teacher` `b` ON `a`.`file_id`=`b`.`file_id` LEFT JOIN `yw_user_teacher` `c` ON `b`.`user_teacher_id`=`c`.`user_teacher_id` LEFT JOIN `yw_dance_type` `d` ON `a`.`dance_type_id`=`d`.`dance_type_id` WHERE  `teacher_state` = 1  AND `teacher_false_delete` = 1  AND `c`.`user_teacher_id` = '2' ORDER BY `file_collection` DESC LIMIT 2 [ RunTime:0.001006s ]
---------------------------------------------------------------
[ 2018-11-23T21:46:01+08:00 ] 220.115.30.158 POST /index.php/api/Teacher/teacher_details.html
[ info ] yuewu.dazhu-ltd.cn/index.php/api/Teacher/teacher_details.html [运行时间：0.029112s][吞吐率：34.35req/s] [内存消耗：3,246.18kb] [文件加载：50]
[ info ] [ LANG ] /www/web/yuewu/public_html/thinkphp/lang/zh-cn.php
[ info ] [ ROUTE ] array (
  'type' => 'module',
  'module' => 
  array (
    0 => 'api',
    1 => 'Teacher',
    2 => 'teacher_details',
  ),
)
[ info ] [ HEADER ] array (
  'host' => 'yuewu.dazhu-ltd.cn',
  'user-agent' => 'Mozilla/5.0 (Windows NT 10.0; Win64; x64) AppleWebKit/537.36 (KHTML, like Gecko) Chrome/70.0.3538.77 Safari/537.36',
  'content-length' => '247',
  'accept' => '*/*',
  'accept-encoding' => 'gzip, deflate',
  'accept-language' => 'zh-CN,zh;q=0.9',
  'content-type' => 'multipart/form-data; boundary=----WebKitFormBoundaryJtlHZ57fCdjk7Hwj',
  'origin' => 'chrome-extension://geobniafmelcledgickglbajofpkllpl',
  'proxy-connection' => 'keep-alive',
  'x-lantern-version' => '4.9.0',
)
[ info ] [ PARAM ] array (
  'user_token' => '456',
  'user_teacher_id' => '1',
)
[ info ] [ RUN ] app\api\controller\Teacher->teacher_details[ /www/web/yuewu/public_html/application/api/controller/Teacher.php ]
[ info ] [ DB ] INIT mysql
[ info ] [ LOG ] INIT File
[ sql ] [ DB ] CONNECT:[ UseTime:0.001598s ] mysql:host=114.115.205.226;port=3306;dbname=yuewu;charset=utf8
[ sql ] [ SQL ] SHOW COLUMNS FROM `yw_user_teacher` [ RunTime:0.001368s ]
[ sql ] [ SQL ] SELECT `a`.`user_teacher_id`,`a`.`teacher_portrait`,`a`.`teacher_phone`,`a`.`teacher_name`,`a`.`schooltime`,`a`.`teacher_site`,`a`.`teacher_level`,`a`.`teacher_master`,`a`.`teacher_intro`,`a`.`teacher_video`,`c`.`curriculum_id`,`c`.`curriculum_admin`,`c`.`curriculum_name`,`c`.`curriculum_actual_price`,`c`.`curriculum_former_price`,`c`.`curriculum_difficulty` FROM `yw_user_teacher` `a` LEFT JOIN `yw_curriculum_teacher` `b` ON `a`.`user_teacher_id`=`b`.`user_teacher_id` LEFT JOIN `yw_curriculum` `c` ON `b`.`curriculum_id`=`c`.`curriculum_id` WHERE  `curriculum_state` = 1  AND `a`.`user_teacher_id` = '1' ORDER BY `c`.`curriculum_collect` DESC LIMIT 2 [ RunTime:0.000947s ]
[ sql ] [ SQL ] SHOW COLUMNS FROM `yw_file` [ RunTime:0.001129s ]
[ sql ] [ SQL ] SELECT `a`.`file_id`,`a`.`dance_type_id`,`a`.`file_cover`,`a`.`file_name`,`a`.`file_collection`,`c`.`teacher_portrait` FROM `yw_file` `a` LEFT JOIN `yw_file_user_teacher` `b` ON `a`.`file_id`=`b`.`file_id` LEFT JOIN `yw_user_teacher` `c` ON `b`.`user_teacher_id`=`c`.`user_teacher_id` LEFT JOIN `yw_dance_type` `d` ON `a`.`dance_type_id`=`d`.`dance_type_id` WHERE  `teacher_state` = 1  AND `teacher_false_delete` = 1  AND `c`.`user_teacher_id` = '1' ORDER BY `file_collection` DESC LIMIT 2 [ RunTime:0.000853s ]
