---------------------------------------------------------------
[ 2018-11-25T18:27:48+08:00 ] 220.115.30.170 POST /index.php/api/user/user_collect_videos.html
[ info ] yuewu.dazhu-ltd.cn/index.php/api/user/user_collect_videos.html [运行时间：0.045094s][吞吐率：22.18req/s] [内存消耗：3,315.61kb] [文件加载：50]
[ info ] [ LANG ] /www/web/yuewu/public_html/thinkphp/lang/zh-cn.php
[ info ] [ ROUTE ] array (
  'type' => 'module',
  'module' => 
  array (
    0 => 'api',
    1 => 'user',
    2 => 'user_collect_videos',
  ),
)
[ info ] [ HEADER ] array (
  'host' => 'yuewu.dazhu-ltd.cn',
  'connection' => 'keep-alive',
  'content-length' => '144',
  'accept' => '*/*',
  'origin' => 'chrome-extension://geobniafmelcledgickglbajofpkllpl',
  'user-agent' => 'Mozilla/5.0 (Windows NT 10.0; Win64; x64) AppleWebKit/537.36 (KHTML, like Gecko) Chrome/70.0.3538.77 Safari/537.36',
  'content-type' => 'multipart/form-data; boundary=----WebKitFormBoundarysM1IAEQkkkOtPoNM',
  'accept-encoding' => 'gzip, deflate',
  'accept-language' => 'zh-CN,zh;q=0.9',
)
[ info ] [ PARAM ] array (
  'user_token' => '456',
)
[ info ] [ RUN ] app\api\controller\User->user_collect_videos[ /www/web/yuewu/public_html/application/api/controller/User.php ]
[ info ] [ DB ] INIT mysql
[ info ] [ LOG ] INIT File
[ sql ] [ DB ] CONNECT:[ UseTime:0.001733s ] mysql:host=114.115.205.226;port=3306;dbname=yuewu;charset=utf8
[ sql ] [ SQL ] SHOW COLUMNS FROM `yw_user` [ RunTime:0.001387s ]
[ sql ] [ SQL ] SELECT `user_id`,`user_name`,`user_sex`,`user_role`,`user_portrait`,`user_signature`,`user_token`,`user_status`,`user_false_delete` FROM `yw_user` WHERE  `user_token` = '456' LIMIT 1 [ RunTime:0.005636s ]
[ sql ] [ SQL ] SHOW COLUMNS FROM `yw_collect` [ RunTime:0.010242s ]
[ sql ] [ SQL ] SELECT `a`.`collect_id`,`b`.`file_id`,`a`.`collect_creattime`,`b`.`file_cover`,`b`.`file_name`,`b`.`file_type`,`b`.`file_category` FROM `yw_collect` `a` LEFT JOIN `yw_file` `b` ON `a`.`file_id`=`b`.`file_id` LEFT JOIN `yw_dance_type` `c` ON `b`.`dance_type_id`=`c`.`dance_type_id` WHERE  `user_id` = 2  AND `file_false_delete` = 1  AND `file_state` = 1 ORDER BY `a`.`collect_creattime` DESC [ RunTime:0.002357s ]
---------------------------------------------------------------
[ 2018-11-25T19:11:38+08:00 ] 220.115.30.170 POST /index.php/api/organization/organization_information_edit.html
[ info ] yuewu.dazhu-ltd.cn/index.php/api/organization/organization_information_edit.html [运行时间：0.032287s][吞吐率：30.97req/s] [内存消耗：3,327.52kb] [文件加载：50]
[ info ] [ LANG ] /www/web/yuewu/public_html/thinkphp/lang/zh-cn.php
[ info ] [ ROUTE ] array (
  'type' => 'module',
  'module' => 
  array (
    0 => 'api',
    1 => 'organization',
    2 => 'organization_information_edit',
  ),
)
[ info ] [ HEADER ] array (
  'host' => 'yuewu.dazhu-ltd.cn',
  'connection' => 'keep-alive',
  'content-length' => '247',
  'accept' => '*/*',
  'origin' => 'chrome-extension://geobniafmelcledgickglbajofpkllpl',
  'user-agent' => 'Mozilla/5.0 (Windows NT 10.0; Win64; x64) AppleWebKit/537.36 (KHTML, like Gecko) Chrome/70.0.3538.77 Safari/537.36',
  'content-type' => 'multipart/form-data; boundary=----WebKitFormBoundaryZSVnmUAAt3JH4kZr',
  'accept-encoding' => 'gzip, deflate',
  'accept-language' => 'zh-CN,zh;q=0.9',
)
[ info ] [ PARAM ] array (
  'user_token' => '456',
  'organization_id' => '1',
)
[ info ] [ RUN ] app\api\controller\Organization->organization_information_edit[ /www/web/yuewu/public_html/application/api/controller/Organization.php ]
[ info ] [ DB ] INIT mysql
[ info ] [ LOG ] INIT File
[ sql ] [ DB ] CONNECT:[ UseTime:0.003746s ] mysql:host=114.115.205.226;port=3306;dbname=yuewu;charset=utf8
[ sql ] [ SQL ] SHOW COLUMNS FROM `yw_user` [ RunTime:0.001356s ]
[ sql ] [ SQL ] SELECT `user_id`,`user_name`,`user_sex`,`user_role`,`user_portrait`,`user_signature`,`user_token`,`user_status`,`user_false_delete` FROM `yw_user` WHERE  `user_token` = '456' LIMIT 1 [ RunTime:0.000868s ]
[ sql ] [ SQL ] SHOW COLUMNS FROM `yw_organization` [ RunTime:0.001160s ]
[ sql ] [ SQL ] SELECT `organization_id`,`organization_name`,`organization_portrait`,`organization_cover`,`organization_site`,`organization_facility`,`organization_business_hours`,`organization_synopsis`,`organization_service`,`organization_level`,`organization_creattime` FROM `yw_organization` WHERE  `organization_id` = 1  AND `organization_false_delete` = 1  AND `organization_state` = 1 LIMIT 1 [ RunTime:0.000860s ]
---------------------------------------------------------------
[ 2018-11-25T19:11:41+08:00 ] 220.115.30.170 POST /index.php/api/user/user_collect_videos.html
[ info ] yuewu.dazhu-ltd.cn/index.php/api/user/user_collect_videos.html [运行时间：0.030268s][吞吐率：33.04req/s] [内存消耗：3,323.36kb] [文件加载：50]
[ info ] [ LANG ] /www/web/yuewu/public_html/thinkphp/lang/zh-cn.php
[ info ] [ ROUTE ] array (
  'type' => 'module',
  'module' => 
  array (
    0 => 'api',
    1 => 'user',
    2 => 'user_collect_videos',
  ),
)
[ info ] [ HEADER ] array (
  'host' => 'yuewu.dazhu-ltd.cn',
  'connection' => 'keep-alive',
  'content-length' => '144',
  'accept' => '*/*',
  'origin' => 'chrome-extension://geobniafmelcledgickglbajofpkllpl',
  'user-agent' => 'Mozilla/5.0 (Windows NT 10.0; Win64; x64) AppleWebKit/537.36 (KHTML, like Gecko) Chrome/70.0.3538.77 Safari/537.36',
  'content-type' => 'multipart/form-data; boundary=----WebKitFormBoundaryYsGYLtBPucicZuGR',
  'accept-encoding' => 'gzip, deflate',
  'accept-language' => 'zh-CN,zh;q=0.9',
)
[ info ] [ PARAM ] array (
  'user_token' => '456',
)
[ info ] [ RUN ] app\api\controller\User->user_collect_videos[ /www/web/yuewu/public_html/application/api/controller/User.php ]
[ info ] [ DB ] INIT mysql
[ info ] [ LOG ] INIT File
[ sql ] [ DB ] CONNECT:[ UseTime:0.001568s ] mysql:host=114.115.205.226;port=3306;dbname=yuewu;charset=utf8
[ sql ] [ SQL ] SHOW COLUMNS FROM `yw_user` [ RunTime:0.001406s ]
[ sql ] [ SQL ] SELECT `user_id`,`user_name`,`user_sex`,`user_role`,`user_portrait`,`user_signature`,`user_token`,`user_status`,`user_false_delete` FROM `yw_user` WHERE  `user_token` = '456' LIMIT 1 [ RunTime:0.000903s ]
[ sql ] [ SQL ] SHOW COLUMNS FROM `yw_collect` [ RunTime:0.001044s ]
[ sql ] [ SQL ] SELECT `a`.`collect_id`,`b`.`file_id`,`a`.`collect_creattime`,`b`.`file_cover`,`b`.`file_name`,`b`.`file_type`,`b`.`file_category` FROM `yw_collect` `a` LEFT JOIN `yw_file` `b` ON `a`.`file_id`=`b`.`file_id` LEFT JOIN `yw_dance_type` `c` ON `b`.`dance_type_id`=`c`.`dance_type_id` WHERE  `user_id` = 2  AND `file_false_delete` = 1  AND `file_state` = 1 ORDER BY `a`.`collect_creattime` DESC [ RunTime:0.001054s ]
---------------------------------------------------------------
[ 2018-11-25T19:11:43+08:00 ] 220.115.30.170 POST /index.php/api/organization/organization_information_edit.html
[ info ] yuewu.dazhu-ltd.cn/index.php/api/organization/organization_information_edit.html [运行时间：0.030625s][吞吐率：32.65req/s] [内存消耗：3,327.52kb] [文件加载：50]
[ info ] [ LANG ] /www/web/yuewu/public_html/thinkphp/lang/zh-cn.php
[ info ] [ ROUTE ] array (
  'type' => 'module',
  'module' => 
  array (
    0 => 'api',
    1 => 'organization',
    2 => 'organization_information_edit',
  ),
)
[ info ] [ HEADER ] array (
  'host' => 'yuewu.dazhu-ltd.cn',
  'connection' => 'keep-alive',
  'content-length' => '247',
  'accept' => '*/*',
  'origin' => 'chrome-extension://geobniafmelcledgickglbajofpkllpl',
  'user-agent' => 'Mozilla/5.0 (Windows NT 10.0; Win64; x64) AppleWebKit/537.36 (KHTML, like Gecko) Chrome/70.0.3538.77 Safari/537.36',
  'content-type' => 'multipart/form-data; boundary=----WebKitFormBoundaryJVuMbmcrabwGyO9s',
  'accept-encoding' => 'gzip, deflate',
  'accept-language' => 'zh-CN,zh;q=0.9',
)
[ info ] [ PARAM ] array (
  'user_token' => '456',
  'organization_id' => '1',
)
[ info ] [ RUN ] app\api\controller\Organization->organization_information_edit[ /www/web/yuewu/public_html/application/api/controller/Organization.php ]
[ info ] [ DB ] INIT mysql
[ info ] [ LOG ] INIT File
[ sql ] [ DB ] CONNECT:[ UseTime:0.001596s ] mysql:host=114.115.205.226;port=3306;dbname=yuewu;charset=utf8
[ sql ] [ SQL ] SHOW COLUMNS FROM `yw_user` [ RunTime:0.001472s ]
[ sql ] [ SQL ] SELECT `user_id`,`user_name`,`user_sex`,`user_role`,`user_portrait`,`user_signature`,`user_token`,`user_status`,`user_false_delete` FROM `yw_user` WHERE  `user_token` = '456' LIMIT 1 [ RunTime:0.000901s ]
[ sql ] [ SQL ] SHOW COLUMNS FROM `yw_organization` [ RunTime:0.001144s ]
[ sql ] [ SQL ] SELECT `organization_id`,`organization_name`,`organization_portrait`,`organization_cover`,`organization_site`,`organization_facility`,`organization_business_hours`,`organization_synopsis`,`organization_service`,`organization_level`,`organization_creattime` FROM `yw_organization` WHERE  `organization_id` = 1  AND `organization_false_delete` = 1  AND `organization_state` = 1 LIMIT 1 [ RunTime:0.000987s ]
---------------------------------------------------------------
[ 2018-11-25T19:11:46+08:00 ] 220.115.30.170 POST /index.php/api/user/user_collect_videos.html
[ info ] yuewu.dazhu-ltd.cn/index.php/api/user/user_collect_videos.html [运行时间：0.028958s][吞吐率：34.53req/s] [内存消耗：3,323.26kb] [文件加载：50]
[ info ] [ LANG ] /www/web/yuewu/public_html/thinkphp/lang/zh-cn.php
[ info ] [ ROUTE ] array (
  'type' => 'module',
  'module' => 
  array (
    0 => 'api',
    1 => 'user',
    2 => 'user_collect_videos',
  ),
)
[ info ] [ HEADER ] array (
  'host' => 'yuewu.dazhu-ltd.cn',
  'connection' => 'keep-alive',
  'content-length' => '144',
  'accept' => '*/*',
  'origin' => 'chrome-extension://geobniafmelcledgickglbajofpkllpl',
  'user-agent' => 'Mozilla/5.0 (Windows NT 10.0; Win64; x64) AppleWebKit/537.36 (KHTML, like Gecko) Chrome/70.0.3538.77 Safari/537.36',
  'content-type' => 'multipart/form-data; boundary=----WebKitFormBoundaryWH8lq6lADENNOYQo',
  'accept-encoding' => 'gzip, deflate',
  'accept-language' => 'zh-CN,zh;q=0.9',
)
[ info ] [ PARAM ] array (
  'user_token' => '456',
)
[ info ] [ RUN ] app\api\controller\User->user_collect_videos[ /www/web/yuewu/public_html/application/api/controller/User.php ]
[ info ] [ DB ] INIT mysql
[ info ] [ LOG ] INIT File
[ sql ] [ DB ] CONNECT:[ UseTime:0.001354s ] mysql:host=114.115.205.226;port=3306;dbname=yuewu;charset=utf8
[ sql ] [ SQL ] SHOW COLUMNS FROM `yw_user` [ RunTime:0.001174s ]
[ sql ] [ SQL ] SELECT `user_id`,`user_name`,`user_sex`,`user_role`,`user_portrait`,`user_signature`,`user_token`,`user_status`,`user_false_delete` FROM `yw_user` WHERE  `user_token` = '456' LIMIT 1 [ RunTime:0.001016s ]
[ sql ] [ SQL ] SHOW COLUMNS FROM `yw_collect` [ RunTime:0.001083s ]
[ sql ] [ SQL ] SELECT `a`.`collect_id`,`b`.`file_id`,`a`.`collect_creattime`,`b`.`file_cover`,`b`.`file_name`,`b`.`file_type`,`b`.`file_category` FROM `yw_collect` `a` LEFT JOIN `yw_file` `b` ON `a`.`file_id`=`b`.`file_id` LEFT JOIN `yw_dance_type` `c` ON `b`.`dance_type_id`=`c`.`dance_type_id` WHERE  `user_id` = 2  AND `file_false_delete` = 1  AND `file_state` = 1 ORDER BY `a`.`collect_creattime` DESC [ RunTime:0.000946s ]
---------------------------------------------------------------
[ 2018-11-25T19:11:48+08:00 ] 220.115.30.170 POST /index.php/api/organization/attention_organization.html
[ info ] yuewu.dazhu-ltd.cn/index.php/api/organization/attention_organization.html [运行时间：0.041982s][吞吐率：23.82req/s] [内存消耗：3,312.36kb] [文件加载：50]
[ info ] [ LANG ] /www/web/yuewu/public_html/thinkphp/lang/zh-cn.php
[ info ] [ ROUTE ] array (
  'type' => 'module',
  'module' => 
  array (
    0 => 'api',
    1 => 'organization',
    2 => 'attention_organization',
  ),
)
[ info ] [ HEADER ] array (
  'host' => 'yuewu.dazhu-ltd.cn',
  'connection' => 'keep-alive',
  'content-length' => '247',
  'accept' => '*/*',
  'origin' => 'chrome-extension://geobniafmelcledgickglbajofpkllpl',
  'user-agent' => 'Mozilla/5.0 (Windows NT 10.0; Win64; x64) AppleWebKit/537.36 (KHTML, like Gecko) Chrome/70.0.3538.77 Safari/537.36',
  'content-type' => 'multipart/form-data; boundary=----WebKitFormBoundarymxsBEBBVYVKHJN42',
  'accept-encoding' => 'gzip, deflate',
  'accept-language' => 'zh-CN,zh;q=0.9',
)
[ info ] [ PARAM ] array (
  'user_token' => '456',
  'organization_id' => '1',
)
[ info ] [ RUN ] app\api\controller\Organization->attention_organization[ /www/web/yuewu/public_html/application/api/controller/Organization.php ]
[ info ] [ DB ] INIT mysql
[ info ] [ LOG ] INIT File
[ sql ] [ DB ] CONNECT:[ UseTime:0.003279s ] mysql:host=114.115.205.226;port=3306;dbname=yuewu;charset=utf8
[ sql ] [ SQL ] SHOW COLUMNS FROM `yw_user` [ RunTime:0.001468s ]
[ sql ] [ SQL ] SELECT `user_id`,`user_name`,`user_sex`,`user_role`,`user_portrait`,`user_signature`,`user_token`,`user_status`,`user_false_delete` FROM `yw_user` WHERE  `user_token` = '456' LIMIT 1 [ RunTime:0.001404s ]
[ sql ] [ SQL ] SHOW COLUMNS FROM `yw_attention` [ RunTime:0.005820s ]
[ sql ] [ SQL ] SELECT `b`.`user_name`,`b`.`user_portrait` FROM `yw_attention` `a` LEFT JOIN `yw_user` `b` ON `a`.`uid`=`b`.`user_id` WHERE  `fid` = 1  AND `attention_identity` = 2 [ RunTime:0.005587s ]
---------------------------------------------------------------
[ 2018-11-25T19:11:49+08:00 ] 220.115.30.170 POST /index.php/api/user/user_collect_videos.html
[ info ] yuewu.dazhu-ltd.cn/index.php/api/user/user_collect_videos.html [运行时间：0.029518s][吞吐率：33.88req/s] [内存消耗：3,323.36kb] [文件加载：50]
[ info ] [ LANG ] /www/web/yuewu/public_html/thinkphp/lang/zh-cn.php
[ info ] [ ROUTE ] array (
  'type' => 'module',
  'module' => 
  array (
    0 => 'api',
    1 => 'user',
    2 => 'user_collect_videos',
  ),
)
[ info ] [ HEADER ] array (
  'host' => 'yuewu.dazhu-ltd.cn',
  'connection' => 'keep-alive',
  'content-length' => '144',
  'accept' => '*/*',
  'origin' => 'chrome-extension://geobniafmelcledgickglbajofpkllpl',
  'user-agent' => 'Mozilla/5.0 (Windows NT 10.0; Win64; x64) AppleWebKit/537.36 (KHTML, like Gecko) Chrome/70.0.3538.77 Safari/537.36',
  'content-type' => 'multipart/form-data; boundary=----WebKitFormBoundary17nNsEkOWbDWZxwu',
  'accept-encoding' => 'gzip, deflate',
  'accept-language' => 'zh-CN,zh;q=0.9',
)
[ info ] [ PARAM ] array (
  'user_token' => '456',
)
[ info ] [ RUN ] app\api\controller\User->user_collect_videos[ /www/web/yuewu/public_html/application/api/controller/User.php ]
[ info ] [ DB ] INIT mysql
[ info ] [ LOG ] INIT File
[ sql ] [ DB ] CONNECT:[ UseTime:0.001551s ] mysql:host=114.115.205.226;port=3306;dbname=yuewu;charset=utf8
[ sql ] [ SQL ] SHOW COLUMNS FROM `yw_user` [ RunTime:0.001389s ]
[ sql ] [ SQL ] SELECT `user_id`,`user_name`,`user_sex`,`user_role`,`user_portrait`,`user_signature`,`user_token`,`user_status`,`user_false_delete` FROM `yw_user` WHERE  `user_token` = '456' LIMIT 1 [ RunTime:0.000895s ]
[ sql ] [ SQL ] SHOW COLUMNS FROM `yw_collect` [ RunTime:0.001215s ]
[ sql ] [ SQL ] SELECT `a`.`collect_id`,`b`.`file_id`,`a`.`collect_creattime`,`b`.`file_cover`,`b`.`file_name`,`b`.`file_type`,`b`.`file_category` FROM `yw_collect` `a` LEFT JOIN `yw_file` `b` ON `a`.`file_id`=`b`.`file_id` LEFT JOIN `yw_dance_type` `c` ON `b`.`dance_type_id`=`c`.`dance_type_id` WHERE  `user_id` = 2  AND `file_false_delete` = 1  AND `file_state` = 1 ORDER BY `a`.`collect_creattime` DESC [ RunTime:0.000968s ]
---------------------------------------------------------------
[ 2018-11-25T19:11:52+08:00 ] 220.115.30.170 POST /index.php/api/organization/organization_teacher_cancel_recommend.html
[ info ] yuewu.dazhu-ltd.cn/index.php/api/organization/organization_teacher_cancel_recommend.html [运行时间：0.031042s][吞吐率：32.21req/s] [内存消耗：3,427.36kb] [文件加载：53]
[ info ] [ LANG ] /www/web/yuewu/public_html/thinkphp/lang/zh-cn.php
[ info ] [ ROUTE ] array (
  'type' => 'module',
  'module' => 
  array (
    0 => 'api',
    1 => 'organization',
    2 => 'organization_teacher_cancel_recommend',
  ),
)
[ info ] [ HEADER ] array (
  'host' => 'yuewu.dazhu-ltd.cn',
  'connection' => 'keep-alive',
  'content-length' => '255',
  'accept' => '*/*',
  'origin' => 'chrome-extension://geobniafmelcledgickglbajofpkllpl',
  'user-agent' => 'Mozilla/5.0 (Windows NT 10.0; Win64; x64) AppleWebKit/537.36 (KHTML, like Gecko) Chrome/70.0.3538.77 Safari/537.36',
  'content-type' => 'multipart/form-data; boundary=----WebKitFormBoundaryc9QAAATLydh0PKqN',
  'accept-encoding' => 'gzip, deflate',
  'accept-language' => 'zh-CN,zh;q=0.9',
)
[ info ] [ PARAM ] array (
  'user_token' => '789',
  'organization_teacher_id' => '2',
)
[ info ] [ RUN ] app\api\controller\Organization->organization_teacher_cancel_recommend[ /www/web/yuewu/public_html/application/api/controller/Organization.php ]
[ info ] [ DB ] INIT mysql
[ info ] [ CACHE ] INIT File
[ info ] [ LOG ] INIT File
[ sql ] [ DB ] CONNECT:[ UseTime:0.001543s ] mysql:host=114.115.205.226;port=3306;dbname=yuewu;charset=utf8
[ sql ] [ SQL ] SHOW COLUMNS FROM `yw_user` [ RunTime:0.001315s ]
[ sql ] [ SQL ] SELECT `user_id`,`user_name`,`user_sex`,`user_role`,`user_portrait`,`user_signature`,`user_token`,`user_status`,`user_false_delete` FROM `yw_user` WHERE  `user_token` = '789' LIMIT 1 [ RunTime:0.000915s ]
[ sql ] [ SQL ] SHOW COLUMNS FROM `yw_organization_teacher` [ RunTime:0.001240s ]
[ sql ] [ SQL ] UPDATE `yw_organization_teacher`  SET `teacher_show`=2  WHERE  `organization_teacher_id` = 2 [ RunTime:0.000905s ]
---------------------------------------------------------------
[ 2018-11-25T19:11:54+08:00 ] 220.115.30.170 POST /index.php/api/organization/organization_teacher_recommend.html
[ info ] yuewu.dazhu-ltd.cn/index.php/api/organization/organization_teacher_recommend.html [运行时间：0.031615s][吞吐率：31.63req/s] [内存消耗：3,427.38kb] [文件加载：53]
[ info ] [ LANG ] /www/web/yuewu/public_html/thinkphp/lang/zh-cn.php
[ info ] [ ROUTE ] array (
  'type' => 'module',
  'module' => 
  array (
    0 => 'api',
    1 => 'organization',
    2 => 'organization_teacher_recommend',
  ),
)
[ info ] [ HEADER ] array (
  'host' => 'yuewu.dazhu-ltd.cn',
  'connection' => 'keep-alive',
  'content-length' => '255',
  'accept' => '*/*',
  'origin' => 'chrome-extension://geobniafmelcledgickglbajofpkllpl',
  'user-agent' => 'Mozilla/5.0 (Windows NT 10.0; Win64; x64) AppleWebKit/537.36 (KHTML, like Gecko) Chrome/70.0.3538.77 Safari/537.36',
  'content-type' => 'multipart/form-data; boundary=----WebKitFormBoundaryx14GWVyBUjbUnyOL',
  'accept-encoding' => 'gzip, deflate',
  'accept-language' => 'zh-CN,zh;q=0.9',
)
[ info ] [ PARAM ] array (
  'user_token' => '789',
  'organization_teacher_id' => '2',
)
[ info ] [ RUN ] app\api\controller\Organization->organization_teacher_recommend[ /www/web/yuewu/public_html/application/api/controller/Organization.php ]
[ info ] [ DB ] INIT mysql
[ info ] [ CACHE ] INIT File
[ info ] [ LOG ] INIT File
[ sql ] [ DB ] CONNECT:[ UseTime:0.001633s ] mysql:host=114.115.205.226;port=3306;dbname=yuewu;charset=utf8
[ sql ] [ SQL ] SHOW COLUMNS FROM `yw_user` [ RunTime:0.001359s ]
[ sql ] [ SQL ] SELECT `user_id`,`user_name`,`user_sex`,`user_role`,`user_portrait`,`user_signature`,`user_token`,`user_status`,`user_false_delete` FROM `yw_user` WHERE  `user_token` = '789' LIMIT 1 [ RunTime:0.001085s ]
[ sql ] [ SQL ] SHOW COLUMNS FROM `yw_organization_teacher` [ RunTime:0.001248s ]
[ sql ] [ SQL ] UPDATE `yw_organization_teacher`  SET `teacher_show`=1  WHERE  `organization_teacher_id` = 2 [ RunTime:0.000995s ]
---------------------------------------------------------------
[ 2018-11-25T19:11:59+08:00 ] 220.115.30.170 POST /index.php/api/user/user_videos_details.html
[ info ] yuewu.dazhu-ltd.cn/index.php/api/user/user_videos_details.html [运行时间：0.033593s][吞吐率：29.77req/s] [内存消耗：3,330.07kb] [文件加载：50]
[ info ] [ LANG ] /www/web/yuewu/public_html/thinkphp/lang/zh-cn.php
[ info ] [ ROUTE ] array (
  'type' => 'module',
  'module' => 
  array (
    0 => 'api',
    1 => 'user',
    2 => 'user_videos_details',
  ),
)
[ info ] [ HEADER ] array (
  'host' => 'yuewu.dazhu-ltd.cn',
  'connection' => 'keep-alive',
  'content-length' => '239',
  'accept' => '*/*',
  'origin' => 'chrome-extension://geobniafmelcledgickglbajofpkllpl',
  'user-agent' => 'Mozilla/5.0 (Windows NT 10.0; Win64; x64) AppleWebKit/537.36 (KHTML, like Gecko) Chrome/70.0.3538.77 Safari/537.36',
  'content-type' => 'multipart/form-data; boundary=----WebKitFormBoundary6M0OzhHoNSgM2exp',
  'accept-encoding' => 'gzip, deflate',
  'accept-language' => 'zh-CN,zh;q=0.9',
)
[ info ] [ PARAM ] array (
  'user_token' => '456',
  'file_id' => '1',
)
[ info ] [ RUN ] app\api\controller\User->user_videos_details[ /www/web/yuewu/public_html/application/api/controller/User.php ]
[ info ] [ DB ] INIT mysql
[ info ] [ LOG ] INIT File
[ sql ] [ DB ] CONNECT:[ UseTime:0.001563s ] mysql:host=114.115.205.226;port=3306;dbname=yuewu;charset=utf8
[ sql ] [ SQL ] SHOW COLUMNS FROM `yw_user` [ RunTime:0.001296s ]
[ sql ] [ SQL ] SELECT `user_id`,`user_name`,`user_sex`,`user_role`,`user_portrait`,`user_signature`,`user_token`,`user_status`,`user_false_delete` FROM `yw_user` WHERE  `user_token` = '456' LIMIT 1 [ RunTime:0.001098s ]
[ sql ] [ SQL ] SHOW COLUMNS FROM `yw_file` [ RunTime:0.001174s ]
[ sql ] [ SQL ] SELECT `file_id`,`dance_type_name`,`file_content`,`file_name`,`file_collection` FROM `yw_file` `a` LEFT JOIN `yw_dance_type` `b` ON `a`.`dance_type_id`=`b`.`dance_type_id` WHERE  ( `a`.`file_id` = 2 AND `a`.`file_id` = '1' )  AND `file_state` = 1  AND `file_false_delete` = 1 ORDER BY `a`.`file_creattime` DESC LIMIT 1 [ RunTime:0.001014s ]
[ sql ] [ SQL ] SHOW COLUMNS FROM `yw_comments` [ RunTime:0.001103s ]
[ sql ] [ SQL ] SELECT `a`.`comments_content`,`b`.`user_name`,`b`.`user_portrait`,`a`.`comments_creattime` FROM `yw_comments` `a` LEFT JOIN `yw_user` `b` ON `a`.`user_id`=`b`.`user_id` WHERE  `a`.`file_id` = '1' ORDER BY `a`.`comments_creattime` DESC [ RunTime:0.001657s ]
---------------------------------------------------------------
[ 2018-11-25T19:15:10+08:00 ] 220.115.30.170 POST /index.php/api/user/user_collect_videos.html
[ info ] yuewu.dazhu-ltd.cn/index.php/api/user/user_collect_videos.html [运行时间：0.029216s][吞吐率：34.23req/s] [内存消耗：3,323.26kb] [文件加载：50]
[ info ] [ LANG ] /www/web/yuewu/public_html/thinkphp/lang/zh-cn.php
[ info ] [ ROUTE ] array (
  'type' => 'module',
  'module' => 
  array (
    0 => 'api',
    1 => 'user',
    2 => 'user_collect_videos',
  ),
)
[ info ] [ HEADER ] array (
  'host' => 'yuewu.dazhu-ltd.cn',
  'connection' => 'keep-alive',
  'content-length' => '144',
  'accept' => '*/*',
  'origin' => 'chrome-extension://geobniafmelcledgickglbajofpkllpl',
  'user-agent' => 'Mozilla/5.0 (Windows NT 10.0; Win64; x64) AppleWebKit/537.36 (KHTML, like Gecko) Chrome/70.0.3538.77 Safari/537.36',
  'content-type' => 'multipart/form-data; boundary=----WebKitFormBoundarysalbUZRus0RzHu0T',
  'accept-encoding' => 'gzip, deflate',
  'accept-language' => 'zh-CN,zh;q=0.9',
)
[ info ] [ PARAM ] array (
  'user_token' => '456',
)
[ info ] [ RUN ] app\api\controller\User->user_collect_videos[ /www/web/yuewu/public_html/application/api/controller/User.php ]
[ info ] [ DB ] INIT mysql
[ info ] [ LOG ] INIT File
[ sql ] [ DB ] CONNECT:[ UseTime:0.001643s ] mysql:host=114.115.205.226;port=3306;dbname=yuewu;charset=utf8
[ sql ] [ SQL ] SHOW COLUMNS FROM `yw_user` [ RunTime:0.001227s ]
[ sql ] [ SQL ] SELECT `user_id`,`user_name`,`user_sex`,`user_role`,`user_portrait`,`user_signature`,`user_token`,`user_status`,`user_false_delete` FROM `yw_user` WHERE  `user_token` = '456' LIMIT 1 [ RunTime:0.000877s ]
[ sql ] [ SQL ] SHOW COLUMNS FROM `yw_collect` [ RunTime:0.001155s ]
[ sql ] [ SQL ] SELECT `a`.`collect_id`,`b`.`file_id`,`a`.`collect_creattime`,`b`.`file_cover`,`b`.`file_name`,`b`.`file_type`,`b`.`file_category` FROM `yw_collect` `a` LEFT JOIN `yw_file` `b` ON `a`.`file_id`=`b`.`file_id` LEFT JOIN `yw_dance_type` `c` ON `b`.`dance_type_id`=`c`.`dance_type_id` WHERE  `user_id` = 2  AND `file_false_delete` = 1  AND `file_state` = 1 ORDER BY `a`.`collect_creattime` DESC [ RunTime:0.000991s ]
---------------------------------------------------------------
[ 2018-11-25T19:15:53+08:00 ] 220.115.30.170 POST /index.php/api/user/user_collect_curriculum.html
[ info ] yuewu.dazhu-ltd.cn/index.php/api/user/user_collect_curriculum.html [运行时间：0.030267s][吞吐率：33.04req/s] [内存消耗：3,328.94kb] [文件加载：50]
[ info ] [ LANG ] /www/web/yuewu/public_html/thinkphp/lang/zh-cn.php
[ info ] [ ROUTE ] array (
  'type' => 'module',
  'module' => 
  array (
    0 => 'api',
    1 => 'user',
    2 => 'user_collect_curriculum',
  ),
)
[ info ] [ HEADER ] array (
  'host' => 'yuewu.dazhu-ltd.cn',
  'connection' => 'keep-alive',
  'content-length' => '144',
  'accept' => '*/*',
  'origin' => 'chrome-extension://geobniafmelcledgickglbajofpkllpl',
  'user-agent' => 'Mozilla/5.0 (Windows NT 10.0; Win64; x64) AppleWebKit/537.36 (KHTML, like Gecko) Chrome/70.0.3538.77 Safari/537.36',
  'content-type' => 'multipart/form-data; boundary=----WebKitFormBoundaryskeMMnriwM81iI6B',
  'accept-encoding' => 'gzip, deflate',
  'accept-language' => 'zh-CN,zh;q=0.9',
)
[ info ] [ PARAM ] array (
  'user_token' => '456',
)
[ info ] [ RUN ] app\api\controller\User->user_collect_curriculum[ /www/web/yuewu/public_html/application/api/controller/User.php ]
[ info ] [ DB ] INIT mysql
[ info ] [ LOG ] INIT File
[ sql ] [ DB ] CONNECT:[ UseTime:0.001701s ] mysql:host=114.115.205.226;port=3306;dbname=yuewu;charset=utf8
[ sql ] [ SQL ] SHOW COLUMNS FROM `yw_user` [ RunTime:0.001300s ]
[ sql ] [ SQL ] SELECT `user_id`,`user_name`,`user_sex`,`user_role`,`user_portrait`,`user_signature`,`user_token`,`user_status`,`user_false_delete` FROM `yw_user` WHERE  `user_token` = '456' LIMIT 1 [ RunTime:0.000929s ]
[ sql ] [ SQL ] SHOW COLUMNS FROM `yw_collect` [ RunTime:0.001119s ]
[ sql ] [ SQL ] SELECT `user_name`,`user_sex`,`user_signature`,`user_portrait`,`collect_id`,`b`.`curriculum_id`,`collect_creattime`,`curriculum_admin`,`curriculum_name`,`curriculum_introduce_picture`,`curriculum_actual_price`,`curriculum_former_price`,`curriculum_difficulty`,`curriculum_start_time`,`curriculum_over_time` FROM `yw_collect` `a` LEFT JOIN `yw_curriculum` `b` ON `a`.`curriculum_id`=`b`.`curriculum_id` LEFT JOIN `yw_user` `c` ON `a`.`user_id`=`c`.`user_id` WHERE  `c`.`user_id` = 2  AND `curriculum_state` = 1  AND `curriculum_false_delete` = 1 ORDER BY `a`.`collect_creattime` DESC [ RunTime:0.001106s ]
---------------------------------------------------------------
[ 2018-11-25T19:15:59+08:00 ] 220.115.30.170 POST /index.php/api/user/user_collect_videos.html
[ info ] yuewu.dazhu-ltd.cn/index.php/api/user/user_collect_videos.html [运行时间：0.030313s][吞吐率：32.99req/s] [内存消耗：3,323.36kb] [文件加载：50]
[ info ] [ LANG ] /www/web/yuewu/public_html/thinkphp/lang/zh-cn.php
[ info ] [ ROUTE ] array (
  'type' => 'module',
  'module' => 
  array (
    0 => 'api',
    1 => 'user',
    2 => 'user_collect_videos',
  ),
)
[ info ] [ HEADER ] array (
  'host' => 'yuewu.dazhu-ltd.cn',
  'connection' => 'keep-alive',
  'content-length' => '144',
  'accept' => '*/*',
  'origin' => 'chrome-extension://geobniafmelcledgickglbajofpkllpl',
  'user-agent' => 'Mozilla/5.0 (Windows NT 10.0; Win64; x64) AppleWebKit/537.36 (KHTML, like Gecko) Chrome/70.0.3538.77 Safari/537.36',
  'content-type' => 'multipart/form-data; boundary=----WebKitFormBoundarypIt9fKndWdMwpBA0',
  'accept-encoding' => 'gzip, deflate',
  'accept-language' => 'zh-CN,zh;q=0.9',
)
[ info ] [ PARAM ] array (
  'user_token' => '456',
)
[ info ] [ RUN ] app\api\controller\User->user_collect_videos[ /www/web/yuewu/public_html/application/api/controller/User.php ]
[ info ] [ DB ] INIT mysql
[ info ] [ LOG ] INIT File
[ sql ] [ DB ] CONNECT:[ UseTime:0.001463s ] mysql:host=114.115.205.226;port=3306;dbname=yuewu;charset=utf8
[ sql ] [ SQL ] SHOW COLUMNS FROM `yw_user` [ RunTime:0.001349s ]
[ sql ] [ SQL ] SELECT `user_id`,`user_name`,`user_sex`,`user_role`,`user_portrait`,`user_signature`,`user_token`,`user_status`,`user_false_delete` FROM `yw_user` WHERE  `user_token` = '456' LIMIT 1 [ RunTime:0.000951s ]
[ sql ] [ SQL ] SHOW COLUMNS FROM `yw_collect` [ RunTime:0.001105s ]
[ sql ] [ SQL ] SELECT `a`.`collect_id`,`b`.`file_id`,`a`.`collect_creattime`,`b`.`file_cover`,`b`.`file_name`,`b`.`file_type`,`b`.`file_category` FROM `yw_collect` `a` LEFT JOIN `yw_file` `b` ON `a`.`file_id`=`b`.`file_id` LEFT JOIN `yw_dance_type` `c` ON `b`.`dance_type_id`=`c`.`dance_type_id` WHERE  `user_id` = 2  AND `file_false_delete` = 1  AND `file_state` = 1 ORDER BY `a`.`collect_creattime` DESC [ RunTime:0.000858s ]
---------------------------------------------------------------
[ 2018-11-25T19:16:02+08:00 ] 220.115.30.170 POST /index.php/api/user/user_collect_videos.html
[ info ] yuewu.dazhu-ltd.cn/index.php/api/user/user_collect_videos.html [运行时间：0.030410s][吞吐率：32.88req/s] [内存消耗：3,323.36kb] [文件加载：50]
[ info ] [ LANG ] /www/web/yuewu/public_html/thinkphp/lang/zh-cn.php
[ info ] [ ROUTE ] array (
  'type' => 'module',
  'module' => 
  array (
    0 => 'api',
    1 => 'user',
    2 => 'user_collect_videos',
  ),
)
[ info ] [ HEADER ] array (
  'host' => 'yuewu.dazhu-ltd.cn',
  'connection' => 'keep-alive',
  'content-length' => '144',
  'accept' => '*/*',
  'origin' => 'chrome-extension://geobniafmelcledgickglbajofpkllpl',
  'user-agent' => 'Mozilla/5.0 (Windows NT 10.0; Win64; x64) AppleWebKit/537.36 (KHTML, like Gecko) Chrome/70.0.3538.77 Safari/537.36',
  'content-type' => 'multipart/form-data; boundary=----WebKitFormBoundaryFyZcAYj98O1BfGNB',
  'accept-encoding' => 'gzip, deflate',
  'accept-language' => 'zh-CN,zh;q=0.9',
)
[ info ] [ PARAM ] array (
  'user_token' => '456',
)
[ info ] [ RUN ] app\api\controller\User->user_collect_videos[ /www/web/yuewu/public_html/application/api/controller/User.php ]
[ info ] [ DB ] INIT mysql
[ info ] [ LOG ] INIT File
[ sql ] [ DB ] CONNECT:[ UseTime:0.001690s ] mysql:host=114.115.205.226;port=3306;dbname=yuewu;charset=utf8
[ sql ] [ SQL ] SHOW COLUMNS FROM `yw_user` [ RunTime:0.001316s ]
[ sql ] [ SQL ] SELECT `user_id`,`user_name`,`user_sex`,`user_role`,`user_portrait`,`user_signature`,`user_token`,`user_status`,`user_false_delete` FROM `yw_user` WHERE  `user_token` = '456' LIMIT 1 [ RunTime:0.000884s ]
[ sql ] [ SQL ] SHOW COLUMNS FROM `yw_collect` [ RunTime:0.001027s ]
[ sql ] [ SQL ] SELECT `a`.`collect_id`,`b`.`file_id`,`a`.`collect_creattime`,`b`.`file_cover`,`b`.`file_name`,`b`.`file_type`,`b`.`file_category` FROM `yw_collect` `a` LEFT JOIN `yw_file` `b` ON `a`.`file_id`=`b`.`file_id` LEFT JOIN `yw_dance_type` `c` ON `b`.`dance_type_id`=`c`.`dance_type_id` WHERE  `user_id` = 2  AND `file_false_delete` = 1  AND `file_state` = 1 ORDER BY `a`.`collect_creattime` DESC [ RunTime:0.000903s ]
---------------------------------------------------------------
[ 2018-11-25T19:16:05+08:00 ] 220.115.30.170 POST /index.php/api/user/user_collect_videos.html
[ info ] yuewu.dazhu-ltd.cn/index.php/api/user/user_collect_videos.html [运行时间：0.031158s][吞吐率：32.09req/s] [内存消耗：3,323.36kb] [文件加载：50]
[ info ] [ LANG ] /www/web/yuewu/public_html/thinkphp/lang/zh-cn.php
[ info ] [ ROUTE ] array (
  'type' => 'module',
  'module' => 
  array (
    0 => 'api',
    1 => 'user',
    2 => 'user_collect_videos',
  ),
)
[ info ] [ HEADER ] array (
  'host' => 'yuewu.dazhu-ltd.cn',
  'connection' => 'keep-alive',
  'content-length' => '144',
  'accept' => '*/*',
  'origin' => 'chrome-extension://geobniafmelcledgickglbajofpkllpl',
  'user-agent' => 'Mozilla/5.0 (Windows NT 10.0; Win64; x64) AppleWebKit/537.36 (KHTML, like Gecko) Chrome/70.0.3538.77 Safari/537.36',
  'content-type' => 'multipart/form-data; boundary=----WebKitFormBoundaryk2jlZDXmmvbx1UM7',
  'accept-encoding' => 'gzip, deflate',
  'accept-language' => 'zh-CN,zh;q=0.9',
)
[ info ] [ PARAM ] array (
  'user_token' => '456',
)
[ info ] [ RUN ] app\api\controller\User->user_collect_videos[ /www/web/yuewu/public_html/application/api/controller/User.php ]
[ info ] [ DB ] INIT mysql
[ info ] [ LOG ] INIT File
[ sql ] [ DB ] CONNECT:[ UseTime:0.001568s ] mysql:host=114.115.205.226;port=3306;dbname=yuewu;charset=utf8
[ sql ] [ SQL ] SHOW COLUMNS FROM `yw_user` [ RunTime:0.002176s ]
[ sql ] [ SQL ] SELECT `user_id`,`user_name`,`user_sex`,`user_role`,`user_portrait`,`user_signature`,`user_token`,`user_status`,`user_false_delete` FROM `yw_user` WHERE  `user_token` = '456' LIMIT 1 [ RunTime:0.000929s ]
[ sql ] [ SQL ] SHOW COLUMNS FROM `yw_collect` [ RunTime:0.001106s ]
[ sql ] [ SQL ] SELECT `a`.`collect_id`,`b`.`file_id`,`a`.`collect_creattime`,`b`.`file_cover`,`b`.`file_name`,`b`.`file_type`,`b`.`file_category` FROM `yw_collect` `a` LEFT JOIN `yw_file` `b` ON `a`.`file_id`=`b`.`file_id` LEFT JOIN `yw_dance_type` `c` ON `b`.`dance_type_id`=`c`.`dance_type_id` WHERE  `user_id` = 2  AND `file_false_delete` = 1  AND `file_state` = 1 ORDER BY `a`.`collect_creattime` DESC [ RunTime:0.000972s ]
---------------------------------------------------------------
[ 2018-11-25T19:16:37+08:00 ] 220.115.30.170 POST /index.php/api/user/user_collect_videos.html
[ info ] yuewu.dazhu-ltd.cn/index.php/api/user/user_collect_videos.html [运行时间：0.034873s][吞吐率：28.68req/s] [内存消耗：3,323.26kb] [文件加载：50]
[ info ] [ LANG ] /www/web/yuewu/public_html/thinkphp/lang/zh-cn.php
[ info ] [ ROUTE ] array (
  'type' => 'module',
  'module' => 
  array (
    0 => 'api',
    1 => 'user',
    2 => 'user_collect_videos',
  ),
)
[ info ] [ HEADER ] array (
  'host' => 'yuewu.dazhu-ltd.cn',
  'connection' => 'keep-alive',
  'content-length' => '144',
  'accept' => '*/*',
  'origin' => 'chrome-extension://geobniafmelcledgickglbajofpkllpl',
  'user-agent' => 'Mozilla/5.0 (Windows NT 10.0; Win64; x64) AppleWebKit/537.36 (KHTML, like Gecko) Chrome/70.0.3538.77 Safari/537.36',
  'content-type' => 'multipart/form-data; boundary=----WebKitFormBoundarymy10CyfaEvkvwLAV',
  'accept-encoding' => 'gzip, deflate',
  'accept-language' => 'zh-CN,zh;q=0.9',
)
[ info ] [ PARAM ] array (
  'user_token' => '456',
)
[ info ] [ RUN ] app\api\controller\User->user_collect_videos[ /www/web/yuewu/public_html/application/api/controller/User.php ]
[ info ] [ DB ] INIT mysql
[ info ] [ LOG ] INIT File
[ sql ] [ DB ] CONNECT:[ UseTime:0.006935s ] mysql:host=114.115.205.226;port=3306;dbname=yuewu;charset=utf8
[ sql ] [ SQL ] SHOW COLUMNS FROM `yw_user` [ RunTime:0.001254s ]
[ sql ] [ SQL ] SELECT `user_id`,`user_name`,`user_sex`,`user_role`,`user_portrait`,`user_signature`,`user_token`,`user_status`,`user_false_delete` FROM `yw_user` WHERE  `user_token` = '456' LIMIT 1 [ RunTime:0.000923s ]
[ sql ] [ SQL ] SHOW COLUMNS FROM `yw_collect` [ RunTime:0.001059s ]
[ sql ] [ SQL ] SELECT `a`.`collect_id`,`b`.`file_id`,`a`.`collect_creattime`,`b`.`file_cover`,`b`.`file_name`,`b`.`file_type`,`b`.`file_category` FROM `yw_collect` `a` LEFT JOIN `yw_file` `b` ON `a`.`file_id`=`b`.`file_id` LEFT JOIN `yw_dance_type` `c` ON `b`.`dance_type_id`=`c`.`dance_type_id` WHERE  `user_id` = 2  AND `file_false_delete` = 1  AND `file_state` = 1 ORDER BY `a`.`collect_creattime` DESC [ RunTime:0.000993s ]
---------------------------------------------------------------
[ 2018-11-25T19:38:13+08:00 ] 220.115.30.170 POST /index.php/api/organization/organization_curriculum_manage.html
[ info ] yuewu.dazhu-ltd.cn/index.php/api/organization/organization_curriculum_manage.html [运行时间：0.028476s][吞吐率：35.12req/s] [内存消耗：3,386.70kb] [文件加载：54]
[ info ] [ LANG ] /www/web/yuewu/public_html/thinkphp/lang/zh-cn.php
[ info ] [ ROUTE ] array (
  'type' => 'module',
  'module' => 
  array (
    0 => 'api',
    1 => 'organization',
    2 => 'organization_curriculum_manage',
  ),
)
[ info ] [ HEADER ] array (
  'host' => 'yuewu.dazhu-ltd.cn',
  'connection' => 'keep-alive',
  'content-length' => '144',
  'accept' => '*/*',
  'origin' => 'chrome-extension://geobniafmelcledgickglbajofpkllpl',
  'user-agent' => 'Mozilla/5.0 (Windows NT 10.0; Win64; x64) AppleWebKit/537.36 (KHTML, like Gecko) Chrome/70.0.3538.77 Safari/537.36',
  'content-type' => 'multipart/form-data; boundary=----WebKitFormBoundarySysFUrddTCm7e6xI',
  'accept-encoding' => 'gzip, deflate',
  'accept-language' => 'zh-CN,zh;q=0.9',
)
[ info ] [ PARAM ] array (
  'user_token' => '456',
)
[ info ] [ RUN ] app\api\controller\Organization->organization_curriculum_manage[ /www/web/yuewu/public_html/application/api/controller/Organization.php ]
[ info ] [ DB ] INIT mysql
[ info ] [ LOG ] INIT File
[ sql ] [ DB ] CONNECT:[ UseTime:0.001500s ] mysql:host=114.115.205.226;port=3306;dbname=yuewu;charset=utf8
[ sql ] [ SQL ] SHOW COLUMNS FROM `yw_user` [ RunTime:0.001286s ]
[ sql ] [ SQL ] SELECT `user_id`,`user_name`,`user_sex`,`user_role`,`user_portrait`,`user_signature`,`user_token`,`user_status`,`user_false_delete` FROM `yw_user` WHERE  `user_token` = '456' LIMIT 1 [ RunTime:0.000943s ]
[ error ] [8]未定义数组索引: organization_id[/www/web/yuewu/public_html/application/api/controller/Organization.php:369]
---------------------------------------------------------------
[ 2018-11-25T19:39:13+08:00 ] 220.115.30.170 POST /index.php/api/organization/organization_curriculum_manage.html
[ info ] yuewu.dazhu-ltd.cn/index.php/api/organization/organization_curriculum_manage.html [运行时间：0.029701s][吞吐率：33.67req/s] [内存消耗：3,386.59kb] [文件加载：54]
[ info ] [ LANG ] /www/web/yuewu/public_html/thinkphp/lang/zh-cn.php
[ info ] [ ROUTE ] array (
  'type' => 'module',
  'module' => 
  array (
    0 => 'api',
    1 => 'organization',
    2 => 'organization_curriculum_manage',
  ),
)
[ info ] [ HEADER ] array (
  'host' => 'yuewu.dazhu-ltd.cn',
  'connection' => 'keep-alive',
  'content-length' => '144',
  'accept' => '*/*',
  'origin' => 'chrome-extension://geobniafmelcledgickglbajofpkllpl',
  'user-agent' => 'Mozilla/5.0 (Windows NT 10.0; Win64; x64) AppleWebKit/537.36 (KHTML, like Gecko) Chrome/70.0.3538.77 Safari/537.36',
  'content-type' => 'multipart/form-data; boundary=----WebKitFormBoundary0B7CDNCp8m0Hd3rF',
  'accept-encoding' => 'gzip, deflate',
  'accept-language' => 'zh-CN,zh;q=0.9',
)
[ info ] [ PARAM ] array (
  'user_token' => '456',
)
[ info ] [ RUN ] app\api\controller\Organization->organization_curriculum_manage[ /www/web/yuewu/public_html/application/api/controller/Organization.php ]
[ info ] [ DB ] INIT mysql
[ info ] [ LOG ] INIT File
[ sql ] [ DB ] CONNECT:[ UseTime:0.001888s ] mysql:host=114.115.205.226;port=3306;dbname=yuewu;charset=utf8
[ sql ] [ SQL ] SHOW COLUMNS FROM `yw_user` [ RunTime:0.001264s ]
[ sql ] [ SQL ] SELECT `user_id`,`user_name`,`user_sex`,`user_role`,`user_portrait`,`user_signature`,`user_token`,`user_status`,`user_false_delete` FROM `yw_user` WHERE  `user_token` = '456' LIMIT 1 [ RunTime:0.000851s ]
[ error ] [8]未定义数组索引: organization_id[/www/web/yuewu/public_html/application/api/controller/Organization.php:369]
---------------------------------------------------------------
[ 2018-11-25T19:40:13+08:00 ] 220.115.30.170 POST /index.php/api/organization/organization_curriculum_manage.html
[ info ] yuewu.dazhu-ltd.cn/index.php/api/organization/organization_curriculum_manage.html [运行时间：0.029755s][吞吐率：33.61req/s] [内存消耗：3,354.15kb] [文件加载：50]
[ info ] [ LANG ] /www/web/yuewu/public_html/thinkphp/lang/zh-cn.php
[ info ] [ ROUTE ] array (
  'type' => 'module',
  'module' => 
  array (
    0 => 'api',
    1 => 'organization',
    2 => 'organization_curriculum_manage',
  ),
)
[ info ] [ HEADER ] array (
  'host' => 'yuewu.dazhu-ltd.cn',
  'connection' => 'keep-alive',
  'content-length' => '247',
  'accept' => '*/*',
  'origin' => 'chrome-extension://geobniafmelcledgickglbajofpkllpl',
  'user-agent' => 'Mozilla/5.0 (Windows NT 10.0; Win64; x64) AppleWebKit/537.36 (KHTML, like Gecko) Chrome/70.0.3538.77 Safari/537.36',
  'content-type' => 'multipart/form-data; boundary=----WebKitFormBoundarytbswf2oE6xTyo3AB',
  'accept-encoding' => 'gzip, deflate',
  'accept-language' => 'zh-CN,zh;q=0.9',
)
[ info ] [ PARAM ] array (
  'user_token' => '456',
  'organization_id' => '1',
)
[ info ] [ RUN ] app\api\controller\Organization->organization_curriculum_manage[ /www/web/yuewu/public_html/application/api/controller/Organization.php ]
[ info ] [ DB ] INIT mysql
[ info ] [ LOG ] INIT File
[ sql ] [ DB ] CONNECT:[ UseTime:0.001597s ] mysql:host=114.115.205.226;port=3306;dbname=yuewu;charset=utf8
[ sql ] [ SQL ] SHOW COLUMNS FROM `yw_user` [ RunTime:0.001301s ]
[ sql ] [ SQL ] SELECT `user_id`,`user_name`,`user_sex`,`user_role`,`user_portrait`,`user_signature`,`user_token`,`user_status`,`user_false_delete` FROM `yw_user` WHERE  `user_token` = '456' LIMIT 1 [ RunTime:0.000887s ]
[ sql ] [ SQL ] SHOW COLUMNS FROM `yw_curriculum` [ RunTime:0.001161s ]
[ sql ] [ SQL ] SELECT * FROM `yw_curriculum` `a` LEFT JOIN `yw_organization_curriculum` `b` ON `a`.`curriculum_id`=`b`.`curriculum_id` LEFT JOIN `yw_organization` `c` ON `b`.`organization_id`=`c`.`organization_id` WHERE  `c`.`organization_id` = '1' [ RunTime:0.001234s ]
---------------------------------------------------------------
[ 2018-11-25T20:21:04+08:00 ] 220.115.30.170 POST /index.php/api/organization/organization_curriculum_manage.html
[ info ] yuewu.dazhu-ltd.cn/index.php/api/organization/organization_curriculum_manage.html [运行时间：0.030655s][吞吐率：32.62req/s] [内存消耗：3,334.56kb] [文件加载：50]
[ info ] [ LANG ] /www/web/yuewu/public_html/thinkphp/lang/zh-cn.php
[ info ] [ ROUTE ] array (
  'type' => 'module',
  'module' => 
  array (
    0 => 'api',
    1 => 'organization',
    2 => 'organization_curriculum_manage',
  ),
)
[ info ] [ HEADER ] array (
  'host' => 'yuewu.dazhu-ltd.cn',
  'connection' => 'keep-alive',
  'content-length' => '247',
  'accept' => '*/*',
  'origin' => 'chrome-extension://geobniafmelcledgickglbajofpkllpl',
  'user-agent' => 'Mozilla/5.0 (Windows NT 10.0; Win64; x64) AppleWebKit/537.36 (KHTML, like Gecko) Chrome/70.0.3538.77 Safari/537.36',
  'content-type' => 'multipart/form-data; boundary=----WebKitFormBoundary3rN45DZm96DBRTsU',
  'accept-encoding' => 'gzip, deflate',
  'accept-language' => 'zh-CN,zh;q=0.9',
)
[ info ] [ PARAM ] array (
  'user_token' => '456',
  'organization_id' => '1',
)
[ info ] [ RUN ] app\api\controller\Organization->organization_curriculum_manage[ /www/web/yuewu/public_html/application/api/controller/Organization.php ]
[ info ] [ DB ] INIT mysql
[ info ] [ LOG ] INIT File
[ sql ] [ DB ] CONNECT:[ UseTime:0.001535s ] mysql:host=114.115.205.226;port=3306;dbname=yuewu;charset=utf8
[ sql ] [ SQL ] SHOW COLUMNS FROM `yw_user` [ RunTime:0.001244s ]
[ sql ] [ SQL ] SELECT `user_id`,`user_name`,`user_sex`,`user_role`,`user_portrait`,`user_signature`,`user_token`,`user_status`,`user_false_delete` FROM `yw_user` WHERE  `user_token` = '456' LIMIT 1 [ RunTime:0.000854s ]
[ sql ] [ SQL ] SHOW COLUMNS FROM `yw_curriculum` [ RunTime:0.001152s ]
[ sql ] [ SQL ] SELECT `a`.`curriculum_id`,`a`.`curriculum_admin`,`a`.`curriculum_name`,`a`.`curriculum_photo`,`a`.`curriculum_actual_price`,`a`.`curriculum_former_price`,`a`.`curriculum_difficulty`,`a`.`curriculum_state` FROM `yw_curriculum` `a` LEFT JOIN `yw_organization_curriculum` `b` ON `a`.`curriculum_id`=`b`.`curriculum_id` LEFT JOIN `yw_organization` `c` ON `b`.`organization_id`=`c`.`organization_id` WHERE  `c`.`organization_id` = '1'  AND `curriculum_false_delete` = 1 [ RunTime:0.001080s ]
---------------------------------------------------------------
[ 2018-11-25T20:23:09+08:00 ] 220.115.30.170 POST /index.php/api/organization/organization_curriculum_manage.html
[ info ] yuewu.dazhu-ltd.cn/index.php/api/organization/organization_curriculum_manage.html [运行时间：0.030421s][吞吐率：32.87req/s] [内存消耗：3,335.16kb] [文件加载：50]
[ info ] [ LANG ] /www/web/yuewu/public_html/thinkphp/lang/zh-cn.php
[ info ] [ ROUTE ] array (
  'type' => 'module',
  'module' => 
  array (
    0 => 'api',
    1 => 'organization',
    2 => 'organization_curriculum_manage',
  ),
)
[ info ] [ HEADER ] array (
  'host' => 'yuewu.dazhu-ltd.cn',
  'connection' => 'keep-alive',
  'content-length' => '247',
  'accept' => '*/*',
  'origin' => 'chrome-extension://geobniafmelcledgickglbajofpkllpl',
  'user-agent' => 'Mozilla/5.0 (Windows NT 10.0; Win64; x64) AppleWebKit/537.36 (KHTML, like Gecko) Chrome/70.0.3538.77 Safari/537.36',
  'content-type' => 'multipart/form-data; boundary=----WebKitFormBoundaryOflK1xEtPYdi1oBN',
  'accept-encoding' => 'gzip, deflate',
  'accept-language' => 'zh-CN,zh;q=0.9',
)
[ info ] [ PARAM ] array (
  'user_token' => '456',
  'organization_id' => '1',
)
[ info ] [ RUN ] app\api\controller\Organization->organization_curriculum_manage[ /www/web/yuewu/public_html/application/api/controller/Organization.php ]
[ info ] [ DB ] INIT mysql
[ info ] [ LOG ] INIT File
[ sql ] [ DB ] CONNECT:[ UseTime:0.002540s ] mysql:host=114.115.205.226;port=3306;dbname=yuewu;charset=utf8
[ sql ] [ SQL ] SHOW COLUMNS FROM `yw_user` [ RunTime:0.001279s ]
[ sql ] [ SQL ] SELECT `user_id`,`user_name`,`user_sex`,`user_role`,`user_portrait`,`user_signature`,`user_token`,`user_status`,`user_false_delete` FROM `yw_user` WHERE  `user_token` = '456' LIMIT 1 [ RunTime:0.000848s ]
[ sql ] [ SQL ] SHOW COLUMNS FROM `yw_curriculum` [ RunTime:0.001208s ]
[ sql ] [ SQL ] SELECT `a`.`curriculum_id`,`a`.`curriculum_admin`,`a`.`curriculum_name`,`a`.`curriculum_photo`,`a`.`curriculum_actual_price`,`a`.`curriculum_former_price`,`a`.`curriculum_difficulty`,`a`.`curriculum_state` FROM `yw_curriculum` `a` LEFT JOIN `yw_organization_curriculum` `b` ON `a`.`curriculum_id`=`b`.`curriculum_id` LEFT JOIN `yw_organization` `c` ON `b`.`organization_id`=`c`.`organization_id` WHERE  `c`.`organization_id` = '1'  AND `curriculum_false_delete` = 1 ORDER BY `curriculum_creattime` DESC [ RunTime:0.001052s ]
---------------------------------------------------------------
[ 2018-11-25T21:06:29+08:00 ] 220.115.30.170 POST /index.php/api/organization/organization_curriculum_manage.html
[ info ] yuewu.dazhu-ltd.cn/index.php/api/organization/organization_curriculum_manage.html [运行时间：0.031027s][吞吐率：32.23req/s] [内存消耗：3,335.16kb] [文件加载：50]
[ info ] [ LANG ] /www/web/yuewu/public_html/thinkphp/lang/zh-cn.php
[ info ] [ ROUTE ] array (
  'type' => 'module',
  'module' => 
  array (
    0 => 'api',
    1 => 'organization',
    2 => 'organization_curriculum_manage',
  ),
)
[ info ] [ HEADER ] array (
  'host' => 'yuewu.dazhu-ltd.cn',
  'connection' => 'keep-alive',
  'content-length' => '247',
  'accept' => '*/*',
  'origin' => 'chrome-extension://geobniafmelcledgickglbajofpkllpl',
  'user-agent' => 'Mozilla/5.0 (Windows NT 10.0; Win64; x64) AppleWebKit/537.36 (KHTML, like Gecko) Chrome/70.0.3538.77 Safari/537.36',
  'content-type' => 'multipart/form-data; boundary=----WebKitFormBoundaryO93yU2lAwRnzoiOq',
  'accept-encoding' => 'gzip, deflate',
  'accept-language' => 'zh-CN,zh;q=0.9',
)
[ info ] [ PARAM ] array (
  'user_token' => '456',
  'organization_id' => '1',
)
[ info ] [ RUN ] app\api\controller\Organization->organization_curriculum_manage[ /www/web/yuewu/public_html/application/api/controller/Organization.php ]
[ info ] [ DB ] INIT mysql
[ info ] [ LOG ] INIT File
[ sql ] [ DB ] CONNECT:[ UseTime:0.001584s ] mysql:host=114.115.205.226;port=3306;dbname=yuewu;charset=utf8
[ sql ] [ SQL ] SHOW COLUMNS FROM `yw_user` [ RunTime:0.001411s ]
[ sql ] [ SQL ] SELECT `user_id`,`user_name`,`user_sex`,`user_role`,`user_portrait`,`user_signature`,`user_token`,`user_status`,`user_false_delete` FROM `yw_user` WHERE  `user_token` = '456' LIMIT 1 [ RunTime:0.001017s ]
[ sql ] [ SQL ] SHOW COLUMNS FROM `yw_curriculum` [ RunTime:0.001274s ]
[ sql ] [ SQL ] SELECT `a`.`curriculum_id`,`a`.`curriculum_admin`,`a`.`curriculum_name`,`a`.`curriculum_photo`,`a`.`curriculum_actual_price`,`a`.`curriculum_former_price`,`a`.`curriculum_difficulty`,`a`.`curriculum_state` FROM `yw_curriculum` `a` LEFT JOIN `yw_organization_curriculum` `b` ON `a`.`curriculum_id`=`b`.`curriculum_id` LEFT JOIN `yw_organization` `c` ON `b`.`organization_id`=`c`.`organization_id` WHERE  `c`.`organization_id` = '1'  AND `curriculum_false_delete` = 1 ORDER BY `curriculum_creattime` DESC [ RunTime:0.000943s ]
---------------------------------------------------------------
[ 2018-11-25T23:20:01+08:00 ] 220.115.30.170 POST /index.php/api/user/user_collect_videos.html
[ info ] yuewu.dazhu-ltd.cn/index.php/api/user/user_collect_videos.html [运行时间：0.029881s][吞吐率：33.47req/s] [内存消耗：3,323.26kb] [文件加载：50]
[ info ] [ LANG ] /www/web/yuewu/public_html/thinkphp/lang/zh-cn.php
[ info ] [ ROUTE ] array (
  'type' => 'module',
  'module' => 
  array (
    0 => 'api',
    1 => 'user',
    2 => 'user_collect_videos',
  ),
)
[ info ] [ HEADER ] array (
  'host' => 'yuewu.dazhu-ltd.cn',
  'connection' => 'keep-alive',
  'content-length' => '144',
  'accept' => '*/*',
  'origin' => 'chrome-extension://geobniafmelcledgickglbajofpkllpl',
  'user-agent' => 'Mozilla/5.0 (Windows NT 10.0; Win64; x64) AppleWebKit/537.36 (KHTML, like Gecko) Chrome/70.0.3538.77 Safari/537.36',
  'content-type' => 'multipart/form-data; boundary=----WebKitFormBoundary2xvNIU1SJYZMpQze',
  'accept-encoding' => 'gzip, deflate',
  'accept-language' => 'zh-CN,zh;q=0.9',
)
[ info ] [ PARAM ] array (
  'user_token' => '456',
)
[ info ] [ RUN ] app\api\controller\User->user_collect_videos[ /www/web/yuewu/public_html/application/api/controller/User.php ]
[ info ] [ DB ] INIT mysql
[ info ] [ LOG ] INIT File
[ sql ] [ DB ] CONNECT:[ UseTime:0.001425s ] mysql:host=114.115.205.226;port=3306;dbname=yuewu;charset=utf8
[ sql ] [ SQL ] SHOW COLUMNS FROM `yw_user` [ RunTime:0.001243s ]
[ sql ] [ SQL ] SELECT `user_id`,`user_name`,`user_sex`,`user_role`,`user_portrait`,`user_signature`,`user_token`,`user_status`,`user_false_delete` FROM `yw_user` WHERE  `user_token` = '456' LIMIT 1 [ RunTime:0.000905s ]
[ sql ] [ SQL ] SHOW COLUMNS FROM `yw_collect` [ RunTime:0.001134s ]
[ sql ] [ SQL ] SELECT `a`.`collect_id`,`b`.`file_id`,`a`.`collect_creattime`,`b`.`file_cover`,`b`.`file_name`,`b`.`file_type`,`b`.`file_category` FROM `yw_collect` `a` LEFT JOIN `yw_file` `b` ON `a`.`file_id`=`b`.`file_id` LEFT JOIN `yw_dance_type` `c` ON `b`.`dance_type_id`=`c`.`dance_type_id` WHERE  `user_id` = 2  AND `file_false_delete` = 1  AND `file_state` = 1 ORDER BY `a`.`collect_creattime` DESC [ RunTime:0.000860s ]
---------------------------------------------------------------
[ 2018-11-25T23:20:29+08:00 ] 220.115.30.170 POST /index.php/api/Teacher/attention_teacher.html
[ info ] yuewu.dazhu-ltd.cn/index.php/api/Teacher/attention_teacher.html [运行时间：0.016321s][吞吐率：61.27req/s] [内存消耗：2,194.95kb] [文件加载：43]
[ info ] [ LANG ] /www/web/yuewu/public_html/thinkphp/lang/zh-cn.php
[ info ] [ ROUTE ] array (
  'type' => 'module',
  'module' => 
  array (
    0 => 'api',
    1 => 'Teacher',
    2 => 'attention_teacher',
  ),
)
[ info ] [ HEADER ] array (
  'host' => 'yuewu.dazhu-ltd.cn',
  'connection' => 'keep-alive',
  'content-length' => '144',
  'accept' => '*/*',
  'origin' => 'chrome-extension://geobniafmelcledgickglbajofpkllpl',
  'user-agent' => 'Mozilla/5.0 (Windows NT 10.0; Win64; x64) AppleWebKit/537.36 (KHTML, like Gecko) Chrome/70.0.3538.77 Safari/537.36',
  'content-type' => 'multipart/form-data; boundary=----WebKitFormBoundaryAQH0PgE6VNHatiVl',
  'accept-encoding' => 'gzip, deflate',
  'accept-language' => 'zh-CN,zh;q=0.9',
)
[ info ] [ PARAM ] array (
  'user_token' => '456',
)
[ info ] [ RUN ] app\api\controller\Teacher->attention_teacher[ /www/web/yuewu/public_html/application/api/controller/Teacher.php ]
[ info ] [ LOG ] INIT File
---------------------------------------------------------------
[ 2018-11-25T23:20:36+08:00 ] 220.115.30.170 POST /index.php/api/Teacher/attention_teacher.html
[ info ] yuewu.dazhu-ltd.cn/index.php/api/Teacher/attention_teacher.html [运行时间：0.016368s][吞吐率：61.10req/s] [内存消耗：2,194.95kb] [文件加载：43]
[ info ] [ LANG ] /www/web/yuewu/public_html/thinkphp/lang/zh-cn.php
[ info ] [ ROUTE ] array (
  'type' => 'module',
  'module' => 
  array (
    0 => 'api',
    1 => 'Teacher',
    2 => 'attention_teacher',
  ),
)
[ info ] [ HEADER ] array (
  'host' => 'yuewu.dazhu-ltd.cn',
  'connection' => 'keep-alive',
  'content-length' => '144',
  'accept' => '*/*',
  'origin' => 'chrome-extension://geobniafmelcledgickglbajofpkllpl',
  'user-agent' => 'Mozilla/5.0 (Windows NT 10.0; Win64; x64) AppleWebKit/537.36 (KHTML, like Gecko) Chrome/70.0.3538.77 Safari/537.36',
  'content-type' => 'multipart/form-data; boundary=----WebKitFormBoundaryf1bfaG7t9AeBiBeX',
  'accept-encoding' => 'gzip, deflate',
  'accept-language' => 'zh-CN,zh;q=0.9',
)
[ info ] [ PARAM ] array (
  'user_token' => '789',
)
[ info ] [ RUN ] app\api\controller\Teacher->attention_teacher[ /www/web/yuewu/public_html/application/api/controller/Teacher.php ]
[ info ] [ LOG ] INIT File
---------------------------------------------------------------
[ 2018-11-25T23:20:40+08:00 ] 220.115.30.170 POST /index.php/api/Teacher/attention_teacher.html
[ info ] yuewu.dazhu-ltd.cn/index.php/api/Teacher/attention_teacher.html [运行时间：0.016186s][吞吐率：61.78req/s] [内存消耗：2,194.95kb] [文件加载：43]
[ info ] [ LANG ] /www/web/yuewu/public_html/thinkphp/lang/zh-cn.php
[ info ] [ ROUTE ] array (
  'type' => 'module',
  'module' => 
  array (
    0 => 'api',
    1 => 'Teacher',
    2 => 'attention_teacher',
  ),
)
[ info ] [ HEADER ] array (
  'host' => 'yuewu.dazhu-ltd.cn',
  'connection' => 'keep-alive',
  'content-length' => '144',
  'accept' => '*/*',
  'origin' => 'chrome-extension://geobniafmelcledgickglbajofpkllpl',
  'user-agent' => 'Mozilla/5.0 (Windows NT 10.0; Win64; x64) AppleWebKit/537.36 (KHTML, like Gecko) Chrome/70.0.3538.77 Safari/537.36',
  'content-type' => 'multipart/form-data; boundary=----WebKitFormBoundaryopNUyCI6aEW9BmPM',
  'accept-encoding' => 'gzip, deflate',
  'accept-language' => 'zh-CN,zh;q=0.9',
)
[ info ] [ PARAM ] array (
  'user_token' => '123',
)
[ info ] [ RUN ] app\api\controller\Teacher->attention_teacher[ /www/web/yuewu/public_html/application/api/controller/Teacher.php ]
[ info ] [ LOG ] INIT File
---------------------------------------------------------------
[ 2018-11-25T23:20:43+08:00 ] 220.115.30.170 POST /index.php/api/Teacher/attention_teacher.html
[ info ] yuewu.dazhu-ltd.cn/index.php/api/Teacher/attention_teacher.html [运行时间：0.015724s][吞吐率：63.60req/s] [内存消耗：2,194.95kb] [文件加载：43]
[ info ] [ LANG ] /www/web/yuewu/public_html/thinkphp/lang/zh-cn.php
[ info ] [ ROUTE ] array (
  'type' => 'module',
  'module' => 
  array (
    0 => 'api',
    1 => 'Teacher',
    2 => 'attention_teacher',
  ),
)
[ info ] [ HEADER ] array (
  'host' => 'yuewu.dazhu-ltd.cn',
  'connection' => 'keep-alive',
  'content-length' => '144',
  'accept' => '*/*',
  'origin' => 'chrome-extension://geobniafmelcledgickglbajofpkllpl',
  'user-agent' => 'Mozilla/5.0 (Windows NT 10.0; Win64; x64) AppleWebKit/537.36 (KHTML, like Gecko) Chrome/70.0.3538.77 Safari/537.36',
  'content-type' => 'multipart/form-data; boundary=----WebKitFormBoundarygD1DDvQvgAFpfNB4',
  'accept-encoding' => 'gzip, deflate',
  'accept-language' => 'zh-CN,zh;q=0.9',
)
[ info ] [ PARAM ] array (
  'user_token' => '456',
)
[ info ] [ RUN ] app\api\controller\Teacher->attention_teacher[ /www/web/yuewu/public_html/application/api/controller/Teacher.php ]
[ info ] [ LOG ] INIT File
---------------------------------------------------------------
[ 2018-11-25T23:20:55+08:00 ] 220.115.30.170 POST /index.php/api/Teacher/attention_teacher.html
[ info ] yuewu.dazhu-ltd.cn/index.php/api/Teacher/attention_teacher.html [运行时间：0.028318s][吞吐率：35.31req/s] [内存消耗：3,313.34kb] [文件加载：54]
[ info ] [ LANG ] /www/web/yuewu/public_html/thinkphp/lang/zh-cn.php
[ info ] [ ROUTE ] array (
  'type' => 'module',
  'module' => 
  array (
    0 => 'api',
    1 => 'Teacher',
    2 => 'attention_teacher',
  ),
)
[ info ] [ HEADER ] array (
  'host' => 'yuewu.dazhu-ltd.cn',
  'connection' => 'keep-alive',
  'content-length' => '144',
  'accept' => '*/*',
  'origin' => 'chrome-extension://geobniafmelcledgickglbajofpkllpl',
  'user-agent' => 'Mozilla/5.0 (Windows NT 10.0; Win64; x64) AppleWebKit/537.36 (KHTML, like Gecko) Chrome/70.0.3538.77 Safari/537.36',
  'content-type' => 'multipart/form-data; boundary=----WebKitFormBoundaryei1W8WhqnENWG0L0',
  'accept-encoding' => 'gzip, deflate',
  'accept-language' => 'zh-CN,zh;q=0.9',
)
[ info ] [ PARAM ] array (
  'user_token' => '456',
)
[ info ] [ RUN ] app\api\controller\Teacher->attention_teacher[ /www/web/yuewu/public_html/application/api/controller/Teacher.php ]
[ info ] [ DB ] INIT mysql
[ info ] [ LOG ] INIT File
[ sql ] [ DB ] CONNECT:[ UseTime:0.001624s ] mysql:host=114.115.205.226;port=3306;dbname=yuewu;charset=utf8
[ sql ] [ SQL ] SHOW COLUMNS FROM `yw_user` [ RunTime:0.001295s ]
[ sql ] [ SQL ] SELECT `user_id`,`user_name`,`user_sex`,`user_role`,`user_portrait`,`user_signature`,`user_token`,`user_status`,`user_false_delete` FROM `yw_user` WHERE  `user_token` = '456' LIMIT 1 [ RunTime:0.000915s ]
[ error ] [8]未定义数组索引: user_teacher_id[/www/web/yuewu/public_html/application/api/controller/Teacher.php:130]
---------------------------------------------------------------
[ 2018-11-25T23:21:09+08:00 ] 220.115.30.170 POST /index.php/api/Teacher/attention_teacher.html
[ info ] yuewu.dazhu-ltd.cn/index.php/api/Teacher/attention_teacher.html [运行时间：0.029868s][吞吐率：33.48req/s] [内存消耗：3,246.48kb] [文件加载：50]
[ info ] [ LANG ] /www/web/yuewu/public_html/thinkphp/lang/zh-cn.php
[ info ] [ ROUTE ] array (
  'type' => 'module',
  'module' => 
  array (
    0 => 'api',
    1 => 'Teacher',
    2 => 'attention_teacher',
  ),
)
[ info ] [ HEADER ] array (
  'host' => 'yuewu.dazhu-ltd.cn',
  'connection' => 'keep-alive',
  'content-length' => '247',
  'accept' => '*/*',
  'origin' => 'chrome-extension://geobniafmelcledgickglbajofpkllpl',
  'user-agent' => 'Mozilla/5.0 (Windows NT 10.0; Win64; x64) AppleWebKit/537.36 (KHTML, like Gecko) Chrome/70.0.3538.77 Safari/537.36',
  'content-type' => 'multipart/form-data; boundary=----WebKitFormBoundaryAJkNtnQRkE5KA8O0',
  'accept-encoding' => 'gzip, deflate',
  'accept-language' => 'zh-CN,zh;q=0.9',
)
[ info ] [ PARAM ] array (
  'user_token' => '456',
  'user_teacher_id' => '1',
)
[ info ] [ RUN ] app\api\controller\Teacher->attention_teacher[ /www/web/yuewu/public_html/application/api/controller/Teacher.php ]
[ info ] [ DB ] INIT mysql
[ info ] [ LOG ] INIT File
[ sql ] [ DB ] CONNECT:[ UseTime:0.001839s ] mysql:host=114.115.205.226;port=3306;dbname=yuewu;charset=utf8
[ sql ] [ SQL ] SHOW COLUMNS FROM `yw_user` [ RunTime:0.001210s ]
[ sql ] [ SQL ] SELECT `user_id`,`user_name`,`user_sex`,`user_role`,`user_portrait`,`user_signature`,`user_token`,`user_status`,`user_false_delete` FROM `yw_user` WHERE  `user_token` = '456' LIMIT 1 [ RunTime:0.000932s ]
[ sql ] [ SQL ] SHOW COLUMNS FROM `yw_attention` [ RunTime:0.001123s ]
[ sql ] [ SQL ] SELECT `b`.`user_name`,`b`.`user_portrait` FROM `yw_attention` `a` LEFT JOIN `yw_user` `b` ON `a`.`uid`=`b`.`user_id` WHERE  `fid` = 1  AND `attention_identity` = 1 [ RunTime:0.000874s ]
---------------------------------------------------------------
[ 2018-11-25T23:23:12+08:00 ] 220.115.30.170 POST /index.php/api/Teacher/attention_teacher.html
[ info ] yuewu.dazhu-ltd.cn/index.php/api/Teacher/attention_teacher.html [运行时间：0.029236s][吞吐率：34.20req/s] [内存消耗：3,311.57kb] [文件加载：54]
[ info ] [ LANG ] /www/web/yuewu/public_html/thinkphp/lang/zh-cn.php
[ info ] [ ROUTE ] array (
  'type' => 'module',
  'module' => 
  array (
    0 => 'api',
    1 => 'Teacher',
    2 => 'attention_teacher',
  ),
)
[ info ] [ HEADER ] array (
  'host' => 'yuewu.dazhu-ltd.cn',
  'connection' => 'keep-alive',
  'content-length' => '144',
  'accept' => '*/*',
  'origin' => 'chrome-extension://geobniafmelcledgickglbajofpkllpl',
  'user-agent' => 'Mozilla/5.0 (Windows NT 10.0; Win64; x64) AppleWebKit/537.36 (KHTML, like Gecko) Chrome/70.0.3538.77 Safari/537.36',
  'content-type' => 'multipart/form-data; boundary=----WebKitFormBoundaryxYriblNxr3rhB6Ad',
  'accept-encoding' => 'gzip, deflate',
  'accept-language' => 'zh-CN,zh;q=0.9',
)
[ info ] [ PARAM ] array (
  'user_token' => '456',
)
[ info ] [ RUN ] app\api\controller\Teacher->attention_teacher[ /www/web/yuewu/public_html/application/api/controller/Teacher.php ]
[ info ] [ DB ] INIT mysql
[ info ] [ LOG ] INIT File
[ sql ] [ DB ] CONNECT:[ UseTime:0.001738s ] mysql:host=114.115.205.226;port=3306;dbname=yuewu;charset=utf8
[ sql ] [ SQL ] SHOW COLUMNS FROM `yw_user` [ RunTime:0.001225s ]
[ sql ] [ SQL ] SELECT `user_id`,`user_name`,`user_sex`,`user_role`,`user_portrait`,`user_signature`,`user_token`,`user_status`,`user_false_delete` FROM `yw_user` WHERE  `user_token` = '456' LIMIT 1 [ RunTime:0.000995s ]
[ error ] [8]未定义数组索引: user_id[/www/web/yuewu/public_html/application/api/controller/Teacher.php:130]
---------------------------------------------------------------
[ 2018-11-25T23:24:08+08:00 ] 220.115.30.170 POST /index.php/api/Teacher/attention_teacher.html
[ info ] yuewu.dazhu-ltd.cn/index.php/api/Teacher/attention_teacher.html [运行时间：0.028496s][吞吐率：35.09req/s] [内存消耗：3,311.35kb] [文件加载：54]
[ info ] [ LANG ] /www/web/yuewu/public_html/thinkphp/lang/zh-cn.php
[ info ] [ ROUTE ] array (
  'type' => 'module',
  'module' => 
  array (
    0 => 'api',
    1 => 'Teacher',
    2 => 'attention_teacher',
  ),
)
[ info ] [ HEADER ] array (
  'host' => 'yuewu.dazhu-ltd.cn',
  'connection' => 'keep-alive',
  'content-length' => '144',
  'accept' => '*/*',
  'origin' => 'chrome-extension://geobniafmelcledgickglbajofpkllpl',
  'user-agent' => 'Mozilla/5.0 (Windows NT 10.0; Win64; x64) AppleWebKit/537.36 (KHTML, like Gecko) Chrome/70.0.3538.77 Safari/537.36',
  'content-type' => 'multipart/form-data; boundary=----WebKitFormBoundaryyJhntd2OokzSsHcE',
  'accept-encoding' => 'gzip, deflate',
  'accept-language' => 'zh-CN,zh;q=0.9',
)
[ info ] [ PARAM ] array (
  'user_token' => '456',
)
[ info ] [ RUN ] app\api\controller\Teacher->attention_teacher[ /www/web/yuewu/public_html/application/api/controller/Teacher.php ]
[ info ] [ DB ] INIT mysql
[ info ] [ LOG ] INIT File
[ sql ] [ DB ] CONNECT:[ UseTime:0.001579s ] mysql:host=114.115.205.226;port=3306;dbname=yuewu;charset=utf8
[ sql ] [ SQL ] SHOW COLUMNS FROM `yw_user` [ RunTime:0.001316s ]
[ sql ] [ SQL ] SELECT `user_id`,`user_name`,`user_sex`,`user_role`,`user_portrait`,`user_signature`,`user_token`,`user_status`,`user_false_delete` FROM `yw_user` WHERE  `user_token` = '456' LIMIT 1 [ RunTime:0.000942s ]
[ error ] [8]未定义变量: 2[/www/web/yuewu/public_html/application/api/controller/Teacher.php:130]
---------------------------------------------------------------
[ 2018-11-25T23:24:33+08:00 ] 220.115.30.170 POST /index.php/api/Teacher/attention_teacher.html
[ info ] yuewu.dazhu-ltd.cn/index.php/api/Teacher/attention_teacher.html [运行时间：0.031504s][吞吐率：31.74req/s] [内存消耗：3,258.88kb] [文件加载：50]
[ info ] [ LANG ] /www/web/yuewu/public_html/thinkphp/lang/zh-cn.php
[ info ] [ ROUTE ] array (
  'type' => 'module',
  'module' => 
  array (
    0 => 'api',
    1 => 'Teacher',
    2 => 'attention_teacher',
  ),
)
[ info ] [ HEADER ] array (
  'host' => 'yuewu.dazhu-ltd.cn',
  'connection' => 'keep-alive',
  'content-length' => '144',
  'accept' => '*/*',
  'origin' => 'chrome-extension://geobniafmelcledgickglbajofpkllpl',
  'user-agent' => 'Mozilla/5.0 (Windows NT 10.0; Win64; x64) AppleWebKit/537.36 (KHTML, like Gecko) Chrome/70.0.3538.77 Safari/537.36',
  'content-type' => 'multipart/form-data; boundary=----WebKitFormBoundaryHmUr1Rtta0K5MI17',
  'accept-encoding' => 'gzip, deflate',
  'accept-language' => 'zh-CN,zh;q=0.9',
)
[ info ] [ PARAM ] array (
  'user_token' => '456',
)
[ info ] [ RUN ] app\api\controller\Teacher->attention_teacher[ /www/web/yuewu/public_html/application/api/controller/Teacher.php ]
[ info ] [ DB ] INIT mysql
[ info ] [ LOG ] INIT File
[ sql ] [ DB ] CONNECT:[ UseTime:0.001708s ] mysql:host=114.115.205.226;port=3306;dbname=yuewu;charset=utf8
[ sql ] [ SQL ] SHOW COLUMNS FROM `yw_user` [ RunTime:0.001241s ]
[ sql ] [ SQL ] SELECT `user_id`,`user_name`,`user_sex`,`user_role`,`user_portrait`,`user_signature`,`user_token`,`user_status`,`user_false_delete` FROM `yw_user` WHERE  `user_token` = '456' LIMIT 1 [ RunTime:0.000901s ]
[ sql ] [ SQL ] SHOW COLUMNS FROM `yw_user_teacher` [ RunTime:0.001193s ]
[ sql ] [ SQL ] SELECT * FROM `yw_user_teacher` WHERE  `user_id` = 2 LIMIT 1 [ RunTime:0.000884s ]
[ sql ] [ SQL ] SHOW COLUMNS FROM `yw_attention` [ RunTime:0.001177s ]
[ sql ] [ SQL ] SELECT `b`.`user_name`,`b`.`user_portrait` FROM `yw_attention` `a` LEFT JOIN `yw_user` `b` ON `a`.`uid`=`b`.`user_id` WHERE  `fid` = 1  AND `attention_identity` = 1 [ RunTime:0.000927s ]
---------------------------------------------------------------
[ 2018-11-25T23:24:44+08:00 ] 220.115.30.170 POST /index.php/api/user/user_collect_videos.html
[ info ] yuewu.dazhu-ltd.cn/index.php/api/user/user_collect_videos.html [运行时间：0.030021s][吞吐率：33.31req/s] [内存消耗：3,323.26kb] [文件加载：50]
[ info ] [ LANG ] /www/web/yuewu/public_html/thinkphp/lang/zh-cn.php
[ info ] [ ROUTE ] array (
  'type' => 'module',
  'module' => 
  array (
    0 => 'api',
    1 => 'user',
    2 => 'user_collect_videos',
  ),
)
[ info ] [ HEADER ] array (
  'host' => 'yuewu.dazhu-ltd.cn',
  'connection' => 'keep-alive',
  'content-length' => '144',
  'accept' => '*/*',
  'origin' => 'chrome-extension://geobniafmelcledgickglbajofpkllpl',
  'user-agent' => 'Mozilla/5.0 (Windows NT 10.0; Win64; x64) AppleWebKit/537.36 (KHTML, like Gecko) Chrome/70.0.3538.77 Safari/537.36',
  'content-type' => 'multipart/form-data; boundary=----WebKitFormBoundaryAthVzcA9PTcPUUfn',
  'accept-encoding' => 'gzip, deflate',
  'accept-language' => 'zh-CN,zh;q=0.9',
)
[ info ] [ PARAM ] array (
  'user_token' => '456',
)
[ info ] [ RUN ] app\api\controller\User->user_collect_videos[ /www/web/yuewu/public_html/application/api/controller/User.php ]
[ info ] [ DB ] INIT mysql
[ info ] [ LOG ] INIT File
[ sql ] [ DB ] CONNECT:[ UseTime:0.001619s ] mysql:host=114.115.205.226;port=3306;dbname=yuewu;charset=utf8
[ sql ] [ SQL ] SHOW COLUMNS FROM `yw_user` [ RunTime:0.001268s ]
[ sql ] [ SQL ] SELECT `user_id`,`user_name`,`user_sex`,`user_role`,`user_portrait`,`user_signature`,`user_token`,`user_status`,`user_false_delete` FROM `yw_user` WHERE  `user_token` = '456' LIMIT 1 [ RunTime:0.000890s ]
[ sql ] [ SQL ] SHOW COLUMNS FROM `yw_collect` [ RunTime:0.001162s ]
[ sql ] [ SQL ] SELECT `a`.`collect_id`,`b`.`file_id`,`a`.`collect_creattime`,`b`.`file_cover`,`b`.`file_name`,`b`.`file_type`,`b`.`file_category` FROM `yw_collect` `a` LEFT JOIN `yw_file` `b` ON `a`.`file_id`=`b`.`file_id` LEFT JOIN `yw_dance_type` `c` ON `b`.`dance_type_id`=`c`.`dance_type_id` WHERE  `user_id` = 2  AND `file_false_delete` = 1  AND `file_state` = 1 ORDER BY `a`.`collect_creattime` DESC [ RunTime:0.000858s ]
---------------------------------------------------------------
[ 2018-11-25T23:26:52+08:00 ] 220.115.30.170 POST /index.php/api/Teacher/teacher_information.html
[ info ] yuewu.dazhu-ltd.cn/index.php/api/Teacher/teacher_information.html [运行时间：0.029378s][吞吐率：34.04req/s] [内存消耗：3,266.42kb] [文件加载：50]
[ info ] [ LANG ] /www/web/yuewu/public_html/thinkphp/lang/zh-cn.php
[ info ] [ ROUTE ] array (
  'type' => 'module',
  'module' => 
  array (
    0 => 'api',
    1 => 'Teacher',
    2 => 'teacher_information',
  ),
)
[ info ] [ HEADER ] array (
  'host' => 'yuewu.dazhu-ltd.cn',
  'connection' => 'keep-alive',
  'content-length' => '144',
  'accept' => '*/*',
  'origin' => 'chrome-extension://geobniafmelcledgickglbajofpkllpl',
  'user-agent' => 'Mozilla/5.0 (Windows NT 10.0; Win64; x64) AppleWebKit/537.36 (KHTML, like Gecko) Chrome/70.0.3538.77 Safari/537.36',
  'content-type' => 'multipart/form-data; boundary=----WebKitFormBoundaryTXj7VfH92eR0ECFr',
  'accept-encoding' => 'gzip, deflate',
  'accept-language' => 'zh-CN,zh;q=0.9',
)
[ info ] [ PARAM ] array (
  'user_token' => '456',
)
[ info ] [ RUN ] app\api\controller\Teacher->teacher_information[ /www/web/yuewu/public_html/application/api/controller/Teacher.php ]
[ info ] [ DB ] INIT mysql
[ info ] [ LOG ] INIT File
[ sql ] [ DB ] CONNECT:[ UseTime:0.001553s ] mysql:host=114.115.205.226;port=3306;dbname=yuewu;charset=utf8
[ sql ] [ SQL ] SHOW COLUMNS FROM `yw_user` [ RunTime:0.001258s ]
[ sql ] [ SQL ] SELECT `user_id`,`user_name`,`user_sex`,`user_role`,`user_portrait`,`user_signature`,`user_token`,`user_status`,`user_false_delete` FROM `yw_user` WHERE  `user_token` = '456' LIMIT 1 [ RunTime:0.000933s ]
[ sql ] [ SQL ] SHOW COLUMNS FROM `yw_user_teacher` [ RunTime:0.001260s ]
[ sql ] [ SQL ] SELECT * FROM `yw_user_teacher` WHERE  `user_id` = 2 LIMIT 1 [ RunTime:0.000981s ]
---------------------------------------------------------------
[ 2018-11-25T23:29:18+08:00 ] 220.115.30.170 POST /index.php/api/Teacher/teacher_information.html
[ info ] yuewu.dazhu-ltd.cn/index.php/api/Teacher/teacher_information.html [运行时间：0.029914s][吞吐率：33.43req/s] [内存消耗：3,267.95kb] [文件加载：50]
[ info ] [ LANG ] /www/web/yuewu/public_html/thinkphp/lang/zh-cn.php
[ info ] [ ROUTE ] array (
  'type' => 'module',
  'module' => 
  array (
    0 => 'api',
    1 => 'Teacher',
    2 => 'teacher_information',
  ),
)
[ info ] [ HEADER ] array (
  'host' => 'yuewu.dazhu-ltd.cn',
  'connection' => 'keep-alive',
  'content-length' => '144',
  'accept' => '*/*',
  'origin' => 'chrome-extension://geobniafmelcledgickglbajofpkllpl',
  'user-agent' => 'Mozilla/5.0 (Windows NT 10.0; Win64; x64) AppleWebKit/537.36 (KHTML, like Gecko) Chrome/70.0.3538.77 Safari/537.36',
  'content-type' => 'multipart/form-data; boundary=----WebKitFormBoundaryEuMbi0B2TRjWvO9E',
  'accept-encoding' => 'gzip, deflate',
  'accept-language' => 'zh-CN,zh;q=0.9',
)
[ info ] [ PARAM ] array (
  'user_token' => '456',
)
[ info ] [ RUN ] app\api\controller\Teacher->teacher_information[ /www/web/yuewu/public_html/application/api/controller/Teacher.php ]
[ info ] [ DB ] INIT mysql
[ info ] [ LOG ] INIT File
[ sql ] [ DB ] CONNECT:[ UseTime:0.001640s ] mysql:host=114.115.205.226;port=3306;dbname=yuewu;charset=utf8
[ sql ] [ SQL ] SHOW COLUMNS FROM `yw_user` [ RunTime:0.001306s ]
[ sql ] [ SQL ] SELECT `user_id`,`user_name`,`user_sex`,`user_role`,`user_portrait`,`user_signature`,`user_token`,`user_status`,`user_false_delete` FROM `yw_user` WHERE  `user_token` = '456' LIMIT 1 [ RunTime:0.000901s ]
[ sql ] [ SQL ] SHOW COLUMNS FROM `yw_user_teacher` [ RunTime:0.001155s ]
[ sql ] [ SQL ] SELECT `user_teacher_id`,`teacher_portrait`,`teacher_phone`,`teacher_name`,`schooltime`,`teacher_site`,`teacher_attention`,`teacher_level`,`teacher_master`,`teacher_intro`,`teacher_video` FROM `yw_user_teacher` WHERE  `user_id` = 2  AND `teacher_state` = 1  AND `teacher_false_delete` = 1 LIMIT 1 [ RunTime:0.000976s ]
---------------------------------------------------------------
[ 2018-11-25T23:30:06+08:00 ] 220.115.30.170 POST /index.php/api/user/user_collect_videos.html
[ info ] yuewu.dazhu-ltd.cn/index.php/api/user/user_collect_videos.html [运行时间：0.029430s][吞吐率：33.98req/s] [内存消耗：3,323.26kb] [文件加载：50]
[ info ] [ LANG ] /www/web/yuewu/public_html/thinkphp/lang/zh-cn.php
[ info ] [ ROUTE ] array (
  'type' => 'module',
  'module' => 
  array (
    0 => 'api',
    1 => 'user',
    2 => 'user_collect_videos',
  ),
)
[ info ] [ HEADER ] array (
  'host' => 'yuewu.dazhu-ltd.cn',
  'connection' => 'keep-alive',
  'content-length' => '144',
  'accept' => '*/*',
  'origin' => 'chrome-extension://geobniafmelcledgickglbajofpkllpl',
  'user-agent' => 'Mozilla/5.0 (Windows NT 10.0; Win64; x64) AppleWebKit/537.36 (KHTML, like Gecko) Chrome/70.0.3538.77 Safari/537.36',
  'content-type' => 'multipart/form-data; boundary=----WebKitFormBoundary8WlA4YeSHK5qODKP',
  'accept-encoding' => 'gzip, deflate',
  'accept-language' => 'zh-CN,zh;q=0.9',
)
[ info ] [ PARAM ] array (
  'user_token' => '456',
)
[ info ] [ RUN ] app\api\controller\User->user_collect_videos[ /www/web/yuewu/public_html/application/api/controller/User.php ]
[ info ] [ DB ] INIT mysql
[ info ] [ LOG ] INIT File
[ sql ] [ DB ] CONNECT:[ UseTime:0.001735s ] mysql:host=114.115.205.226;port=3306;dbname=yuewu;charset=utf8
[ sql ] [ SQL ] SHOW COLUMNS FROM `yw_user` [ RunTime:0.001305s ]
[ sql ] [ SQL ] SELECT `user_id`,`user_name`,`user_sex`,`user_role`,`user_portrait`,`user_signature`,`user_token`,`user_status`,`user_false_delete` FROM `yw_user` WHERE  `user_token` = '456' LIMIT 1 [ RunTime:0.000997s ]
[ sql ] [ SQL ] SHOW COLUMNS FROM `yw_collect` [ RunTime:0.001087s ]
[ sql ] [ SQL ] SELECT `a`.`collect_id`,`b`.`file_id`,`a`.`collect_creattime`,`b`.`file_cover`,`b`.`file_name`,`b`.`file_type`,`b`.`file_category` FROM `yw_collect` `a` LEFT JOIN `yw_file` `b` ON `a`.`file_id`=`b`.`file_id` LEFT JOIN `yw_dance_type` `c` ON `b`.`dance_type_id`=`c`.`dance_type_id` WHERE  `user_id` = 2  AND `file_false_delete` = 1  AND `file_state` = 1 ORDER BY `a`.`collect_creattime` DESC [ RunTime:0.000916s ]
