---------------------------------------------------------------
[ 2019-02-06T22:24:17+08:00 ] 221.198.220.3 GET /admin/account/login.html
[ info ] yuewu.dazhu-ltd.cn/admin/account/login.html [运行时间：0.016652s][吞吐率：60.05req/s] [内存消耗：2,245.22kb] [文件加载：45]
[ info ] [ LANG ] /www/web/yuewu/public_html/thinkphp/lang/zh-cn.php
[ info ] [ ROUTE ] array (
  'type' => 'module',
  'module' => 
  array (
    0 => 'admin',
    1 => 'account',
    2 => 'login',
  ),
)
[ info ] [ HEADER ] array (
  'host' => 'yuewu.dazhu-ltd.cn',
  'connection' => 'keep-alive',
  'upgrade-insecure-requests' => '1',
  'user-agent' => 'Mozilla/5.0 (Windows NT 10.0; Win64; x64) AppleWebKit/537.36 (KHTML, like Gecko) Chrome/70.0.3538.77 Safari/537.36',
  'accept' => 'text/html,application/xhtml+xml,application/xml;q=0.9,image/webp,image/apng,*/*;q=0.8',
  'accept-encoding' => 'gzip, deflate',
  'accept-language' => 'zh-CN,zh;q=0.9',
)
[ info ] [ PARAM ] array (
)
[ info ] [ RUN ] app\admin\controller\Account->login[ /www/web/yuewu/public_html/application/admin/controller/Account.php ]
[ info ] [ VIEW ] /www/web/yuewu/public_html/application/admin/view/account/login.html [ array (
) ]
[ info ] [ LOG ] INIT File
---------------------------------------------------------------
[ 2019-02-06T22:24:19+08:00 ] 221.198.220.3 POST /admin/account/loginupdate.html
[ info ] yuewu.dazhu-ltd.cn/admin/account/loginupdate.html [运行时间：0.016584s][吞吐率：60.30req/s] [内存消耗：2,256.52kb] [文件加载：46]
[ info ] [ LANG ] /www/web/yuewu/public_html/thinkphp/lang/zh-cn.php
[ info ] [ ROUTE ] array (
  'type' => 'module',
  'module' => 
  array (
    0 => 'admin',
    1 => 'account',
    2 => 'loginupdate',
  ),
)
[ info ] [ HEADER ] array (
  'host' => 'yuewu.dazhu-ltd.cn',
  'connection' => 'keep-alive',
  'content-length' => '25',
  'cache-control' => 'max-age=0',
  'origin' => 'http://yuewu.dazhu-ltd.cn',
  'upgrade-insecure-requests' => '1',
  'content-type' => 'application/x-www-form-urlencoded',
  'user-agent' => 'Mozilla/5.0 (Windows NT 10.0; Win64; x64) AppleWebKit/537.36 (KHTML, like Gecko) Chrome/70.0.3538.77 Safari/537.36',
  'accept' => 'text/html,application/xhtml+xml,application/xml;q=0.9,image/webp,image/apng,*/*;q=0.8',
  'referer' => 'http://yuewu.dazhu-ltd.cn/admin/account/login.html',
  'accept-encoding' => 'gzip, deflate',
  'accept-language' => 'zh-CN,zh;q=0.9',
)
[ info ] [ PARAM ] array (
  'admin_account' => '',
  'admin_psd' => '',
)
[ info ] [ RUN ] app\admin\controller\Account->loginupdate[ /www/web/yuewu/public_html/application/admin/controller/Account.php ]
[ info ] [ VIEW ] /www/web/yuewu/public_html/thinkphp/tpl/dispatch_jump.tpl [ array (
  0 => 'code',
  1 => 'msg',
  2 => 'data',
  3 => 'url',
  4 => 'wait',
) ]
[ info ] [ LOG ] INIT File
---------------------------------------------------------------
[ 2019-02-06T22:24:20+08:00 ] 221.198.220.3 GET /admin/index/index.html
[ info ] yuewu.dazhu-ltd.cn/admin/index/index.html [运行时间：0.017090s][吞吐率：58.51req/s] [内存消耗：2,263.06kb] [文件加载：46]
[ info ] [ LANG ] /www/web/yuewu/public_html/thinkphp/lang/zh-cn.php
[ info ] [ ROUTE ] array (
  'type' => 'module',
  'module' => 
  array (
    0 => 'admin',
    1 => 'index',
    2 => 'index',
  ),
)
[ info ] [ HEADER ] array (
  'host' => 'yuewu.dazhu-ltd.cn',
  'connection' => 'keep-alive',
  'upgrade-insecure-requests' => '1',
  'user-agent' => 'Mozilla/5.0 (Windows NT 10.0; Win64; x64) AppleWebKit/537.36 (KHTML, like Gecko) Chrome/70.0.3538.77 Safari/537.36',
  'accept' => 'text/html,application/xhtml+xml,application/xml;q=0.9,image/webp,image/apng,*/*;q=0.8',
  'referer' => 'http://yuewu.dazhu-ltd.cn/admin/account/loginupdate.html',
  'accept-encoding' => 'gzip, deflate',
  'accept-language' => 'zh-CN,zh;q=0.9',
)
[ info ] [ PARAM ] array (
)
[ info ] [ RUN ] app\admin\controller\Index->index[ /www/web/yuewu/public_html/application/admin/controller/Index.php ]
[ info ] [ VIEW ] /www/web/yuewu/public_html/application/admin/view/index/index.html [ array (
) ]
[ info ] [ LOG ] INIT File
---------------------------------------------------------------
[ 2019-02-06T22:24:20+08:00 ] 221.198.220.3 GET /admin/index/homepage.html?v=4.0
[ info ] yuewu.dazhu-ltd.cn/admin/index/homepage.html?v=4.0 [运行时间：0.016324s][吞吐率：61.26req/s] [内存消耗：2,253.96kb] [文件加载：45]
[ info ] [ LANG ] /www/web/yuewu/public_html/thinkphp/lang/zh-cn.php
[ info ] [ ROUTE ] array (
  'type' => 'module',
  'module' => 
  array (
    0 => 'admin',
    1 => 'index',
    2 => 'homepage',
  ),
)
[ info ] [ HEADER ] array (
  'host' => 'yuewu.dazhu-ltd.cn',
  'connection' => 'keep-alive',
  'upgrade-insecure-requests' => '1',
  'user-agent' => 'Mozilla/5.0 (Windows NT 10.0; Win64; x64) AppleWebKit/537.36 (KHTML, like Gecko) Chrome/70.0.3538.77 Safari/537.36',
  'accept' => 'text/html,application/xhtml+xml,application/xml;q=0.9,image/webp,image/apng,*/*;q=0.8',
  'referer' => 'http://yuewu.dazhu-ltd.cn/admin/index/index.html',
  'accept-encoding' => 'gzip, deflate',
  'accept-language' => 'zh-CN,zh;q=0.9',
)
[ info ] [ PARAM ] array (
  'v' => '4.0',
)
[ info ] [ RUN ] app\admin\controller\Index->homepage[ /www/web/yuewu/public_html/application/admin/controller/Index.php ]
[ info ] [ VIEW ] /www/web/yuewu/public_html/application/admin/view/index/homepage.html [ array (
) ]
[ info ] [ LOG ] INIT File
---------------------------------------------------------------
[ 2019-02-06T22:24:20+08:00 ] 221.198.220.3 GET /admin/index/img/a1.jpg
[ info ] yuewu.dazhu-ltd.cn/admin/index/img/a1.jpg [运行时间：0.017470s][吞吐率：57.24req/s] [内存消耗：2,230.47kb] [文件加载：47]
[ info ] [ LANG ] /www/web/yuewu/public_html/thinkphp/lang/zh-cn.php
[ info ] [ ROUTE ] array (
  'type' => 'module',
  'module' => 
  array (
    0 => 'admin',
    1 => 'index',
    2 => 'img',
  ),
)
[ info ] [ HEADER ] array (
  'host' => 'yuewu.dazhu-ltd.cn',
  'connection' => 'keep-alive',
  'user-agent' => 'Mozilla/5.0 (Windows NT 10.0; Win64; x64) AppleWebKit/537.36 (KHTML, like Gecko) Chrome/70.0.3538.77 Safari/537.36',
  'accept' => 'image/webp,image/apng,image/*,*/*;q=0.8',
  'referer' => 'http://yuewu.dazhu-ltd.cn/admin/index/homepage.html?v=4.0',
  'accept-encoding' => 'gzip, deflate',
  'accept-language' => 'zh-CN,zh;q=0.9',
)
[ info ] [ PARAM ] array (
)
[ info ] [ LOG ] INIT File
---------------------------------------------------------------
[ 2019-02-06T22:24:20+08:00 ] 221.198.220.3 GET /admin/index/img/a3.jpg
[ info ] yuewu.dazhu-ltd.cn/admin/index/img/a3.jpg [运行时间：0.036969s][吞吐率：27.05req/s] [内存消耗：2,230.47kb] [文件加载：47]
[ info ] [ LANG ] /www/web/yuewu/public_html/thinkphp/lang/zh-cn.php
[ info ] [ ROUTE ] array (
  'type' => 'module',
  'module' => 
  array (
    0 => 'admin',
    1 => 'index',
    2 => 'img',
  ),
)
[ info ] [ HEADER ] array (
  'host' => 'yuewu.dazhu-ltd.cn',
  'connection' => 'keep-alive',
  'user-agent' => 'Mozilla/5.0 (Windows NT 10.0; Win64; x64) AppleWebKit/537.36 (KHTML, like Gecko) Chrome/70.0.3538.77 Safari/537.36',
  'accept' => 'image/webp,image/apng,image/*,*/*;q=0.8',
  'referer' => 'http://yuewu.dazhu-ltd.cn/admin/index/homepage.html?v=4.0',
  'accept-encoding' => 'gzip, deflate',
  'accept-language' => 'zh-CN,zh;q=0.9',
)
[ info ] [ PARAM ] array (
)
[ info ] [ LOG ] INIT File
---------------------------------------------------------------
[ 2019-02-06T22:24:20+08:00 ] 221.198.220.3 GET /admin/index/img/a2.jpg
[ info ] yuewu.dazhu-ltd.cn/admin/index/img/a2.jpg [运行时间：0.036631s][吞吐率：27.30req/s] [内存消耗：2,230.46kb] [文件加载：47]
[ info ] [ LANG ] /www/web/yuewu/public_html/thinkphp/lang/zh-cn.php
[ info ] [ ROUTE ] array (
  'type' => 'module',
  'module' => 
  array (
    0 => 'admin',
    1 => 'index',
    2 => 'img',
  ),
)
[ info ] [ HEADER ] array (
  'host' => 'yuewu.dazhu-ltd.cn',
  'connection' => 'keep-alive',
  'user-agent' => 'Mozilla/5.0 (Windows NT 10.0; Win64; x64) AppleWebKit/537.36 (KHTML, like Gecko) Chrome/70.0.3538.77 Safari/537.36',
  'accept' => 'image/webp,image/apng,image/*,*/*;q=0.8',
  'referer' => 'http://yuewu.dazhu-ltd.cn/admin/index/homepage.html?v=4.0',
  'accept-encoding' => 'gzip, deflate',
  'accept-language' => 'zh-CN,zh;q=0.9',
)
[ info ] [ PARAM ] array (
)
[ info ] [ LOG ] INIT File
---------------------------------------------------------------
[ 2019-02-06T22:24:20+08:00 ] 221.198.220.3 GET /admin/index/img/a5.jpg
[ info ] yuewu.dazhu-ltd.cn/admin/index/img/a5.jpg [运行时间：0.033584s][吞吐率：29.78req/s] [内存消耗：2,230.47kb] [文件加载：47]
[ info ] [ LANG ] /www/web/yuewu/public_html/thinkphp/lang/zh-cn.php
[ info ] [ ROUTE ] array (
  'type' => 'module',
  'module' => 
  array (
    0 => 'admin',
    1 => 'index',
    2 => 'img',
  ),
)
[ info ] [ HEADER ] array (
  'host' => 'yuewu.dazhu-ltd.cn',
  'connection' => 'keep-alive',
  'user-agent' => 'Mozilla/5.0 (Windows NT 10.0; Win64; x64) AppleWebKit/537.36 (KHTML, like Gecko) Chrome/70.0.3538.77 Safari/537.36',
  'accept' => 'image/webp,image/apng,image/*,*/*;q=0.8',
  'referer' => 'http://yuewu.dazhu-ltd.cn/admin/index/homepage.html?v=4.0',
  'accept-encoding' => 'gzip, deflate',
  'accept-language' => 'zh-CN,zh;q=0.9',
)
[ info ] [ PARAM ] array (
)
[ info ] [ LOG ] INIT File
---------------------------------------------------------------
[ 2019-02-06T22:24:20+08:00 ] 221.198.220.3 GET /admin/index/img/a4.jpg
[ info ] yuewu.dazhu-ltd.cn/admin/index/img/a4.jpg [运行时间：0.040895s][吞吐率：24.45req/s] [内存消耗：2,230.47kb] [文件加载：47]
[ info ] [ LANG ] /www/web/yuewu/public_html/thinkphp/lang/zh-cn.php
[ info ] [ ROUTE ] array (
  'type' => 'module',
  'module' => 
  array (
    0 => 'admin',
    1 => 'index',
    2 => 'img',
  ),
)
[ info ] [ HEADER ] array (
  'host' => 'yuewu.dazhu-ltd.cn',
  'connection' => 'keep-alive',
  'user-agent' => 'Mozilla/5.0 (Windows NT 10.0; Win64; x64) AppleWebKit/537.36 (KHTML, like Gecko) Chrome/70.0.3538.77 Safari/537.36',
  'accept' => 'image/webp,image/apng,image/*,*/*;q=0.8',
  'referer' => 'http://yuewu.dazhu-ltd.cn/admin/index/homepage.html?v=4.0',
  'accept-encoding' => 'gzip, deflate',
  'accept-language' => 'zh-CN,zh;q=0.9',
)
[ info ] [ PARAM ] array (
)
[ info ] [ LOG ] INIT File
---------------------------------------------------------------
[ 2019-02-06T22:24:20+08:00 ] 221.198.220.3 GET /admin/index/img/a7.jpg
[ info ] yuewu.dazhu-ltd.cn/admin/index/img/a7.jpg [运行时间：0.037094s][吞吐率：26.96req/s] [内存消耗：2,230.47kb] [文件加载：47]
[ info ] [ LANG ] /www/web/yuewu/public_html/thinkphp/lang/zh-cn.php
[ info ] [ ROUTE ] array (
  'type' => 'module',
  'module' => 
  array (
    0 => 'admin',
    1 => 'index',
    2 => 'img',
  ),
)
[ info ] [ HEADER ] array (
  'host' => 'yuewu.dazhu-ltd.cn',
  'connection' => 'keep-alive',
  'user-agent' => 'Mozilla/5.0 (Windows NT 10.0; Win64; x64) AppleWebKit/537.36 (KHTML, like Gecko) Chrome/70.0.3538.77 Safari/537.36',
  'accept' => 'image/webp,image/apng,image/*,*/*;q=0.8',
  'referer' => 'http://yuewu.dazhu-ltd.cn/admin/index/homepage.html?v=4.0',
  'accept-encoding' => 'gzip, deflate',
  'accept-language' => 'zh-CN,zh;q=0.9',
)
[ info ] [ PARAM ] array (
)
[ info ] [ LOG ] INIT File
---------------------------------------------------------------
[ 2019-02-06T22:24:20+08:00 ] 221.198.220.3 GET /admin/index/img/a6.jpg
[ info ] yuewu.dazhu-ltd.cn/admin/index/img/a6.jpg [运行时间：0.023340s][吞吐率：42.84req/s] [内存消耗：2,230.46kb] [文件加载：47]
[ info ] [ LANG ] /www/web/yuewu/public_html/thinkphp/lang/zh-cn.php
[ info ] [ ROUTE ] array (
  'type' => 'module',
  'module' => 
  array (
    0 => 'admin',
    1 => 'index',
    2 => 'img',
  ),
)
[ info ] [ HEADER ] array (
  'host' => 'yuewu.dazhu-ltd.cn',
  'connection' => 'keep-alive',
  'user-agent' => 'Mozilla/5.0 (Windows NT 10.0; Win64; x64) AppleWebKit/537.36 (KHTML, like Gecko) Chrome/70.0.3538.77 Safari/537.36',
  'accept' => 'image/webp,image/apng,image/*,*/*;q=0.8',
  'referer' => 'http://yuewu.dazhu-ltd.cn/admin/index/homepage.html?v=4.0',
  'accept-encoding' => 'gzip, deflate',
  'accept-language' => 'zh-CN,zh;q=0.9',
)
[ info ] [ PARAM ] array (
)
[ info ] [ LOG ] INIT File
---------------------------------------------------------------
[ 2019-02-06T22:24:21+08:00 ] 221.198.220.3 GET /admin/index/favicon.ico
[ info ] yuewu.dazhu-ltd.cn/admin/index/favicon.ico [运行时间：0.018102s][吞吐率：55.24req/s] [内存消耗：2,230.49kb] [文件加载：47]
[ info ] [ LANG ] /www/web/yuewu/public_html/thinkphp/lang/zh-cn.php
[ info ] [ ROUTE ] array (
  'type' => 'module',
  'module' => 
  array (
    0 => 'admin',
    1 => 'index',
    2 => 'favicon.ico',
  ),
)
[ info ] [ HEADER ] array (
  'host' => 'yuewu.dazhu-ltd.cn',
  'connection' => 'keep-alive',
  'user-agent' => 'Mozilla/5.0 (Windows NT 10.0; Win64; x64) AppleWebKit/537.36 (KHTML, like Gecko) Chrome/70.0.3538.77 Safari/537.36',
  'accept' => 'image/webp,image/apng,image/*,*/*;q=0.8',
  'referer' => 'http://yuewu.dazhu-ltd.cn/admin/index/index.html',
  'accept-encoding' => 'gzip, deflate',
  'accept-language' => 'zh-CN,zh;q=0.9',
)
[ info ] [ PARAM ] array (
)
[ info ] [ LOG ] INIT File
---------------------------------------------------------------
[ 2019-02-06T22:24:22+08:00 ] 221.198.220.3 GET /admin/organization/organization_list.html
[ info ] yuewu.dazhu-ltd.cn/admin/organization/organization_list.html [运行时间：0.031640s][吞吐率：31.61req/s] [内存消耗：3,554.80kb] [文件加载：58]
[ info ] [ LANG ] /www/web/yuewu/public_html/thinkphp/lang/zh-cn.php
[ info ] [ ROUTE ] array (
  'type' => 'module',
  'module' => 
  array (
    0 => 'admin',
    1 => 'organization',
    2 => 'organization_list',
  ),
)
[ info ] [ HEADER ] array (
  'host' => 'yuewu.dazhu-ltd.cn',
  'connection' => 'keep-alive',
  'upgrade-insecure-requests' => '1',
  'user-agent' => 'Mozilla/5.0 (Windows NT 10.0; Win64; x64) AppleWebKit/537.36 (KHTML, like Gecko) Chrome/70.0.3538.77 Safari/537.36',
  'accept' => 'text/html,application/xhtml+xml,application/xml;q=0.9,image/webp,image/apng,*/*;q=0.8',
  'referer' => 'http://yuewu.dazhu-ltd.cn/admin/index/index.html',
  'accept-encoding' => 'gzip, deflate',
  'accept-language' => 'zh-CN,zh;q=0.9',
)
[ info ] [ PARAM ] array (
)
[ info ] [ RUN ] app\admin\controller\Organization->organization_list[ /www/web/yuewu/public_html/application/admin/controller/Organization.php ]
[ info ] [ DB ] INIT mysql
[ info ] [ VIEW ] /www/web/yuewu/public_html/application/admin/view/organization/organization_list.html [ array (
  0 => 'seek',
  1 => 'organization_select',
) ]
[ info ] [ LOG ] INIT File
[ sql ] [ DB ] CONNECT:[ UseTime:0.002323s ] mysql:host=114.115.236.73;port=3306;dbname=yuewu;charset=utf8
[ sql ] [ SQL ] SHOW COLUMNS FROM `yw_organization` [ RunTime:0.001280s ]
[ sql ] [ SQL ] SELECT COUNT(*) AS tp_count FROM `yw_organization` `a` LEFT JOIN `yw_district` `b` ON `a`.`organization_district_id`=`b`.`district_id` LEFT JOIN `yw_user` `c` ON `a`.`user_id`=`c`.`user_id` WHERE  `organization_false_delete` = 1  AND `organization_name` LIKE '%%' LIMIT 1 [ RunTime:0.001039s ]
[ sql ] [ SQL ] SELECT `organization_id`,`organization_state`,`organization_name`,`organization_portrait`,`organization_attention`,`district_name` FROM `yw_organization` `a` LEFT JOIN `yw_district` `b` ON `a`.`organization_district_id`=`b`.`district_id` LEFT JOIN `yw_user` `c` ON `a`.`user_id`=`c`.`user_id` WHERE  `organization_false_delete` = 1  AND `organization_name` LIKE '%%' LIMIT 0,15 [ RunTime:0.000967s ]
---------------------------------------------------------------
[ 2019-02-06T22:24:23+08:00 ] 221.198.220.3 GET /admin/teacher/user_teacher_list.html
[ info ] yuewu.dazhu-ltd.cn/admin/teacher/user_teacher_list.html [运行时间：0.030685s][吞吐率：32.59req/s] [内存消耗：3,582.73kb] [文件加载：58]
[ info ] [ LANG ] /www/web/yuewu/public_html/thinkphp/lang/zh-cn.php
[ info ] [ ROUTE ] array (
  'type' => 'module',
  'module' => 
  array (
    0 => 'admin',
    1 => 'teacher',
    2 => 'user_teacher_list',
  ),
)
[ info ] [ HEADER ] array (
  'host' => 'yuewu.dazhu-ltd.cn',
  'connection' => 'keep-alive',
  'upgrade-insecure-requests' => '1',
  'user-agent' => 'Mozilla/5.0 (Windows NT 10.0; Win64; x64) AppleWebKit/537.36 (KHTML, like Gecko) Chrome/70.0.3538.77 Safari/537.36',
  'accept' => 'text/html,application/xhtml+xml,application/xml;q=0.9,image/webp,image/apng,*/*;q=0.8',
  'referer' => 'http://yuewu.dazhu-ltd.cn/admin/index/index.html',
  'accept-encoding' => 'gzip, deflate',
  'accept-language' => 'zh-CN,zh;q=0.9',
)
[ info ] [ PARAM ] array (
)
[ info ] [ RUN ] app\admin\controller\Teacher->user_teacher_list[ /www/web/yuewu/public_html/application/admin/controller/Teacher.php ]
[ info ] [ DB ] INIT mysql
[ info ] [ VIEW ] /www/web/yuewu/public_html/application/admin/view/teacher/user_teacher_list.html [ array (
  0 => 'teacher_list',
  1 => 'seek',
) ]
[ info ] [ LOG ] INIT File
[ sql ] [ DB ] CONNECT:[ UseTime:0.001655s ] mysql:host=114.115.236.73;port=3306;dbname=yuewu;charset=utf8
[ sql ] [ SQL ] SHOW COLUMNS FROM `yw_user_teacher` [ RunTime:0.001355s ]
[ sql ] [ SQL ] SELECT COUNT(*) AS tp_count FROM `yw_user_teacher` `a` LEFT JOIN `yw_district` `b` ON `a`.`district_id`=`b`.`district_id` LIMIT 1 [ RunTime:0.000753s ]
[ sql ] [ SQL ] SELECT * FROM `yw_user_teacher` `a` LEFT JOIN `yw_district` `b` ON `a`.`district_id`=`b`.`district_id` LIMIT 0,25 [ RunTime:0.000838s ]
---------------------------------------------------------------
[ 2019-02-06T22:24:23+08:00 ] 221.198.220.3 GET /public/uploads/2019/z.jpg
[ info ] yuewu.dazhu-ltd.cn/public/uploads/2019/z.jpg [运行时间：0.014933s][吞吐率：66.97req/s] [内存消耗：1,831.91kb] [文件加载：37]
[ info ] [ LANG ] /www/web/yuewu/public_html/thinkphp/lang/zh-cn.php
[ info ] [ ROUTE ] array (
  'type' => 'module',
  'module' => 
  array (
    0 => 'public',
    1 => 'uploads',
    2 => '2019',
  ),
)
[ info ] [ HEADER ] array (
  'host' => 'yuewu.dazhu-ltd.cn',
  'connection' => 'keep-alive',
  'user-agent' => 'Mozilla/5.0 (Windows NT 10.0; Win64; x64) AppleWebKit/537.36 (KHTML, like Gecko) Chrome/70.0.3538.77 Safari/537.36',
  'accept' => 'image/webp,image/apng,image/*,*/*;q=0.8',
  'referer' => 'http://yuewu.dazhu-ltd.cn/admin/teacher/user_teacher_list.html',
  'accept-encoding' => 'gzip, deflate',
  'accept-language' => 'zh-CN,zh;q=0.9',
)
[ info ] [ PARAM ] array (
)
[ info ] [ LOG ] INIT File
---------------------------------------------------------------
[ 2019-02-06T22:24:23+08:00 ] 221.198.220.3 GET /public/uploads/%E5%A4%B4%E5%83%8F%E5%9C%B0%E5%9D%80
[ info ] yuewu.dazhu-ltd.cn/public/uploads/%E5%A4%B4%E5%83%8F%E5%9C%B0%E5%9D%80 [运行时间：0.014824s][吞吐率：67.46req/s] [内存消耗：1,832.13kb] [文件加载：37]
[ info ] [ LANG ] /www/web/yuewu/public_html/thinkphp/lang/zh-cn.php
[ info ] [ ROUTE ] array (
  'type' => 'module',
  'module' => 
  array (
    0 => 'public',
    1 => 'uploads',
    2 => '头像地址',
  ),
)
[ info ] [ HEADER ] array (
  'host' => 'yuewu.dazhu-ltd.cn',
  'connection' => 'keep-alive',
  'user-agent' => 'Mozilla/5.0 (Windows NT 10.0; Win64; x64) AppleWebKit/537.36 (KHTML, like Gecko) Chrome/70.0.3538.77 Safari/537.36',
  'accept' => 'image/webp,image/apng,image/*,*/*;q=0.8',
  'referer' => 'http://yuewu.dazhu-ltd.cn/admin/teacher/user_teacher_list.html',
  'accept-encoding' => 'gzip, deflate',
  'accept-language' => 'zh-CN,zh;q=0.9',
)
[ info ] [ PARAM ] array (
)
[ info ] [ LOG ] INIT File
---------------------------------------------------------------
[ 2019-02-06T22:24:25+08:00 ] 221.198.220.3 GET /admin/user/user_list.html
[ info ] yuewu.dazhu-ltd.cn/admin/user/user_list.html [运行时间：0.032063s][吞吐率：31.19req/s] [内存消耗：3,638.87kb] [文件加载：58]
[ info ] [ LANG ] /www/web/yuewu/public_html/thinkphp/lang/zh-cn.php
[ info ] [ ROUTE ] array (
  'type' => 'module',
  'module' => 
  array (
    0 => 'admin',
    1 => 'user',
    2 => 'user_list',
  ),
)
[ info ] [ HEADER ] array (
  'host' => 'yuewu.dazhu-ltd.cn',
  'connection' => 'keep-alive',
  'upgrade-insecure-requests' => '1',
  'user-agent' => 'Mozilla/5.0 (Windows NT 10.0; Win64; x64) AppleWebKit/537.36 (KHTML, like Gecko) Chrome/70.0.3538.77 Safari/537.36',
  'accept' => 'text/html,application/xhtml+xml,application/xml;q=0.9,image/webp,image/apng,*/*;q=0.8',
  'referer' => 'http://yuewu.dazhu-ltd.cn/admin/index/index.html',
  'accept-encoding' => 'gzip, deflate',
  'accept-language' => 'zh-CN,zh;q=0.9',
)
[ info ] [ PARAM ] array (
)
[ info ] [ RUN ] app\admin\controller\User->user_list[ /www/web/yuewu/public_html/application/admin/controller/User.php ]
[ info ] [ DB ] INIT mysql
[ info ] [ VIEW ] /www/web/yuewu/public_html/application/admin/view/user/user_list.html [ array (
  0 => 'seek',
  1 => 'user_list',
) ]
[ info ] [ LOG ] INIT File
[ sql ] [ DB ] CONNECT:[ UseTime:0.001427s ] mysql:host=114.115.236.73;port=3306;dbname=yuewu;charset=utf8
[ sql ] [ SQL ] SHOW COLUMNS FROM `yw_user` [ RunTime:0.001342s ]
[ sql ] [ SQL ] SELECT COUNT(*) AS tp_count FROM `yw_user` WHERE  `user_false_delete` = 1  AND ( `user_name` LIKE '%%' OR `user_phone` LIKE '%%' ) LIMIT 1 [ RunTime:0.000952s ]
[ sql ] [ SQL ] SELECT * FROM `yw_user` WHERE  `user_false_delete` = 1  AND ( `user_name` LIKE '%%' OR `user_phone` LIKE '%%' ) LIMIT 0,25 [ RunTime:0.000978s ]
---------------------------------------------------------------
[ 2019-02-06T22:24:26+08:00 ] 221.198.220.3 GET /admin/curriculum/organization_curriculum_list.html
[ info ] yuewu.dazhu-ltd.cn/admin/curriculum/organization_curriculum_list.html [运行时间：0.030596s][吞吐率：32.68req/s] [内存消耗：3,575.32kb] [文件加载：58]
[ info ] [ LANG ] /www/web/yuewu/public_html/thinkphp/lang/zh-cn.php
[ info ] [ ROUTE ] array (
  'type' => 'module',
  'module' => 
  array (
    0 => 'admin',
    1 => 'curriculum',
    2 => 'organization_curriculum_list',
  ),
)
[ info ] [ HEADER ] array (
  'host' => 'yuewu.dazhu-ltd.cn',
  'connection' => 'keep-alive',
  'upgrade-insecure-requests' => '1',
  'user-agent' => 'Mozilla/5.0 (Windows NT 10.0; Win64; x64) AppleWebKit/537.36 (KHTML, like Gecko) Chrome/70.0.3538.77 Safari/537.36',
  'accept' => 'text/html,application/xhtml+xml,application/xml;q=0.9,image/webp,image/apng,*/*;q=0.8',
  'referer' => 'http://yuewu.dazhu-ltd.cn/admin/index/index.html',
  'accept-encoding' => 'gzip, deflate',
  'accept-language' => 'zh-CN,zh;q=0.9',
)
[ info ] [ PARAM ] array (
)
[ info ] [ RUN ] app\admin\controller\Curriculum->organization_curriculum_list[ /www/web/yuewu/public_html/application/admin/controller/Curriculum.php ]
[ info ] [ DB ] INIT mysql
[ info ] [ VIEW ] /www/web/yuewu/public_html/application/admin/view/curriculum/organization_curriculum_list.html [ array (
  0 => 'organization_curriculum_list',
  1 => 'seek',
) ]
[ info ] [ LOG ] INIT File
[ sql ] [ DB ] CONNECT:[ UseTime:0.001511s ] mysql:host=114.115.236.73;port=3306;dbname=yuewu;charset=utf8
[ sql ] [ SQL ] SHOW COLUMNS FROM `yw_curriculum` [ RunTime:0.001371s ]
[ sql ] [ SQL ] SELECT COUNT(*) AS tp_count FROM `yw_curriculum` `a` LEFT JOIN `yw_dance_type` `b` ON `a`.`dance_type_id`=`b`.`dance_type_id` LEFT JOIN `yw_organization_curriculum` `c` ON `a`.`curriculum_id`=`c`.`curriculum_id` LEFT JOIN `yw_organization` `d` ON `c`.`organization_id`=`d`.`organization_id` WHERE  `curriculum_state` = 1  AND `a`.`curriculum_identity_type` = 2  AND `curriculum_false_delete` = 1  AND `curriculum_name` LIKE '%%' LIMIT 1 [ RunTime:0.000857s ]
[ sql ] [ SQL ] SELECT * FROM `yw_curriculum` `a` LEFT JOIN `yw_dance_type` `b` ON `a`.`dance_type_id`=`b`.`dance_type_id` LEFT JOIN `yw_organization_curriculum` `c` ON `a`.`curriculum_id`=`c`.`curriculum_id` LEFT JOIN `yw_organization` `d` ON `c`.`organization_id`=`d`.`organization_id` WHERE  `curriculum_state` = 1  AND `a`.`curriculum_identity_type` = 2  AND `curriculum_false_delete` = 1  AND `curriculum_name` LIKE '%%' LIMIT 0,25 [ RunTime:0.000980s ]
---------------------------------------------------------------
[ 2019-02-06T22:24:26+08:00 ] 221.198.220.3 GET /admin/curriculum/organization_closure_curriculum_list.html
[ info ] yuewu.dazhu-ltd.cn/admin/curriculum/organization_closure_curriculum_list.html [运行时间：0.032649s][吞吐率：30.63req/s] [内存消耗：3,562.36kb] [文件加载：58]
[ info ] [ LANG ] /www/web/yuewu/public_html/thinkphp/lang/zh-cn.php
[ info ] [ ROUTE ] array (
  'type' => 'module',
  'module' => 
  array (
    0 => 'admin',
    1 => 'curriculum',
    2 => 'organization_closure_curriculum_list',
  ),
)
[ info ] [ HEADER ] array (
  'host' => 'yuewu.dazhu-ltd.cn',
  'connection' => 'keep-alive',
  'upgrade-insecure-requests' => '1',
  'user-agent' => 'Mozilla/5.0 (Windows NT 10.0; Win64; x64) AppleWebKit/537.36 (KHTML, like Gecko) Chrome/70.0.3538.77 Safari/537.36',
  'accept' => 'text/html,application/xhtml+xml,application/xml;q=0.9,image/webp,image/apng,*/*;q=0.8',
  'referer' => 'http://yuewu.dazhu-ltd.cn/admin/index/index.html',
  'accept-encoding' => 'gzip, deflate',
  'accept-language' => 'zh-CN,zh;q=0.9',
)
[ info ] [ PARAM ] array (
)
[ info ] [ RUN ] app\admin\controller\Curriculum->organization_closure_curriculum_list[ /www/web/yuewu/public_html/application/admin/controller/Curriculum.php ]
[ info ] [ DB ] INIT mysql
[ info ] [ VIEW ] /www/web/yuewu/public_html/application/admin/view/curriculum/organization_closure_curriculum_list.html [ array (
  0 => 'organization_closure_curriculum_list',
  1 => 'seek',
) ]
[ info ] [ LOG ] INIT File
[ sql ] [ DB ] CONNECT:[ UseTime:0.001503s ] mysql:host=114.115.236.73;port=3306;dbname=yuewu;charset=utf8
[ sql ] [ SQL ] SHOW COLUMNS FROM `yw_curriculum` [ RunTime:0.002978s ]
[ sql ] [ SQL ] SELECT COUNT(*) AS tp_count FROM `yw_curriculum` `a` LEFT JOIN `yw_dance_type` `b` ON `a`.`dance_type_id`=`b`.`dance_type_id` LEFT JOIN `yw_organization_curriculum` `c` ON `a`.`curriculum_id`=`c`.`curriculum_id` LEFT JOIN `yw_organization` `d` ON `c`.`organization_id`=`d`.`organization_id` WHERE  `curriculum_state` = 2  AND `a`.`curriculum_identity_type` = 2  AND `curriculum_false_delete` = 1  AND `curriculum_name` LIKE '%%' LIMIT 1 [ RunTime:0.000854s ]
[ sql ] [ SQL ] SELECT * FROM `yw_curriculum` `a` LEFT JOIN `yw_dance_type` `b` ON `a`.`dance_type_id`=`b`.`dance_type_id` LEFT JOIN `yw_organization_curriculum` `c` ON `a`.`curriculum_id`=`c`.`curriculum_id` LEFT JOIN `yw_organization` `d` ON `c`.`organization_id`=`d`.`organization_id` WHERE  `curriculum_state` = 2  AND `a`.`curriculum_identity_type` = 2  AND `curriculum_false_delete` = 1  AND `curriculum_name` LIKE '%%' LIMIT 0,25 [ RunTime:0.001051s ]
---------------------------------------------------------------
[ 2019-02-06T22:24:27+08:00 ] 221.198.220.3 GET /admin/curriculum/teacher_curriculum_list.html
[ info ] yuewu.dazhu-ltd.cn/admin/curriculum/teacher_curriculum_list.html [运行时间：0.032852s][吞吐率：30.44req/s] [内存消耗：3,798.21kb] [文件加载：58]
[ info ] [ LANG ] /www/web/yuewu/public_html/thinkphp/lang/zh-cn.php
[ info ] [ ROUTE ] array (
  'type' => 'module',
  'module' => 
  array (
    0 => 'admin',
    1 => 'curriculum',
    2 => 'teacher_curriculum_list',
  ),
)
[ info ] [ HEADER ] array (
  'host' => 'yuewu.dazhu-ltd.cn',
  'connection' => 'keep-alive',
  'upgrade-insecure-requests' => '1',
  'user-agent' => 'Mozilla/5.0 (Windows NT 10.0; Win64; x64) AppleWebKit/537.36 (KHTML, like Gecko) Chrome/70.0.3538.77 Safari/537.36',
  'accept' => 'text/html,application/xhtml+xml,application/xml;q=0.9,image/webp,image/apng,*/*;q=0.8',
  'referer' => 'http://yuewu.dazhu-ltd.cn/admin/index/index.html',
  'accept-encoding' => 'gzip, deflate',
  'accept-language' => 'zh-CN,zh;q=0.9',
)
[ info ] [ PARAM ] array (
)
[ info ] [ RUN ] app\admin\controller\Curriculum->teacher_curriculum_list[ /www/web/yuewu/public_html/application/admin/controller/Curriculum.php ]
[ info ] [ DB ] INIT mysql
[ info ] [ VIEW ] /www/web/yuewu/public_html/application/admin/view/curriculum/teacher_curriculum_list.html [ array (
  0 => 'teacher_curriculum_list',
  1 => 'seek',
) ]
[ info ] [ LOG ] INIT File
[ sql ] [ DB ] CONNECT:[ UseTime:0.001551s ] mysql:host=114.115.236.73;port=3306;dbname=yuewu;charset=utf8
[ sql ] [ SQL ] SHOW COLUMNS FROM `yw_curriculum` [ RunTime:0.001391s ]
[ sql ] [ SQL ] SELECT COUNT(*) AS tp_count FROM `yw_curriculum` `a` LEFT JOIN `yw_dance_type` `b` ON `a`.`dance_type_id`=`b`.`dance_type_id` LEFT JOIN `yw_curriculum_teacher` `c` ON `a`.`curriculum_id`=`c`.`curriculum_id` LEFT JOIN `yw_user_teacher` `d` ON `c`.`user_teacher_id`=`d`.`user_teacher_id` WHERE  `curriculum_state` = 1  AND `a`.`curriculum_identity_type` = 1  AND `curriculum_false_delete` = 1  AND ( `a`.`curriculum_name` LIKE '%%' OR `d`.`teacher_name` LIKE '%%' ) LIMIT 1 [ RunTime:0.000931s ]
[ sql ] [ SQL ] SELECT * FROM `yw_curriculum` `a` LEFT JOIN `yw_dance_type` `b` ON `a`.`dance_type_id`=`b`.`dance_type_id` LEFT JOIN `yw_curriculum_teacher` `c` ON `a`.`curriculum_id`=`c`.`curriculum_id` LEFT JOIN `yw_user_teacher` `d` ON `c`.`user_teacher_id`=`d`.`user_teacher_id` WHERE  `curriculum_state` = 1  AND `a`.`curriculum_identity_type` = 1  AND `curriculum_false_delete` = 1  AND ( `a`.`curriculum_name` LIKE '%%' OR `d`.`teacher_name` LIKE '%%' ) LIMIT 0,25 [ RunTime:0.001154s ]
---------------------------------------------------------------
[ 2019-02-06T22:24:27+08:00 ] 221.198.220.3 GET /admin/curriculum/teacher_closure_curriculum_list.html
[ info ] yuewu.dazhu-ltd.cn/admin/curriculum/teacher_closure_curriculum_list.html [运行时间：0.031171s][吞吐率：32.08req/s] [内存消耗：3,557.13kb] [文件加载：58]
[ info ] [ LANG ] /www/web/yuewu/public_html/thinkphp/lang/zh-cn.php
[ info ] [ ROUTE ] array (
  'type' => 'module',
  'module' => 
  array (
    0 => 'admin',
    1 => 'curriculum',
    2 => 'teacher_closure_curriculum_list',
  ),
)
[ info ] [ HEADER ] array (
  'host' => 'yuewu.dazhu-ltd.cn',
  'connection' => 'keep-alive',
  'upgrade-insecure-requests' => '1',
  'user-agent' => 'Mozilla/5.0 (Windows NT 10.0; Win64; x64) AppleWebKit/537.36 (KHTML, like Gecko) Chrome/70.0.3538.77 Safari/537.36',
  'accept' => 'text/html,application/xhtml+xml,application/xml;q=0.9,image/webp,image/apng,*/*;q=0.8',
  'referer' => 'http://yuewu.dazhu-ltd.cn/admin/index/index.html',
  'accept-encoding' => 'gzip, deflate',
  'accept-language' => 'zh-CN,zh;q=0.9',
)
[ info ] [ PARAM ] array (
)
[ info ] [ RUN ] app\admin\controller\Curriculum->teacher_closure_curriculum_list[ /www/web/yuewu/public_html/application/admin/controller/Curriculum.php ]
[ info ] [ DB ] INIT mysql
[ info ] [ VIEW ] /www/web/yuewu/public_html/application/admin/view/curriculum/teacher_closure_curriculum_list.html [ array (
  0 => 'teacher_closure_curriculum_list',
  1 => 'seek',
) ]
[ info ] [ LOG ] INIT File
[ sql ] [ DB ] CONNECT:[ UseTime:0.001553s ] mysql:host=114.115.236.73;port=3306;dbname=yuewu;charset=utf8
[ sql ] [ SQL ] SHOW COLUMNS FROM `yw_curriculum` [ RunTime:0.001323s ]
[ sql ] [ SQL ] SELECT COUNT(*) AS tp_count FROM `yw_curriculum` `a` LEFT JOIN `yw_dance_type` `b` ON `a`.`dance_type_id`=`b`.`dance_type_id` LEFT JOIN `yw_curriculum_teacher` `c` ON `a`.`curriculum_id`=`c`.`curriculum_id` LEFT JOIN `yw_user_teacher` `d` ON `c`.`user_teacher_id`=`d`.`user_teacher_id` WHERE  `curriculum_state` = 2  AND `a`.`curriculum_identity_type` = 1 LIMIT 1 [ RunTime:0.000907s ]
[ sql ] [ SQL ] SELECT * FROM `yw_curriculum` `a` LEFT JOIN `yw_dance_type` `b` ON `a`.`dance_type_id`=`b`.`dance_type_id` LEFT JOIN `yw_curriculum_teacher` `c` ON `a`.`curriculum_id`=`c`.`curriculum_id` LEFT JOIN `yw_user_teacher` `d` ON `c`.`user_teacher_id`=`d`.`user_teacher_id` WHERE  `curriculum_state` = 2  AND `a`.`curriculum_identity_type` = 1 LIMIT 0,25 [ RunTime:0.000926s ]
---------------------------------------------------------------
[ 2019-02-06T22:24:29+08:00 ] 221.198.220.3 GET /admin/organization/organization_check_list.html
[ info ] yuewu.dazhu-ltd.cn/admin/organization/organization_check_list.html [运行时间：0.031757s][吞吐率：31.49req/s] [内存消耗：3,572.55kb] [文件加载：58]
[ info ] [ LANG ] /www/web/yuewu/public_html/thinkphp/lang/zh-cn.php
[ info ] [ ROUTE ] array (
  'type' => 'module',
  'module' => 
  array (
    0 => 'admin',
    1 => 'organization',
    2 => 'organization_check_list',
  ),
)
[ info ] [ HEADER ] array (
  'host' => 'yuewu.dazhu-ltd.cn',
  'connection' => 'keep-alive',
  'upgrade-insecure-requests' => '1',
  'user-agent' => 'Mozilla/5.0 (Windows NT 10.0; Win64; x64) AppleWebKit/537.36 (KHTML, like Gecko) Chrome/70.0.3538.77 Safari/537.36',
  'accept' => 'text/html,application/xhtml+xml,application/xml;q=0.9,image/webp,image/apng,*/*;q=0.8',
  'referer' => 'http://yuewu.dazhu-ltd.cn/admin/index/index.html',
  'accept-encoding' => 'gzip, deflate',
  'accept-language' => 'zh-CN,zh;q=0.9',
)
[ info ] [ PARAM ] array (
)
[ info ] [ RUN ] app\admin\controller\Organization->organization_check_list[ /www/web/yuewu/public_html/application/admin/controller/Organization.php ]
[ info ] [ DB ] INIT mysql
[ info ] [ VIEW ] /www/web/yuewu/public_html/application/admin/view/organization/organization_check_list.html [ array (
  0 => 'seek',
  1 => 'organization_select',
) ]
[ info ] [ LOG ] INIT File
[ sql ] [ DB ] CONNECT:[ UseTime:0.001526s ] mysql:host=114.115.236.73;port=3306;dbname=yuewu;charset=utf8
[ sql ] [ SQL ] SHOW COLUMNS FROM `yw_organization` [ RunTime:0.001482s ]
[ sql ] [ SQL ] SELECT COUNT(*) AS tp_count FROM `yw_organization` `a` LEFT JOIN `yw_district` `b` ON `a`.`organization_district_id`=`b`.`district_id` LEFT JOIN `yw_user` `c` ON `a`.`user_id`=`c`.`user_id` WHERE  `organization_false_delete` = 1  AND `organization_state` = 3  AND `organization_name` LIKE '%%' LIMIT 1 [ RunTime:0.001175s ]
[ sql ] [ SQL ] SELECT * FROM `yw_organization` `a` LEFT JOIN `yw_district` `b` ON `a`.`organization_district_id`=`b`.`district_id` LEFT JOIN `yw_user` `c` ON `a`.`user_id`=`c`.`user_id` WHERE  `organization_false_delete` = 1  AND `organization_state` = 3  AND `organization_name` LIKE '%%' LIMIT 0,15 [ RunTime:0.001363s ]
---------------------------------------------------------------
[ 2019-02-06T22:24:29+08:00 ] 221.198.220.3 GET /admin/organization/organization_check_list.html
[ info ] yuewu.dazhu-ltd.cn/admin/organization/organization_check_list.html [运行时间：0.032304s][吞吐率：30.96req/s] [内存消耗：3,572.55kb] [文件加载：58]
[ info ] [ LANG ] /www/web/yuewu/public_html/thinkphp/lang/zh-cn.php
[ info ] [ ROUTE ] array (
  'type' => 'module',
  'module' => 
  array (
    0 => 'admin',
    1 => 'organization',
    2 => 'organization_check_list',
  ),
)
[ info ] [ HEADER ] array (
  'host' => 'yuewu.dazhu-ltd.cn',
  'connection' => 'keep-alive',
  'upgrade-insecure-requests' => '1',
  'user-agent' => 'Mozilla/5.0 (Windows NT 10.0; Win64; x64) AppleWebKit/537.36 (KHTML, like Gecko) Chrome/70.0.3538.77 Safari/537.36',
  'accept' => 'text/html,application/xhtml+xml,application/xml;q=0.9,image/webp,image/apng,*/*;q=0.8',
  'referer' => 'http://yuewu.dazhu-ltd.cn/admin/index/index.html',
  'accept-encoding' => 'gzip, deflate',
  'accept-language' => 'zh-CN,zh;q=0.9',
)
[ info ] [ PARAM ] array (
)
[ info ] [ RUN ] app\admin\controller\Organization->organization_check_list[ /www/web/yuewu/public_html/application/admin/controller/Organization.php ]
[ info ] [ DB ] INIT mysql
[ info ] [ VIEW ] /www/web/yuewu/public_html/application/admin/view/organization/organization_check_list.html [ array (
  0 => 'seek',
  1 => 'organization_select',
) ]
[ info ] [ LOG ] INIT File
[ sql ] [ DB ] CONNECT:[ UseTime:0.001648s ] mysql:host=114.115.236.73;port=3306;dbname=yuewu;charset=utf8
[ sql ] [ SQL ] SHOW COLUMNS FROM `yw_organization` [ RunTime:0.001387s ]
[ sql ] [ SQL ] SELECT COUNT(*) AS tp_count FROM `yw_organization` `a` LEFT JOIN `yw_district` `b` ON `a`.`organization_district_id`=`b`.`district_id` LEFT JOIN `yw_user` `c` ON `a`.`user_id`=`c`.`user_id` WHERE  `organization_false_delete` = 1  AND `organization_state` = 3  AND `organization_name` LIKE '%%' LIMIT 1 [ RunTime:0.002043s ]
[ sql ] [ SQL ] SELECT * FROM `yw_organization` `a` LEFT JOIN `yw_district` `b` ON `a`.`organization_district_id`=`b`.`district_id` LEFT JOIN `yw_user` `c` ON `a`.`user_id`=`c`.`user_id` WHERE  `organization_false_delete` = 1  AND `organization_state` = 3  AND `organization_name` LIKE '%%' LIMIT 0,15 [ RunTime:0.001387s ]
---------------------------------------------------------------
[ 2019-02-06T22:24:30+08:00 ] 221.198.220.3 GET /admin/organization/organization_check_list.html
[ info ] yuewu.dazhu-ltd.cn/admin/organization/organization_check_list.html [运行时间：0.031382s][吞吐率：31.87req/s] [内存消耗：3,572.55kb] [文件加载：58]
[ info ] [ LANG ] /www/web/yuewu/public_html/thinkphp/lang/zh-cn.php
[ info ] [ ROUTE ] array (
  'type' => 'module',
  'module' => 
  array (
    0 => 'admin',
    1 => 'organization',
    2 => 'organization_check_list',
  ),
)
[ info ] [ HEADER ] array (
  'host' => 'yuewu.dazhu-ltd.cn',
  'connection' => 'keep-alive',
  'upgrade-insecure-requests' => '1',
  'user-agent' => 'Mozilla/5.0 (Windows NT 10.0; Win64; x64) AppleWebKit/537.36 (KHTML, like Gecko) Chrome/70.0.3538.77 Safari/537.36',
  'accept' => 'text/html,application/xhtml+xml,application/xml;q=0.9,image/webp,image/apng,*/*;q=0.8',
  'referer' => 'http://yuewu.dazhu-ltd.cn/admin/index/index.html',
  'accept-encoding' => 'gzip, deflate',
  'accept-language' => 'zh-CN,zh;q=0.9',
)
[ info ] [ PARAM ] array (
)
[ info ] [ RUN ] app\admin\controller\Organization->organization_check_list[ /www/web/yuewu/public_html/application/admin/controller/Organization.php ]
[ info ] [ DB ] INIT mysql
[ info ] [ VIEW ] /www/web/yuewu/public_html/application/admin/view/organization/organization_check_list.html [ array (
  0 => 'seek',
  1 => 'organization_select',
) ]
[ info ] [ LOG ] INIT File
[ sql ] [ DB ] CONNECT:[ UseTime:0.001597s ] mysql:host=114.115.236.73;port=3306;dbname=yuewu;charset=utf8
[ sql ] [ SQL ] SHOW COLUMNS FROM `yw_organization` [ RunTime:0.001384s ]
[ sql ] [ SQL ] SELECT COUNT(*) AS tp_count FROM `yw_organization` `a` LEFT JOIN `yw_district` `b` ON `a`.`organization_district_id`=`b`.`district_id` LEFT JOIN `yw_user` `c` ON `a`.`user_id`=`c`.`user_id` WHERE  `organization_false_delete` = 1  AND `organization_state` = 3  AND `organization_name` LIKE '%%' LIMIT 1 [ RunTime:0.001040s ]
[ sql ] [ SQL ] SELECT * FROM `yw_organization` `a` LEFT JOIN `yw_district` `b` ON `a`.`organization_district_id`=`b`.`district_id` LEFT JOIN `yw_user` `c` ON `a`.`user_id`=`c`.`user_id` WHERE  `organization_false_delete` = 1  AND `organization_state` = 3  AND `organization_name` LIKE '%%' LIMIT 0,15 [ RunTime:0.001258s ]
